<TestRun id="98ea77ff-a608-4f79-bd11-c95dcf52b0b8" name="runneradmin@runnervmvmocb 2026-09-22T08:12:55.8285401+00:00" runUser="runneradmin" xmlns="http://microsoft.com/schemas/VisualStudio/TeamTest/2010"><Times creation="2026-09-22T08:12:55.8285401+00:00" queuing="2026-09-22T08:12:55.8285401+00:00" start="2026-09-22T08:12:55.8285401+00:00" finish="2026-09-22T08:12:58.0908340+00:00" /><TestSettings name="default" id="6c4d5628-128d-4c3b-a1a4-ab366a4594ad" /><Results><UnitTestResult testName="WindowsMaintenanceCenter.Tests.AdminWorkerTests.An_invalid_argument_never_reaches_the_runner" outcome="Passed" testType="13cdc9d9-ddb5-4fa4-a97d-d965ccfc6d4b" testListId="8c84fa94-04c1-424b-9868-57a2d4851a1d" testId="45329022-a648-462f-b540-a05359bb08e3" executionId="45329022-a648-462f-b540-a05359bb08e3" computerName="runnervmvmocb" duration="00:00:00.0800000" startTime="2026-09-22T08:12:56.0525057+00:00" endTime="2026-09-22T08:12:56.1548445+00:00" /><UnitTestResult testName="WindowsMaintenanceCenter.Tests.AdminWorkerTests.An_action_without_the_admin_requirement_runs_without_a_prompt" outcome="Passed" testType="13cdc9d9-ddb5-4fa4-a97d-d965ccfc6d4b" testListId="8c84fa94-04c1-424b-9868-57a2d4851a1d" testId="28a8986f-d775-4403-9d11-62b91ac102c0" executionId="28a8986f-d775-4403-9d11-62b91ac102c0" computerName="runnervmvmocb" duration="00:00:00.0380000" startTime="2026-09-22T08:12:56.2046699+00:00" endTime="2026-09-22T08:12:56.2437569+00:00" /><UnitTestResult testName="WindowsMaintenanceCenter.Tests.AdminWorkerTests.A_supplied_verification_confirms_the_result" outcome="Passed" testType="13cdc9d9-ddb5-4fa4-a97d-d965ccfc6d4b" testListId="8c84fa94-04c1-424b-9868-57a2d4851a1d" testId="7f1b1673-32c8-40af-87cb-0bf87f1d3ab3" executionId="7f1b1673-32c8-40af-87cb-0bf87f1d3ab3" computerName="runnervmvmocb" duration="00:00:00.0020000" startTime="2026-09-22T08:12:56.2441097+00:00" endTime="2026-09-22T08:12:56.2468853+00:00" /><UnitTestResult testName="WindowsMaintenanceCenter.Tests.InventoryFailureTests.An_unavailable_provider_is_reported_instead_of_producing_an_empty_snapshot" outcome="Passed" testType="13cdc9d9-ddb5-4fa4-a97d-d965ccfc6d4b" testListId="8c84fa94-04c1-424b-9868-57a2d4851a1d" testId="f94a899b-c1e5-46ac-b672-a9120f527b13" executionId="f94a899b-c1e5-46ac-b672-a9120f527b13" computerName="runnervmvmocb" duration="00:00:00.1900000" startTime="2026-09-22T08:12:56.0502765+00:00" endTime="2026-09-22T08:12:56.2515860+00:00" /><UnitTestResult testName="WindowsMaintenanceCenter.Tests.InventoryFailureTests.StepCount_matches_the_read_methods_of_the_provider" outcome="Passed" testType="13cdc9d9-ddb5-4fa4-a97d-d965ccfc6d4b" testListId="8c84fa94-04c1-424b-9868-57a2d4851a1d" testId="77f63848-0954-469a-b67f-a6acf5c4dbc1" executionId="77f63848-0954-469a-b67f-a6acf5c4dbc1" computerName="runnervmvmocb" duration="00:00:00.0000000" startTime="2026-09-22T08:12:56.2519827+00:00" endTime="2026-09-22T08:12:56.2528611+00:00" /><UnitTestResult testName="WindowsMaintenanceCenter.Tests.AdminWorkerTests.A_verification_that_does_not_confirm_the_result_turns_it_into_a_failure" outcome="Passed" testType="13cdc9d9-ddb5-4fa4-a97d-d965ccfc6d4b" testListId="8c84fa94-04c1-424b-9868-57a2d4851a1d" testId="347daae0-3039-4aba-9478-2a1a865b09bf" executionId="347daae0-3039-4aba-9478-2a1a865b09bf" computerName="runnervmvmocb" duration="00:00:00.0390000" startTime="2026-09-22T08:12:56.2471258+00:00" endTime="2026-09-22T08:12:56.2865996+00:00" /><UnitTestResult testName="WindowsMaintenanceCenter.Tests.AdminWorkerTests.A_repair_without_a_secured_state_and_without_an_approval_starts_nothing" outcome="Passed" testType="13cdc9d9-ddb5-4fa4-a97d-d965ccfc6d4b" testListId="8c84fa94-04c1-424b-9868-57a2d4851a1d" testId="acf1cd14-a9f6-489f-8a4e-3e1ac05664e2" executionId="acf1cd14-a9f6-489f-8a4e-3e1ac05664e2" computerName="runnervmvmocb" duration="00:00:00.0030000" startTime="2026-09-22T08:12:56.3023708+00:00" endTime="2026-09-22T08:12:56.3072132+00:00" /><UnitTestResult testName="WindowsMaintenanceCenter.Tests.AdminWorkerTests.A_repair_with_the_secured_state_but_without_an_approval_still_starts_nothing" outcome="Passed" testType="13cdc9d9-ddb5-4fa4-a97d-d965ccfc6d4b" testListId="8c84fa94-04c1-424b-9868-57a2d4851a1d" testId="a6bc0ad3-6077-4544-b9c7-fcd531ff1f2f" executionId="a6bc0ad3-6077-4544-b9c7-fcd531ff1f2f" computerName="runnervmvmocb" duration="00:00:00.0010000" startTime="2026-09-22T08:12:56.3077174+00:00" endTime="2026-09-22T08:12:56.3096709+00:00" /><UnitTestResult testName="WindowsMaintenanceCenter.Tests.AdminWorkerTests.A_timeout_is_an_unknown_result_and_never_a_success" outcome="Passed" testType="13cdc9d9-ddb5-4fa4-a97d-d965ccfc6d4b" testListId="8c84fa94-04c1-424b-9868-57a2d4851a1d" testId="a08abff8-b6fa-48ab-b1c9-03b94af6d373" executionId="a08abff8-b6fa-48ab-b1c9-03b94af6d373" computerName="runnervmvmocb" duration="00:00:00.0010000" startTime="2026-09-22T08:12:56.3100757+00:00" endTime="2026-09-22T08:12:56.3117182+00:00" /><UnitTestResult testName="WindowsMaintenanceCenter.Tests.AdminWorkerTests.The_action_identifier_and_the_timeout_reach_the_runner" outcome="Passed" testType="13cdc9d9-ddb5-4fa4-a97d-d965ccfc6d4b" testListId="8c84fa94-04c1-424b-9868-57a2d4851a1d" testId="6b1584ca-4df7-4ee0-aedc-73bae0b02576" executionId="6b1584ca-4df7-4ee0-aedc-73bae0b02576" computerName="runnervmvmocb" duration="00:00:00.0040000" startTime="2026-09-22T08:12:56.3121050+00:00" endTime="2026-09-22T08:12:56.3170887+00:00" /><UnitTestResult testName="WindowsMaintenanceCenter.Tests.AdminWorkerTests.Every_refusal_is_written_to_the_audit_log" outcome="Passed" testType="13cdc9d9-ddb5-4fa4-a97d-d965ccfc6d4b" testListId="8c84fa94-04c1-424b-9868-57a2d4851a1d" testId="31272db0-a313-4a03-b4fb-0236167da7da" executionId="31272db0-a313-4a03-b4fb-0236167da7da" computerName="runnervmvmocb" duration="00:00:00.0010000" startTime="2026-09-22T08:12:56.3174766+00:00" endTime="2026-09-22T08:12:56.3189811+00:00" /><UnitTestResult testName="WindowsMaintenanceCenter.Tests.AdminWorkerTests.An_unregistered_action_starts_nothing" outcome="Passed" testType="13cdc9d9-ddb5-4fa4-a97d-d965ccfc6d4b" testListId="8c84fa94-04c1-424b-9868-57a2d4851a1d" testId="b693e855-1fa3-41f1-9cc3-0f2e79c4bf69" executionId="b693e855-1fa3-41f1-9cc3-0f2e79c4bf69" computerName="runnervmvmocb" duration="00:00:00.0010000" startTime="2026-09-22T08:12:56.3193563+00:00" endTime="2026-09-22T08:12:56.3207468+00:00" /><UnitTestResult testName="WindowsMaintenanceCenter.Tests.AdminWorkerTests.A_repair_with_backup_and_approval_runs_and_keeps_them_in_the_audit_entry" outcome="Passed" testType="13cdc9d9-ddb5-4fa4-a97d-d965ccfc6d4b" testListId="8c84fa94-04c1-424b-9868-57a2d4851a1d" testId="749bb11a-91c0-4036-b49e-632c972db04c" executionId="749bb11a-91c0-4036-b49e-632c972db04c" computerName="runnervmvmocb" duration="00:00:00.0020000" startTime="2026-09-22T08:12:56.3211185+00:00" endTime="2026-09-22T08:12:56.3236276+00:00" /><UnitTestResult testName="WindowsMaintenanceCenter.Tests.AdminWorkerTests.A_self_validating_action_counts_as_validated" outcome="Passed" testType="13cdc9d9-ddb5-4fa4-a97d-d965ccfc6d4b" testListId="8c84fa94-04c1-424b-9868-57a2d4851a1d" testId="2974c951-157b-4e54-b2a3-24edae74ad36" executionId="2974c951-157b-4e54-b2a3-24edae74ad36" computerName="runnervmvmocb" duration="00:00:00.0010000" startTime="2026-09-22T08:12:56.3240504+00:00" endTime="2026-09-22T08:12:56.3254052+00:00" /><UnitTestResult testName="WindowsMaintenanceCenter.Tests.AdminWorkerTests.A_non_zero_exit_code_is_a_failure_and_not_a_success" outcome="Passed" testType="13cdc9d9-ddb5-4fa4-a97d-d965ccfc6d4b" testListId="8c84fa94-04c1-424b-9868-57a2d4851a1d" testId="102e3a13-1a40-4203-a10e-ca0125d95dfb" executionId="102e3a13-1a40-4203-a10e-ca0125d95dfb" computerName="runnervmvmocb" duration="00:00:00.0050000" startTime="2026-09-22T08:12:56.3257799+00:00" endTime="2026-09-22T08:12:56.3310258+00:00" /><UnitTestResult testName="WindowsMaintenanceCenter.Tests.AdminWorkerTests.Without_a_verification_the_run_is_not_called_success_in_the_summary" outcome="Passed" testType="13cdc9d9-ddb5-4fa4-a97d-d965ccfc6d4b" testListId="8c84fa94-04c1-424b-9868-57a2d4851a1d" testId="645271b2-3edc-4727-90d6-5c7e37ef6da8" executionId="645271b2-3edc-4727-90d6-5c7e37ef6da8" computerName="runnervmvmocb" duration="00:00:00.0030000" startTime="2026-09-22T08:12:56.3372873+00:00" endTime="2026-09-22T08:12:56.3407014+00:00" /><UnitTestResult testName="WindowsMaintenanceCenter.Tests.AdminWorkerTests.An_action_that_needs_rights_is_blocked_when_they_are_missing" outcome="Passed" testType="13cdc9d9-ddb5-4fa4-a97d-d965ccfc6d4b" testListId="8c84fa94-04c1-424b-9868-57a2d4851a1d" testId="6711adae-ceec-4467-835c-7aee654b5b17" executionId="6711adae-ceec-4467-835c-7aee654b5b17" computerName="runnervmvmocb" duration="00:00:00.0010000" startTime="2026-09-22T08:12:56.3432107+00:00" endTime="2026-09-22T08:12:56.3449621+00:00" /><UnitTestResult testName="WindowsMaintenanceCenter.Tests.InventoryFailureTests.A_failed_read_becomes_a_problem_in_the_snapshot" outcome="Passed" testType="13cdc9d9-ddb5-4fa4-a97d-d965ccfc6d4b" testListId="8c84fa94-04c1-424b-9868-57a2d4851a1d" testId="03cc8213-07a1-4add-80b5-2c17197e8b68" executionId="03cc8213-07a1-4add-80b5-2c17197e8b68" computerName="runnervmvmocb" duration="00:00:00.1210000" startTime="2026-09-22T08:12:56.2533229+00:00" endTime="2026-09-22T08:12:56.3746035+00:00" /><UnitTestResult testName="WindowsMaintenanceCenter.Tests.InventoryFailureTests.A_later_pass_does_not_present_the_findings_of_an_earlier_one" outcome="Passed" testType="13cdc9d9-ddb5-4fa4-a97d-d965ccfc6d4b" testListId="8c84fa94-04c1-424b-9868-57a2d4851a1d" testId="ca1dfb2a-4cbd-4f55-a08f-687abe75a00f" executionId="ca1dfb2a-4cbd-4f55-a08f-687abe75a00f" computerName="runnervmvmocb" duration="00:00:00.0370000" startTime="2026-09-22T08:12:56.3751888+00:00" endTime="2026-09-22T08:12:56.4128026+00:00" /><UnitTestResult testName="WindowsMaintenanceCenter.Tests.SystemActionCatalogTests.The_released_actions_are_exactly_the_read_only_queries" outcome="Passed" testType="13cdc9d9-ddb5-4fa4-a97d-d965ccfc6d4b" testListId="8c84fa94-04c1-424b-9868-57a2d4851a1d" testId="7cfdcd6a-a926-4096-baf9-1268cd567e24" executionId="7cfdcd6a-a926-4096-baf9-1268cd567e24" computerName="runnervmvmocb" duration="00:00:00.0030000" startTime="2026-09-22T08:12:56.4136390+00:00" endTime="2026-09-22T08:12:56.4170358+00:00" /><UnitTestResult testName="WindowsMaintenanceCenter.Tests.SystemActionCatalogTests.An_action_that_changes_system_files_demands_a_backup_and_an_approval" outcome="Passed" testType="13cdc9d9-ddb5-4fa4-a97d-d965ccfc6d4b" testListId="8c84fa94-04c1-424b-9868-57a2d4851a1d" testId="770dd7cd-7893-44bb-8bf9-23f7a7868424" executionId="770dd7cd-7893-44bb-8bf9-23f7a7868424" computerName="runnervmvmocb" duration="00:00:00.0000000" startTime="2026-09-22T08:12:56.4172996+00:00" endTime="2026-09-22T08:12:56.4181885+00:00" /><UnitTestResult testName="WindowsMaintenanceCenter.Tests.SystemActionCatalogTests.A_released_query_is_approved_by_the_registry_without_any_argument" outcome="Passed" testType="13cdc9d9-ddb5-4fa4-a97d-d965ccfc6d4b" testListId="8c84fa94-04c1-424b-9868-57a2d4851a1d" testId="efe5c6ab-2475-41b6-991d-23aea5b8bb01" executionId="efe5c6ab-2475-41b6-991d-23aea5b8bb01" computerName="runnervmvmocb" duration="00:00:00.0000000" startTime="2026-09-22T08:12:56.4183981+00:00" endTime="2026-09-22T08:12:56.4187530+00:00" /><UnitTestResult testName="WindowsMaintenanceCenter.Tests.SystemActionCatalogTests.Every_action_has_a_unique_identifier_in_the_form_area_dot_name" outcome="Passed" testType="13cdc9d9-ddb5-4fa4-a97d-d965ccfc6d4b" testListId="8c84fa94-04c1-424b-9868-57a2d4851a1d" testId="e1074268-a876-413a-8f18-48c986a40102" executionId="e1074268-a876-413a-8f18-48c986a40102" computerName="runnervmvmocb" duration="00:00:00.0010000" startTime="2026-09-22T08:12:56.4189809+00:00" endTime="2026-09-22T08:12:56.4205953+00:00" /><UnitTestResult testName="WindowsMaintenanceCenter.Tests.SystemActionCatalogTests.A_volume_argument_of_the_disk_check_is_validated_before_it_could_be_used" outcome="Passed" testType="13cdc9d9-ddb5-4fa4-a97d-d965ccfc6d4b" testListId="8c84fa94-04c1-424b-9868-57a2d4851a1d" testId="79c84e20-ca60-4b77-bfaf-29892c4a0377" executionId="79c84e20-ca60-4b77-bfaf-29892c4a0377" computerName="runnervmvmocb" duration="00:00:00.0010000" startTime="2026-09-22T08:12:56.4208686+00:00" endTime="2026-09-22T08:12:56.4224273+00:00" /><UnitTestResult testName="WindowsMaintenanceCenter.Tests.SystemActionCatalogTests.Every_action_names_a_program_without_a_path_and_a_timeout" outcome="Passed" testType="13cdc9d9-ddb5-4fa4-a97d-d965ccfc6d4b" testListId="8c84fa94-04c1-424b-9868-57a2d4851a1d" testId="8da33248-05ab-460a-b454-151460d07bb4" executionId="8da33248-05ab-460a-b454-151460d07bb4" computerName="runnervmvmocb" duration="00:00:00.0050000" startTime="2026-09-22T08:12:56.4226780+00:00" endTime="2026-09-22T08:12:56.4282340+00:00" /><UnitTestResult testName="WindowsMaintenanceCenter.Tests.SystemActionCatalogTests.The_registry_takes_the_whole_catalogue_and_refuses_the_unreleased_ones" outcome="Passed" testType="13cdc9d9-ddb5-4fa4-a97d-d965ccfc6d4b" testListId="8c84fa94-04c1-424b-9868-57a2d4851a1d" testId="fef89c8d-25f9-4498-b453-4dd3f755cdc3" executionId="fef89c8d-25f9-4498-b453-4dd3f755cdc3" computerName="runnervmvmocb" duration="00:00:00.0000000" startTime="2026-09-22T08:12:56.4284696+00:00" endTime="2026-09-22T08:12:56.4290647+00:00" /><UnitTestResult testName="WindowsMaintenanceCenter.Tests.SystemActionCatalogTests.An_unreleased_action_is_marked_as_such_and_states_its_risk" outcome="Passed" testType="13cdc9d9-ddb5-4fa4-a97d-d965ccfc6d4b" testListId="8c84fa94-04c1-424b-9868-57a2d4851a1d" testId="c8a11634-13f7-4135-a21e-76c46f4bc83c" executionId="c8a11634-13f7-4135-a21e-76c46f4bc83c" computerName="runnervmvmocb" duration="00:00:00.0000000" startTime="2026-09-22T08:12:56.4293051+00:00" endTime="2026-09-22T08:12:56.4301484+00:00" /><UnitTestResult testName="WindowsMaintenanceCenter.Tests.SystemActionCatalogTests.A_released_action_needs_no_administrator_rights_and_changes_nothing" outcome="Passed" testType="13cdc9d9-ddb5-4fa4-a97d-d965ccfc6d4b" testListId="8c84fa94-04c1-424b-9868-57a2d4851a1d" testId="ce4bf8d1-b400-4eb5-952b-1e9cf463121e" executionId="ce4bf8d1-b400-4eb5-952b-1e9cf463121e" computerName="runnervmvmocb" duration="00:00:00.0000000" startTime="2026-09-22T08:12:56.4303495+00:00" endTime="2026-09-22T08:12:56.4313021+00:00" /><UnitTestResult testName="WindowsMaintenanceCenter.Tests.SystemActionCatalogTests.A_rollback_action_that_is_named_has_to_be_registered_as_well" outcome="Passed" testType="13cdc9d9-ddb5-4fa4-a97d-d965ccfc6d4b" testListId="8c84fa94-04c1-424b-9868-57a2d4851a1d" testId="767b7808-13aa-4fba-bf4a-4903bd24913b" executionId="767b7808-13aa-4fba-bf4a-4903bd24913b" computerName="runnervmvmocb" duration="00:00:00.0000000" startTime="2026-09-22T08:12:56.4315246+00:00" endTime="2026-09-22T08:12:56.4322186+00:00" /><UnitTestResult testName="WindowsMaintenanceCenter.Tests.PlatformReaderTests.A_size_is_formatted_with_the_unit_that_fits(bytes: 0, expected: &quot;0 B&quot;)" outcome="Passed" testType="13cdc9d9-ddb5-4fa4-a97d-d965ccfc6d4b" testListId="8c84fa94-04c1-424b-9868-57a2d4851a1d" testId="7658d8e3-3781-401a-b3cd-9e8fd25a2d24" executionId="7658d8e3-3781-401a-b3cd-9e8fd25a2d24" computerName="runnervmvmocb" duration="00:00:00.0000000" startTime="2026-09-22T08:12:56.4416913+00:00" endTime="2026-09-22T08:12:56.4424382+00:00" /><UnitTestResult testName="WindowsMaintenanceCenter.Tests.PlatformReaderTests.A_size_is_formatted_with_the_unit_that_fits(bytes: 999, expected: &quot;999 B&quot;)" outcome="Passed" testType="13cdc9d9-ddb5-4fa4-a97d-d965ccfc6d4b" testListId="8c84fa94-04c1-424b-9868-57a2d4851a1d" testId="7983618e-be77-486a-b651-504846b71ff2" executionId="7983618e-be77-486a-b651-504846b71ff2" computerName="runnervmvmocb" duration="00:00:00.0000000" startTime="2026-09-22T08:12:56.4425571+00:00" endTime="2026-09-22T08:12:56.4432136+00:00" /><UnitTestResult testName="WindowsMaintenanceCenter.Tests.PlatformReaderTests.A_size_is_formatted_with_the_unit_that_fits(bytes: 1536, expected: &quot;1.5 KiB&quot;)" outcome="Passed" testType="13cdc9d9-ddb5-4fa4-a97d-d965ccfc6d4b" testListId="8c84fa94-04c1-424b-9868-57a2d4851a1d" testId="9e692803-cfbb-4821-a361-d744ebc01a39" executionId="9e692803-cfbb-4821-a361-d744ebc01a39" computerName="runnervmvmocb" duration="00:00:00.0000000" startTime="2026-09-22T08:12:56.4433281+00:00" endTime="2026-09-22T08:12:56.4434474+00:00" /><UnitTestResult testName="WindowsMaintenanceCenter.Tests.PlatformReaderTests.A_size_is_formatted_with_the_unit_that_fits(bytes: 1073741824, expected: &quot;1 GiB&quot;)" outcome="Passed" testType="13cdc9d9-ddb5-4fa4-a97d-d965ccfc6d4b" testListId="8c84fa94-04c1-424b-9868-57a2d4851a1d" testId="fac0e7e9-1ee9-4c61-bbe8-72640d4d1dc5" executionId="fac0e7e9-1ee9-4c61-bbe8-72640d4d1dc5" computerName="runnervmvmocb" duration="00:00:00.0000000" startTime="2026-09-22T08:12:56.4435623+00:00" endTime="2026-09-22T08:12:56.4436734+00:00" /><UnitTestResult testName="WindowsMaintenanceCenter.Tests.SystemActionCatalogTests.Every_placeholder_in_a_template_belongs_to_a_declared_argument_and_the_other_way_round" outcome="Passed" testType="13cdc9d9-ddb5-4fa4-a97d-d965ccfc6d4b" testListId="8c84fa94-04c1-424b-9868-57a2d4851a1d" testId="d2da6f46-45c6-45e3-81d3-636f5446d489" executionId="d2da6f46-45c6-45e3-81d3-636f5446d489" computerName="runnervmvmocb" duration="00:00:00.0240000" startTime="2026-09-22T08:12:56.4324212+00:00" endTime="2026-09-22T08:12:56.4572648+00:00" /><UnitTestResult testName="WindowsMaintenanceCenter.Tests.SimulationFixtureTests.The_fixture_contains_one_device_with_a_problem_code_for_the_diagnostics" outcome="Passed" testType="13cdc9d9-ddb5-4fa4-a97d-d965ccfc6d4b" testListId="8c84fa94-04c1-424b-9868-57a2d4851a1d" testId="92e7217a-2e17-4493-9a6a-3c2ec3b3919f" executionId="92e7217a-2e17-4493-9a6a-3c2ec3b3919f" computerName="runnervmvmocb" duration="00:00:00.0010000" startTime="2026-09-22T08:12:56.4583937+00:00" endTime="2026-09-22T08:12:56.4599647+00:00" /><UnitTestResult testName="WindowsMaintenanceCenter.Tests.SimulationFixtureTests.Windows_identity_is_present_for_the_windows_checks" outcome="Passed" testType="13cdc9d9-ddb5-4fa4-a97d-d965ccfc6d4b" testListId="8c84fa94-04c1-424b-9868-57a2d4851a1d" testId="196b7e99-bbc0-488e-a426-176b05ab67d5" executionId="196b7e99-bbc0-488e-a426-176b05ab67d5" computerName="runnervmvmocb" duration="00:00:00.0010000" startTime="2026-09-22T08:12:56.4602451+00:00" endTime="2026-09-22T08:12:56.4613887+00:00" /><UnitTestResult testName="WindowsMaintenanceCenter.Tests.SimulationFixtureTests.The_provider_declares_itself_as_simulation" outcome="Passed" testType="13cdc9d9-ddb5-4fa4-a97d-d965ccfc6d4b" testListId="8c84fa94-04c1-424b-9868-57a2d4851a1d" testId="f1115a0a-4036-4efe-a604-50cbf0cd0b79" executionId="f1115a0a-4036-4efe-a604-50cbf0cd0b79" computerName="runnervmvmocb" duration="00:00:00.0000000" startTime="2026-09-22T08:12:56.4616244+00:00" endTime="2026-09-22T08:12:56.4618323+00:00" /><UnitTestResult testName="WindowsMaintenanceCenter.Tests.SimulationFixtureTests.The_board_revision_is_not_claimed_as_verified" outcome="Passed" testType="13cdc9d9-ddb5-4fa4-a97d-d965ccfc6d4b" testListId="8c84fa94-04c1-424b-9868-57a2d4851a1d" testId="6038bff7-cfe2-4846-ae47-375ac70a83fe" executionId="6038bff7-cfe2-4846-ae47-375ac70a83fe" computerName="runnervmvmocb" duration="00:00:00.0000000" startTime="2026-09-22T08:12:56.4620717+00:00" endTime="2026-09-22T08:12:56.4629706+00:00" /><UnitTestResult testName="WindowsMaintenanceCenter.Tests.SimulationFixtureTests.Every_read_value_carries_an_origin" outcome="Passed" testType="13cdc9d9-ddb5-4fa4-a97d-d965ccfc6d4b" testListId="8c84fa94-04c1-424b-9868-57a2d4851a1d" testId="f7beaca5-303b-4ce9-9731-462185939c00" executionId="f7beaca5-303b-4ce9-9731-462185939c00" computerName="runnervmvmocb" duration="00:00:00.0020000" startTime="2026-09-22T08:12:56.4632297+00:00" endTime="2026-09-22T08:12:56.4655080+00:00" /><UnitTestResult testName="WindowsMaintenanceCenter.Tests.SimulationFixtureTests.A_value_that_cannot_be_provided_is_unknown_with_a_reason" outcome="Passed" testType="13cdc9d9-ddb5-4fa4-a97d-d965ccfc6d4b" testListId="8c84fa94-04c1-424b-9868-57a2d4851a1d" testId="8fc4d5e9-da96-46ee-8af5-e64991e35297" executionId="8fc4d5e9-da96-46ee-8af5-e64991e35297" computerName="runnervmvmocb" duration="00:00:00.0000000" startTime="2026-09-22T08:12:56.4657642+00:00" endTime="2026-09-22T08:12:56.4667977+00:00" /><UnitTestResult testName="WindowsMaintenanceCenter.Tests.SimulationFixtureTests.Model_values_are_prefixed_so_they_can_never_be_mistaken_for_a_measurement" outcome="Passed" testType="13cdc9d9-ddb5-4fa4-a97d-d965ccfc6d4b" testListId="8c84fa94-04c1-424b-9868-57a2d4851a1d" testId="8b87a59e-e38e-4cd1-83b1-f55280a78aae" executionId="8b87a59e-e38e-4cd1-83b1-f55280a78aae" computerName="runnervmvmocb" duration="00:00:00.0010000" startTime="2026-09-22T08:12:56.4670482+00:00" endTime="2026-09-22T08:12:56.4688681+00:00" /><UnitTestResult testName="WindowsMaintenanceCenter.Tests.SimulationFixtureTests.A_desktop_machine_reports_no_battery_instead_of_a_fake_one" outcome="Passed" testType="13cdc9d9-ddb5-4fa4-a97d-d965ccfc6d4b" testListId="8c84fa94-04c1-424b-9868-57a2d4851a1d" testId="89b39865-e09f-48f9-a8b0-79480e5cbe04" executionId="89b39865-e09f-48f9-a8b0-79480e5cbe04" computerName="runnervmvmocb" duration="00:00:00.0000000" startTime="2026-09-22T08:12:56.4691369+00:00" endTime="2026-09-22T08:12:56.4699363+00:00" /><UnitTestResult testName="WindowsMaintenanceCenter.Tests.SimulationFixtureTests.System_identity_is_marked_as_simulation" outcome="Passed" testType="13cdc9d9-ddb5-4fa4-a97d-d965ccfc6d4b" testListId="8c84fa94-04c1-424b-9868-57a2d4851a1d" testId="aa70d192-5452-42b8-b252-9e51cf18e48f" executionId="aa70d192-5452-42b8-b252-9e51cf18e48f" computerName="runnervmvmocb" duration="00:00:00.0000000" startTime="2026-09-22T08:12:56.4701743+00:00" endTime="2026-09-22T08:12:56.4709971+00:00" /><UnitTestResult testName="WindowsMaintenanceCenter.Tests.SimulationFixtureTests.Repeated_reads_return_the_same_values" outcome="Passed" testType="13cdc9d9-ddb5-4fa4-a97d-d965ccfc6d4b" testListId="8c84fa94-04c1-424b-9868-57a2d4851a1d" testId="6a01d0e2-aa19-4613-9029-3d2d04bd9e13" executionId="6a01d0e2-aa19-4613-9029-3d2d04bd9e13" computerName="runnervmvmocb" duration="00:00:00.0010000" startTime="2026-09-22T08:12:56.4712475+00:00" endTime="2026-09-22T08:12:56.4726387+00:00" /><UnitTestResult testName="WindowsMaintenanceCenter.Tests.OverallStatusCalculatorTests.Module_without_executed_checks_keeps_the_overall_state_unknown" outcome="Passed" testType="13cdc9d9-ddb5-4fa4-a97d-d965ccfc6d4b" testListId="8c84fa94-04c1-424b-9868-57a2d4851a1d" testId="3744f96c-f763-4dae-8a74-53f2bec19b27" executionId="3744f96c-f763-4dae-8a74-53f2bec19b27" computerName="runnervmvmocb" duration="00:00:00.0000000" startTime="2026-09-22T08:12:56.4733440+00:00" endTime="2026-09-22T08:12:56.4737756+00:00" /><UnitTestResult testName="WindowsMaintenanceCenter.Tests.OverallStatusCalculatorTests.A_warning_problem_results_in_attention" outcome="Passed" testType="13cdc9d9-ddb5-4fa4-a97d-d965ccfc6d4b" testListId="8c84fa94-04c1-424b-9868-57a2d4851a1d" testId="8bbf77cd-e1f5-4b6a-8b44-bf7697615c63" executionId="8bbf77cd-e1f5-4b6a-8b44-bf7697615c63" computerName="runnervmvmocb" duration="00:00:00.0000000" startTime="2026-09-22T08:12:56.4740109+00:00" endTime="2026-09-22T08:12:56.4746341+00:00" /><UnitTestResult testName="WindowsMaintenanceCenter.Tests.OverallStatusCalculatorTests.Skipped_modules_are_reported_but_do_not_fake_a_problem" outcome="Passed" testType="13cdc9d9-ddb5-4fa4-a97d-d965ccfc6d4b" testListId="8c84fa94-04c1-424b-9868-57a2d4851a1d" testId="18a6264d-3e91-4df7-93e8-20dfe88df595" executionId="18a6264d-3e91-4df7-93e8-20dfe88df595" computerName="runnervmvmocb" duration="00:00:00.0000000" startTime="2026-09-22T08:12:56.4748403+00:00" endTime="2026-09-22T08:12:56.4753083+00:00" /><UnitTestResult testName="WindowsMaintenanceCenter.Tests.OverallStatusCalculatorTests.Severity_mapping_is_stable(severity: Critical, expected: Critical)" outcome="Passed" testType="13cdc9d9-ddb5-4fa4-a97d-d965ccfc6d4b" testListId="8c84fa94-04c1-424b-9868-57a2d4851a1d" testId="a75d658d-6371-4d9a-b80b-a75c5a4e16ef" executionId="a75d658d-6371-4d9a-b80b-a75c5a4e16ef" computerName="runnervmvmocb" duration="00:00:00.0000000" startTime="2026-09-22T08:12:56.4764170+00:00" endTime="2026-09-22T08:12:56.4767321+00:00" /><UnitTestResult testName="WindowsMaintenanceCenter.Tests.OverallStatusCalculatorTests.Severity_mapping_is_stable(severity: Error, expected: Warning)" outcome="Passed" testType="13cdc9d9-ddb5-4fa4-a97d-d965ccfc6d4b" testListId="8c84fa94-04c1-424b-9868-57a2d4851a1d" testId="e7f7f02d-1d00-4bc2-960f-b901a3f8efb2" executionId="e7f7f02d-1d00-4bc2-960f-b901a3f8efb2" computerName="runnervmvmocb" duration="00:00:00.0000000" startTime="2026-09-22T08:12:56.4767720+00:00" endTime="2026-09-22T08:12:56.4771041+00:00" /><UnitTestResult testName="WindowsMaintenanceCenter.Tests.OverallStatusCalculatorTests.Severity_mapping_is_stable(severity: Warning, expected: Attention)" outcome="Passed" testType="13cdc9d9-ddb5-4fa4-a97d-d965ccfc6d4b" testListId="8c84fa94-04c1-424b-9868-57a2d4851a1d" testId="6b1458ca-69ec-4829-88b0-45b2ddd50030" executionId="6b1458ca-69ec-4829-88b0-45b2ddd50030" computerName="runnervmvmocb" duration="00:00:00.0000000" startTime="2026-09-22T08:12:56.4771339+00:00" endTime="2026-09-22T08:12:56.4772003+00:00" /><UnitTestResult testName="WindowsMaintenanceCenter.Tests.OverallStatusCalculatorTests.Severity_mapping_is_stable(severity: Blocked, expected: Attention)" outcome="Passed" testType="13cdc9d9-ddb5-4fa4-a97d-d965ccfc6d4b" testListId="8c84fa94-04c1-424b-9868-57a2d4851a1d" testId="0e2e0e47-f701-409e-87a6-f8034f8cd70e" executionId="0e2e0e47-f701-409e-87a6-f8034f8cd70e" computerName="runnervmvmocb" duration="00:00:00.0000000" startTime="2026-09-22T08:12:56.4772209+00:00" endTime="2026-09-22T08:12:56.4772871+00:00" /><UnitTestResult testName="WindowsMaintenanceCenter.Tests.OverallStatusCalculatorTests.Severity_mapping_is_stable(severity: Info, expected: Unknown)" outcome="Passed" testType="13cdc9d9-ddb5-4fa4-a97d-d965ccfc6d4b" testListId="8c84fa94-04c1-424b-9868-57a2d4851a1d" testId="7ee2f147-55db-4760-afda-22c1b69d0c5f" executionId="7ee2f147-55db-4760-afda-22c1b69d0c5f" computerName="runnervmvmocb" duration="00:00:00.0000000" startTime="2026-09-22T08:12:56.4773075+00:00" endTime="2026-09-22T08:12:56.4773679+00:00" /><UnitTestResult testName="WindowsMaintenanceCenter.Tests.OverallStatusCalculatorTests.An_error_problem_results_in_warning" outcome="Passed" testType="13cdc9d9-ddb5-4fa4-a97d-d965ccfc6d4b" testListId="8c84fa94-04c1-424b-9868-57a2d4851a1d" testId="a44c30c3-5881-4f52-98d7-c4383b05814b" executionId="a44c30c3-5881-4f52-98d7-c4383b05814b" computerName="runnervmvmocb" duration="00:00:00.0000000" startTime="2026-09-22T08:12:56.4775744+00:00" endTime="2026-09-22T08:12:56.4778263+00:00" /><UnitTestResult testName="WindowsMaintenanceCenter.Tests.OverallStatusCalculatorTests.Critical_wins_over_everything_else" outcome="Passed" testType="13cdc9d9-ddb5-4fa4-a97d-d965ccfc6d4b" testListId="8c84fa94-04c1-424b-9868-57a2d4851a1d" testId="f4e8f469-622e-44e3-b025-379e1c3f764a" executionId="f4e8f469-622e-44e3-b025-379e1c3f764a" computerName="runnervmvmocb" duration="00:00:00.0000000" startTime="2026-09-22T08:12:56.4780564+00:00" endTime="2026-09-22T08:12:56.4782891+00:00" /><UnitTestResult testName="WindowsMaintenanceCenter.Tests.PlatformReaderTests.All_readable_profiles_enabled_is_the_healthy_state" outcome="Passed" testType="13cdc9d9-ddb5-4fa4-a97d-d965ccfc6d4b" testListId="8c84fa94-04c1-424b-9868-57a2d4851a1d" testId="d2aa47f5-e883-410c-8090-48b9c5436948" executionId="d2aa47f5-e883-410c-8090-48b9c5436948" computerName="runnervmvmocb" duration="00:00:00.0420000" startTime="2026-09-22T08:12:56.4440479+00:00" endTime="2026-09-22T08:12:56.4867940+00:00" /><UnitTestResult testName="WindowsMaintenanceCenter.Tests.PlatformReaderTests.An_unreadable_firewall_provider_is_reported_as_unreadable" outcome="Passed" testType="13cdc9d9-ddb5-4fa4-a97d-d965ccfc6d4b" testListId="8c84fa94-04c1-424b-9868-57a2d4851a1d" testId="12567610-e4d4-4d43-bdd3-98aeed5090e4" executionId="12567610-e4d4-4d43-bdd3-98aeed5090e4" computerName="runnervmvmocb" duration="00:00:00.0000000" startTime="2026-09-22T08:12:56.4872022+00:00" endTime="2026-09-22T08:12:56.4875495+00:00" /><UnitTestResult testName="WindowsMaintenanceCenter.Tests.PlatformReaderTests.The_verdict_follows_the_reported_state(enabled: False, activated: null, expected: Disabled)" outcome="Passed" testType="13cdc9d9-ddb5-4fa4-a97d-d965ccfc6d4b" testListId="8c84fa94-04c1-424b-9868-57a2d4851a1d" testId="0847c8ee-2ac2-4894-a39d-4c38a7c84edd" executionId="0847c8ee-2ac2-4894-a39d-4c38a7c84edd" computerName="runnervmvmocb" duration="00:00:00.0040000" startTime="2026-09-22T08:12:56.4885809+00:00" endTime="2026-09-22T08:12:56.4930249+00:00" /><UnitTestResult testName="WindowsMaintenanceCenter.Tests.PlatformReaderTests.The_verdict_follows_the_reported_state(enabled: True, activated: False, expected: EnabledNotActivated)" outcome="Passed" testType="13cdc9d9-ddb5-4fa4-a97d-d965ccfc6d4b" testListId="8c84fa94-04c1-424b-9868-57a2d4851a1d" testId="62adc61e-c467-48c9-bdb6-660f28db9b06" executionId="62adc61e-c467-48c9-bdb6-660f28db9b06" computerName="runnervmvmocb" duration="00:00:00.0000000" startTime="2026-09-22T08:12:56.4931544+00:00" endTime="2026-09-22T08:12:56.4937284+00:00" /><UnitTestResult testName="WindowsMaintenanceCenter.Tests.PlatformReaderTests.The_verdict_follows_the_reported_state(enabled: True, activated: True, expected: Ready)" outcome="Passed" testType="13cdc9d9-ddb5-4fa4-a97d-d965ccfc6d4b" testListId="8c84fa94-04c1-424b-9868-57a2d4851a1d" testId="b50067ec-cf59-4d11-8a97-9b17332843fa" executionId="b50067ec-cf59-4d11-8a97-9b17332843fa" computerName="runnervmvmocb" duration="00:00:00.0000000" startTime="2026-09-22T08:12:56.4938450+00:00" endTime="2026-09-22T08:12:56.4939824+00:00" /><UnitTestResult testName="WindowsMaintenanceCenter.Tests.PlatformReaderTests.A_size_that_was_not_measured_uses_the_text_of_the_caller" outcome="Passed" testType="13cdc9d9-ddb5-4fa4-a97d-d965ccfc6d4b" testListId="8c84fa94-04c1-424b-9868-57a2d4851a1d" testId="0a06d33e-c35e-48e5-bd14-f3e69bc8e8ee" executionId="0a06d33e-c35e-48e5-bd14-f3e69bc8e8ee" computerName="runnervmvmocb" duration="00:00:00.0000000" startTime="2026-09-22T08:12:56.4943826+00:00" endTime="2026-09-22T08:12:56.4948629+00:00" /><UnitTestResult testName="WindowsMaintenanceCenter.Tests.PlatformReaderTests.An_empty_profile_list_is_unreadable_and_not_healthy" outcome="Passed" testType="13cdc9d9-ddb5-4fa4-a97d-d965ccfc6d4b" testListId="8c84fa94-04c1-424b-9868-57a2d4851a1d" testId="78f13f29-2177-4dae-89e8-a51e5543a67b" executionId="78f13f29-2177-4dae-89e8-a51e5543a67b" computerName="runnervmvmocb" duration="00:00:00.0000000" startTime="2026-09-22T08:12:56.4952588+00:00" endTime="2026-09-22T08:12:56.4955132+00:00" /><UnitTestResult testName="WindowsMaintenanceCenter.Tests.PlatformReaderTests.A_partially_reported_state_stays_unknown(enabled: null, activated: True)" outcome="Passed" testType="13cdc9d9-ddb5-4fa4-a97d-d965ccfc6d4b" testListId="8c84fa94-04c1-424b-9868-57a2d4851a1d" testId="388a4c97-2174-4747-ad31-cff16bfdffc1" executionId="388a4c97-2174-4747-ad31-cff16bfdffc1" computerName="runnervmvmocb" duration="00:00:00.0000000" startTime="2026-09-22T08:12:56.4961882+00:00" endTime="2026-09-22T08:12:56.4964939+00:00" /><UnitTestResult testName="WindowsMaintenanceCenter.Tests.PlatformReaderTests.A_partially_reported_state_stays_unknown(enabled: True, activated: null)" outcome="Passed" testType="13cdc9d9-ddb5-4fa4-a97d-d965ccfc6d4b" testListId="8c84fa94-04c1-424b-9868-57a2d4851a1d" testId="3a171de1-cfc3-43d6-923c-bccc67a9921d" executionId="3a171de1-cfc3-43d6-923c-bccc67a9921d" computerName="runnervmvmocb" duration="00:00:00.0000000" startTime="2026-09-22T08:12:56.4966181+00:00" endTime="2026-09-22T08:12:56.4970156+00:00" /><UnitTestResult testName="WindowsMaintenanceCenter.Tests.PlatformReaderTests.A_machine_without_a_tpm_instance_is_reported_as_not_present" outcome="Passed" testType="13cdc9d9-ddb5-4fa4-a97d-d965ccfc6d4b" testListId="8c84fa94-04c1-424b-9868-57a2d4851a1d" testId="1f81d34c-23ac-471f-8a0c-1694b0095520" executionId="1f81d34c-23ac-471f-8a0c-1694b0095520" computerName="runnervmvmocb" duration="00:00:00.0000000" startTime="2026-09-22T08:12:56.4973591+00:00" endTime="2026-09-22T08:12:56.4976577+00:00" /><UnitTestResult testName="WindowsMaintenanceCenter.Tests.PlatformReaderTests.A_disabled_profile_is_a_finding_even_when_another_state_was_not_reported" outcome="Passed" testType="13cdc9d9-ddb5-4fa4-a97d-d965ccfc6d4b" testListId="8c84fa94-04c1-424b-9868-57a2d4851a1d" testId="c1e2ad4a-485c-4916-89c3-35b2d64fd68f" executionId="c1e2ad4a-485c-4916-89c3-35b2d64fd68f" computerName="runnervmvmocb" duration="00:00:00.0010000" startTime="2026-09-22T08:12:56.4979960+00:00" endTime="2026-09-22T08:12:56.4996261+00:00" /><UnitTestResult testName="WindowsMaintenanceCenter.Tests.PlatformReaderTests.The_reader_only_reads_the_documented_win32_tpm_class" outcome="Passed" testType="13cdc9d9-ddb5-4fa4-a97d-d965ccfc6d4b" testListId="8c84fa94-04c1-424b-9868-57a2d4851a1d" testId="78c20346-6fd0-4214-b883-b56ffec16b44" executionId="78c20346-6fd0-4214-b883-b56ffec16b44" computerName="runnervmvmocb" duration="00:00:00.0000000" startTime="2026-09-22T08:12:56.4999853+00:00" endTime="2026-09-22T08:12:56.5002051+00:00" /><UnitTestResult testName="WindowsMaintenanceCenter.Tests.PlatformReaderTests.A_signed_size_is_formatted_the_same_way_and_a_negative_one_is_not_a_size" outcome="Passed" testType="13cdc9d9-ddb5-4fa4-a97d-d965ccfc6d4b" testListId="8c84fa94-04c1-424b-9868-57a2d4851a1d" testId="07660fe7-144a-42f5-acb7-6335d9fa3331" executionId="07660fe7-144a-42f5-acb7-6335d9fa3331" computerName="runnervmvmocb" duration="00:00:00.0000000" startTime="2026-09-22T08:12:56.5005913+00:00" endTime="2026-09-22T08:12:56.5014661+00:00" /><UnitTestResult testName="WindowsMaintenanceCenter.Tests.PlatformReaderTests.An_unreadable_tpm_is_unknown_and_never_disabled" outcome="Passed" testType="13cdc9d9-ddb5-4fa4-a97d-d965ccfc6d4b" testListId="8c84fa94-04c1-424b-9868-57a2d4851a1d" testId="7ccdeb13-bb68-47ba-b557-ec4f8e212566" executionId="7ccdeb13-bb68-47ba-b557-ec4f8e212566" computerName="runnervmvmocb" duration="00:00:00.0000000" startTime="2026-09-22T08:12:56.5018303+00:00" endTime="2026-09-22T08:12:56.5021455+00:00" /><UnitTestResult testName="WindowsMaintenanceCenter.Tests.PlatformReaderTests.The_specification_generation_is_taken_from_the_reported_version(reported: &quot;2.0, 0, 1.16&quot;, expected: &quot;2.0&quot;)" outcome="Passed" testType="13cdc9d9-ddb5-4fa4-a97d-d965ccfc6d4b" testListId="8c84fa94-04c1-424b-9868-57a2d4851a1d" testId="6f78907d-1701-4271-bc76-232358962306" executionId="6f78907d-1701-4271-bc76-232358962306" computerName="runnervmvmocb" duration="00:00:00.0000000" startTime="2026-09-22T08:12:56.5028271+00:00" endTime="2026-09-22T08:12:56.5031687+00:00" /><UnitTestResult testName="WindowsMaintenanceCenter.Tests.PlatformReaderTests.The_specification_generation_is_taken_from_the_reported_version(reported: &quot;1.2, 2, 0&quot;, expected: &quot;1.2&quot;)" outcome="Passed" testType="13cdc9d9-ddb5-4fa4-a97d-d965ccfc6d4b" testListId="8c84fa94-04c1-424b-9868-57a2d4851a1d" testId="aeec3628-1b12-4bcd-aa33-c4fee0b2f9ed" executionId="aeec3628-1b12-4bcd-aa33-c4fee0b2f9ed" computerName="runnervmvmocb" duration="00:00:00.0000000" startTime="2026-09-22T08:12:56.5032726+00:00" endTime="2026-09-22T08:12:56.5035953+00:00" /><UnitTestResult testName="WindowsMaintenanceCenter.Tests.PlatformReaderTests.The_specification_generation_is_taken_from_the_reported_version(reported: &quot;  2.0  &quot;, expected: &quot;2.0&quot;)" outcome="Passed" testType="13cdc9d9-ddb5-4fa4-a97d-d965ccfc6d4b" testListId="8c84fa94-04c1-424b-9868-57a2d4851a1d" testId="4252dfa9-9388-4b6f-b1a0-44903626892a" executionId="4252dfa9-9388-4b6f-b1a0-44903626892a" computerName="runnervmvmocb" duration="00:00:00.0000000" startTime="2026-09-22T08:12:56.5037085+00:00" endTime="2026-09-22T08:12:56.5038219+00:00" /><UnitTestResult testName="WindowsMaintenanceCenter.Tests.PlatformReaderTests.The_specification_generation_is_taken_from_the_reported_version(reported: &quot;&quot;, expected: null)" outcome="Passed" testType="13cdc9d9-ddb5-4fa4-a97d-d965ccfc6d4b" testListId="8c84fa94-04c1-424b-9868-57a2d4851a1d" testId="e6e704b1-8ad3-4755-a74c-319f9ca4367d" executionId="e6e704b1-8ad3-4755-a74c-319f9ca4367d" computerName="runnervmvmocb" duration="00:00:00.0000000" startTime="2026-09-22T08:12:56.5039238+00:00" endTime="2026-09-22T08:12:56.5040156+00:00" /><UnitTestResult testName="WindowsMaintenanceCenter.Tests.PlatformReaderTests.The_specification_generation_is_taken_from_the_reported_version(reported: null, expected: null)" outcome="Passed" testType="13cdc9d9-ddb5-4fa4-a97d-d965ccfc6d4b" testListId="8c84fa94-04c1-424b-9868-57a2d4851a1d" testId="973ce9d8-18ec-475f-aaa1-ef32d0dda769" executionId="973ce9d8-18ec-475f-aaa1-ef32d0dda769" computerName="runnervmvmocb" duration="00:00:00.0000000" startTime="2026-09-22T08:12:56.5041159+00:00" endTime="2026-09-22T08:12:56.5042262+00:00" /><UnitTestResult testName="WindowsMaintenanceCenter.Tests.PathGuardTests.Path_outside_the_allow_list_is_refused" outcome="Passed" testType="13cdc9d9-ddb5-4fa4-a97d-d965ccfc6d4b" testListId="8c84fa94-04c1-424b-9868-57a2d4851a1d" testId="fc13f0f5-2bca-498c-bae1-0d7a3d7a4851" executionId="fc13f0f5-2bca-498c-bae1-0d7a3d7a4851" computerName="runnervmvmocb" duration="00:00:00.0390000" startTime="2026-09-22T08:12:56.4791033+00:00" endTime="2026-09-22T08:12:56.5184615+00:00" /><UnitTestResult testName="WindowsMaintenanceCenter.Tests.PathGuardTests.Missing_allow_list_refuses_everything" outcome="Passed" testType="13cdc9d9-ddb5-4fa4-a97d-d965ccfc6d4b" testListId="8c84fa94-04c1-424b-9868-57a2d4851a1d" testId="dc2397aa-01ac-4aeb-b5d8-2ad4478d44eb" executionId="dc2397aa-01ac-4aeb-b5d8-2ad4478d44eb" computerName="runnervmvmocb" duration="00:00:00.0000000" startTime="2026-09-22T08:12:56.5188404+00:00" endTime="2026-09-22T08:12:56.5192691+00:00" /><UnitTestResult testName="WindowsMaintenanceCenter.Tests.PathGuardTests.Invalid_allow_list_entries_are_ignored_and_documented" outcome="Passed" testType="13cdc9d9-ddb5-4fa4-a97d-d965ccfc6d4b" testListId="8c84fa94-04c1-424b-9868-57a2d4851a1d" testId="68369be0-bcf5-46d3-8137-c8116f15ffff" executionId="68369be0-bcf5-46d3-8137-c8116f15ffff" computerName="runnervmvmocb" duration="00:00:00.0140000" startTime="2026-09-22T08:12:56.5196727+00:00" endTime="2026-09-22T08:12:56.5340265+00:00" /><UnitTestResult testName="WindowsMaintenanceCenter.Tests.PathGuardTests.The_allow_list_root_itself_is_never_deleted" outcome="Passed" testType="13cdc9d9-ddb5-4fa4-a97d-d965ccfc6d4b" testListId="8c84fa94-04c1-424b-9868-57a2d4851a1d" testId="ffcb2b0e-9085-4c9c-abb7-1c6fc190fefb" executionId="ffcb2b0e-9085-4c9c-abb7-1c6fc190fefb" computerName="runnervmvmocb" duration="00:00:00.0000000" startTime="2026-09-22T08:12:56.5345331+00:00" endTime="2026-09-22T08:12:56.5348176+00:00" /><UnitTestResult testName="WindowsMaintenanceCenter.Tests.PathGuardTests.An_ordinary_path_has_no_ambiguous_segment" outcome="Passed" testType="13cdc9d9-ddb5-4fa4-a97d-d965ccfc6d4b" testListId="8c84fa94-04c1-424b-9868-57a2d4851a1d" testId="f7bd072b-f90f-4e18-a661-951c8bab609e" executionId="f7bd072b-f90f-4e18-a661-951c8bab609e" computerName="runnervmvmocb" duration="00:00:00.0000000" startTime="2026-09-22T08:12:56.5352019+00:00" endTime="2026-09-22T08:12:56.5354630+00:00" /><UnitTestResult testName="WindowsMaintenanceCenter.Tests.PathGuardTests.A_segment_that_ends_with_a_dot_or_a_space_is_refused(segment: &quot;file.tmp &quot;)" outcome="Passed" testType="13cdc9d9-ddb5-4fa4-a97d-d965ccfc6d4b" testListId="8c84fa94-04c1-424b-9868-57a2d4851a1d" testId="0d8da4cc-ff6a-407f-9c46-7b6eee2a7511" executionId="0d8da4cc-ff6a-407f-9c46-7b6eee2a7511" computerName="runnervmvmocb" duration="00:00:00.0000000" startTime="2026-09-22T08:12:56.5360395+00:00" endTime="2026-09-22T08:12:56.5363779+00:00" /><UnitTestResult testName="WindowsMaintenanceCenter.Tests.PathGuardTests.A_segment_that_ends_with_a_dot_or_a_space_is_refused(segment: &quot;cache.&quot;)" outcome="Passed" testType="13cdc9d9-ddb5-4fa4-a97d-d965ccfc6d4b" testListId="8c84fa94-04c1-424b-9868-57a2d4851a1d" testId="43a2f106-11d5-4c2b-bfa1-7d51675d8f69" executionId="43a2f106-11d5-4c2b-bfa1-7d51675d8f69" computerName="runnervmvmocb" duration="00:00:00.0000000" startTime="2026-09-22T08:12:56.5364861+00:00" endTime="2026-09-22T08:12:56.5367629+00:00" /><UnitTestResult testName="WindowsMaintenanceCenter.Tests.PathGuardTests.A_location_that_resolves_outside_the_allow_list_is_refused" outcome="Passed" testType="13cdc9d9-ddb5-4fa4-a97d-d965ccfc6d4b" testListId="8c84fa94-04c1-424b-9868-57a2d4851a1d" testId="ee4c9b22-9286-45cb-b485-77eaf35bc438" executionId="ee4c9b22-9286-45cb-b485-77eaf35bc438" computerName="runnervmvmocb" duration="00:00:00.0000000" startTime="2026-09-22T08:12:56.5373898+00:00" endTime="2026-09-22T08:12:56.5383256+00:00" /><UnitTestResult testName="WindowsMaintenanceCenter.Tests.PathGuardTests.Path_inside_the_allow_list_is_allowed" outcome="Passed" testType="13cdc9d9-ddb5-4fa4-a97d-d965ccfc6d4b" testListId="8c84fa94-04c1-424b-9868-57a2d4851a1d" testId="3b73c3db-944e-436f-958b-4db718f6d4e8" executionId="3b73c3db-944e-436f-958b-4db718f6d4e8" computerName="runnervmvmocb" duration="00:00:00.0010000" startTime="2026-09-22T08:12:56.5387502+00:00" endTime="2026-09-22T08:12:56.5399045+00:00" /><UnitTestResult testName="WindowsMaintenanceCenter.Tests.PathGuardTests.Empty_path_is_refused" outcome="Passed" testType="13cdc9d9-ddb5-4fa4-a97d-d965ccfc6d4b" testListId="8c84fa94-04c1-424b-9868-57a2d4851a1d" testId="6d81fa60-6818-460b-a745-d104d773c957" executionId="6d81fa60-6818-460b-a745-d104d773c957" computerName="runnervmvmocb" duration="00:00:00.0000000" startTime="2026-09-22T08:12:56.5403287+00:00" endTime="2026-09-22T08:12:56.5405735+00:00" /><UnitTestResult testName="WindowsMaintenanceCenter.Tests.PathGuardTests.IsStrictlyInside_never_treats_a_prefix_as_containment(root: &quot;/tmp/root&quot;, candidate: &quot;/tmp/root&quot;, expected: False)" outcome="Passed" testType="13cdc9d9-ddb5-4fa4-a97d-d965ccfc6d4b" testListId="8c84fa94-04c1-424b-9868-57a2d4851a1d" testId="794228d4-ad12-4bec-9b90-081647a1a8a6" executionId="794228d4-ad12-4bec-9b90-081647a1a8a6" computerName="runnervmvmocb" duration="00:00:00.0030000" startTime="2026-09-22T08:12:56.5412167+00:00" endTime="2026-09-22T08:12:56.5450083+00:00" /><UnitTestResult testName="WindowsMaintenanceCenter.Tests.PathGuardTests.IsStrictlyInside_never_treats_a_prefix_as_containment(root: &quot;/tmp/root&quot;, candidate: &quot;/tmp/root/sub&quot;, expected: True)" outcome="Passed" testType="13cdc9d9-ddb5-4fa4-a97d-d965ccfc6d4b" testListId="8c84fa94-04c1-424b-9868-57a2d4851a1d" testId="fbac4121-0616-49b5-aa37-15d59485d98d" executionId="fbac4121-0616-49b5-aa37-15d59485d98d" computerName="runnervmvmocb" duration="00:00:00.0000000" startTime="2026-09-22T08:12:56.5451370+00:00" endTime="2026-09-22T08:12:56.5456937+00:00" /><UnitTestResult testName="WindowsMaintenanceCenter.Tests.PathGuardTests.IsStrictlyInside_never_treats_a_prefix_as_containment(root: &quot;/tmp/root&quot;, candidate: &quot;/tmp/rootsub&quot;, expected: False)" outcome="Passed" testType="13cdc9d9-ddb5-4fa4-a97d-d965ccfc6d4b" testListId="8c84fa94-04c1-424b-9868-57a2d4851a1d" testId="2e9ce585-41b8-4808-8392-28ca89c484be" executionId="2e9ce585-41b8-4808-8392-28ca89c484be" computerName="runnervmvmocb" duration="00:00:00.0000000" startTime="2026-09-22T08:12:56.5457990+00:00" endTime="2026-09-22T08:12:56.5459055+00:00" /><UnitTestResult testName="WindowsMaintenanceCenter.Tests.PathGuardTests.Drive_root_is_refused" outcome="Passed" testType="13cdc9d9-ddb5-4fa4-a97d-d965ccfc6d4b" testListId="8c84fa94-04c1-424b-9868-57a2d4851a1d" testId="fecaebfa-8af7-4765-a47f-74b853f1db47" executionId="fecaebfa-8af7-4765-a47f-74b853f1db47" computerName="runnervmvmocb" duration="00:00:00.0000000" startTime="2026-09-22T08:12:56.5463006+00:00" endTime="2026-09-22T08:12:56.5470632+00:00" /><UnitTestResult testName="WindowsMaintenanceCenter.Tests.PathGuardTests.A_location_that_still_resolves_inside_the_root_is_allowed" outcome="Passed" testType="13cdc9d9-ddb5-4fa4-a97d-d965ccfc6d4b" testListId="8c84fa94-04c1-424b-9868-57a2d4851a1d" testId="f1dfb108-bf1f-45fe-8c63-71af1417329d" executionId="f1dfb108-bf1f-45fe-8c63-71af1417329d" computerName="runnervmvmocb" duration="00:00:00.0000000" startTime="2026-09-22T08:12:56.5474833+00:00" endTime="2026-09-22T08:12:56.5480993+00:00" /><UnitTestResult testName="WindowsMaintenanceCenter.Tests.PnpClassMapTests.The_case_of_the_class_does_not_matter" outcome="Passed" testType="13cdc9d9-ddb5-4fa4-a97d-d965ccfc6d4b" testListId="8c84fa94-04c1-424b-9868-57a2d4851a1d" testId="603f2d3a-97ae-4c49-a762-051c5619d34f" executionId="603f2d3a-97ae-4c49-a762-051c5619d34f" computerName="runnervmvmocb" duration="00:00:00.0140000" startTime="2026-09-22T08:12:56.5491637+00:00" endTime="2026-09-22T08:12:56.5637910+00:00" /><UnitTestResult testName="WindowsMaintenanceCenter.Tests.PnpClassMapTests.A_missing_class_is_unknown_and_not_a_guess(pnpClass: null)" outcome="Passed" testType="13cdc9d9-ddb5-4fa4-a97d-d965ccfc6d4b" testListId="8c84fa94-04c1-424b-9868-57a2d4851a1d" testId="da40d16b-920d-4ceb-b749-f1176529e376" executionId="da40d16b-920d-4ceb-b749-f1176529e376" computerName="runnervmvmocb" duration="00:00:00.0000000" startTime="2026-09-22T08:12:56.5645026+00:00" endTime="2026-09-22T08:12:56.5650236+00:00" /><UnitTestResult testName="WindowsMaintenanceCenter.Tests.PnpClassMapTests.A_missing_class_is_unknown_and_not_a_guess(pnpClass: &quot;&quot;)" outcome="Passed" testType="13cdc9d9-ddb5-4fa4-a97d-d965ccfc6d4b" testListId="8c84fa94-04c1-424b-9868-57a2d4851a1d" testId="da05ba79-658c-453d-a8a1-527d6e14e329" executionId="da05ba79-658c-453d-a8a1-527d6e14e329" computerName="runnervmvmocb" duration="00:00:00.0000000" startTime="2026-09-22T08:12:56.5651372+00:00" endTime="2026-09-22T08:12:56.5654098+00:00" /><UnitTestResult testName="WindowsMaintenanceCenter.Tests.PnpClassMapTests.A_missing_class_is_unknown_and_not_a_guess(pnpClass: &quot;   &quot;)" outcome="Passed" testType="13cdc9d9-ddb5-4fa4-a97d-d965ccfc6d4b" testListId="8c84fa94-04c1-424b-9868-57a2d4851a1d" testId="ea4f2cb6-9335-4505-80ea-de2707c44b97" executionId="ea4f2cb6-9335-4505-80ea-de2707c44b97" computerName="runnervmvmocb" duration="00:00:00.0000000" startTime="2026-09-22T08:12:56.5655253+00:00" endTime="2026-09-22T08:12:56.5656382+00:00" /><UnitTestResult testName="WindowsMaintenanceCenter.Tests.PnpClassMapTests.An_unlisted_class_is_never_reported_as_a_bus(pnpClass: &quot;HIDClass&quot;)" outcome="Passed" testType="13cdc9d9-ddb5-4fa4-a97d-d965ccfc6d4b" testListId="8c84fa94-04c1-424b-9868-57a2d4851a1d" testId="ccea84ea-472a-4b1d-ad56-6752483de1dc" executionId="ccea84ea-472a-4b1d-ad56-6752483de1dc" computerName="runnervmvmocb" duration="00:00:00.0010000" startTime="2026-09-22T08:12:56.5662769+00:00" endTime="2026-09-22T08:12:56.5676323+00:00" /><UnitTestResult testName="WindowsMaintenanceCenter.Tests.PnpClassMapTests.An_unlisted_class_is_never_reported_as_a_bus(pnpClass: &quot;Mouse&quot;)" outcome="Passed" testType="13cdc9d9-ddb5-4fa4-a97d-d965ccfc6d4b" testListId="8c84fa94-04c1-424b-9868-57a2d4851a1d" testId="ed7d41dc-b602-4f55-a498-26dbfaa59c93" executionId="ed7d41dc-b602-4f55-a498-26dbfaa59c93" computerName="runnervmvmocb" duration="00:00:00.0000000" startTime="2026-09-22T08:12:56.5677413+00:00" endTime="2026-09-22T08:12:56.5680745+00:00" /><UnitTestResult testName="WindowsMaintenanceCenter.Tests.PnpClassMapTests.An_unlisted_class_is_never_reported_as_a_bus(pnpClass: &quot;Camera&quot;)" outcome="Passed" testType="13cdc9d9-ddb5-4fa4-a97d-d965ccfc6d4b" testListId="8c84fa94-04c1-424b-9868-57a2d4851a1d" testId="10b6fbcd-f9c1-4bd3-8405-fcb4a1da6a79" executionId="10b6fbcd-f9c1-4bd3-8405-fcb4a1da6a79" computerName="runnervmvmocb" duration="00:00:00.0000000" startTime="2026-09-22T08:12:56.5682095+00:00" endTime="2026-09-22T08:12:56.5683332+00:00" /><UnitTestResult testName="WindowsMaintenanceCenter.Tests.PnpClassMapTests.An_unlisted_class_is_never_reported_as_a_bus(pnpClass: &quot;SmartCardReader&quot;)" outcome="Passed" testType="13cdc9d9-ddb5-4fa4-a97d-d965ccfc6d4b" testListId="8c84fa94-04c1-424b-9868-57a2d4851a1d" testId="91c78f82-0efc-467b-98c4-a7d0849d27de" executionId="91c78f82-0efc-467b-98c4-a7d0849d27de" computerName="runnervmvmocb" duration="00:00:00.0000000" startTime="2026-09-22T08:12:56.5684374+00:00" endTime="2026-09-22T08:12:56.5685572+00:00" /><UnitTestResult testName="WindowsMaintenanceCenter.Tests.PnpClassMapTests.An_unlisted_class_is_never_reported_as_a_bus(pnpClass: &quot;SomethingNewFromAFutureWindows&quot;)" outcome="Passed" testType="13cdc9d9-ddb5-4fa4-a97d-d965ccfc6d4b" testListId="8c84fa94-04c1-424b-9868-57a2d4851a1d" testId="de6f7d8c-be2f-497b-b032-40fc3160df08" executionId="de6f7d8c-be2f-497b-b032-40fc3160df08" computerName="runnervmvmocb" duration="00:00:00.0000000" startTime="2026-09-22T08:12:56.5686659+00:00" endTime="2026-09-22T08:12:56.5687764+00:00" /><UnitTestResult testName="WindowsMaintenanceCenter.Tests.PnpClassMapTests.A_documented_setup_class_keeps_its_category(pnpClass: &quot;Processor&quot;, expected: Cpu)" outcome="Passed" testType="13cdc9d9-ddb5-4fa4-a97d-d965ccfc6d4b" testListId="8c84fa94-04c1-424b-9868-57a2d4851a1d" testId="77c89eda-154a-437c-987e-ac162c65513f" executionId="77c89eda-154a-437c-987e-ac162c65513f" computerName="runnervmvmocb" duration="00:00:00.0000000" startTime="2026-09-22T08:12:56.5702703+00:00" endTime="2026-09-22T08:12:56.5705112+00:00" /><UnitTestResult testName="WindowsMaintenanceCenter.Tests.PnpClassMapTests.A_documented_setup_class_keeps_its_category(pnpClass: &quot;Display&quot;, expected: Graphics)" outcome="Passed" testType="13cdc9d9-ddb5-4fa4-a97d-d965ccfc6d4b" testListId="8c84fa94-04c1-424b-9868-57a2d4851a1d" testId="5e4e798c-5d14-41e7-959f-6a36f88e1aef" executionId="5e4e798c-5d14-41e7-959f-6a36f88e1aef" computerName="runnervmvmocb" duration="00:00:00.0000000" startTime="2026-09-22T08:12:56.5706110+00:00" endTime="2026-09-22T08:12:56.5709724+00:00" /><UnitTestResult testName="WindowsMaintenanceCenter.Tests.PnpClassMapTests.A_documented_setup_class_keeps_its_category(pnpClass: &quot;Net&quot;, expected: Network)" outcome="Passed" testType="13cdc9d9-ddb5-4fa4-a97d-d965ccfc6d4b" testListId="8c84fa94-04c1-424b-9868-57a2d4851a1d" testId="07293fbe-8c5e-4cf6-b4d1-532f25244b5e" executionId="07293fbe-8c5e-4cf6-b4d1-532f25244b5e" computerName="runnervmvmocb" duration="00:00:00.0000000" startTime="2026-09-22T08:12:56.5710780+00:00" endTime="2026-09-22T08:12:56.5712153+00:00" /><UnitTestResult testName="WindowsMaintenanceCenter.Tests.PnpClassMapTests.A_documented_setup_class_keeps_its_category(pnpClass: &quot;Media&quot;, expected: Audio)" outcome="Passed" testType="13cdc9d9-ddb5-4fa4-a97d-d965ccfc6d4b" testListId="8c84fa94-04c1-424b-9868-57a2d4851a1d" testId="e8fe5f5d-386b-48a8-adb2-3aab9910090b" executionId="e8fe5f5d-386b-48a8-adb2-3aab9910090b" computerName="runnervmvmocb" duration="00:00:00.0000000" startTime="2026-09-22T08:12:56.5713406+00:00" endTime="2026-09-22T08:12:56.5714709+00:00" /><UnitTestResult testName="WindowsMaintenanceCenter.Tests.PnpClassMapTests.A_documented_setup_class_keeps_its_category(pnpClass: &quot;Monitor&quot;, expected: Monitor)" outcome="Passed" testType="13cdc9d9-ddb5-4fa4-a97d-d965ccfc6d4b" testListId="8c84fa94-04c1-424b-9868-57a2d4851a1d" testId="22759325-83ce-4acc-baac-f314a61dc50b" executionId="22759325-83ce-4acc-baac-f314a61dc50b" computerName="runnervmvmocb" duration="00:00:00.0000000" startTime="2026-09-22T08:12:56.5715800+00:00" endTime="2026-09-22T08:12:56.5717104+00:00" /><UnitTestResult testName="WindowsMaintenanceCenter.Tests.PnpClassMapTests.A_documented_setup_class_keeps_its_category(pnpClass: &quot;Printer&quot;, expected: Printer)" outcome="Passed" testType="13cdc9d9-ddb5-4fa4-a97d-d965ccfc6d4b" testListId="8c84fa94-04c1-424b-9868-57a2d4851a1d" testId="44aea761-b80d-4efd-a2cb-6ccb3370389c" executionId="44aea761-b80d-4efd-a2cb-6ccb3370389c" computerName="runnervmvmocb" duration="00:00:00.0000000" startTime="2026-09-22T08:12:56.5718130+00:00" endTime="2026-09-22T08:12:56.5719295+00:00" /><UnitTestResult testName="WindowsMaintenanceCenter.Tests.PnpClassMapTests.A_documented_setup_class_keeps_its_category(pnpClass: &quot;Battery&quot;, expected: Battery)" outcome="Passed" testType="13cdc9d9-ddb5-4fa4-a97d-d965ccfc6d4b" testListId="8c84fa94-04c1-424b-9868-57a2d4851a1d" testId="e18c58e7-dd95-454e-bdde-01d0e925dc2a" executionId="e18c58e7-dd95-454e-bdde-01d0e925dc2a" computerName="runnervmvmocb" duration="00:00:00.0000000" startTime="2026-09-22T08:12:56.5720968+00:00" endTime="2026-09-22T08:12:56.5722093+00:00" /><UnitTestResult testName="WindowsMaintenanceCenter.Tests.PnpClassMapTests.A_documented_setup_class_keeps_its_category(pnpClass: &quot;HDC&quot;, expected: Storage)" outcome="Passed" testType="13cdc9d9-ddb5-4fa4-a97d-d965ccfc6d4b" testListId="8c84fa94-04c1-424b-9868-57a2d4851a1d" testId="6305917e-6567-40a3-bfa1-bd53e228c570" executionId="6305917e-6567-40a3-bfa1-bd53e228c570" computerName="runnervmvmocb" duration="00:00:00.0000000" startTime="2026-09-22T08:12:56.5723340+00:00" endTime="2026-09-22T08:12:56.5724579+00:00" /><UnitTestResult testName="WindowsMaintenanceCenter.Tests.PnpClassMapTests.A_documented_setup_class_keeps_its_category(pnpClass: &quot;SCSIAdapter&quot;, expected: Storage)" outcome="Passed" testType="13cdc9d9-ddb5-4fa4-a97d-d965ccfc6d4b" testListId="8c84fa94-04c1-424b-9868-57a2d4851a1d" testId="7e25037f-f2d1-4f9b-b1a1-6c281392f09c" executionId="7e25037f-f2d1-4f9b-b1a1-6c281392f09c" computerName="runnervmvmocb" duration="00:00:00.0000000" startTime="2026-09-22T08:12:56.5725702+00:00" endTime="2026-09-22T08:12:56.5727117+00:00" /><UnitTestResult testName="WindowsMaintenanceCenter.Tests.PnpClassMapTests.A_documented_setup_class_keeps_its_category(pnpClass: &quot;DiskDrive&quot;, expected: Storage)" outcome="Passed" testType="13cdc9d9-ddb5-4fa4-a97d-d965ccfc6d4b" testListId="8c84fa94-04c1-424b-9868-57a2d4851a1d" testId="30876845-d8f5-4d26-bc6b-b2ab5b2adcda" executionId="30876845-d8f5-4d26-bc6b-b2ab5b2adcda" computerName="runnervmvmocb" duration="00:00:00.0000000" startTime="2026-09-22T08:12:56.5728147+00:00" endTime="2026-09-22T08:12:56.5729447+00:00" /><UnitTestResult testName="WindowsMaintenanceCenter.Tests.PnpClassMapTests.A_documented_setup_class_keeps_its_category(pnpClass: &quot;Volume&quot;, expected: Storage)" outcome="Passed" testType="13cdc9d9-ddb5-4fa4-a97d-d965ccfc6d4b" testListId="8c84fa94-04c1-424b-9868-57a2d4851a1d" testId="9ec4c346-5f27-4a73-944e-b9aa21f4c8d1" executionId="9ec4c346-5f27-4a73-944e-b9aa21f4c8d1" computerName="runnervmvmocb" duration="00:00:00.0000000" startTime="2026-09-22T08:12:56.5730464+00:00" endTime="2026-09-22T08:12:56.5731737+00:00" /><UnitTestResult testName="WindowsMaintenanceCenter.Tests.PnpClassMapTests.A_documented_setup_class_keeps_its_category(pnpClass: &quot;CDROM&quot;, expected: Storage)" outcome="Passed" testType="13cdc9d9-ddb5-4fa4-a97d-d965ccfc6d4b" testListId="8c84fa94-04c1-424b-9868-57a2d4851a1d" testId="bd1cda44-d4e5-49ee-9a0b-59bbdbfa3fb7" executionId="bd1cda44-d4e5-49ee-9a0b-59bbdbfa3fb7" computerName="runnervmvmocb" duration="00:00:00.0000000" startTime="2026-09-22T08:12:56.5732786+00:00" endTime="2026-09-22T08:12:56.5737092+00:00" /><UnitTestResult testName="WindowsMaintenanceCenter.Tests.PnpClassMapTests.A_documented_setup_class_keeps_its_category(pnpClass: &quot;Thermal&quot;, expected: Sensor)" outcome="Passed" testType="13cdc9d9-ddb5-4fa4-a97d-d965ccfc6d4b" testListId="8c84fa94-04c1-424b-9868-57a2d4851a1d" testId="0778aaac-7ad6-4707-b44c-f7aaead301ff" executionId="0778aaac-7ad6-4707-b44c-f7aaead301ff" computerName="runnervmvmocb" duration="00:00:00.0000000" startTime="2026-09-22T08:12:56.5738099+00:00" endTime="2026-09-22T08:12:56.5739186+00:00" /><UnitTestResult testName="WindowsMaintenanceCenter.Tests.PnpClassMapTests.A_documented_setup_class_keeps_its_category(pnpClass: &quot;System&quot;, expected: System)" outcome="Passed" testType="13cdc9d9-ddb5-4fa4-a97d-d965ccfc6d4b" testListId="8c84fa94-04c1-424b-9868-57a2d4851a1d" testId="c0e0a913-27b2-4083-83d9-0aba43499fd9" executionId="c0e0a913-27b2-4083-83d9-0aba43499fd9" computerName="runnervmvmocb" duration="00:00:00.0000000" startTime="2026-09-22T08:12:56.5740044+00:00" endTime="2026-09-22T08:12:56.5741535+00:00" /><UnitTestResult testName="WindowsMaintenanceCenter.Tests.PnpClassMapTests.A_documented_setup_class_keeps_its_category(pnpClass: &quot;Computer&quot;, expected: System)" outcome="Passed" testType="13cdc9d9-ddb5-4fa4-a97d-d965ccfc6d4b" testListId="8c84fa94-04c1-424b-9868-57a2d4851a1d" testId="d8759581-c308-4dde-9e38-43f727d2e399" executionId="d8759581-c308-4dde-9e38-43f727d2e399" computerName="runnervmvmocb" duration="00:00:00.0000000" startTime="2026-09-22T08:12:56.5742442+00:00" endTime="2026-09-22T08:12:56.5743563+00:00" /><UnitTestResult testName="WindowsMaintenanceCenter.Tests.PnpClassMapTests.A_documented_setup_class_keeps_its_category(pnpClass: &quot;Firmware&quot;, expected: Firmware)" outcome="Passed" testType="13cdc9d9-ddb5-4fa4-a97d-d965ccfc6d4b" testListId="8c84fa94-04c1-424b-9868-57a2d4851a1d" testId="e419483f-27ce-40c9-a74c-19d29d063274" executionId="e419483f-27ce-40c9-a74c-19d29d063274" computerName="runnervmvmocb" duration="00:00:00.0000000" startTime="2026-09-22T08:12:56.5744349+00:00" endTime="2026-09-22T08:12:56.5745430+00:00" /><UnitTestResult testName="WindowsMaintenanceCenter.Tests.PnpClassMapTests.Known_classes_are_reported_as_known_and_unknown_ones_are_not" outcome="Passed" testType="13cdc9d9-ddb5-4fa4-a97d-d965ccfc6d4b" testListId="8c84fa94-04c1-424b-9868-57a2d4851a1d" testId="639a028f-8fee-438e-a6d6-83cc4f3f39b6" executionId="639a028f-8fee-438e-a6d6-83cc4f3f39b6" computerName="runnervmvmocb" duration="00:00:00.0030000" startTime="2026-09-22T08:12:56.5748901+00:00" endTime="2026-09-22T08:12:56.5780141+00:00" /><UnitTestResult testName="WindowsMaintenanceCenter.Tests.PortableModeTests.A_probe_that_fails_is_not_a_marker" outcome="Passed" testType="13cdc9d9-ddb5-4fa4-a97d-d965ccfc6d4b" testListId="8c84fa94-04c1-424b-9868-57a2d4851a1d" testId="53b51882-d92f-471c-9d61-d81218ca8f4e" executionId="53b51882-d92f-471c-9d61-d81218ca8f4e" computerName="runnervmvmocb" duration="00:00:00.0010000" startTime="2026-09-22T08:12:56.5789549+00:00" endTime="2026-09-22T08:12:56.5802581+00:00" /><UnitTestResult testName="WindowsMaintenanceCenter.Tests.PortableModeTests.A_marker_file_next_to_the_executable_switches_a_folder_to_portable" outcome="Passed" testType="13cdc9d9-ddb5-4fa4-a97d-d965ccfc6d4b" testListId="8c84fa94-04c1-424b-9868-57a2d4851a1d" testId="e2570da4-06e1-472f-965d-7879131df8a6" executionId="e2570da4-06e1-472f-965d-7879131df8a6" computerName="runnervmvmocb" duration="00:00:00.0000000" startTime="2026-09-22T08:12:56.5806638+00:00" endTime="2026-09-22T08:12:56.5813007+00:00" /><UnitTestResult testName="WindowsMaintenanceCenter.Tests.PortableModeTests.The_marker_is_read_from_an_assembly_metadata_and_nowhere_else" outcome="Passed" testType="13cdc9d9-ddb5-4fa4-a97d-d965ccfc6d4b" testListId="8c84fa94-04c1-424b-9868-57a2d4851a1d" testId="a12567de-15ce-4870-8192-912a16e3d218" executionId="a12567de-15ce-4870-8192-912a16e3d218" computerName="runnervmvmocb" duration="00:00:00.0000000" startTime="2026-09-22T08:12:56.5817071+00:00" endTime="2026-09-22T08:12:56.5825023+00:00" /><UnitTestResult testName="WindowsMaintenanceCenter.Tests.PortableModeTests.An_executable_that_carries_the_marker_is_portable_on_its_own" outcome="Passed" testType="13cdc9d9-ddb5-4fa4-a97d-d965ccfc6d4b" testListId="8c84fa94-04c1-424b-9868-57a2d4851a1d" testId="2d6453a2-b306-4191-8ebc-d62d5d8ef40a" executionId="2d6453a2-b306-4191-8ebc-d62d5d8ef40a" computerName="runnervmvmocb" duration="00:00:00.0000000" startTime="2026-09-22T08:12:56.5828649+00:00" endTime="2026-09-22T08:12:56.5831918+00:00" /><UnitTestResult testName="WindowsMaintenanceCenter.Tests.PortableModeTests.An_argument_that_only_looks_similar_does_not_switch_the_mode" outcome="Passed" testType="13cdc9d9-ddb5-4fa4-a97d-d965ccfc6d4b" testListId="8c84fa94-04c1-424b-9868-57a2d4851a1d" testId="e4c8ab7e-9cf8-48b8-b8fb-c1b31076b4b0" executionId="e4c8ab7e-9cf8-48b8-b8fb-c1b31076b4b0" computerName="runnervmvmocb" duration="00:00:00.0000000" startTime="2026-09-22T08:12:56.5835506+00:00" endTime="2026-09-22T08:12:56.5839139+00:00" /><UnitTestResult testName="WindowsMaintenanceCenter.Tests.PortableModeTests.Without_a_marker_and_without_a_switch_the_installed_layout_is_used" outcome="Passed" testType="13cdc9d9-ddb5-4fa4-a97d-d965ccfc6d4b" testListId="8c84fa94-04c1-424b-9868-57a2d4851a1d" testId="8454127d-a085-46a7-a62b-230b1f570f67" executionId="8454127d-a085-46a7-a62b-230b1f570f67" computerName="runnervmvmocb" duration="00:00:00.0000000" startTime="2026-09-22T08:12:56.5843038+00:00" endTime="2026-09-22T08:12:56.5846391+00:00" /><UnitTestResult testName="WindowsMaintenanceCenter.Tests.PortableModeTests.The_command_line_can_ask_for_portable_mode(argument: &quot;--portable&quot;)" outcome="Passed" testType="13cdc9d9-ddb5-4fa4-a97d-d965ccfc6d4b" testListId="8c84fa94-04c1-424b-9868-57a2d4851a1d" testId="a419f485-3319-4aec-924c-3ec145adf8eb" executionId="a419f485-3319-4aec-924c-3ec145adf8eb" computerName="runnervmvmocb" duration="00:00:00.0000000" startTime="2026-09-22T08:12:56.5852623+00:00" endTime="2026-09-22T08:12:56.5855003+00:00" /><UnitTestResult testName="WindowsMaintenanceCenter.Tests.PortableModeTests.The_command_line_can_ask_for_portable_mode(argument: &quot;-portable&quot;)" outcome="Passed" testType="13cdc9d9-ddb5-4fa4-a97d-d965ccfc6d4b" testListId="8c84fa94-04c1-424b-9868-57a2d4851a1d" testId="312e6810-dc5f-40cc-9431-ff3d245c5cfa" executionId="312e6810-dc5f-40cc-9431-ff3d245c5cfa" computerName="runnervmvmocb" duration="00:00:00.0000000" startTime="2026-09-22T08:12:56.5855990+00:00" endTime="2026-09-22T08:12:56.5859043+00:00" /><UnitTestResult testName="WindowsMaintenanceCenter.Tests.PortableModeTests.The_command_line_can_ask_for_portable_mode(argument: &quot;-Portable&quot;)" outcome="Passed" testType="13cdc9d9-ddb5-4fa4-a97d-d965ccfc6d4b" testListId="8c84fa94-04c1-424b-9868-57a2d4851a1d" testId="180b4df7-ac4d-4fdf-860b-5adf6c34fb70" executionId="180b4df7-ac4d-4fdf-860b-5adf6c34fb70" computerName="runnervmvmocb" duration="00:00:00.0000000" startTime="2026-09-22T08:12:56.5860176+00:00" endTime="2026-09-22T08:12:56.5861556+00:00" /><UnitTestResult testName="WindowsMaintenanceCenter.Tests.PortableModeTests.The_command_line_can_ask_for_portable_mode(argument: &quot;--PORTABLE&quot;)" outcome="Passed" testType="13cdc9d9-ddb5-4fa4-a97d-d965ccfc6d4b" testListId="8c84fa94-04c1-424b-9868-57a2d4851a1d" testId="dfbdf902-df78-4cc9-9043-21cbccdd21f8" executionId="dfbdf902-df78-4cc9-9043-21cbccdd21f8" computerName="runnervmvmocb" duration="00:00:00.0000000" startTime="2026-09-22T08:12:56.5862661+00:00" endTime="2026-09-22T08:12:56.5863881+00:00" /><UnitTestResult testName="WindowsMaintenanceCenter.Tests.RecoveryEngineTests.A_backup_that_cannot_be_restored_is_not_a_rollback_chance" outcome="Passed" testType="13cdc9d9-ddb5-4fa4-a97d-d965ccfc6d4b" testListId="8c84fa94-04c1-424b-9868-57a2d4851a1d" testId="67027e5f-05f2-43e9-93d8-1cf575430c33" executionId="67027e5f-05f2-43e9-93d8-1cf575430c33" computerName="runnervmvmocb" duration="00:00:00.0280000" startTime="2026-09-22T08:12:56.5948183+00:00" endTime="2026-09-22T08:12:56.6233191+00:00" /><UnitTestResult testName="WindowsMaintenanceCenter.Tests.RecoveryEngineTests.An_empty_journal_offers_no_recovery" outcome="Passed" testType="13cdc9d9-ddb5-4fa4-a97d-d965ccfc6d4b" testListId="8c84fa94-04c1-424b-9868-57a2d4851a1d" testId="76ed964e-19d1-42cb-b667-089d6a6c86c4" executionId="76ed964e-19d1-42cb-b667-089d6a6c86c4" computerName="runnervmvmocb" duration="00:00:00.0010000" startTime="2026-09-22T08:12:56.6239638+00:00" endTime="2026-09-22T08:12:56.6251384+00:00" /><UnitTestResult testName="WindowsMaintenanceCenter.Tests.RecoveryEngineTests.Recovery_without_an_approval_changes_nothing" outcome="Passed" testType="13cdc9d9-ddb5-4fa4-a97d-d965ccfc6d4b" testListId="8c84fa94-04c1-424b-9868-57a2d4851a1d" testId="d01ce884-3933-4827-98c8-de575ca29fc6" executionId="d01ce884-3933-4827-98c8-de575ca29fc6" computerName="runnervmvmocb" duration="00:00:00.0050000" startTime="2026-09-22T08:12:56.6255604+00:00" endTime="2026-09-22T08:12:56.6307296+00:00" /><UnitTestResult testName="WindowsMaintenanceCenter.Tests.RecoveryEngineTests.Recovery_with_the_matching_approval_runs_the_rollback_and_reports_only_what_was_verified" outcome="Passed" testType="13cdc9d9-ddb5-4fa4-a97d-d965ccfc6d4b" testListId="8c84fa94-04c1-424b-9868-57a2d4851a1d" testId="9dab429c-325c-4996-978b-bb464118b2ca" executionId="9dab429c-325c-4996-978b-bb464118b2ca" computerName="runnervmvmocb" duration="00:00:00.0030000" startTime="2026-09-22T08:12:56.6310689+00:00" endTime="2026-09-22T08:12:56.6342684+00:00" /><UnitTestResult testName="WindowsMaintenanceCenter.Tests.RecoveryEngineTests.A_rollback_that_ran_but_was_not_confirmed_is_not_reported_as_success" outcome="Passed" testType="13cdc9d9-ddb5-4fa4-a97d-d965ccfc6d4b" testListId="8c84fa94-04c1-424b-9868-57a2d4851a1d" testId="52935bb7-d5f5-4e2f-a0aa-aa159ba0a258" executionId="52935bb7-d5f5-4e2f-a0aa-aa159ba0a258" computerName="runnervmvmocb" duration="00:00:00.0010000" startTime="2026-09-22T08:12:56.6346075+00:00" endTime="2026-09-22T08:12:56.6359122+00:00" /><UnitTestResult testName="WindowsMaintenanceCenter.Tests.RecoveryEngineTests.A_finished_run_offers_no_recovery" outcome="Passed" testType="13cdc9d9-ddb5-4fa4-a97d-d965ccfc6d4b" testListId="8c84fa94-04c1-424b-9868-57a2d4851a1d" testId="4c8c53c2-556f-419b-9a5d-1e75697b6a76" executionId="4c8c53c2-556f-419b-9a5d-1e75697b6a76" computerName="runnervmvmocb" duration="00:00:00.0040000" startTime="2026-09-22T08:12:56.6362856+00:00" endTime="2026-09-22T08:12:56.6408007+00:00" /><UnitTestResult testName="WindowsMaintenanceCenter.Tests.PlatformReaderTests.The_number_of_a_size_follows_the_active_culture" outcome="Passed" testType="13cdc9d9-ddb5-4fa4-a97d-d965ccfc6d4b" testListId="8c84fa94-04c1-424b-9868-57a2d4851a1d" testId="a3bd1ef3-5133-4ede-84d1-14977614d0d5" executionId="a3bd1ef3-5133-4ede-84d1-14977614d0d5" computerName="runnervmvmocb" duration="00:00:00.1860000" startTime="2026-09-22T08:12:56.5174752+00:00" endTime="2026-09-22T08:12:56.7045507+00:00" /><UnitTestResult testName="WindowsMaintenanceCenter.Tests.PlatformReaderTests.Every_windows_check_can_be_named_in_both_languages" outcome="Passed" testType="13cdc9d9-ddb5-4fa4-a97d-d965ccfc6d4b" testListId="8c84fa94-04c1-424b-9868-57a2d4851a1d" testId="f74c53fe-6596-4ea0-8cd0-0a16720dac9a" executionId="f74c53fe-6596-4ea0-8cd0-0a16720dac9a" computerName="runnervmvmocb" duration="00:00:00.0300000" startTime="2026-09-22T08:12:56.7049027+00:00" endTime="2026-09-22T08:12:56.7355933+00:00" /><UnitTestResult testName="WindowsMaintenanceCenter.Tests.PlatformReaderTests.The_reader_uses_the_same_class_as_the_operating_system_cmdlet" outcome="Passed" testType="13cdc9d9-ddb5-4fa4-a97d-d965ccfc6d4b" testListId="8c84fa94-04c1-424b-9868-57a2d4851a1d" testId="9f9c762b-d1ef-47cc-bc20-cd4a9b9a6355" executionId="9f9c762b-d1ef-47cc-bc20-cd4a9b9a6355" computerName="runnervmvmocb" duration="00:00:00.0000000" startTime="2026-09-22T08:12:56.7359706+00:00" endTime="2026-09-22T08:12:56.7361747+00:00" /><UnitTestResult testName="WindowsMaintenanceCenter.Tests.PlatformReaderTests.A_state_that_was_not_reported_is_not_turned_into_enabled" outcome="Passed" testType="13cdc9d9-ddb5-4fa4-a97d-d965ccfc6d4b" testListId="8c84fa94-04c1-424b-9868-57a2d4851a1d" testId="9c774f6b-5b9c-419b-a26e-a81c27c30ca2" executionId="9c774f6b-5b9c-419b-a26e-a81c27c30ca2" computerName="runnervmvmocb" duration="00:00:00.0000000" startTime="2026-09-22T08:12:56.7364761+00:00" endTime="2026-09-22T08:12:56.7369025+00:00" /><UnitTestResult testName="WindowsMaintenanceCenter.Tests.SecurityAttackTests.A_command_smuggled_into_an_argument_is_refused(attack: &quot;C &amp; del /f /q C:\\Windows\\System32&quot;)" outcome="Passed" testType="13cdc9d9-ddb5-4fa4-a97d-d965ccfc6d4b" testListId="8c84fa94-04c1-424b-9868-57a2d4851a1d" testId="a7d5f08d-c330-48ae-8bc6-c7e18422d855" executionId="a7d5f08d-c330-48ae-8bc6-c7e18422d855" computerName="runnervmvmocb" duration="00:00:00.0020000" startTime="2026-09-22T08:12:56.7383076+00:00" endTime="2026-09-22T08:12:56.7408331+00:00" /><UnitTestResult testName="WindowsMaintenanceCenter.Tests.SecurityAttackTests.A_command_smuggled_into_an_argument_is_refused(attack: &quot;C | powershell -enc SQBFAFgA&quot;)" outcome="Passed" testType="13cdc9d9-ddb5-4fa4-a97d-d965ccfc6d4b" testListId="8c84fa94-04c1-424b-9868-57a2d4851a1d" testId="91ec90d6-e3df-4f96-a85a-15c5e073f9f9" executionId="91ec90d6-e3df-4f96-a85a-15c5e073f9f9" computerName="runnervmvmocb" duration="00:00:00.0000000" startTime="2026-09-22T08:12:56.7409579+00:00" endTime="2026-09-22T08:12:56.7414367+00:00" /><UnitTestResult testName="WindowsMaintenanceCenter.Tests.SecurityAttackTests.A_command_smuggled_into_an_argument_is_refused(attack: &quot;C; cmd /c whoami&quot;)" outcome="Passed" testType="13cdc9d9-ddb5-4fa4-a97d-d965ccfc6d4b" testListId="8c84fa94-04c1-424b-9868-57a2d4851a1d" testId="c28f980e-3114-4f47-93d8-d686ec5b77a5" executionId="c28f980e-3114-4f47-93d8-d686ec5b77a5" computerName="runnervmvmocb" duration="00:00:00.0000000" startTime="2026-09-22T08:12:56.7415398+00:00" endTime="2026-09-22T08:12:56.7416712+00:00" /><UnitTestResult testName="WindowsMaintenanceCenter.Tests.SecurityAttackTests.A_command_smuggled_into_an_argument_is_refused(attack: &quot;C &gt; C:\\Windows\\Temp\\x.txt&quot;)" outcome="Passed" testType="13cdc9d9-ddb5-4fa4-a97d-d965ccfc6d4b" testListId="8c84fa94-04c1-424b-9868-57a2d4851a1d" testId="387b9f3a-b12d-4394-8749-589a9b554131" executionId="387b9f3a-b12d-4394-8749-589a9b554131" computerName="runnervmvmocb" duration="00:00:00.0000000" startTime="2026-09-22T08:12:56.7417751+00:00" endTime="2026-09-22T08:12:56.7419115+00:00" /><UnitTestResult testName="WindowsMaintenanceCenter.Tests.SecurityAttackTests.A_command_smuggled_into_an_argument_is_refused(attack: &quot;$(Get-Process)&quot;)" outcome="Passed" testType="13cdc9d9-ddb5-4fa4-a97d-d965ccfc6d4b" testListId="8c84fa94-04c1-424b-9868-57a2d4851a1d" testId="80585a68-90aa-4d7c-8371-7189cec78e2f" executionId="80585a68-90aa-4d7c-8371-7189cec78e2f" computerName="runnervmvmocb" duration="00:00:00.0000000" startTime="2026-09-22T08:12:56.7420101+00:00" endTime="2026-09-22T08:12:56.7421326+00:00" /><UnitTestResult testName="WindowsMaintenanceCenter.Tests.SecurityAttackTests.A_command_smuggled_into_an_argument_is_refused(attack: &quot;`whoami`&quot;)" outcome="Passed" testType="13cdc9d9-ddb5-4fa4-a97d-d965ccfc6d4b" testListId="8c84fa94-04c1-424b-9868-57a2d4851a1d" testId="5ca853be-d8b5-4bb9-a17b-df55239e2003" executionId="5ca853be-d8b5-4bb9-a17b-df55239e2003" computerName="runnervmvmocb" duration="00:00:00.0000000" startTime="2026-09-22T08:12:56.7422302+00:00" endTime="2026-09-22T08:12:56.7423558+00:00" /><UnitTestResult testName="WindowsMaintenanceCenter.Tests.SecurityAttackTests.A_path_that_leaves_its_area_is_refused(attack: &quot;..\\..\\Windows\\System32\\config\\SAM&quot;)" outcome="Passed" testType="13cdc9d9-ddb5-4fa4-a97d-d965ccfc6d4b" testListId="8c84fa94-04c1-424b-9868-57a2d4851a1d" testId="1f6eb7be-4d3e-4b18-8d58-5739ed59bf01" executionId="1f6eb7be-4d3e-4b18-8d58-5739ed59bf01" computerName="runnervmvmocb" duration="00:00:00.0000000" startTime="2026-09-22T08:12:56.7430794+00:00" endTime="2026-09-22T08:12:56.7439533+00:00" /><UnitTestResult testName="WindowsMaintenanceCenter.Tests.SecurityAttackTests.A_path_that_leaves_its_area_is_refused(attack: &quot;C:\\Temp\\..\\..\\Windows&quot;)" outcome="Passed" testType="13cdc9d9-ddb5-4fa4-a97d-d965ccfc6d4b" testListId="8c84fa94-04c1-424b-9868-57a2d4851a1d" testId="d553a9ba-8909-407b-90a5-1eca48236368" executionId="d553a9ba-8909-407b-90a5-1eca48236368" computerName="runnervmvmocb" duration="00:00:00.0000000" startTime="2026-09-22T08:12:56.7440534+00:00" endTime="2026-09-22T08:12:56.7443649+00:00" /><UnitTestResult testName="WindowsMaintenanceCenter.Tests.SecurityAttackTests.A_path_that_leaves_its_area_is_refused(attack: &quot;\\\\server\\share\\payload&quot;)" outcome="Passed" testType="13cdc9d9-ddb5-4fa4-a97d-d965ccfc6d4b" testListId="8c84fa94-04c1-424b-9868-57a2d4851a1d" testId="af4e98f4-cfa3-4303-af45-fb0262ad00e1" executionId="af4e98f4-cfa3-4303-af45-fb0262ad00e1" computerName="runnervmvmocb" duration="00:00:00.0000000" startTime="2026-09-22T08:12:56.7444607+00:00" endTime="2026-09-22T08:12:56.7447302+00:00" /><UnitTestResult testName="WindowsMaintenanceCenter.Tests.SecurityAttackTests.A_path_that_leaves_its_area_is_refused(attack: &quot;\\\\?\\C:\\Windows&quot;)" outcome="Passed" testType="13cdc9d9-ddb5-4fa4-a97d-d965ccfc6d4b" testListId="8c84fa94-04c1-424b-9868-57a2d4851a1d" testId="b3d91cfa-4835-4277-a59d-9bb9b674b56a" executionId="b3d91cfa-4835-4277-a59d-9bb9b674b56a" computerName="runnervmvmocb" duration="00:00:00.0000000" startTime="2026-09-22T08:12:56.7448210+00:00" endTime="2026-09-22T08:12:56.7449270+00:00" /><UnitTestResult testName="WindowsMaintenanceCenter.Tests.SecurityAttackTests.A_path_that_leaves_its_area_is_refused(attack: &quot;C:\\Temp\\file.exe &amp; del /f /q C:\\&quot;)" outcome="Passed" testType="13cdc9d9-ddb5-4fa4-a97d-d965ccfc6d4b" testListId="8c84fa94-04c1-424b-9868-57a2d4851a1d" testId="b1eb2be3-388a-4033-ae7e-6c6c13679c8c" executionId="b1eb2be3-388a-4033-ae7e-6c6c13679c8c" computerName="runnervmvmocb" duration="00:00:00.0000000" startTime="2026-09-22T08:12:56.7450024+00:00" endTime="2026-09-22T08:12:56.7452954+00:00" /><UnitTestResult testName="WindowsMaintenanceCenter.Tests.SecurityAttackTests.An_undeclared_argument_is_refused" outcome="Passed" testType="13cdc9d9-ddb5-4fa4-a97d-d965ccfc6d4b" testListId="8c84fa94-04c1-424b-9868-57a2d4851a1d" testId="89f0f557-f57e-4bae-a1b2-d605c3b4b30c" executionId="89f0f557-f57e-4bae-a1b2-d605c3b4b30c" computerName="runnervmvmocb" duration="00:00:00.0000000" startTime="2026-09-22T08:12:56.7456101+00:00" endTime="2026-09-22T08:12:56.7460720+00:00" /><UnitTestResult testName="WindowsMaintenanceCenter.Tests.SecurityAttackTests.The_declared_call_still_passes" outcome="Passed" testType="13cdc9d9-ddb5-4fa4-a97d-d965ccfc6d4b" testListId="8c84fa94-04c1-424b-9868-57a2d4851a1d" testId="ae16cc5c-7d2b-4935-9f40-36279a1a20ec" executionId="ae16cc5c-7d2b-4935-9f40-36279a1a20ec" computerName="runnervmvmocb" duration="00:00:00.0000000" startTime="2026-09-22T08:12:56.7463824+00:00" endTime="2026-09-22T08:12:56.7475033+00:00" /><UnitTestResult testName="WindowsMaintenanceCenter.Tests.ProblemRegistryTests.Prefix_is_derived_from_the_category_when_not_supplied" outcome="Passed" testType="13cdc9d9-ddb5-4fa4-a97d-d965ccfc6d4b" testListId="8c84fa94-04c1-424b-9868-57a2d4851a1d" testId="26afae28-d6ad-4d32-903d-d7a7e438aca9" executionId="26afae28-d6ad-4d32-903d-d7a7e438aca9" computerName="runnervmvmocb" duration="00:00:00.0000000" startTime="2026-09-22T08:12:56.7486724+00:00" endTime="2026-09-22T08:12:56.7495996+00:00" /><UnitTestResult testName="WindowsMaintenanceCenter.Tests.ProblemRegistryTests.Problem_ids_follow_prefix_and_are_counted_per_prefix" outcome="Passed" testType="13cdc9d9-ddb5-4fa4-a97d-d965ccfc6d4b" testListId="8c84fa94-04c1-424b-9868-57a2d4851a1d" testId="e64c1fab-ee22-4156-aca0-9dad8967bed3" executionId="e64c1fab-ee22-4156-aca0-9dad8967bed3" computerName="runnervmvmocb" duration="00:00:00.0000000" startTime="2026-09-22T08:12:56.7499572+00:00" endTime="2026-09-22T08:12:56.7509924+00:00" /><UnitTestResult testName="WindowsMaintenanceCenter.Tests.ProblemRegistryTests.The_theme_of_an_error_identifier_comes_from_the_category" outcome="Passed" testType="13cdc9d9-ddb5-4fa4-a97d-d965ccfc6d4b" testListId="8c84fa94-04c1-424b-9868-57a2d4851a1d" testId="b4722f14-ebaa-4e46-8f2a-c17a05451c2c" executionId="b4722f14-ebaa-4e46-8f2a-c17a05451c2c" computerName="runnervmvmocb" duration="00:00:00.0000000" startTime="2026-09-22T08:12:56.7513099+00:00" endTime="2026-09-22T08:12:56.7515249+00:00" /><UnitTestResult testName="WindowsMaintenanceCenter.Tests.ProblemRegistryTests.A_finding_carries_the_fields_of_chapter_85" outcome="Passed" testType="13cdc9d9-ddb5-4fa4-a97d-d965ccfc6d4b" testListId="8c84fa94-04c1-424b-9868-57a2d4851a1d" testId="2077c5e0-6dc0-4679-8ccb-055cfe5b8b4f" executionId="2077c5e0-6dc0-4679-8ccb-055cfe5b8b4f" computerName="runnervmvmocb" duration="00:00:00.0000000" startTime="2026-09-22T08:12:56.7523723+00:00" endTime="2026-09-22T08:12:56.7534265+00:00" /><UnitTestResult testName="WindowsMaintenanceCenter.Tests.ProblemRegistryTests.Without_a_written_log_entry_the_field_stays_empty_instead_of_naming_a_file" outcome="Passed" testType="13cdc9d9-ddb5-4fa4-a97d-d965ccfc6d4b" testListId="8c84fa94-04c1-424b-9868-57a2d4851a1d" testId="ffd25bd6-f160-42b1-83c0-26faa196b304" executionId="ffd25bd6-f160-42b1-83c0-26faa196b304" computerName="runnervmvmocb" duration="00:00:00.0000000" startTime="2026-09-22T08:12:56.7537979+00:00" endTime="2026-09-22T08:12:56.7540753+00:00" /><UnitTestResult testName="WindowsMaintenanceCenter.Tests.ProblemRegistryTests.Blocked_operations_are_carried_into_the_problem" outcome="Passed" testType="13cdc9d9-ddb5-4fa4-a97d-d965ccfc6d4b" testListId="8c84fa94-04c1-424b-9868-57a2d4851a1d" testId="5f68b560-a697-49a9-9621-514aed60aa56" executionId="5f68b560-a697-49a9-9621-514aed60aa56" computerName="runnervmvmocb" duration="00:00:00.0010000" startTime="2026-09-22T08:12:56.7549821+00:00" endTime="2026-09-22T08:12:56.7563038+00:00" /><UnitTestResult testName="WindowsMaintenanceCenter.Tests.ProblemRegistryTests.New_problems_are_open_and_can_be_updated" outcome="Passed" testType="13cdc9d9-ddb5-4fa4-a97d-d965ccfc6d4b" testListId="8c84fa94-04c1-424b-9868-57a2d4851a1d" testId="ecb19d68-acf5-4a8f-b34d-95f138d640ff" executionId="ecb19d68-acf5-4a8f-b34d-95f138d640ff" computerName="runnervmvmocb" duration="00:00:00.0160000" startTime="2026-09-22T08:12:56.7567793+00:00" endTime="2026-09-22T08:12:56.7738081+00:00" /><UnitTestResult testName="WindowsMaintenanceCenter.Tests.RecoveryEngineTests.A_changed_journal_is_reported_with_the_assessment" outcome="Passed" testType="13cdc9d9-ddb5-4fa4-a97d-d965ccfc6d4b" testListId="8c84fa94-04c1-424b-9868-57a2d4851a1d" testId="39f6a841-2419-45a2-9487-9fdb47b0877f" executionId="39f6a841-2419-45a2-9487-9fdb47b0877f" computerName="runnervmvmocb" duration="00:00:00.1360000" startTime="2026-09-22T08:12:56.6411580+00:00" endTime="2026-09-22T08:12:56.7776735+00:00" /><UnitTestResult testName="WindowsMaintenanceCenter.Tests.RecoveryEngineTests.An_interrupted_run_without_a_backup_states_exactly_that" outcome="Passed" testType="13cdc9d9-ddb5-4fa4-a97d-d965ccfc6d4b" testListId="8c84fa94-04c1-424b-9868-57a2d4851a1d" testId="1b10ce4d-42e7-4865-b4e5-89aaf42852e2" executionId="1b10ce4d-42e7-4865-b4e5-89aaf42852e2" computerName="runnervmvmocb" duration="00:00:00.0000000" startTime="2026-09-22T08:12:56.7779014+00:00" endTime="2026-09-22T08:12:56.7788922+00:00" /><UnitTestResult testName="WindowsMaintenanceCenter.Tests.RecoveryEngineTests.An_approval_for_another_operation_does_not_authorise_a_recovery" outcome="Passed" testType="13cdc9d9-ddb5-4fa4-a97d-d965ccfc6d4b" testListId="8c84fa94-04c1-424b-9868-57a2d4851a1d" testId="fb3b4bb1-4d7d-499f-a3f3-8353c322c482" executionId="fb3b4bb1-4d7d-499f-a3f3-8353c322c482" computerName="runn
[...]
="8c84fa94-04c1-424b-9868-57a2d4851a1d" testId="b07a333f-78c0-45e8-ae59-76b216067c95" executionId="b07a333f-78c0-45e8-ae59-76b216067c95" /><TestEntry testListId="8c84fa94-04c1-424b-9868-57a2d4851a1d" testId="2f61895b-3943-4d49-a19f-2579a04b1035" executionId="2f61895b-3943-4d49-a19f-2579a04b1035" /><TestEntry testListId="8c84fa94-04c1-424b-9868-57a2d4851a1d" testId="6f5f8713-e702-415d-b52c-9516ad115c5a" executionId="6f5f8713-e702-415d-b52c-9516ad115c5a" /><TestEntry testListId="8c84fa94-04c1-424b-9868-57a2d4851a1d" testId="52afeeb7-74a2-4bff-932e-2fefb9f0aff6" executionId="52afeeb7-74a2-4bff-932e-2fefb9f0aff6" /><TestEntry testListId="8c84fa94-04c1-424b-9868-57a2d4851a1d" testId="d6fde6db-bfcd-4a72-85e7-d0046782a1ca" executionId="d6fde6db-bfcd-4a72-85e7-d0046782a1ca" /><TestEntry testListId="8c84fa94-04c1-424b-9868-57a2d4851a1d" testId="093d8df1-62fd-4115-8dc2-c66a49ec4935" executionId="093d8df1-62fd-4115-8dc2-c66a49ec4935" /><TestEntry testListId="8c84fa94-04c1-424b-9868-57a2d4851a1d" testId="b4a0de33-3f2d-4e4a-a285-7ca857ab5386" executionId="b4a0de33-3f2d-4e4a-a285-7ca857ab5386" /><TestEntry testListId="8c84fa94-04c1-424b-9868-57a2d4851a1d" testId="79a031e7-0699-4dd5-b1f3-d6c36eebb874" executionId="79a031e7-0699-4dd5-b1f3-d6c36eebb874" /><TestEntry testListId="8c84fa94-04c1-424b-9868-57a2d4851a1d" testId="3baa7cfc-d14f-445c-9a2e-156c77126f28" executionId="3baa7cfc-d14f-445c-9a2e-156c77126f28" /><TestEntry testListId="8c84fa94-04c1-424b-9868-57a2d4851a1d" testId="d3642306-18b7-41bd-97c4-937ac7cf75fd" executionId="d3642306-18b7-41bd-97c4-937ac7cf75fd" /><TestEntry testListId="8c84fa94-04c1-424b-9868-57a2d4851a1d" testId="30c3e43d-3d35-480d-8bac-1a912117d815" executionId="30c3e43d-3d35-480d-8bac-1a912117d815" /><TestEntry testListId="8c84fa94-04c1-424b-9868-57a2d4851a1d" testId="e5d33692-c75e-465c-9acc-5d7c5968b7b3" executionId="e5d33692-c75e-465c-9acc-5d7c5968b7b3" /><TestEntry testListId="8c84fa94-04c1-424b-9868-57a2d4851a1d" testId="ed7ce950-85e4-4194-9573-f457fc335f6b" executionId="ed7ce950-85e4-4194-9573-f457fc335f6b" /><TestEntry testListId="8c84fa94-04c1-424b-9868-57a2d4851a1d" testId="de8eb739-9ded-4603-a8ec-5a7f42926ceb" executionId="de8eb739-9ded-4603-a8ec-5a7f42926ceb" /><TestEntry testListId="8c84fa94-04c1-424b-9868-57a2d4851a1d" testId="db941d69-a68c-48ea-9cc4-b7beddae06fa" executionId="db941d69-a68c-48ea-9cc4-b7beddae06fa" /><TestEntry testListId="8c84fa94-04c1-424b-9868-57a2d4851a1d" testId="2924af5a-0f19-4b3f-b0ea-19bb4ec106ae" executionId="2924af5a-0f19-4b3f-b0ea-19bb4ec106ae" /><TestEntry testListId="8c84fa94-04c1-424b-9868-57a2d4851a1d" testId="0bdd38ed-22d2-42da-9492-d1e89201b253" executionId="0bdd38ed-22d2-42da-9492-d1e89201b253" /><TestEntry testListId="8c84fa94-04c1-424b-9868-57a2d4851a1d" testId="021ca2e0-2e20-4481-bff8-d5041fb7b139" executionId="021ca2e0-2e20-4481-bff8-d5041fb7b139" /><TestEntry testListId="8c84fa94-04c1-424b-9868-57a2d4851a1d" testId="37e6313f-556b-44a3-ad83-1648ebba271b" executionId="37e6313f-556b-44a3-ad83-1648ebba271b" /><TestEntry testListId="8c84fa94-04c1-424b-9868-57a2d4851a1d" testId="f36dd971-c83d-4467-8556-b5f5c3ce2757" executionId="f36dd971-c83d-4467-8556-b5f5c3ce2757" /><TestEntry testListId="8c84fa94-04c1-424b-9868-57a2d4851a1d" testId="cdd0b0b0-ddc7-443f-86c3-c961477390c5" executionId="cdd0b0b0-ddc7-443f-86c3-c961477390c5" /><TestEntry testListId="8c84fa94-04c1-424b-9868-57a2d4851a1d" testId="42308e3c-6616-495c-97a3-0c45d313e15e" executionId="42308e3c-6616-495c-97a3-0c45d313e15e" /><TestEntry testListId="8c84fa94-04c1-424b-9868-57a2d4851a1d" testId="09e0135d-79da-4bbf-9a6b-491508741f52" executionId="09e0135d-79da-4bbf-9a6b-491508741f52" /><TestEntry testListId="8c84fa94-04c1-424b-9868-57a2d4851a1d" testId="afd3390b-fd6d-479f-8df1-da76115b6be6" executionId="afd3390b-fd6d-479f-8df1-da76115b6be6" /><TestEntry testListId="8c84fa94-04c1-424b-9868-57a2d4851a1d" testId="f17192ff-fe6a-4f50-99d5-adbbda0e74e1" executionId="f17192ff-fe6a-4f50-99d5-adbbda0e74e1" /><TestEntry testListId="8c84fa94-04c1-424b-9868-57a2d4851a1d" testId="f4ac3ccf-a89e-4e88-aceb-3d943a3b3c5e" executionId="f4ac3ccf-a89e-4e88-aceb-3d943a3b3c5e" /><TestEntry testListId="8c84fa94-04c1-424b-9868-57a2d4851a1d" testId="01b50797-42c2-43cd-b8c3-5000db107104" executionId="01b50797-42c2-43cd-b8c3-5000db107104" /><TestEntry testListId="8c84fa94-04c1-424b-9868-57a2d4851a1d" testId="50749962-ea2d-4fcb-b04f-cef763499f1f" executionId="50749962-ea2d-4fcb-b04f-cef763499f1f" /><TestEntry testListId="8c84fa94-04c1-424b-9868-57a2d4851a1d" testId="b659b3e0-2013-41e5-927b-1bc62930575a" executionId="b659b3e0-2013-41e5-927b-1bc62930575a" /><TestEntry testListId="8c84fa94-04c1-424b-9868-57a2d4851a1d" testId="31e490ef-a398-432b-9f7a-dcb331a0f0ba" executionId="31e490ef-a398-432b-9f7a-dcb331a0f0ba" /><TestEntry testListId="8c84fa94-04c1-424b-9868-57a2d4851a1d" testId="160a0444-87be-4c57-a28e-73092409f0fe" executionId="160a0444-87be-4c57-a28e-73092409f0fe" /><TestEntry testListId="8c84fa94-04c1-424b-9868-57a2d4851a1d" testId="e73a4cab-687d-48a1-9f01-55bb8e3f7b02" executionId="e73a4cab-687d-48a1-9f01-55bb8e3f7b02" /><TestEntry testListId="8c84fa94-04c1-424b-9868-57a2d4851a1d" testId="c3e0a228-d07a-48d9-b837-171869c695d8" executionId="c3e0a228-d07a-48d9-b837-171869c695d8" /><TestEntry testListId="8c84fa94-04c1-424b-9868-57a2d4851a1d" testId="a153ba34-2d10-43b1-92c0-c1ee06c5fd5a" executionId="a153ba34-2d10-43b1-92c0-c1ee06c5fd5a" /><TestEntry testListId="8c84fa94-04c1-424b-9868-57a2d4851a1d" testId="afe809bc-9578-462f-9837-4c8cb7eb4f2e" executionId="afe809bc-9578-462f-9837-4c8cb7eb4f2e" /><TestEntry testListId="8c84fa94-04c1-424b-9868-57a2d4851a1d" testId="c0330cab-c28d-4b24-babc-f38923cf1c5d" executionId="c0330cab-c28d-4b24-babc-f38923cf1c5d" /><TestEntry testListId="8c84fa94-04c1-424b-9868-57a2d4851a1d" testId="40384c48-0c55-4715-9aa9-99f6e14fc72c" executionId="40384c48-0c55-4715-9aa9-99f6e14fc72c" /><TestEntry testListId="8c84fa94-04c1-424b-9868-57a2d4851a1d" testId="2f3c2a86-aa8a-4cdf-a9f2-a0addc44e406" executionId="2f3c2a86-aa8a-4cdf-a9f2-a0addc44e406" /><TestEntry testListId="8c84fa94-04c1-424b-9868-57a2d4851a1d" testId="6b9dd622-f1c9-403e-8817-5534c0050009" executionId="6b9dd622-f1c9-403e-8817-5534c0050009" /><TestEntry testListId="8c84fa94-04c1-424b-9868-57a2d4851a1d" testId="2c943807-5110-4c11-b4ac-0499320ea194" executionId="2c943807-5110-4c11-b4ac-0499320ea194" /><TestEntry testListId="8c84fa94-04c1-424b-9868-57a2d4851a1d" testId="a52740b4-110c-4b33-b8fa-d575c83f8a9f" executionId="a52740b4-110c-4b33-b8fa-d575c83f8a9f" /><TestEntry testListId="8c84fa94-04c1-424b-9868-57a2d4851a1d" testId="fe46dce5-124f-4930-a1ee-cd5a85fca9c5" executionId="fe46dce5-124f-4930-a1ee-cd5a85fca9c5" /><TestEntry testListId="8c84fa94-04c1-424b-9868-57a2d4851a1d" testId="8475c588-b315-4eb8-ad6a-1099588f6711" executionId="8475c588-b315-4eb8-ad6a-1099588f6711" /><TestEntry testListId="8c84fa94-04c1-424b-9868-57a2d4851a1d" testId="6ccdef43-b1db-4191-9cb2-67eca6d3ab8c" executionId="6ccdef43-b1db-4191-9cb2-67eca6d3ab8c" /><TestEntry testListId="8c84fa94-04c1-424b-9868-57a2d4851a1d" testId="b318f4f9-6ee0-4d0e-9bbc-db1f523c5a06" executionId="b318f4f9-6ee0-4d0e-9bbc-db1f523c5a06" /><TestEntry testListId="8c84fa94-04c1-424b-9868-57a2d4851a1d" testId="f6df9486-f4f7-4c69-a252-9c767658263d" executionId="f6df9486-f4f7-4c69-a252-9c767658263d" /><TestEntry testListId="8c84fa94-04c1-424b-9868-57a2d4851a1d" testId="3f5af22f-3cd6-4a1e-935e-b3b524111c8a" executionId="3f5af22f-3cd6-4a1e-935e-b3b524111c8a" /><TestEntry testListId="8c84fa94-04c1-424b-9868-57a2d4851a1d" testId="ec9bf6c0-428d-4632-aec5-b362d8950e44" executionId="ec9bf6c0-428d-4632-aec5-b362d8950e44" /><TestEntry testListId="8c84fa94-04c1-424b-9868-57a2d4851a1d" testId="c1edc485-7c1c-426c-b95f-2041980afe0f" executionId="c1edc485-7c1c-426c-b95f-2041980afe0f" /><TestEntry testListId="8c84fa94-04c1-424b-9868-57a2d4851a1d" testId="2bac55fd-813b-44d6-a581-15f50fb424f2" executionId="2bac55fd-813b-44d6-a581-15f50fb424f2" /><TestEntry testListId="8c84fa94-04c1-424b-9868-57a2d4851a1d" testId="695515e9-e08f-4dec-ae3d-b29328929219" executionId="695515e9-e08f-4dec-ae3d-b29328929219" /><TestEntry testListId="8c84fa94-04c1-424b-9868-57a2d4851a1d" testId="232c74a1-c1f2-4f7a-b177-e36a790889b6" executionId="232c74a1-c1f2-4f7a-b177-e36a790889b6" /><TestEntry testListId="8c84fa94-04c1-424b-9868-57a2d4851a1d" testId="42532083-9b17-436f-bb0f-ad419b3ab202" executionId="42532083-9b17-436f-bb0f-ad419b3ab202" /><TestEntry testListId="8c84fa94-04c1-424b-9868-57a2d4851a1d" testId="35ba35da-7d5a-4cd0-9f13-f6ed4021caa6" executionId="35ba35da-7d5a-4cd0-9f13-f6ed4021caa6" /><TestEntry testListId="8c84fa94-04c1-424b-9868-57a2d4851a1d" testId="5b2d3936-fba6-432f-9ca4-36bf50645522" executionId="5b2d3936-fba6-432f-9ca4-36bf50645522" /><TestEntry testListId="8c84fa94-04c1-424b-9868-57a2d4851a1d" testId="4eab97f6-2d9c-45f1-8353-819c04eef5cd" executionId="4eab97f6-2d9c-45f1-8353-819c04eef5cd" /><TestEntry testListId="8c84fa94-04c1-424b-9868-57a2d4851a1d" testId="e0a2f7d8-27ef-4242-8749-ac0d8588dd29" executionId="e0a2f7d8-27ef-4242-8749-ac0d8588dd29" /><TestEntry testListId="8c84fa94-04c1-424b-9868-57a2d4851a1d" testId="ad031e98-edee-4fec-bf23-181f057aa8e7" executionId="ad031e98-edee-4fec-bf23-181f057aa8e7" /><TestEntry testListId="8c84fa94-04c1-424b-9868-57a2d4851a1d" testId="770846f7-8137-4495-8082-743cf7575d32" executionId="770846f7-8137-4495-8082-743cf7575d32" /><TestEntry testListId="8c84fa94-04c1-424b-9868-57a2d4851a1d" testId="50817a15-7976-4719-91f8-edb46c052fdf" executionId="50817a15-7976-4719-91f8-edb46c052fdf" /><TestEntry testListId="8c84fa94-04c1-424b-9868-57a2d4851a1d" testId="c5cb6dde-9381-467e-9407-245bc2a7eb84" executionId="c5cb6dde-9381-467e-9407-245bc2a7eb84" /><TestEntry testListId="8c84fa94-04c1-424b-9868-57a2d4851a1d" testId="c9bf16b5-5ac6-418c-a80a-c784ff201218" executionId="c9bf16b5-5ac6-418c-a80a-c784ff201218" /><TestEntry testListId="8c84fa94-04c1-424b-9868-57a2d4851a1d" testId="54b789d9-919d-4d61-9ad4-8f8188f9dc4e" executionId="54b789d9-919d-4d61-9ad4-8f8188f9dc4e" /><TestEntry testListId="8c84fa94-04c1-424b-9868-57a2d4851a1d" testId="5c347280-9322-4ec3-8d25-845cf342c80e" executionId="5c347280-9322-4ec3-8d25-845cf342c80e" /><TestEntry testListId="8c84fa94-04c1-424b-9868-57a2d4851a1d" testId="70ee4a67-ed3b-4058-824e-6890daae6f35" executionId="70ee4a67-ed3b-4058-824e-6890daae6f35" /><TestEntry testListId="8c84fa94-04c1-424b-9868-57a2d4851a1d" testId="a7e21635-9da3-4a42-97ce-1d7d2cd1fd21" executionId="a7e21635-9da3-4a42-97ce-1d7d2cd1fd21" /><TestEntry testListId="8c84fa94-04c1-424b-9868-57a2d4851a1d" testId="dffc0e92-a7ac-4e55-8636-10a69c0e17c8" executionId="dffc0e92-a7ac-4e55-8636-10a69c0e17c8" /><TestEntry testListId="8c84fa94-04c1-424b-9868-57a2d4851a1d" testId="df8e4bdf-e3aa-4987-8f71-56b10548ed6c" executionId="df8e4bdf-e3aa-4987-8f71-56b10548ed6c" /><TestEntry testListId="8c84fa94-04c1-424b-9868-57a2d4851a1d" testId="05c8e86e-28d4-480b-8c4d-1ed2db027871" executionId="05c8e86e-28d4-480b-8c4d-1ed2db027871" /><TestEntry testListId="8c84fa94-04c1-424b-9868-57a2d4851a1d" testId="5f9535bc-4bfa-43dc-a57a-dd0e50a1b630" executionId="5f9535bc-4bfa-43dc-a57a-dd0e50a1b630" /><TestEntry testListId="8c84fa94-04c1-424b-9868-57a2d4851a1d" testId="68d04f89-5475-4a13-a790-f6fc252a438f" executionId="68d04f89-5475-4a13-a790-f6fc252a438f" /><TestEntry testListId="8c84fa94-04c1-424b-9868-57a2d4851a1d" testId="92840179-c98a-4195-af6e-e3c1658f0fb3" executionId="92840179-c98a-4195-af6e-e3c1658f0fb3" /><TestEntry testListId="8c84fa94-04c1-424b-9868-57a2d4851a1d" testId="e3a48934-536c-4254-9fa1-a032924f9ccd" executionId="e3a48934-536c-4254-9fa1-a032924f9ccd" /><TestEntry testListId="8c84fa94-04c1-424b-9868-57a2d4851a1d" testId="6d6554ba-eaf1-47a9-aceb-09948f09e03d" executionId="6d6554ba-eaf1-47a9-aceb-09948f09e03d" /><TestEntry testListId="8c84fa94-04c1-424b-9868-57a2d4851a1d" testId="6b3934bd-621e-4c7e-83f3-c9ec59581f20" executionId="6b3934bd-621e-4c7e-83f3-c9ec59581f20" /><TestEntry testListId="8c84fa94-04c1-424b-9868-57a2d4851a1d" testId="f36bbefa-af78-4590-8fef-47bfa7f8bb9f" executionId="f36bbefa-af78-4590-8fef-47bfa7f8bb9f" /><TestEntry testListId="8c84fa94-04c1-424b-9868-57a2d4851a1d" testId="a5334d3a-63e9-4bc1-a8d8-03043ed99b73" executionId="a5334d3a-63e9-4bc1-a8d8-03043ed99b73" /><TestEntry testListId="8c84fa94-04c1-424b-9868-57a2d4851a1d" testId="6f782cda-feec-4230-8fd0-e70c912b5089" executionId="6f782cda-feec-4230-8fd0-e70c912b5089" /><TestEntry testListId="8c84fa94-04c1-424b-9868-57a2d4851a1d" testId="a0883e9f-278f-49ac-b746-1ddbb9591c81" executionId="a0883e9f-278f-49ac-b746-1ddbb9591c81" /><TestEntry testListId="8c84fa94-04c1-424b-9868-57a2d4851a1d" testId="b44f6ec1-9f84-4bc8-ba3d-a8aa92e96360" executionId="b44f6ec1-9f84-4bc8-ba3d-a8aa92e96360" /><TestEntry testListId="8c84fa94-04c1-424b-9868-57a2d4851a1d" testId="28b172e7-6b90-40b6-baea-5b20c133917a" executionId="28b172e7-6b90-40b6-baea-5b20c133917a" /><TestEntry testListId="8c84fa94-04c1-424b-9868-57a2d4851a1d" testId="e363b62b-7991-4156-8e42-1a8ad39d7443" executionId="e363b62b-7991-4156-8e42-1a8ad39d7443" /><TestEntry testListId="8c84fa94-04c1-424b-9868-57a2d4851a1d" testId="6c2c87a1-05ae-41ac-9d3d-c0f1e98b5700" executionId="6c2c87a1-05ae-41ac-9d3d-c0f1e98b5700" /><TestEntry testListId="8c84fa94-04c1-424b-9868-57a2d4851a1d" testId="4e2fb26a-3239-4577-b090-7483b0616bbc" executionId="4e2fb26a-3239-4577-b090-7483b0616bbc" /><TestEntry testListId="8c84fa94-04c1-424b-9868-57a2d4851a1d" testId="84deeff2-d9ee-4d4a-b5e3-6d8fd4d189e6" executionId="84deeff2-d9ee-4d4a-b5e3-6d8fd4d189e6" /><TestEntry testListId="8c84fa94-04c1-424b-9868-57a2d4851a1d" testId="82ff9c00-d2a1-4ec9-886e-a7c4dafbdec1" executionId="82ff9c00-d2a1-4ec9-886e-a7c4dafbdec1" /><TestEntry testListId="8c84fa94-04c1-424b-9868-57a2d4851a1d" testId="06e5ea6d-b970-4916-b9aa-ff501271132c" executionId="06e5ea6d-b970-4916-b9aa-ff501271132c" /><TestEntry testListId="8c84fa94-04c1-424b-9868-57a2d4851a1d" testId="dae90385-fcc7-464c-acc2-6b1b00b11d0a" executionId="dae90385-fcc7-464c-acc2-6b1b00b11d0a" /><TestEntry testListId="8c84fa94-04c1-424b-9868-57a2d4851a1d" testId="c0929518-3595-4140-b63c-8482c0f69f43" executionId="c0929518-3595-4140-b63c-8482c0f69f43" /><TestEntry testListId="8c84fa94-04c1-424b-9868-57a2d4851a1d" testId="23ec871f-2727-424a-82b3-f66756395c59" executionId="23ec871f-2727-424a-82b3-f66756395c59" /><TestEntry testListId="8c84fa94-04c1-424b-9868-57a2d4851a1d" testId="5183b4e1-c7b3-4deb-867d-90fb74b3c834" executionId="5183b4e1-c7b3-4deb-867d-90fb74b3c834" /><TestEntry testListId="8c84fa94-04c1-424b-9868-57a2d4851a1d" testId="adeee970-bd8b-4eee-81ef-02a79dd0047b" executionId="adeee970-bd8b-4eee-81ef-02a79dd0047b" /><TestEntry testListId="8c84fa94-04c1-424b-9868-57a2d4851a1d" testId="5fc09a52-bfea-4270-9429-54feeba6af51" executionId="5fc09a52-bfea-4270-9429-54feeba6af51" /><TestEntry testListId="8c84fa94-04c1-424b-9868-57a2d4851a1d" testId="4d7be83d-df14-4961-9439-25d1a702299f" executionId="4d7be83d-df14-4961-9439-25d1a702299f" /><TestEntry testListId="8c84fa94-04c1-424b-9868-57a2d4851a1d" testId="4afd13e1-471c-421d-a775-d8b4beb73d37" executionId="4afd13e1-471c-421d-a775-d8b4beb73d37" /><TestEntry testListId="8c84fa94-04c1-424b-9868-57a2d4851a1d" testId="143a1bdb-97d4-453a-90ed-cbb36f119d2c" executionId="143a1bdb-97d4-453a-90ed-cbb36f119d2c" /><TestEntry testListId="8c84fa94-04c1-424b-9868-57a2d4851a1d" testId="9bdff498-6ba1-43ec-80c2-a07294e20fca" executionId="9bdff498-6ba1-43ec-80c2-a07294e20fca" /><TestEntry testListId="8c84fa94-04c1-424b-9868-57a2d4851a1d" testId="73821bc5-d5b0-465d-be7a-067831d55190" executionId="73821bc5-d5b0-465d-be7a-067831d55190" /><TestEntry testListId="8c84fa94-04c1-424b-9868-57a2d4851a1d" testId="28631c44-ecb7-46ea-8b07-b31666210fe5" executionId="28631c44-ecb7-46ea-8b07-b31666210fe5" /><TestEntry testListId="8c84fa94-04c1-424b-9868-57a2d4851a1d" testId="875f06a3-0ed3-4f26-afd1-895dfb57b108" executionId="875f06a3-0ed3-4f26-afd1-895dfb57b108" /><TestEntry testListId="8c84fa94-04c1-424b-9868-57a2d4851a1d" testId="e9ec8df1-0a00-4013-a628-a90ec39cb399" executionId="e9ec8df1-0a00-4013-a628-a90ec39cb399" /><TestEntry testListId="8c84fa94-04c1-424b-9868-57a2d4851a1d" testId="318649cd-f60d-4985-bae2-78e3cdcca818" executionId="318649cd-f60d-4985-bae2-78e3cdcca818" /><TestEntry testListId="8c84fa94-04c1-424b-9868-57a2d4851a1d" testId="032331d8-03cc-4a21-8ec9-32e7dacbb507" executionId="032331d8-03cc-4a21-8ec9-32e7dacbb507" /><TestEntry testListId="8c84fa94-04c1-424b-9868-57a2d4851a1d" testId="1e3a987b-efa3-4606-b8e6-62c310b97001" executionId="1e3a987b-efa3-4606-b8e6-62c310b97001" /><TestEntry testListId="8c84fa94-04c1-424b-9868-57a2d4851a1d" testId="85003c38-ef23-4915-8b49-b0eb06c2d6f2" executionId="85003c38-ef23-4915-8b49-b0eb06c2d6f2" /><TestEntry testListId="8c84fa94-04c1-424b-9868-57a2d4851a1d" testId="6e93a144-e613-46fb-9b55-9778eb6dac8f" executionId="6e93a144-e613-46fb-9b55-9778eb6dac8f" /><TestEntry testListId="8c84fa94-04c1-424b-9868-57a2d4851a1d" testId="2f349429-8021-4cf0-8cbd-6f76e471ab48" executionId="2f349429-8021-4cf0-8cbd-6f76e471ab48" /><TestEntry testListId="8c84fa94-04c1-424b-9868-57a2d4851a1d" testId="ad31e0d7-dfed-44ac-8dc2-87e09700104d" executionId="ad31e0d7-dfed-44ac-8dc2-87e09700104d" /><TestEntry testListId="8c84fa94-04c1-424b-9868-57a2d4851a1d" testId="f3915d27-00d4-4f68-a24d-00dcf37e4323" executionId="f3915d27-00d4-4f68-a24d-00dcf37e4323" /><TestEntry testListId="8c84fa94-04c1-424b-9868-57a2d4851a1d" testId="07a1fe55-a5b2-4d8f-9edd-ccfe16decc94" executionId="07a1fe55-a5b2-4d8f-9edd-ccfe16decc94" /><TestEntry testListId="8c84fa94-04c1-424b-9868-57a2d4851a1d" testId="e45c37a8-e9e9-4c37-b3db-ee558fec2b85" executionId="e45c37a8-e9e9-4c37-b3db-ee558fec2b85" /><TestEntry testListId="8c84fa94-04c1-424b-9868-57a2d4851a1d" testId="ec743e2d-f8c3-4a79-8e0f-0462b2c80565" executionId="ec743e2d-f8c3-4a79-8e0f-0462b2c80565" /><TestEntry testListId="8c84fa94-04c1-424b-9868-57a2d4851a1d" testId="91ecbb2f-f179-4e04-ae32-19a82e0bac3b" executionId="91ecbb2f-f179-4e04-ae32-19a82e0bac3b" /><TestEntry testListId="8c84fa94-04c1-424b-9868-57a2d4851a1d" testId="dd6e9ba2-9beb-4ae2-8ec0-a317a22ada0c" executionId="dd6e9ba2-9beb-4ae2-8ec0-a317a22ada0c" /><TestEntry testListId="8c84fa94-04c1-424b-9868-57a2d4851a1d" testId="48a2ef1f-f276-4310-9e77-afd8686ac9f0" executionId="48a2ef1f-f276-4310-9e77-afd8686ac9f0" /><TestEntry testListId="8c84fa94-04c1-424b-9868-57a2d4851a1d" testId="02c5437a-b333-4c07-be0e-93247898c1e2" executionId="02c5437a-b333-4c07-be0e-93247898c1e2" /><TestEntry testListId="8c84fa94-04c1-424b-9868-57a2d4851a1d" testId="f6d61bfc-59de-478f-be58-d500d1c05f9e" executionId="f6d61bfc-59de-478f-be58-d500d1c05f9e" /><TestEntry testListId="8c84fa94-04c1-424b-9868-57a2d4851a1d" testId="3b086241-54c9-4f4d-a886-4e39209aa70f" executionId="3b086241-54c9-4f4d-a886-4e39209aa70f" /><TestEntry testListId="8c84fa94-04c1-424b-9868-57a2d4851a1d" testId="b33bcf8c-093f-4124-b357-e33269e32c10" executionId="b33bcf8c-093f-4124-b357-e33269e32c10" /><TestEntry testListId="8c84fa94-04c1-424b-9868-57a2d4851a1d" testId="2599bb0c-058a-4ef8-b1ec-479b8a2a8de3" executionId="2599bb0c-058a-4ef8-b1ec-479b8a2a8de3" /><TestEntry testListId="8c84fa94-04c1-424b-9868-57a2d4851a1d" testId="ee58c00a-25df-4f65-80fa-7c8b7a3ef7e1" executionId="ee58c00a-25df-4f65-80fa-7c8b7a3ef7e1" /><TestEntry testListId="8c84fa94-04c1-424b-9868-57a2d4851a1d" testId="c8c7df61-36a3-465f-9fe2-c1443ae4ab49" executionId="c8c7df61-36a3-465f-9fe2-c1443ae4ab49" /></TestEntries><TestLists><TestList name="Results Not in a List" id="8c84fa94-04c1-424b-9868-57a2d4851a1d" /><TestList name="All Loaded Results" id="19431567-8539-422a-85d7-44ee4e166bda" /></TestLists><ResultSummary outcome="Completed"><Counters total="370" executed="370" passed="370" failed="0" error="0" timeout="0" aborted="0" inconclusive="0" passedButRunAborted="0" notRunnable="0" notExecuted="0" disconnected="0" warning="0" completed="0" inProgress="0" pending="0" /></ResultSummary></TestRun>