<TestRun id="e2a725de-ea60-49ee-a2f5-7a606b1729ef" name="runneradmin@runnervmvmocb 2026-09-22T07:54:38.3897926+00:00" runUser="runneradmin" xmlns="http://microsoft.com/schemas/VisualStudio/TeamTest/2010"><Times creation="2026-09-22T07:54:38.3897926+00:00" queuing="2026-09-22T07:54:38.3897926+00:00" start="2026-09-22T07:54:38.3897926+00:00" finish="2026-09-22T07:54:40.0049412+00:00" /><TestSettings name="default" id="6c4d5628-128d-4c3b-a1a4-ab366a4594ad" /><Results><UnitTestResult testName="WindowsMaintenanceCenter.Tests.AdminWorkerTests.An_invalid_argument_never_reaches_the_runner" outcome="Passed" testType="13cdc9d9-ddb5-4fa4-a97d-d965ccfc6d4b" testListId="8c84fa94-04c1-424b-9868-57a2d4851a1d" testId="e8d513fa-0331-48a3-81e7-150bc0554eac" executionId="e8d513fa-0331-48a3-81e7-150bc0554eac" computerName="runnervmvmocb" duration="00:00:00.0420000" startTime="2026-09-22T07:54:38.5478342+00:00" endTime="2026-09-22T07:54:38.6170986+00:00" /><UnitTestResult testName="WindowsMaintenanceCenter.Tests.AdminWorkerTests.An_action_without_the_admin_requirement_runs_without_a_prompt" outcome="Passed" testType="13cdc9d9-ddb5-4fa4-a97d-d965ccfc6d4b" testListId="8c84fa94-04c1-424b-9868-57a2d4851a1d" testId="ab143ef4-d251-480c-a1de-01c500510489" executionId="ab143ef4-d251-480c-a1de-01c500510489" computerName="runnervmvmocb" duration="00:00:00.0500000" startTime="2026-09-22T07:54:38.6572775+00:00" endTime="2026-09-22T07:54:38.7076078+00:00" /><UnitTestResult testName="WindowsMaintenanceCenter.Tests.AdminWorkerTests.A_supplied_verification_confirms_the_result" outcome="Passed" testType="13cdc9d9-ddb5-4fa4-a97d-d965ccfc6d4b" testListId="8c84fa94-04c1-424b-9868-57a2d4851a1d" testId="4f1a4803-efc6-4d3c-b1ee-3667dab560be" executionId="4f1a4803-efc6-4d3c-b1ee-3667dab560be" computerName="runnervmvmocb" duration="00:00:00.0020000" startTime="2026-09-22T07:54:38.7079155+00:00" endTime="2026-09-22T07:54:38.7101815+00:00" /><UnitTestResult testName="WindowsMaintenanceCenter.Tests.AdminWorkerTests.A_verification_that_does_not_confirm_the_result_turns_it_into_a_failure" outcome="Passed" testType="13cdc9d9-ddb5-4fa4-a97d-d965ccfc6d4b" testListId="8c84fa94-04c1-424b-9868-57a2d4851a1d" testId="d6d870ed-3a9e-4863-9866-2e1e63826b6b" executionId="d6d870ed-3a9e-4863-9866-2e1e63826b6b" computerName="runnervmvmocb" duration="00:00:00.0010000" startTime="2026-09-22T07:54:38.7103723+00:00" endTime="2026-09-22T07:54:38.7116295+00:00" /><UnitTestResult testName="WindowsMaintenanceCenter.Tests.AdminWorkerTests.A_repair_without_a_secured_state_and_without_an_approval_starts_nothing" outcome="Passed" testType="13cdc9d9-ddb5-4fa4-a97d-d965ccfc6d4b" testListId="8c84fa94-04c1-424b-9868-57a2d4851a1d" testId="fbbb4456-e028-4a17-8b98-3f3d3622030f" executionId="fbbb4456-e028-4a17-8b98-3f3d3622030f" computerName="runnervmvmocb" duration="00:00:00.0010000" startTime="2026-09-22T07:54:38.7118236+00:00" endTime="2026-09-22T07:54:38.7134077+00:00" /><UnitTestResult testName="WindowsMaintenanceCenter.Tests.AdminWorkerTests.A_repair_with_the_secured_state_but_without_an_approval_still_starts_nothing" outcome="Passed" testType="13cdc9d9-ddb5-4fa4-a97d-d965ccfc6d4b" testListId="8c84fa94-04c1-424b-9868-57a2d4851a1d" testId="c0bd017c-d7ee-4f1e-af9a-0d2a33a1c78b" executionId="c0bd017c-d7ee-4f1e-af9a-0d2a33a1c78b" computerName="runnervmvmocb" duration="00:00:00.0010000" startTime="2026-09-22T07:54:38.7136283+00:00" endTime="2026-09-22T07:54:38.7149452+00:00" /><UnitTestResult testName="WindowsMaintenanceCenter.Tests.InventoryFailureTests.An_unavailable_provider_is_reported_instead_of_producing_an_empty_snapshot" outcome="Passed" testType="13cdc9d9-ddb5-4fa4-a97d-d965ccfc6d4b" testListId="8c84fa94-04c1-424b-9868-57a2d4851a1d" testId="7c51cf39-6dab-434b-80ab-971a90049904" executionId="7c51cf39-6dab-434b-80ab-971a90049904" computerName="runnervmvmocb" duration="00:00:00.1570000" startTime="2026-09-22T07:54:38.5489466+00:00" endTime="2026-09-22T07:54:38.7174073+00:00" /><UnitTestResult testName="WindowsMaintenanceCenter.Tests.InventoryFailureTests.StepCount_matches_the_read_methods_of_the_provider" outcome="Passed" testType="13cdc9d9-ddb5-4fa4-a97d-d965ccfc6d4b" testListId="8c84fa94-04c1-424b-9868-57a2d4851a1d" testId="dee61365-56ed-48d0-a496-1a7869948db4" executionId="dee61365-56ed-48d0-a496-1a7869948db4" computerName="runnervmvmocb" duration="00:00:00.0000000" startTime="2026-09-22T07:54:38.7175926+00:00" endTime="2026-09-22T07:54:38.7182075+00:00" /><UnitTestResult testName="WindowsMaintenanceCenter.Tests.AdminWorkerTests.A_timeout_is_an_unknown_result_and_never_a_success" outcome="Passed" testType="13cdc9d9-ddb5-4fa4-a97d-d965ccfc6d4b" testListId="8c84fa94-04c1-424b-9868-57a2d4851a1d" testId="076f64dc-82f3-441d-8c98-7a39284446e4" executionId="076f64dc-82f3-441d-8c98-7a39284446e4" computerName="runnervmvmocb" duration="00:00:00.0080000" startTime="2026-09-22T07:54:38.7494373+00:00" endTime="2026-09-22T07:54:38.7580730+00:00" /><UnitTestResult testName="WindowsMaintenanceCenter.Tests.AdminWorkerTests.The_action_identifier_and_the_timeout_reach_the_runner" outcome="Passed" testType="13cdc9d9-ddb5-4fa4-a97d-d965ccfc6d4b" testListId="8c84fa94-04c1-424b-9868-57a2d4851a1d" testId="f8c0db7b-e1a6-4f79-b6cb-104ceb6134e0" executionId="f8c0db7b-e1a6-4f79-b6cb-104ceb6134e0" computerName="runnervmvmocb" duration="00:00:00.0030000" startTime="2026-09-22T07:54:38.7584471+00:00" endTime="2026-09-22T07:54:38.7622754+00:00" /><UnitTestResult testName="WindowsMaintenanceCenter.Tests.AdminWorkerTests.Every_refusal_is_written_to_the_audit_log" outcome="Passed" testType="13cdc9d9-ddb5-4fa4-a97d-d965ccfc6d4b" testListId="8c84fa94-04c1-424b-9868-57a2d4851a1d" testId="63060e80-b7a9-4a4b-98e8-32d90acf9884" executionId="63060e80-b7a9-4a4b-98e8-32d90acf9884" computerName="runnervmvmocb" duration="00:00:00.0010000" startTime="2026-09-22T07:54:38.7625509+00:00" endTime="2026-09-22T07:54:38.7636699+00:00" /><UnitTestResult testName="WindowsMaintenanceCenter.Tests.AdminWorkerTests.An_unregistered_action_starts_nothing" outcome="Passed" testType="13cdc9d9-ddb5-4fa4-a97d-d965ccfc6d4b" testListId="8c84fa94-04c1-424b-9868-57a2d4851a1d" testId="b1daa6a2-9322-4b73-857c-44fece5a8418" executionId="b1daa6a2-9322-4b73-857c-44fece5a8418" computerName="runnervmvmocb" duration="00:00:00.0010000" startTime="2026-09-22T07:54:38.7638712+00:00" endTime="2026-09-22T07:54:38.7649096+00:00" /><UnitTestResult testName="WindowsMaintenanceCenter.Tests.AdminWorkerTests.A_repair_with_backup_and_approval_runs_and_keeps_them_in_the_audit_entry" outcome="Passed" testType="13cdc9d9-ddb5-4fa4-a97d-d965ccfc6d4b" testListId="8c84fa94-04c1-424b-9868-57a2d4851a1d" testId="8bbc16b8-39b3-4899-a126-097206ecb46e" executionId="8bbc16b8-39b3-4899-a126-097206ecb46e" computerName="runnervmvmocb" duration="00:00:00.0010000" startTime="2026-09-22T07:54:38.7651045+00:00" endTime="2026-09-22T07:54:38.7668481+00:00" /><UnitTestResult testName="WindowsMaintenanceCenter.Tests.AdminWorkerTests.A_self_validating_action_counts_as_validated" outcome="Passed" testType="13cdc9d9-ddb5-4fa4-a97d-d965ccfc6d4b" testListId="8c84fa94-04c1-424b-9868-57a2d4851a1d" testId="41eadfe9-a06e-482f-a7f3-b9c2b63952ae" executionId="41eadfe9-a06e-482f-a7f3-b9c2b63952ae" computerName="runnervmvmocb" duration="00:00:00.0000000" startTime="2026-09-22T07:54:38.7670533+00:00" endTime="2026-09-22T07:54:38.7680166+00:00" /><UnitTestResult testName="WindowsMaintenanceCenter.Tests.AdminWorkerTests.A_non_zero_exit_code_is_a_failure_and_not_a_success" outcome="Passed" testType="13cdc9d9-ddb5-4fa4-a97d-d965ccfc6d4b" testListId="8c84fa94-04c1-424b-9868-57a2d4851a1d" testId="6f509140-5cd9-4528-a5be-cae6651fd87a" executionId="6f509140-5cd9-4528-a5be-cae6651fd87a" computerName="runnervmvmocb" duration="00:00:00.0030000" startTime="2026-09-22T07:54:38.7682098+00:00" endTime="2026-09-22T07:54:38.7721186+00:00" /><UnitTestResult testName="WindowsMaintenanceCenter.Tests.AdminWorkerTests.Without_a_verification_the_run_is_not_called_success_in_the_summary" outcome="Passed" testType="13cdc9d9-ddb5-4fa4-a97d-d965ccfc6d4b" testListId="8c84fa94-04c1-424b-9868-57a2d4851a1d" testId="1ec50db1-8740-4dc5-8ac7-80adb6f59d6c" executionId="1ec50db1-8740-4dc5-8ac7-80adb6f59d6c" computerName="runnervmvmocb" duration="00:00:00.0000000" startTime="2026-09-22T07:54:38.7723891+00:00" endTime="2026-09-22T07:54:38.7732914+00:00" /><UnitTestResult testName="WindowsMaintenanceCenter.Tests.AdminWorkerTests.An_action_that_needs_rights_is_blocked_when_they_are_missing" outcome="Passed" testType="13cdc9d9-ddb5-4fa4-a97d-d965ccfc6d4b" testListId="8c84fa94-04c1-424b-9868-57a2d4851a1d" testId="dd165a58-938d-4513-b88e-fc238c3be13c" executionId="dd165a58-938d-4513-b88e-fc238c3be13c" computerName="runnervmvmocb" duration="00:00:00.0010000" startTime="2026-09-22T07:54:38.7734771+00:00" endTime="2026-09-22T07:54:38.7746572+00:00" /><UnitTestResult testName="WindowsMaintenanceCenter.Tests.InventoryFailureTests.A_failed_read_becomes_a_problem_in_the_snapshot" outcome="Passed" testType="13cdc9d9-ddb5-4fa4-a97d-d965ccfc6d4b" testListId="8c84fa94-04c1-424b-9868-57a2d4851a1d" testId="f413ba41-5cf4-4f3e-912a-57e4fbd985bd" executionId="f413ba41-5cf4-4f3e-912a-57e4fbd985bd" computerName="runnervmvmocb" duration="00:00:00.0810000" startTime="2026-09-22T07:54:38.7183771+00:00" endTime="2026-09-22T07:54:38.8001137+00:00" /><UnitTestResult testName="WindowsMaintenanceCenter.Tests.InventoryFailureTests.A_later_pass_does_not_present_the_findings_of_an_earlier_one" outcome="Passed" testType="13cdc9d9-ddb5-4fa4-a97d-d965ccfc6d4b" testListId="8c84fa94-04c1-424b-9868-57a2d4851a1d" testId="9baffe95-df8c-4149-ad5a-8a7fd8e43c11" executionId="9baffe95-df8c-4149-ad5a-8a7fd8e43c11" computerName="runnervmvmocb" duration="00:00:00.0080000" startTime="2026-09-22T07:54:38.8004705+00:00" endTime="2026-09-22T07:54:38.8093597+00:00" /><UnitTestResult testName="WindowsMaintenanceCenter.Tests.SystemActionCatalogTests.The_released_actions_are_exactly_the_read_only_queries" outcome="Passed" testType="13cdc9d9-ddb5-4fa4-a97d-d965ccfc6d4b" testListId="8c84fa94-04c1-424b-9868-57a2d4851a1d" testId="784ec794-84c6-40e0-86d5-faf66ef9e32d" executionId="784ec794-84c6-40e0-86d5-faf66ef9e32d" computerName="runnervmvmocb" duration="00:00:00.0020000" startTime="2026-09-22T07:54:38.8101598+00:00" endTime="2026-09-22T07:54:38.8128522+00:00" /><UnitTestResult testName="WindowsMaintenanceCenter.Tests.SystemActionCatalogTests.An_action_that_changes_system_files_demands_a_backup_and_an_approval" outcome="Passed" testType="13cdc9d9-ddb5-4fa4-a97d-d965ccfc6d4b" testListId="8c84fa94-04c1-424b-9868-57a2d4851a1d" testId="b5310614-9fa6-45d0-a691-c7a89a6f5336" executionId="b5310614-9fa6-45d0-a691-c7a89a6f5336" computerName="runnervmvmocb" duration="00:00:00.0000000" startTime="2026-09-22T07:54:38.8130328+00:00" endTime="2026-09-22T07:54:38.8137061+00:00" /><UnitTestResult testName="WindowsMaintenanceCenter.Tests.SystemActionCatalogTests.A_released_query_is_approved_by_the_registry_without_any_argument" outcome="Passed" testType="13cdc9d9-ddb5-4fa4-a97d-d965ccfc6d4b" testListId="8c84fa94-04c1-424b-9868-57a2d4851a1d" testId="71c99ec1-3cba-4f06-a238-19a71eca8f62" executionId="71c99ec1-3cba-4f06-a238-19a71eca8f62" computerName="runnervmvmocb" duration="00:00:00.0000000" startTime="2026-09-22T07:54:38.8138781+00:00" endTime="2026-09-22T07:54:38.8141605+00:00" /><UnitTestResult testName="WindowsMaintenanceCenter.Tests.SystemActionCatalogTests.Every_action_has_a_unique_identifier_in_the_form_area_dot_name" outcome="Passed" testType="13cdc9d9-ddb5-4fa4-a97d-d965ccfc6d4b" testListId="8c84fa94-04c1-424b-9868-57a2d4851a1d" testId="3ea43949-0716-4531-9e59-9851877aa929" executionId="3ea43949-0716-4531-9e59-9851877aa929" computerName="runnervmvmocb" duration="00:00:00.0010000" startTime="2026-09-22T07:54:38.8143308+00:00" endTime="2026-09-22T07:54:38.8155361+00:00" /><UnitTestResult testName="WindowsMaintenanceCenter.Tests.SystemActionCatalogTests.A_volume_argument_of_the_disk_check_is_validated_before_it_could_be_used" outcome="Passed" testType="13cdc9d9-ddb5-4fa4-a97d-d965ccfc6d4b" testListId="8c84fa94-04c1-424b-9868-57a2d4851a1d" testId="e2de090d-eeaf-4d26-8b0b-c78995a87a2e" executionId="e2de090d-eeaf-4d26-8b0b-c78995a87a2e" computerName="runnervmvmocb" duration="00:00:00.0010000" startTime="2026-09-22T07:54:38.8156921+00:00" endTime="2026-09-22T07:54:38.8169656+00:00" /><UnitTestResult testName="WindowsMaintenanceCenter.Tests.PlatformReaderTests.A_size_is_formatted_with_the_unit_that_fits(bytes: 0, expected: &quot;0 B&quot;)" outcome="Passed" testType="13cdc9d9-ddb5-4fa4-a97d-d965ccfc6d4b" testListId="8c84fa94-04c1-424b-9868-57a2d4851a1d" testId="f1efdc2f-9e19-4127-8f36-11f7d8389786" executionId="f1efdc2f-9e19-4127-8f36-11f7d8389786" computerName="runnervmvmocb" duration="00:00:00.0000000" startTime="2026-09-22T07:54:38.8319555+00:00" endTime="2026-09-22T07:54:38.8325739+00:00" /><UnitTestResult testName="WindowsMaintenanceCenter.Tests.PlatformReaderTests.A_size_is_formatted_with_the_unit_that_fits(bytes: 999, expected: &quot;999 B&quot;)" outcome="Passed" testType="13cdc9d9-ddb5-4fa4-a97d-d965ccfc6d4b" testListId="8c84fa94-04c1-424b-9868-57a2d4851a1d" testId="12509cdf-4438-4113-a994-55d79ea2a933" executionId="12509cdf-4438-4113-a994-55d79ea2a933" computerName="runnervmvmocb" duration="00:00:00.0000000" startTime="2026-09-22T07:54:38.8326690+00:00" endTime="2026-09-22T07:54:38.8331326+00:00" /><UnitTestResult testName="WindowsMaintenanceCenter.Tests.PlatformReaderTests.A_size_is_formatted_with_the_unit_that_fits(bytes: 1536, expected: &quot;1.5 KiB&quot;)" outcome="Passed" testType="13cdc9d9-ddb5-4fa4-a97d-d965ccfc6d4b" testListId="8c84fa94-04c1-424b-9868-57a2d4851a1d" testId="51924cc5-38e8-47b5-9e55-6b0c808bc482" executionId="51924cc5-38e8-47b5-9e55-6b0c808bc482" computerName="runnervmvmocb" duration="00:00:00.0000000" startTime="2026-09-22T07:54:38.8332218+00:00" endTime="2026-09-22T07:54:38.8333017+00:00" /><UnitTestResult testName="WindowsMaintenanceCenter.Tests.PlatformReaderTests.A_size_is_formatted_with_the_unit_that_fits(bytes: 1073741824, expected: &quot;1 GiB&quot;)" outcome="Passed" testType="13cdc9d9-ddb5-4fa4-a97d-d965ccfc6d4b" testListId="8c84fa94-04c1-424b-9868-57a2d4851a1d" testId="37e68c98-460d-407f-b0bd-b4a4cd6b32f8" executionId="37e68c98-460d-407f-b0bd-b4a4cd6b32f8" computerName="runnervmvmocb" duration="00:00:00.0000000" startTime="2026-09-22T07:54:38.8333728+00:00" endTime="2026-09-22T07:54:38.8334592+00:00" /><UnitTestResult testName="WindowsMaintenanceCenter.Tests.SystemActionCatalogTests.Every_action_names_a_program_without_a_path_and_a_timeout" outcome="Passed" testType="13cdc9d9-ddb5-4fa4-a97d-d965ccfc6d4b" testListId="8c84fa94-04c1-424b-9868-57a2d4851a1d" testId="6d714452-ecd9-4745-97b8-e44c2850b7c4" executionId="6d714452-ecd9-4745-97b8-e44c2850b7c4" computerName="runnervmvmocb" duration="00:00:00.0200000" startTime="2026-09-22T07:54:38.8171491+00:00" endTime="2026-09-22T07:54:38.8380278+00:00" /><UnitTestResult testName="WindowsMaintenanceCenter.Tests.SystemActionCatalogTests.The_registry_takes_the_whole_catalogue_and_refuses_the_unreleased_ones" outcome="Passed" testType="13cdc9d9-ddb5-4fa4-a97d-d965ccfc6d4b" testListId="8c84fa94-04c1-424b-9868-57a2d4851a1d" testId="6160bbd4-0c0c-41be-95d0-f5fa737d0043" executionId="6160bbd4-0c0c-41be-95d0-f5fa737d0043" computerName="runnervmvmocb" duration="00:00:00.0000000" startTime="2026-09-22T07:54:38.8383384+00:00" endTime="2026-09-22T07:54:38.8388570+00:00" /><UnitTestResult testName="WindowsMaintenanceCenter.Tests.SystemActionCatalogTests.An_unreleased_action_is_marked_as_such_and_states_its_risk" outcome="Passed" testType="13cdc9d9-ddb5-4fa4-a97d-d965ccfc6d4b" testListId="8c84fa94-04c1-424b-9868-57a2d4851a1d" testId="c0cfb754-659d-43f7-a616-63ea9791e2fa" executionId="c0cfb754-659d-43f7-a616-63ea9791e2fa" computerName="runnervmvmocb" duration="00:00:00.0000000" startTime="2026-09-22T07:54:38.8391695+00:00" endTime="2026-09-22T07:54:38.8399237+00:00" /><UnitTestResult testName="WindowsMaintenanceCenter.Tests.SystemActionCatalogTests.A_released_action_needs_no_administrator_rights_and_changes_nothing" outcome="Passed" testType="13cdc9d9-ddb5-4fa4-a97d-d965ccfc6d4b" testListId="8c84fa94-04c1-424b-9868-57a2d4851a1d" testId="d5b20703-ac1e-4de6-b8d2-1f32e620d072" executionId="d5b20703-ac1e-4de6-b8d2-1f32e620d072" computerName="runnervmvmocb" duration="00:00:00.0000000" startTime="2026-09-22T07:54:38.8401855+00:00" endTime="2026-09-22T07:54:38.8409121+00:00" /><UnitTestResult testName="WindowsMaintenanceCenter.Tests.SystemActionCatalogTests.A_rollback_action_that_is_named_has_to_be_registered_as_well" outcome="Passed" testType="13cdc9d9-ddb5-4fa4-a97d-d965ccfc6d4b" testListId="8c84fa94-04c1-424b-9868-57a2d4851a1d" testId="5c2727cd-702d-4bf3-a3a9-c5e6df0dee91" executionId="5c2727cd-702d-4bf3-a3a9-c5e6df0dee91" computerName="runnervmvmocb" duration="00:00:00.0000000" startTime="2026-09-22T07:54:38.8411871+00:00" endTime="2026-09-22T07:54:38.8418767+00:00" /><UnitTestResult testName="WindowsMaintenanceCenter.Tests.SystemActionCatalogTests.Every_placeholder_in_a_template_belongs_to_a_declared_argument_and_the_other_way_round" outcome="Passed" testType="13cdc9d9-ddb5-4fa4-a97d-d965ccfc6d4b" testListId="8c84fa94-04c1-424b-9868-57a2d4851a1d" testId="517b1b02-5df0-407d-8725-4d4df1363783" executionId="517b1b02-5df0-407d-8725-4d4df1363783" computerName="runnervmvmocb" duration="00:00:00.0070000" startTime="2026-09-22T07:54:38.8421964+00:00" endTime="2026-09-22T07:54:38.8492645+00:00" /><UnitTestResult testName="WindowsMaintenanceCenter.Tests.SimulationFixtureTests.The_fixture_contains_one_device_with_a_problem_code_for_the_diagnostics" outcome="Passed" testType="13cdc9d9-ddb5-4fa4-a97d-d965ccfc6d4b" testListId="8c84fa94-04c1-424b-9868-57a2d4851a1d" testId="7da9fe45-9947-441b-8e45-42aaf1ee33f6" executionId="7da9fe45-9947-441b-8e45-42aaf1ee33f6" computerName="runnervmvmocb" duration="00:00:00.0010000" startTime="2026-09-22T07:54:38.8499257+00:00" endTime="2026-09-22T07:54:38.8510676+00:00" /><UnitTestResult testName="WindowsMaintenanceCenter.Tests.SimulationFixtureTests.Windows_identity_is_present_for_the_windows_checks" outcome="Passed" testType="13cdc9d9-ddb5-4fa4-a97d-d965ccfc6d4b" testListId="8c84fa94-04c1-424b-9868-57a2d4851a1d" testId="15cec442-1680-4161-8a85-b15f63e611a3" executionId="15cec442-1680-4161-8a85-b15f63e611a3" computerName="runnervmvmocb" duration="00:00:00.0000000" startTime="2026-09-22T07:54:38.8512438+00:00" endTime="2026-09-22T07:54:38.8522060+00:00" /><UnitTestResult testName="WindowsMaintenanceCenter.Tests.SimulationFixtureTests.The_provider_declares_itself_as_simulation" outcome="Passed" testType="13cdc9d9-ddb5-4fa4-a97d-d965ccfc6d4b" testListId="8c84fa94-04c1-424b-9868-57a2d4851a1d" testId="29c9c73f-d204-4455-8b00-f0afc096a5c1" executionId="29c9c73f-d204-4455-8b00-f0afc096a5c1" computerName="runnervmvmocb" duration="00:00:00.0000000" startTime="2026-09-22T07:54:38.8523768+00:00" endTime="2026-09-22T07:54:38.8525233+00:00" /><UnitTestResult testName="WindowsMaintenanceCenter.Tests.SimulationFixtureTests.The_board_revision_is_not_claimed_as_verified" outcome="Passed" testType="13cdc9d9-ddb5-4fa4-a97d-d965ccfc6d4b" testListId="8c84fa94-04c1-424b-9868-57a2d4851a1d" testId="f3665bc0-7678-4775-84f2-a2ae58e3e0ff" executionId="f3665bc0-7678-4775-84f2-a2ae58e3e0ff" computerName="runnervmvmocb" duration="00:00:00.0000000" startTime="2026-09-22T07:54:38.8527070+00:00" endTime="2026-09-22T07:54:38.8533494+00:00" /><UnitTestResult testName="WindowsMaintenanceCenter.Tests.SimulationFixtureTests.Every_read_value_carries_an_origin" outcome="Passed" testType="13cdc9d9-ddb5-4fa4-a97d-d965ccfc6d4b" testListId="8c84fa94-04c1-424b-9868-57a2d4851a1d" testId="011a3014-89ac-4e08-93a3-6a59d91bc126" executionId="011a3014-89ac-4e08-93a3-6a59d91bc126" computerName="runnervmvmocb" duration="00:00:00.0010000" startTime="2026-09-22T07:54:38.8535250+00:00" endTime="2026-09-22T07:54:38.8551641+00:00" /><UnitTestResult testName="WindowsMaintenanceCenter.Tests.SimulationFixtureTests.A_value_that_cannot_be_provided_is_unknown_with_a_reason" outcome="Passed" testType="13cdc9d9-ddb5-4fa4-a97d-d965ccfc6d4b" testListId="8c84fa94-04c1-424b-9868-57a2d4851a1d" testId="078ec80e-a42c-4e59-8b66-459fceb0820b" executionId="078ec80e-a42c-4e59-8b66-459fceb0820b" computerName="runnervmvmocb" duration="00:00:00.0000000" startTime="2026-09-22T07:54:38.8553575+00:00" endTime="2026-09-22T07:54:38.8561745+00:00" /><UnitTestResult testName="WindowsMaintenanceCenter.Tests.SimulationFixtureTests.Model_values_are_prefixed_so_they_can_never_be_mistaken_for_a_measurement" outcome="Passed" testType="13cdc9d9-ddb5-4fa4-a97d-d965ccfc6d4b" testListId="8c84fa94-04c1-424b-9868-57a2d4851a1d" testId="86583266-755d-428a-b6c2-7880bc3926ae" executionId="86583266-755d-428a-b6c2-7880bc3926ae" computerName="runnervmvmocb" duration="00:00:00.0010000" startTime="2026-09-22T07:54:38.8563695+00:00" endTime="2026-09-22T07:54:38.8577251+00:00" /><UnitTestResult testName="WindowsMaintenanceCenter.Tests.SimulationFixtureTests.A_desktop_machine_reports_no_battery_instead_of_a_fake_one" outcome="Passed" testType="13cdc9d9-ddb5-4fa4-a97d-d965ccfc6d4b" testListId="8c84fa94-04c1-424b-9868-57a2d4851a1d" testId="be78e584-e0de-4f3e-a5c0-e713d664649c" executionId="be78e584-e0de-4f3e-a5c0-e713d664649c" computerName="runnervmvmocb" duration="00:00:00.0000000" startTime="2026-09-22T07:54:38.8579172+00:00" endTime="2026-09-22T07:54:38.8585519+00:00" /><UnitTestResult testName="WindowsMaintenanceCenter.Tests.SimulationFixtureTests.System_identity_is_marked_as_simulation" outcome="Passed" testType="13cdc9d9-ddb5-4fa4-a97d-d965ccfc6d4b" testListId="8c84fa94-04c1-424b-9868-57a2d4851a1d" testId="f6982522-4c97-412c-9b6a-98be9d9ec2db" executionId="f6982522-4c97-412c-9b6a-98be9d9ec2db" computerName="runnervmvmocb" duration="00:00:00.0000000" startTime="2026-09-22T07:54:38.8587292+00:00" endTime="2026-09-22T07:54:38.8593340+00:00" /><UnitTestResult testName="WindowsMaintenanceCenter.Tests.SimulationFixtureTests.Repeated_reads_return_the_same_values" outcome="Passed" testType="13cdc9d9-ddb5-4fa4-a97d-d965ccfc6d4b" testListId="8c84fa94-04c1-424b-9868-57a2d4851a1d" testId="8bf40bb0-2531-4e2b-ab4c-ddff64c409e1" executionId="8bf40bb0-2531-4e2b-ab4c-ddff64c409e1" computerName="runnervmvmocb" duration="00:00:00.0010000" startTime="2026-09-22T07:54:38.8594985+00:00" endTime="2026-09-22T07:54:38.8605458+00:00" /><UnitTestResult testName="WindowsMaintenanceCenter.Tests.OverallStatusCalculatorTests.Module_without_executed_checks_keeps_the_overall_state_unknown" outcome="Passed" testType="13cdc9d9-ddb5-4fa4-a97d-d965ccfc6d4b" testListId="8c84fa94-04c1-424b-9868-57a2d4851a1d" testId="7212b718-19b0-4e5b-b8bb-61d0725f6a5c" executionId="7212b718-19b0-4e5b-b8bb-61d0725f6a5c" computerName="runnervmvmocb" duration="00:00:00.0000000" startTime="2026-09-22T07:54:38.8610256+00:00" endTime="2026-09-22T07:54:38.8613479+00:00" /><UnitTestResult testName="WindowsMaintenanceCenter.Tests.OverallStatusCalculatorTests.A_warning_problem_results_in_attention" outcome="Passed" testType="13cdc9d9-ddb5-4fa4-a97d-d965ccfc6d4b" testListId="8c84fa94-04c1-424b-9868-57a2d4851a1d" testId="ba06fb5e-47ea-4076-b6b6-73577c43758e" executionId="ba06fb5e-47ea-4076-b6b6-73577c43758e" computerName="runnervmvmocb" duration="00:00:00.0000000" startTime="2026-09-22T07:54:38.8614928+00:00" endTime="2026-09-22T07:54:38.8619839+00:00" /><UnitTestResult testName="WindowsMaintenanceCenter.Tests.OverallStatusCalculatorTests.Skipped_modules_are_reported_but_do_not_fake_a_problem" outcome="Passed" testType="13cdc9d9-ddb5-4fa4-a97d-d965ccfc6d4b" testListId="8c84fa94-04c1-424b-9868-57a2d4851a1d" testId="3980975d-0a3f-429e-9b93-0de3631004c7" executionId="3980975d-0a3f-429e-9b93-0de3631004c7" computerName="runnervmvmocb" duration="00:00:00.0000000" startTime="2026-09-22T07:54:38.8621240+00:00" endTime="2026-09-22T07:54:38.8624946+00:00" /><UnitTestResult testName="WindowsMaintenanceCenter.Tests.OverallStatusCalculatorTests.Severity_mapping_is_stable(severity: Critical, expected: Critical)" outcome="Passed" testType="13cdc9d9-ddb5-4fa4-a97d-d965ccfc6d4b" testListId="8c84fa94-04c1-424b-9868-57a2d4851a1d" testId="aaf64025-d50e-4d83-a182-565b8425a661" executionId="aaf64025-d50e-4d83-a182-565b8425a661" computerName="runnervmvmocb" duration="00:00:00.0000000" startTime="2026-09-22T07:54:38.8633684+00:00" endTime="2026-09-22T07:54:38.8635772+00:00" /><UnitTestResult testName="WindowsMaintenanceCenter.Tests.OverallStatusCalculatorTests.Severity_mapping_is_stable(severity: Error, expected: Warning)" outcome="Passed" testType="13cdc9d9-ddb5-4fa4-a97d-d965ccfc6d4b" testListId="8c84fa94-04c1-424b-9868-57a2d4851a1d" testId="5c36d601-1934-44c7-8043-f1a0609a28ef" executionId="5c36d601-1934-44c7-8043-f1a0609a28ef" computerName="runnervmvmocb" duration="00:00:00.0000000" startTime="2026-09-22T07:54:38.8636045+00:00" endTime="2026-09-22T07:54:38.8638901+00:00" /><UnitTestResult testName="WindowsMaintenanceCenter.Tests.OverallStatusCalculatorTests.Severity_mapping_is_stable(severity: Warning, expected: Attention)" outcome="Passed" testType="13cdc9d9-ddb5-4fa4-a97d-d965ccfc6d4b" testListId="8c84fa94-04c1-424b-9868-57a2d4851a1d" testId="9875c80f-fd4f-4a97-b26f-40b7424d0101" executionId="9875c80f-fd4f-4a97-b26f-40b7424d0101" computerName="runnervmvmocb" duration="00:00:00.0000000" startTime="2026-09-22T07:54:38.8639167+00:00" endTime="2026-09-22T07:54:38.8639563+00:00" /><UnitTestResult testName="WindowsMaintenanceCenter.Tests.OverallStatusCalculatorTests.Severity_mapping_is_stable(severity: Blocked, expected: Attention)" outcome="Passed" testType="13cdc9d9-ddb5-4fa4-a97d-d965ccfc6d4b" testListId="8c84fa94-04c1-424b-9868-57a2d4851a1d" testId="55668ce6-af7a-4d6e-b3d6-fad38d4c8b48" executionId="55668ce6-af7a-4d6e-b3d6-fad38d4c8b48" computerName="runnervmvmocb" duration="00:00:00.0000000" startTime="2026-09-22T07:54:38.8639718+00:00" endTime="2026-09-22T07:54:38.8640040+00:00" /><UnitTestResult testName="WindowsMaintenanceCenter.Tests.OverallStatusCalculatorTests.Severity_mapping_is_stable(severity: Info, expected: Unknown)" outcome="Passed" testType="13cdc9d9-ddb5-4fa4-a97d-d965ccfc6d4b" testListId="8c84fa94-04c1-424b-9868-57a2d4851a1d" testId="1b9cd3cc-efa8-4a98-a48f-ed7ce995588b" executionId="1b9cd3cc-efa8-4a98-a48f-ed7ce995588b" computerName="runnervmvmocb" duration="00:00:00.0000000" startTime="2026-09-22T07:54:38.8640178+00:00" endTime="2026-09-22T07:54:38.8640409+00:00" /><UnitTestResult testName="WindowsMaintenanceCenter.Tests.OverallStatusCalculatorTests.An_error_problem_results_in_warning" outcome="Passed" testType="13cdc9d9-ddb5-4fa4-a97d-d965ccfc6d4b" testListId="8c84fa94-04c1-424b-9868-57a2d4851a1d" testId="8159b4b7-c57d-4ebb-b96b-c0c8306ef9df" executionId="8159b4b7-c57d-4ebb-b96b-c0c8306ef9df" computerName="runnervmvmocb" duration="00:00:00.0000000" startTime="2026-09-22T07:54:38.8641788+00:00" endTime="2026-09-22T07:54:38.8643685+00:00" /><UnitTestResult testName="WindowsMaintenanceCenter.Tests.OverallStatusCalculatorTests.Critical_wins_over_everything_else" outcome="Passed" testType="13cdc9d9-ddb5-4fa4-a97d-d965ccfc6d4b" testListId="8c84fa94-04c1-424b-9868-57a2d4851a1d" testId="ea1515c6-5c8b-4503-9cc9-5b3ab260e587" executionId="ea1515c6-5c8b-4503-9cc9-5b3ab260e587" computerName="runnervmvmocb" duration="00:00:00.0000000" startTime="2026-09-22T07:54:38.8645156+00:00" endTime="2026-09-22T07:54:38.8646809+00:00" /><UnitTestResult testName="WindowsMaintenanceCenter.Tests.PlatformReaderTests.All_readable_profiles_enabled_is_the_healthy_state" outcome="Passed" testType="13cdc9d9-ddb5-4fa4-a97d-d965ccfc6d4b" testListId="8c84fa94-04c1-424b-9868-57a2d4851a1d" testId="fae4ec75-375a-422c-a871-673f1da715c5" executionId="fae4ec75-375a-422c-a871-673f1da715c5" computerName="runnervmvmocb" duration="00:00:00.0350000" startTime="2026-09-22T07:54:38.8337546+00:00" endTime="2026-09-22T07:54:38.8696472+00:00" /><UnitTestResult testName="WindowsMaintenanceCenter.Tests.PlatformReaderTests.An_unreadable_firewall_provider_is_reported_as_unreadable" outcome="Passed" testType="13cdc9d9-ddb5-4fa4-a97d-d965ccfc6d4b" testListId="8c84fa94-04c1-424b-9868-57a2d4851a1d" testId="fd8504f5-36d7-4de9-b665-40ea5705b0e1" executionId="fd8504f5-36d7-4de9-b665-40ea5705b0e1" computerName="runnervmvmocb" duration="00:00:00.0000000" startTime="2026-09-22T07:54:38.8699534+00:00" endTime="2026-09-22T07:54:38.8702004+00:00" /><UnitTestResult testName="WindowsMaintenanceCenter.Tests.PlatformReaderTests.The_verdict_follows_the_reported_state(enabled: False, activated: null, expected: Disabled)" outcome="Passed" testType="13cdc9d9-ddb5-4fa4-a97d-d965ccfc6d4b" testListId="8c84fa94-04c1-424b-9868-57a2d4851a1d" testId="3f0923e1-3e46-4835-a220-ecc03ed7fff5" executionId="3f0923e1-3e46-4835-a220-ecc03ed7fff5" computerName="runnervmvmocb" duration="00:00:00.0030000" startTime="2026-09-22T07:54:38.8708757+00:00" endTime="2026-09-22T07:54:38.8741012+00:00" /><UnitTestResult testName="WindowsMaintenanceCenter.Tests.PlatformReaderTests.The_verdict_follows_the_reported_state(enabled: True, activated: False, expected: EnabledNotActivated)" outcome="Passed" testType="13cdc9d9-ddb5-4fa4-a97d-d965ccfc6d4b" testListId="8c84fa94-04c1-424b-9868-57a2d4851a1d" testId="752732d7-b439-4495-bbb0-bfa5c3fcdaae" executionId="752732d7-b439-4495-bbb0-bfa5c3fcdaae" computerName="runnervmvmocb" duration="00:00:00.0000000" startTime="2026-09-22T07:54:38.8742003+00:00" endTime="2026-09-22T07:54:38.8746188+00:00" /><UnitTestResult testName="WindowsMaintenanceCenter.Tests.PlatformReaderTests.The_verdict_follows_the_reported_state(enabled: True, activated: True, expected: Ready)" outcome="Passed" testType="13cdc9d9-ddb5-4fa4-a97d-d965ccfc6d4b" testListId="8c84fa94-04c1-424b-9868-57a2d4851a1d" testId="4f9d829a-23be-42c1-a6ee-2b0571243f20" executionId="4f9d829a-23be-42c1-a6ee-2b0571243f20" computerName="runnervmvmocb" duration="00:00:00.0000000" startTime="2026-09-22T07:54:38.8746996+00:00" endTime="2026-09-22T07:54:38.8747760+00:00" /><UnitTestResult testName="WindowsMaintenanceCenter.Tests.PlatformReaderTests.A_size_that_was_not_measured_uses_the_text_of_the_caller" outcome="Passed" testType="13cdc9d9-ddb5-4fa4-a97d-d965ccfc6d4b" testListId="8c84fa94-04c1-424b-9868-57a2d4851a1d" testId="fb995011-4b58-46b7-898a-c256e5c7243b" executionId="fb995011-4b58-46b7-898a-c256e5c7243b" computerName="runnervmvmocb" duration="00:00:00.0000000" startTime="2026-09-22T07:54:38.8750369+00:00" endTime="2026-09-22T07:54:38.8753592+00:00" /><UnitTestResult testName="WindowsMaintenanceCenter.Tests.PlatformReaderTests.An_empty_profile_list_is_unreadable_and_not_healthy" outcome="Passed" testType="13cdc9d9-ddb5-4fa4-a97d-d965ccfc6d4b" testListId="8c84fa94-04c1-424b-9868-57a2d4851a1d" testId="0a4d6172-c822-46ff-8a7b-23d8cfaf5e30" executionId="0a4d6172-c822-46ff-8a7b-23d8cfaf5e30" computerName="runnervmvmocb" duration="00:00:00.0000000" startTime="2026-09-22T07:54:38.8756862+00:00" endTime="2026-09-22T07:54:38.8758686+00:00" /><UnitTestResult testName="WindowsMaintenanceCenter.Tests.PlatformReaderTests.A_partially_reported_state_stays_unknown(enabled: null, activated: True)" outcome="Passed" testType="13cdc9d9-ddb5-4fa4-a97d-d965ccfc6d4b" testListId="8c84fa94-04c1-424b-9868-57a2d4851a1d" testId="8c7d7e78-885d-4c45-bb7f-400489467b80" executionId="8c7d7e78-885d-4c45-bb7f-400489467b80" computerName="runnervmvmocb" duration="00:00:00.0000000" startTime="2026-09-22T07:54:38.8762635+00:00" endTime="2026-09-22T07:54:38.8764644+00:00" /><UnitTestResult testName="WindowsMaintenanceCenter.Tests.PlatformReaderTests.A_partially_reported_state_stays_unknown(enabled: True, activated: null)" outcome="Passed" testType="13cdc9d9-ddb5-4fa4-a97d-d965ccfc6d4b" testListId="8c84fa94-04c1-424b-9868-57a2d4851a1d" testId="23b8b0a2-6725-4d7e-a95a-c0fb6a374333" executionId="23b8b0a2-6725-4d7e-a95a-c0fb6a374333" computerName="runnervmvmocb" duration="00:00:00.0000000" startTime="2026-09-22T07:54:38.8765452+00:00" endTime="2026-09-22T07:54:38.8768278+00:00" /><UnitTestResult testName="WindowsMaintenanceCenter.Tests.PlatformReaderTests.A_machine_without_a_tpm_instance_is_reported_as_not_present" outcome="Passed" testType="13cdc9d9-ddb5-4fa4-a97d-d965ccfc6d4b" testListId="8c84fa94-04c1-424b-9868-57a2d4851a1d" testId="d5d360a7-5fef-4735-b5e4-4a4c2392c09f" executionId="d5d360a7-5fef-4735-b5e4-4a4c2392c09f" computerName="runnervmvmocb" duration="00:00:00.0000000" startTime="2026-09-22T07:54:38.8771040+00:00" endTime="2026-09-22T07:54:38.8773312+00:00" /><UnitTestResult testName="WindowsMaintenanceCenter.Tests.PlatformReaderTests.A_disabled_profile_is_a_finding_even_when_another_state_was_not_reported" outcome="Passed" testType="13cdc9d9-ddb5-4fa4-a97d-d965ccfc6d4b" testListId="8c84fa94-04c1-424b-9868-57a2d4851a1d" testId="6b58bd71-01ea-4c96-834d-b7ac8078fa69" executionId="6b58bd71-01ea-4c96-834d-b7ac8078fa69" computerName="runnervmvmocb" duration="00:00:00.0010000" startTime="2026-09-22T07:54:38.8776262+00:00" endTime="2026-09-22T07:54:38.8789386+00:00" /><UnitTestResult testName="WindowsMaintenanceCenter.Tests.PlatformReaderTests.The_reader_only_reads_the_documented_win32_tpm_class" outcome="Passed" testType="13cdc9d9-ddb5-4fa4-a97d-d965ccfc6d4b" testListId="8c84fa94-04c1-424b-9868-57a2d4851a1d" testId="e04ab2d8-8c8d-4d86-a428-b240d8a0fdbc" executionId="e04ab2d8-8c8d-4d86-a428-b240d8a0fdbc" computerName="runnervmvmocb" duration="00:00:00.0000000" startTime="2026-09-22T07:54:38.8792394+00:00" endTime="2026-09-22T07:54:38.8793934+00:00" /><UnitTestResult testName="WindowsMaintenanceCenter.Tests.PlatformReaderTests.A_signed_size_is_formatted_the_same_way_and_a_negative_one_is_not_a_size" outcome="Passed" testType="13cdc9d9-ddb5-4fa4-a97d-d965ccfc6d4b" testListId="8c84fa94-04c1-424b-9868-57a2d4851a1d" testId="8be03f16-b54e-4f4b-8d68-ba3758c35245" executionId="8be03f16-b54e-4f4b-8d68-ba3758c35245" computerName="runnervmvmocb" duration="00:00:00.0000000" startTime="2026-09-22T07:54:38.8796673+00:00" endTime="2026-09-22T07:54:38.8804676+00:00" /><UnitTestResult testName="WindowsMaintenanceCenter.Tests.PlatformReaderTests.An_unreadable_tpm_is_unknown_and_never_disabled" outcome="Passed" testType="13cdc9d9-ddb5-4fa4-a97d-d965ccfc6d4b" testListId="8c84fa94-04c1-424b-9868-57a2d4851a1d" testId="004f482a-b258-4911-a773-5870849889f0" executionId="004f482a-b258-4911-a773-5870849889f0" computerName="runnervmvmocb" duration="00:00:00.0000000" startTime="2026-09-22T07:54:38.8807565+00:00" endTime="2026-09-22T07:54:38.8810003+00:00" /><UnitTestResult testName="WindowsMaintenanceCenter.Tests.PlatformReaderTests.The_specification_generation_is_taken_from_the_reported_version(reported: &quot;2.0, 0, 1.16&quot;, expected: &quot;2.0&quot;)" outcome="Passed" testType="13cdc9d9-ddb5-4fa4-a97d-d965ccfc6d4b" testListId="8c84fa94-04c1-424b-9868-57a2d4851a1d" testId="7e84be71-455c-41ce-bf76-dafc8d99230f" executionId="7e84be71-455c-41ce-bf76-dafc8d99230f" computerName="runnervmvmocb" duration="00:00:00.0000000" startTime="2026-09-22T07:54:38.8815031+00:00" endTime="2026-09-22T07:54:38.8818046+00:00" /><UnitTestResult testName="WindowsMaintenanceCenter.Tests.PlatformReaderTests.The_specification_generation_is_taken_from_the_reported_version(reported: &quot;1.2, 2, 0&quot;, expected: &quot;1.2&quot;)" outcome="Passed" testType="13cdc9d9-ddb5-4fa4-a97d-d965ccfc6d4b" testListId="8c84fa94-04c1-424b-9868-57a2d4851a1d" testId="c6c6d9b2-82f6-44e7-b733-e35224c8db95" executionId="c6c6d9b2-82f6-44e7-b733-e35224c8db95" computerName="runnervmvmocb" duration="00:00:00.0000000" startTime="2026-09-22T07:54:38.8818843+00:00" endTime="2026-09-22T07:54:38.8821256+00:00" /><UnitTestResult testName="WindowsMaintenanceCenter.Tests.PlatformReaderTests.The_specification_generation_is_taken_from_the_reported_version(reported: &quot;  2.0  &quot;, expected: &quot;2.0&quot;)" outcome="Passed" testType="13cdc9d9-ddb5-4fa4-a97d-d965ccfc6d4b" testListId="8c84fa94-04c1-424b-9868-57a2d4851a1d" testId="147e3f08-5efa-49a1-8271-54ea6df104a7" executionId="147e3f08-5efa-49a1-8271-54ea6df104a7" computerName="runnervmvmocb" duration="00:00:00.0000000" startTime="2026-09-22T07:54:38.8822047+00:00" endTime="2026-09-22T07:54:38.8822851+00:00" /><UnitTestResult testName="WindowsMaintenanceCenter.Tests.PlatformReaderTests.The_specification_generation_is_taken_from_the_reported_version(reported: &quot;&quot;, expected: null)" outcome="Passed" testType="13cdc9d9-ddb5-4fa4-a97d-d965ccfc6d4b" testListId="8c84fa94-04c1-424b-9868-57a2d4851a1d" testId="7f38049d-9d45-4d75-8bd0-e7f903815075" executionId="7f38049d-9d45-4d75-8bd0-e7f903815075" computerName="runnervmvmocb" duration="00:00:00.0000000" startTime="2026-09-22T07:54:38.8823387+00:00" endTime="2026-09-22T07:54:38.8824079+00:00" /><UnitTestResult testName="WindowsMaintenanceCenter.Tests.PlatformReaderTests.The_specification_generation_is_taken_from_the_reported_version(reported: null, expected: null)" outcome="Passed" testType="13cdc9d9-ddb5-4fa4-a97d-d965ccfc6d4b" testListId="8c84fa94-04c1-424b-9868-57a2d4851a1d" testId="8adc671d-ef66-4f83-8f4d-32bbd770ab73" executionId="8adc671d-ef66-4f83-8f4d-32bbd770ab73" computerName="runnervmvmocb" duration="00:00:00.0000000" startTime="2026-09-22T07:54:38.8824619+00:00" endTime="2026-09-22T07:54:38.8825330+00:00" /><UnitTestResult testName="WindowsMaintenanceCenter.Tests.PathGuardTests.Path_outside_the_allow_list_is_refused" outcome="Passed" testType="13cdc9d9-ddb5-4fa4-a97d-d965ccfc6d4b" testListId="8c84fa94-04c1-424b-9868-57a2d4851a1d" testId="707f8366-d80c-4675-a01e-783e9cbe396e" executionId="707f8366-d80c-4675-a01e-783e9cbe396e" computerName="runnervmvmocb" duration="00:00:00.0190000" startTime="2026-09-22T07:54:38.8652523+00:00" endTime="2026-09-22T07:54:38.8845900+00:00" /><UnitTestResult testName="WindowsMaintenanceCenter.Tests.PathGuardTests.Missing_allow_list_refuses_everything" outcome="Passed" testType="13cdc9d9-ddb5-4fa4-a97d-d965ccfc6d4b" testListId="8c84fa94-04c1-424b-9868-57a2d4851a1d" testId="2002339d-db97-45c3-83de-81a2695452dc" executionId="2002339d-db97-45c3-83de-81a2695452dc" computerName="runnervmvmocb" duration="00:00:00.0000000" startTime="2026-09-22T07:54:38.8848204+00:00" endTime="2026-09-22T07:54:38.8851539+00:00" /><UnitTestResult testName="WindowsMaintenanceCenter.Tests.PathGuardTests.Invalid_allow_list_entries_are_ignored_and_documented" outcome="Passed" testType="13cdc9d9-ddb5-4fa4-a97d-d965ccfc6d4b" testListId="8c84fa94-04c1-424b-9868-57a2d4851a1d" testId="e72ecf08-de81-450c-a8a4-30b10459a37c" executionId="e72ecf08-de81-450c-a8a4-30b10459a37c" computerName="runnervmvmocb" duration="00:00:00.0080000" startTime="2026-09-22T07:54:38.8854797+00:00" endTime="2026-09-22T07:54:38.8938154+00:00" /><UnitTestResult testName="WindowsMaintenanceCenter.Tests.PathGuardTests.The_allow_list_root_itself_is_never_deleted" outcome="Passed" testType="13cdc9d9-ddb5-4fa4-a97d-d965ccfc6d4b" testListId="8c84fa94-04c1-424b-9868-57a2d4851a1d" testId="1b18e502-5649-4dd7-aaf8-9a1d410ed0bf" executionId="1b18e502-5649-4dd7-aaf8-9a1d410ed0bf" computerName="runnervmvmocb" duration="00:00:00.0000000" startTime="2026-09-22T07:54:38.8941548+00:00" endTime="2026-09-22T07:54:38.8943721+00:00" /><UnitTestResult testName="WindowsMaintenanceCenter.Tests.PathGuardTests.An_ordinary_path_has_no_ambiguous_segment" outcome="Passed" testType="13cdc9d9-ddb5-4fa4-a97d-d965ccfc6d4b" testListId="8c84fa94-04c1-424b-9868-57a2d4851a1d" testId="b767d0d0-0e51-4a5a-aec0-4137662061e8" executionId="b767d0d0-0e51-4a5a-aec0-4137662061e8" computerName="runnervmvmocb" duration="00:00:00.0000000" startTime="2026-09-22T07:54:38.8946492+00:00" endTime="2026-09-22T07:54:38.8948545+00:00" /><UnitTestResult testName="WindowsMaintenanceCenter.Tests.PathGuardTests.A_segment_that_ends_with_a_dot_or_a_space_is_refused(segment: &quot;file.tmp &quot;)" outcome="Passed" testType="13cdc9d9-ddb5-4fa4-a97d-d965ccfc6d4b" testListId="8c84fa94-04c1-424b-9868-57a2d4851a1d" testId="b66b9dbe-6494-47e3-91d1-5f8f4810666e" executionId="b66b9dbe-6494-47e3-91d1-5f8f4810666e" computerName="runnervmvmocb" duration="00:00:00.0000000" startTime="2026-09-22T07:54:38.8952323+00:00" endTime="2026-09-22T07:54:38.8954645+00:00" /><UnitTestResult testName="WindowsMaintenanceCenter.Tests.PathGuardTests.A_segment_that_ends_with_a_dot_or_a_space_is_refused(segment: &quot;cache.&quot;)" outcome="Passed" testType="13cdc9d9-ddb5-4fa4-a97d-d965ccfc6d4b" testListId="8c84fa94-04c1-424b-9868-57a2d4851a1d" testId="fed5e2b0-5ce1-4583-82eb-1130e4b122e1" executionId="fed5e2b0-5ce1-4583-82eb-1130e4b122e1" computerName="runnervmvmocb" duration="00:00:00.0000000" startTime="2026-09-22T07:54:38.8955458+00:00" endTime="2026-09-22T07:54:38.8957708+00:00" /><UnitTestResult testName="WindowsMaintenanceCenter.Tests.PathGuardTests.A_location_that_resolves_outside_the_allow_list_is_refused" outcome="Passed" testType="13cdc9d9-ddb5-4fa4-a97d-d965ccfc6d4b" testListId="8c84fa94-04c1-424b-9868-57a2d4851a1d" testId="bd451000-ce28-4f06-a1e6-7584f63d28a9" executionId="bd451000-ce28-4f06-a1e6-7584f63d28a9" computerName="runnervmvmocb" duration="00:00:00.0000000" startTime="2026-09-22T07:54:38.8960289+00:00" endTime="2026-09-22T07:54:38.8966292+00:00" /><UnitTestResult testName="WindowsMaintenanceCenter.Tests.PathGuardTests.Path_inside_the_allow_list_is_allowed" outcome="Passed" testType="13cdc9d9-ddb5-4fa4-a97d-d965ccfc6d4b" testListId="8c84fa94-04c1-424b-9868-57a2d4851a1d" testId="6a4fbdf9-ecc3-4813-8350-b753b41b6942" executionId="6a4fbdf9-ecc3-4813-8350-b753b41b6942" computerName="runnervmvmocb" duration="00:00:00.0000000" startTime="2026-09-22T07:54:38.8969003+00:00" endTime="2026-09-22T07:54:38.8978639+00:00" /><UnitTestResult testName="WindowsMaintenanceCenter.Tests.PathGuardTests.Empty_path_is_refused" outcome="Passed" testType="13cdc9d9-ddb5-4fa4-a97d-d965ccfc6d4b" testListId="8c84fa94-04c1-424b-9868-57a2d4851a1d" testId="aab677a9-c8f5-4d88-a9f9-60e6e6d4aa08" executionId="aab677a9-c8f5-4d88-a9f9-60e6e6d4aa08" computerName="runnervmvmocb" duration="00:00:00.0000000" startTime="2026-09-22T07:54:38.8981411+00:00" endTime="2026-09-22T07:54:38.8983332+00:00" /><UnitTestResult testName="WindowsMaintenanceCenter.Tests.PathGuardTests.IsStrictlyInside_never_treats_a_prefix_as_containment(root: &quot;/tmp/root&quot;, candidate: &quot;/tmp/root&quot;, expected: False)" outcome="Passed" testType="13cdc9d9-ddb5-4fa4-a97d-d965ccfc6d4b" testListId="8c84fa94-04c1-424b-9868-57a2d4851a1d" testId="95aedec7-4a32-4277-a427-bb71f0574f33" executionId="95aedec7-4a32-4277-a427-bb71f0574f33" computerName="runnervmvmocb" duration="00:00:00.0020000" startTime="2026-09-22T07:54:38.8987683+00:00" endTime="2026-09-22T07:54:38.9016700+00:00" /><UnitTestResult testName="WindowsMaintenanceCenter.Tests.PathGuardTests.IsStrictlyInside_never_treats_a_prefix_as_containment(root: &quot;/tmp/root&quot;, candidate: &quot;/tmp/root/sub&quot;, expected: True)" outcome="Passed" testType="13cdc9d9-ddb5-4fa4-a97d-d965ccfc6d4b" testListId="8c84fa94-04c1-424b-9868-57a2d4851a1d" testId="6d215a6a-be39-4918-a94b-05d06b9736c9" executionId="6d215a6a-be39-4918-a94b-05d06b9736c9" computerName="runnervmvmocb" duration="00:00:00.0000000" startTime="2026-09-22T07:54:38.9017729+00:00" endTime="2026-09-22T07:54:38.9021164+00:00" /><UnitTestResult testName="WindowsMaintenanceCenter.Tests.PathGuardTests.IsStrictlyInside_never_treats_a_prefix_as_containment(root: &quot;/tmp/root&quot;, candidate: &quot;/tmp/rootsub&quot;, expected: False)" outcome="Passed" testType="13cdc9d9-ddb5-4fa4-a97d-d965ccfc6d4b" testListId="8c84fa94-04c1-424b-9868-57a2d4851a1d" testId="7c29086d-54dc-4ae9-8b02-45bd9532fd16" executionId="7c29086d-54dc-4ae9-8b02-45bd9532fd16" computerName="runnervmvmocb" duration="00:00:00.0000000" startTime="2026-09-22T07:54:38.9021972+00:00" endTime="2026-09-22T07:54:38.9022752+00:00" /><UnitTestResult testName="WindowsMaintenanceCenter.Tests.PathGuardTests.Drive_root_is_refused" outcome="Passed" testType="13cdc9d9-ddb5-4fa4-a97d-d965ccfc6d4b" testListId="8c84fa94-04c1-424b-9868-57a2d4851a1d" testId="fa63b624-4657-406e-9429-b012da206752" executionId="fa63b624-4657-406e-9429-b012da206752" computerName="runnervmvmocb" duration="00:00:00.0000000" startTime="2026-09-22T07:54:38.9025387+00:00" endTime="2026-09-22T07:54:38.9030466+00:00" /><UnitTestResult testName="WindowsMaintenanceCenter.Tests.PathGuardTests.A_location_that_still_resolves_inside_the_root_is_allowed" outcome="Passed" testType="13cdc9d9-ddb5-4fa4-a97d-d965ccfc6d4b" testListId="8c84fa94-04c1-424b-9868-57a2d4851a1d" testId="a1f12794-c35f-491f-883a-49a29ed78845" executionId="a1f12794-c35f-491f-883a-49a29ed78845" computerName="runnervmvmocb" duration="00:00:00.0000000" startTime="2026-09-22T07:54:38.9033697+00:00" endTime="2026-09-22T07:54:38.9037987+00:00" /><UnitTestResult testName="WindowsMaintenanceCenter.Tests.PnpClassMapTests.The_case_of_the_class_does_not_matter" outcome="Passed" testType="13cdc9d9-ddb5-4fa4-a97d-d965ccfc6d4b" testListId="8c84fa94-04c1-424b-9868-57a2d4851a1d" testId="cc110e86-cfa3-4224-96ed-179dbf41a93f" executionId="cc110e86-cfa3-4224-96ed-179dbf41a93f" computerName="runnervmvmocb" duration="00:00:00.0050000" startTime="2026-09-22T07:54:38.9045627+00:00" endTime="2026-09-22T07:54:38.9098083+00:00" /><UnitTestResult testName="WindowsMaintenanceCenter.Tests.PnpClassMapTests.A_missing_class_is_unknown_and_not_a_guess(pnpClass: null)" outcome="Passed" testType="13cdc9d9-ddb5-4fa4-a97d-d965ccfc6d4b" testListId="8c84fa94-04c1-424b-9868-57a2d4851a1d" testId="05119194-310f-49db-8378-4de79b8e212c" executionId="05119194-310f-49db-8378-4de79b8e212c" computerName="runnervmvmocb" duration="00:00:00.0000000" startTime="2026-09-22T07:54:38.9102923+00:00" endTime="2026-09-22T07:54:38.9106766+00:00" /><UnitTestResult testName="WindowsMaintenanceCenter.Tests.PnpClassMapTests.A_missing_class_is_unknown_and_not_a_guess(pnpClass: &quot;&quot;)" outcome="Passed" testType="13cdc9d9-ddb5-4fa4-a97d-d965ccfc6d4b" testListId="8c84fa94-04c1-424b-9868-57a2d4851a1d" testId="3a5baf9b-fc1d-4657-a1a6-0150ad7a4eaa" executionId="3a5baf9b-fc1d-4657-a1a6-0150ad7a4eaa" computerName="runnervmvmocb" duration="00:00:00.0000000" startTime="2026-09-22T07:54:38.9107563+00:00" endTime="2026-09-22T07:54:38.9109544+00:00" /><UnitTestResult testName="WindowsMaintenanceCenter.Tests.PnpClassMapTests.A_missing_class_is_unknown_and_not_a_guess(pnpClass: &quot;   &quot;)" outcome="Passed" testType="13cdc9d9-ddb5-4fa4-a97d-d965ccfc6d4b" testListId="8c84fa94-04c1-424b-9868-57a2d4851a1d" testId="d3bdc454-25b7-4ed5-8a3b-6f665cd88004" executionId="d3bdc454-25b7-4ed5-8a3b-6f665cd88004" computerName="runnervmvmocb" duration="00:00:00.0000000" startTime="2026-09-22T07:54:38.9110421+00:00" endTime="2026-09-22T07:54:38.9111230+00:00" /><UnitTestResult testName="WindowsMaintenanceCenter.Tests.PnpClassMapTests.An_unlisted_class_is_never_reported_as_a_bus(pnpClass: &quot;HIDClass&quot;)" outcome="Passed" testType="13cdc9d9-ddb5-4fa4-a97d-d965ccfc6d4b" testListId="8c84fa94-04c1-424b-9868-57a2d4851a1d" testId="82de51c4-ed3a-40bc-a695-3c61f5f5a04d" executionId="82de51c4-ed3a-40bc-a695-3c61f5f5a04d" computerName="runnervmvmocb" duration="00:00:00.0000000" startTime="2026-09-22T07:54:38.9116085+00:00" endTime="2026-09-22T07:54:38.9126313+00:00" /><UnitTestResult testName="WindowsMaintenanceCenter.Tests.PnpClassMapTests.An_unlisted_class_is_never_reported_as_a_bus(pnpClass: &quot;Mouse&quot;)" outcome="Passed" testType="13cdc9d9-ddb5-4fa4-a97d-d965ccfc6d4b" testListId="8c84fa94-04c1-424b-9868-57a2d4851a1d" testId="97b23750-3e18-4dc4-8e34-105bf0cb7280" executionId="97b23750-3e18-4dc4-8e34-105bf0cb7280" computerName="runnervmvmocb" duration="00:00:00.0000000" startTime="2026-09-22T07:54:38.9127122+00:00" endTime="2026-09-22T07:54:38.9129254+00:00" /><UnitTestResult testName="WindowsMaintenanceCenter.Tests.PnpClassMapTests.An_unlisted_class_is_never_reported_as_a_bus(pnpClass: &quot;Camera&quot;)" outcome="Passed" testType="13cdc9d9-ddb5-4fa4-a97d-d965ccfc6d4b" testListId="8c84fa94-04c1-424b-9868-57a2d4851a1d" testId="6dfea6bf-db5f-4776-be72-1ac4d3305cfd" executionId="6dfea6bf-db5f-4776-be72-1ac4d3305cfd" computerName="runnervmvmocb" duration="00:00:00.0000000" startTime="2026-09-22T07:54:38.9130073+00:00" endTime="2026-09-22T07:54:38.9130860+00:00" /><UnitTestResult testName="WindowsMaintenanceCenter.Tests.PnpClassMapTests.An_unlisted_class_is_never_reported_as_a_bus(pnpClass: &quot;SmartCardReader&quot;)" outcome="Passed" testType="13cdc9d9-ddb5-4fa4-a97d-d965ccfc6d4b" testListId="8c84fa94-04c1-424b-9868-57a2d4851a1d" testId="1bc2ea3a-9282-49bc-b5f1-63ffb21c07c4" executionId="1bc2ea3a-9282-49bc-b5f1-63ffb21c07c4" computerName="runnervmvmocb" duration="00:00:00.0000000" startTime="2026-09-22T07:54:38.9131556+00:00" endTime="2026-09-22T07:54:38.9132379+00:00" /><UnitTestResult testName="WindowsMaintenanceCenter.Tests.PnpClassMapTests.An_unlisted_class_is_never_reported_as_a_bus(pnpClass: &quot;SomethingNewFromAFutureWindows&quot;)" outcome="Passed" testType="13cdc9d9-ddb5-4fa4-a97d-d965ccfc6d4b" testListId="8c84fa94-04c1-424b-9868-57a2d4851a1d" testId="a9897ef3-976f-4c6e-bf8d-e02fa6cec34f" executionId="a9897ef3-976f-4c6e-bf8d-e02fa6cec34f" computerName="runnervmvmocb" duration="00:00:00.0000000" startTime="2026-09-22T07:54:38.9133013+00:00" endTime="2026-09-22T07:54:38.9134263+00:00" /><UnitTestResult testName="WindowsMaintenanceCenter.Tests.PnpClassMapTests.A_documented_setup_class_keeps_its_category(pnpClass: &quot;Processor&quot;, expected: Cpu)" outcome="Passed" testType="13cdc9d9-ddb5-4fa4-a97d-d965ccfc6d4b" testListId="8c84fa94-04c1-424b-9868-57a2d4851a1d" testId="42ba8561-051f-4ee3-b992-58000251eba3" executionId="42ba8561-051f-4ee3-b992-58000251eba3" computerName="runnervmvmocb" duration="00:00:00.0000000" startTime="2026-09-22T07:54:38.9151542+00:00" endTime="2026-09-22T07:54:38.9153290+00:00" /><UnitTestResult testName="WindowsMaintenanceCenter.Tests.PnpClassMapTests.A_documented_setup_class_keeps_its_category(pnpClass: &quot;Display&quot;, expected: Graphics)" outcome="Passed" testType="13cdc9d9-ddb5-4fa4-a97d-d965ccfc6d4b" testListId="8c84fa94-04c1-424b-9868-57a2d4851a1d" testId="5d8f2d3e-acd7-47ea-b75c-e87e913049ab" executionId="5d8f2d3e-acd7-47ea-b75c-e87e913049ab" computerName="runnervmvmocb" duration="00:00:00.0000000" startTime="2026-09-22T07:54:38.9154092+00:00" endTime="2026-09-22T07:54:38.9156895+00:00" /><UnitTestResult testName="WindowsMaintenanceCenter.Tests.PnpClassMapTests.A_documented_setup_class_keeps_its_category(pnpClass: &quot;Net&quot;, expected: Network)" outcome="Passed" testType="13cdc9d9-ddb5-4fa4-a97d-d965ccfc6d4b" testListId="8c84fa94-04c1-424b-9868-57a2d4851a1d" testId="c8981fee-aa00-4366-aee0-7a0ebf55fa63" executionId="c8981fee-aa00-4366-aee0-7a0ebf55fa63" computerName="runnervmvmocb" duration="00:00:00.0000000" startTime="2026-09-22T07:54:38.9157639+00:00" endTime="2026-09-22T07:54:38.9158418+00:00" /><UnitTestResult testName="WindowsMaintenanceCenter.Tests.PnpClassMapTests.A_documented_setup_class_keeps_its_category(pnpClass: &quot;Media&quot;, expected: Audio)" outcome="Passed" testType="13cdc9d9-ddb5-4fa4-a97d-d965ccfc6d4b" testListId="8c84fa94-04c1-424b-9868-57a2d4851a1d" testId="be40b3be-566a-4a12-a0b7-d11bad8b3036" executionId="be40b3be-566a-4a12-a0b7-d11bad8b3036" computerName="runnervmvmocb" duration="00:00:00.0000000" startTime="2026-09-22T07:54:38.9159064+00:00" endTime="2026-09-22T07:54:38.9159806+00:00" /><UnitTestResult testName="WindowsMaintenanceCenter.Tests.PnpClassMapTests.A_documented_setup_class_keeps_its_category(pnpClass: &quot;Monitor&quot;, expected: Monitor)" outcome="Passed" testType="13cdc9d9-ddb5-4fa4-a97d-d965ccfc6d4b" testListId="8c84fa94-04c1-424b-9868-57a2d4851a1d" testId="5f871e95-699e-4fff-860e-00c4de4a27d2" executionId="5f871e95-699e-4fff-860e-00c4de4a27d2" computerName="runnervmvmocb" duration="00:00:00.0000000" startTime="2026-09-22T07:54:38.9160436+00:00" endTime="2026-09-22T07:54:38.9161216+00:00" /><UnitTestResult testName="WindowsMaintenanceCenter.Tests.PnpClassMapTests.A_documented_setup_class_keeps_its_category(pnpClass: &quot;Printer&quot;, expected: Printer)" outcome="Passed" testType="13cdc9d9-ddb5-4fa4-a97d-d965ccfc6d4b" testListId="8c84fa94-04c1-424b-9868-57a2d4851a1d" testId="a7a5c841-6231-4b76-b663-4be9eb7d7f21" executionId="a7a5c841-6231-4b76-b663-4be9eb7d7f21" computerName="runnervmvmocb" duration="00:00:00.0000000" startTime="2026-09-22T07:54:38.9161864+00:00" endTime="2026-09-22T07:54:38.9162663+00:00" /><UnitTestResult testName="WindowsMaintenanceCenter.Tests.PnpClassMapTests.A_documented_setup_class_keeps_its_category(pnpClass: &quot;Battery&quot;, expected: Battery)" outcome="Passed" testType="13cdc9d9-ddb5-4fa4-a97d-d965ccfc6d4b" testListId="8c84fa94-04c1-424b-9868-57a2d4851a1d" testId="be0f460c-06ad-4167-afe4-ecdd90532fb9" executionId="be0f460c-06ad-4167-afe4-ecdd90532fb9" computerName="runnervmvmocb" duration="00:00:00.0000000" startTime="2026-09-22T07:54:38.9163373+00:00" endTime="2026-09-22T07:54:38.9164149+00:00" /><UnitTestResult testName="WindowsMaintenanceCenter.Tests.PnpClassMapTests.A_documented_setup_class_keeps_its_category(pnpClass: &quot;HDC&quot;, expected: Storage)" outcome="Passed" testType="13cdc9d9-ddb5-4fa4-a97d-d965ccfc6d4b" testListId="8c84fa94-04c1-424b-9868-57a2d4851a1d" testId="8911eddd-223f-4e05-806c-b04cdddb04ba" executionId="8911eddd-223f-4e05-806c-b04cdddb04ba" computerName="runnervmvmocb" duration="00:00:00.0000000" startTime="2026-09-22T07:54:38.9164863+00:00" endTime="2026-09-22T07:54:38.9165644+00:00" /><UnitTestResult testName="WindowsMaintenanceCenter.Tests.PnpClassMapTests.A_documented_setup_class_keeps_its_category(pnpClass: &quot;SCSIAdapter&quot;, expected: Storage)" outcome="Passed" testType="13cdc9d9-ddb5-4fa4-a97d-d965ccfc6d4b" testListId="8c84fa94-04c1-424b-9868-57a2d4851a1d" testId="12f8a8fa-5c16-410d-84a7-141d039992a9" executionId="12f8a8fa-5c16-410d-84a7-141d039992a9" computerName="runnervmvmocb" duration="00:00:00.0000000" startTime="2026-09-22T07:54:38.9166365+00:00" endTime="2026-09-22T07:54:38.9167085+00:00" /><UnitTestResult testName="WindowsMaintenanceCenter.Tests.PnpClassMapTests.A_documented_setup_class_keeps_its_category(pnpClass: &quot;DiskDrive&quot;, expected: Storage)" outcome="Passed" testType="13cdc9d9-ddb5-4fa4-a97d-d965ccfc6d4b" testListId="8c84fa94-04c1-424b-9868-57a2d4851a1d" testId="477528c8-c2fe-4800-ac29-71b42b834ea4" executionId="477528c8-c2fe-4800-ac29-71b42b834ea4" computerName="runnervmvmocb" duration="00:00:00.0000000" startTime="2026-09-22T07:54:38.9167750+00:00" endTime="2026-09-22T07:54:38.9168510+00:00" /><UnitTestResult testName="WindowsMaintenanceCenter.Tests.PnpClassMapTests.A_documented_setup_class_keeps_its_category(pnpClass: &quot;Volume&quot;, expected: Storage)" outcome="Passed" testType="13cdc9d9-ddb5-4fa4-a97d-d965ccfc6d4b" testListId="8c84fa94-04c1-424b-9868-57a2d4851a1d" testId="75d4da01-219f-4fc7-8e16-016ce300cf8e" executionId="75d4da01-219f-4fc7-8e16-016ce300cf8e" computerName="runnervmvmocb" duration="00:00:00.0000000" startTime="2026-09-22T07:54:38.9169221+00:00" endTime="2026-09-22T07:54:38.9170020+00:00" /><UnitTestResult testName="WindowsMaintenanceCenter.Tests.PnpClassMapTests.A_documented_setup_class_keeps_its_category(pnpClass: &quot;CDROM&quot;, expected: Storage)" outcome="Passed" testType="13cdc9d9-ddb5-4fa4-a97d-d965ccfc6d4b" testListId="8c84fa94-04c1-424b-9868-57a2d4851a1d" testId="795838cc-c0e5-4706-a27c-6de62b20d805" executionId="795838cc-c0e5-4706-a27c-6de62b20d805" computerName="runnervmvmocb" duration="00:00:00.0000000" startTime="2026-09-22T07:54:38.9170661+00:00" endTime="2026-09-22T07:54:38.9172152+00:00" /><UnitTestResult testName="WindowsMaintenanceCenter.Tests.PnpClassMapTests.A_documented_setup_class_keeps_its_category(pnpClass: &quot;Thermal&quot;, expected: Sensor)" outcome="Passed" testType="13cdc9d9-ddb5-4fa4-a97d-d965ccfc6d4b" testListId="8c84fa94-04c1-424b-9868-57a2d4851a1d" testId="d4ae5560-8562-4df9-a497-9a6cf3baa671" executionId="d4ae5560-8562-4df9-a497-9a6cf3baa671" computerName="runnervmvmocb" duration="00:00:00.0000000" startTime="2026-09-22T07:54:38.9172811+00:00" endTime="2026-09-22T07:54:38.9173644+00:00" /><UnitTestResult testName="WindowsMaintenanceCenter.Tests.PnpClassMapTests.A_documented_setup_class_keeps_its_category(pnpClass: &quot;System&quot;, expected: System)" outcome="Passed" testType="13cdc9d9-ddb5-4fa4-a97d-d965ccfc6d4b" testListId="8c84fa94-04c1-424b-9868-57a2d4851a1d" testId="701b9e97-ea30-4178-b1a8-7a4c53e52681" executionId="701b9e97-ea30-4178-b1a8-7a4c53e52681" computerName="runnervmvmocb" duration="00:00:00.0000000" startTime="2026-09-22T07:54:38.9174222+00:00" endTime="2026-09-22T07:54:38.9174925+00:00" /><UnitTestResult testName="WindowsMaintenanceCenter.Tests.PnpClassMapTests.A_documented_setup_class_keeps_its_category(pnpClass: &quot;Computer&quot;, expected: System)" outcome="Passed" testType="13cdc9d9-ddb5-4fa4-a97d-d965ccfc6d4b" testListId="8c84fa94-04c1-424b-9868-57a2d4851a1d" testId="4ca658ac-2989-4a6b-99e7-527c0a57e315" executionId="4ca658ac-2989-4a6b-99e7-527c0a57e315" computerName="runnervmvmocb" duration="00:00:00.0000000" startTime="2026-09-22T07:54:38.9175492+00:00" endTime="2026-09-22T07:54:38.9176174+00:00" /><UnitTestResult testName="WindowsMaintenanceCenter.Tests.PnpClassMapTests.A_documented_setup_class_keeps_its_category(pnpClass: &quot;Firmware&quot;, expected: Firmware)" outcome="Passed" testType="13cdc9d9-ddb5-4fa4-a97d-d965ccfc6d4b" testListId="8c84fa94-04c1-424b-9868-57a2d4851a1d" testId="1e8995d4-4db3-4c8c-a396-a2c574635249" executionId="1e8995d4-4db3-4c8c-a396-a2c574635249" computerName="runnervmvmocb" duration="00:00:00.0000000" startTime="2026-09-22T07:54:38.9176757+00:00" endTime="2026-09-22T07:54:38.9177508+00:00" /><UnitTestResult testName="WindowsMaintenanceCenter.Tests.PnpClassMapTests.Known_classes_are_reported_as_known_and_unknown_ones_are_not" outcome="Passed" testType="13cdc9d9-ddb5-4fa4-a97d-d965ccfc6d4b" testListId="8c84fa94-04c1-424b-9868-57a2d4851a1d" testId="cd3a3e24-23f9-4356-941a-6a82ca075cfe" executionId="cd3a3e24-23f9-4356-941a-6a82ca075cfe" computerName="runnervmvmocb" duration="00:00:00.0030000" startTime="2026-09-22T07:54:38.9179876+00:00" endTime="2026-09-22T07:54:38.9213081+00:00" /><UnitTestResult testName="WindowsMaintenanceCenter.Tests.PortableModeTests.A_probe_that_fails_is_not_a_marker" outcome="Passed" testType="13cdc9d9-ddb5-4fa4-a97d-d965ccfc6d4b" testListId="8c84fa94-04c1-424b-9868-57a2d4851a1d" testId="8e4b7944-ca04-4733-91ee-289e1d313764" executionId="8e4b7944-ca04-4733-91ee-289e1d313764" computerName="runnervmvmocb" duration="00:00:00.0000000" startTime="2026-09-22T07:54:38.9219763+00:00" endTime="2026-09-22T07:54:38.9228870+00:00" /><UnitTestResult testName="WindowsMaintenanceCenter.Tests.PortableModeTests.A_marker_file_next_to_the_executable_switches_a_folder_to_portable" outcome="Passed" testType="13cdc9d9-ddb5-4fa4-a97d-d965ccfc6d4b" testListId="8c84fa94-04c1-424b-9868-57a2d4851a1d" testId="0cce39bc-e892-4de5-b627-7248e82037cd" executionId="0cce39bc-e892-4de5-b627-7248e82037cd" computerName="runnervmvmocb" duration="00:00:00.0000000" startTime="2026-09-22T07:54:38.9231385+00:00" endTime="2026-09-22T07:54:38.9236574+00:00" /><UnitTestResult testName="WindowsMaintenanceCenter.Tests.PlatformReaderTests.The_number_of_a_size_follows_the_active_culture" outcome="Passed" testType="13cdc9d9-ddb5-4fa4-a97d-d965ccfc6d4b" testListId="8c84fa94-04c1-424b-9868-57a2d4851a1d" testId="08650325-a58f-4f9e-8069-f51edff4385f" executionId="08650325-a58f-4f9e-8069-f51edff4385f" computerName="runnervmvmocb" duration="00:00:00.0420000" startTime="2026-09-22T07:54:38.8827652+00:00" endTime="2026-09-22T07:54:38.9248289+00:00" /><UnitTestResult testName="WindowsMaintenanceCenter.Tests.PortableModeTests.The_marker_is_read_from_an_assembly_metadata_and_nowhere_else" outcome="Passed" testType="13cdc9d9-ddb5-4fa4-a97d-d965ccfc6d4b" testListId="8c84fa94-04c1-424b-9868-57a2d4851a1d" testId="0d9a5c67-f3f8-4a10-8c01-1ac736c45072" executionId="0d9a5c67-f3f8-4a10-8c01-1ac736c45072" computerName="runnervmvmocb" duration="00:00:00.0000000" startTime="2026-09-22T07:54:38.9271982+00:00" endTime="2026-09-22T07:54:38.9277813+00:00" /><UnitTestResult testName="WindowsMaintenanceCenter.Tests.PortableModeTests.An_executable_that_carries_the_marker_is_portable_on_its_own" outcome="Passed" testType="13cdc9d9-ddb5-4fa4-a97d-d965ccfc6d4b" testListId="8c84fa94-04c1-424b-9868-57a2d4851a1d" testId="b0b92501-55d0-4520-8458-d601b007beba" executionId="b0b92501-55d0-4520-8458-d601b007beba" computerName="runnervmvmocb" duration="00:00:00.0000000" startTime="2026-09-22T07:54:38.9280514+00:00" endTime="2026-09-22T07:54:38.9283090+00:00" /><UnitTestResult testName="WindowsMaintenanceCenter.Tests.PortableModeTests.An_argument_that_only_looks_similar_does_not_switch_the_mode" outcome="Passed" testType="13cdc9d9-ddb5-4fa4-a97d-d965ccfc6d4b" testListId="8c84fa94-04c1-424b-9868-57a2d4851a1d" testId="8b9fc20a-2d67-4a06-a703-32f269b8bc4b" executionId="8b9fc20a-2d67-4a06-a703-32f269b8bc4b" computerName="runnervmvmocb" duration="00:00:00.0000000" startTime="2026-09-22T07:54:38.9285649+00:00" endTime="2026-09-22T07:54:38.9288015+00:00" /><UnitTestResult testName="WindowsMaintenanceCenter.Tests.PortableModeTests.Without_a_marker_and_without_a_switch_the_installed_layout_is_used" outcome="Passed" testType="13cdc9d9-ddb5-4fa4-a97d-d965ccfc6d4b" testListId="8c84fa94-04c1-424b-9868-57a2d4851a1d" testId="3449e7e3-75ba-4c5a-84c8-e3b27985249b" executionId="3449e7e3-75ba-4c5a-84c8-e3b27985249b" computerName="runnervmvmocb" duration="00:00:00.0000000" startTime="2026-09-22T07:54:38.9291021+00:00" endTime="2026-09-22T07:54:38.9293533+00:00" /><UnitTestResult testName="WindowsMaintenanceCenter.Tests.PortableModeTests.The_command_line_can_ask_for_portable_mode(argument: &quot;--portable&quot;)" outcome="Passed" testType="13cdc9d9-ddb5-4fa4-a97d-d965ccfc6d4b" testListId="8c84fa94-04c1-424b-9868-57a2d4851a1d" testId="fc97bf92-95c6-46a4-97d8-64eaa4b6b4bc" executionId="fc97bf92-95c6-46a4-97d8-64eaa4b6b4bc" computerName="runnervmvmocb" duration="00:00:00.0000000" startTime="2026-09-22T07:54:38.9297792+00:00" endTime="2026-09-22T07:54:38.9299510+00:00" /><UnitTestResult testName="WindowsMaintenanceCenter.Tests.PortableModeTests.The_command_line_can_ask_for_portable_mode(argument: &quot;-portable&quot;)" outcome="Passed" testType="13cdc9d9-ddb5-4fa4-a97d-d965ccfc6d4b" testListId="8c84fa94-04c1-424b-9868-57a2d4851a1d" testId="087ae9d2-2ff7-4978-bb79-1fca345a470c" executionId="087ae9d2-2ff7-4978-bb79-1fca345a470c" computerName="runnervmvmocb" duration="00:00:00.0000000" startTime="2026-09-22T07:54:38.9300364+00:00" endTime="2026-09-22T07:54:38.9302438+00:00" /><UnitTestResult testName="WindowsMaintenanceCenter.Tests.PortableModeTests.The_command_line_can_ask_for_portable_mode(argument: &quot;-Portable&quot;)" outcome="Passed" testType="13cdc9d9-ddb5-4fa4-a97d-d965ccfc6d4b" testListId="8c84fa94-04c1-424b-9868-57a2d4851a1d" testId="a768c29e-fb7d-467a-9c8c-127ff1bfb44e" executionId="a768c29e-fb7d-467a-9c8c-127ff1bfb44e" computerName="runnervmvmocb" duration="00:00:00.0000000" startTime="2026-09-22T07:54:38.9303196+00:00" endTime="2026-09-22T07:54:38.9303914+00:00" /><UnitTestResult testName="WindowsMaintenanceCenter.Tests.PortableModeTests.The_command_line_can_ask_for_portable_mode(argument: &quot;--PORTABLE&quot;)" outcome="Passed" testType="13cdc9d9-ddb5-4fa4-a97d-d965ccfc6d4b" testListId="8c84fa94-04c1-424b-9868-57a2d4851a1d" testId="1319ac84-3890-48db-80ec-5f4e5882e3c3" executionId="1319ac84-3890-48db-80ec-5f4e5882e3c3" computerName="runnervmvmocb" duration="00:00:00.0000000" startTime="2026-09-22T07:54:38.9304440+00:00" endTime="2026-09-22T07:54:38.9305053+00:00" /><UnitTestResult testName="WindowsMaintenanceCenter.Tests.RecoveryEngineTests.A_backup_that_cannot_be_restored_is_not_a_rollback_chance" outcome="Passed" testType="13cdc9d9-ddb5-4fa4-a97d-d965ccfc6d4b" testListId="8c84fa94-04c1-424b-9868-57a2d4851a1d" testId="9e7d9fc8-35e0-46a2-8237-4f4714f59630" executionId="9e7d9fc8-35e0-46a2-8237-4f4714f59630" computerName="runnervmvmocb" duration="00:00:00.0130000" startTime="2026-09-22T07:54:38.9372525+00:00" endTime="2026-09-22T07:54:38.9505437+00:00" /><UnitTestResult testName="WindowsMaintenanceCenter.Tests.RecoveryEngineTests.An_empty_journal_offers_no_recovery" outcome="Passed" testType="13cdc9d9-ddb5-4fa4-a97d-d965ccfc6d4b" testListId="8c84fa94-04c1-424b-9868-57a2d4851a1d" testId="e7fe2089-6d04-4866-a710-b4ae250ca57f" executionId="e7fe2089-6d04-4866-a710-b4ae250ca57f" computerName="runnervmvmocb" duration="00:00:00.0000000" startTime="2026-09-22T07:54:38.9508632+00:00" endTime="2026-09-22T07:54:38.9517850+00:00" /><UnitTestResult testName="WindowsMaintenanceCenter.Tests.RecoveryEngineTests.Recovery_without_an_approval_changes_nothing" outcome="Passed" testType="13cdc9d9-ddb5-4fa4-a97d-d965ccfc6d4b" testListId="8c84fa94-04c1-424b-9868-57a2d4851a1d" testId="95d117d5-a8d0-4c6c-a253-efc5579076ab" executionId="95d117d5-a8d0-4c6c-a253-efc5579076ab" computerName="runnervmvmocb" duration="00:00:00.0030000" startTime="2026-09-22T07:54:38.9520258+00:00" endTime="2026-09-22T07:54:38.9557065+00:00" /><UnitTestResult testName="WindowsMaintenanceCenter.Tests.RecoveryEngineTests.Recovery_with_the_matching_approval_runs_the_rollback_and_reports_only_what_was_verified" outcome="Passed" testType="13cdc9d9-ddb5-4fa4-a97d-d965ccfc6d4b" testListId="8c84fa94-04c1-424b-9868-57a2d4851a1d" testId="2f2f1613-c9eb-4ffe-add3-3c3489b130c0" executionId="2f2f1613-c9eb-4ffe-add3-3c3489b130c0" computerName="runnervmvmocb" duration="00:00:00.0020000" startTime="2026-09-22T07:54:38.9559802+00:00" endTime="2026-09-22T07:54:38.9581810+00:00" /><UnitTestResult testName="WindowsMaintenanceCenter.Tests.PlatformReaderTests.Every_windows_check_can_be_named_in_both_languages" outcome="Passed" testType="13cdc9d9-ddb5-4fa4-a97d-d965ccfc6d4b" testListId="8c84fa94-04c1-424b-9868-57a2d4851a1d" testId="6e5bfaa4-a011-426f-8189-88599aa90272" executionId="6e5bfaa4-a011-426f-8189-88599aa90272" computerName="runnervmvmocb" duration="00:00:00.0400000" startTime="2026-09-22T07:54:38.9250607+00:00" endTime="2026-09-22T07:54:38.9656353+00:00" /><UnitTestResult testName="WindowsMaintenanceCenter.Tests.PlatformReaderTests.The_reader_uses_the_same_class_as_the_operating_system_cmdlet" outcome="Passed" testType="13cdc9d9-ddb5-4fa4-a97d-d965ccfc6d4b" testListId="8c84fa94-04c1-424b-9868-57a2d4851a1d" testId="892b6525-a8de-4e0c-b11d-3aa513490504" executionId="892b6525-a8de-4e0c-b11d-3aa513490504" computerName="runnervmvmocb" duration="00:00:00.0000000" startTime="2026-09-22T07:54:38.9659451+00:00" endTime="2026-09-22T07:54:38.9660965+00:00" /><UnitTestResult testName="WindowsMaintenanceCenter.Tests.PlatformReaderTests.A_state_that_was_not_reported_is_not_turned_into_enabled" outcome="Passed" testType="13cdc9d9-ddb5-4fa4-a97d-d965ccfc6d4b" testListId="8c84fa94-04c1-424b-9868-57a2d4851a1d" testId="929f9dad-2201-4c60-80f5-da84da7d0437" executionId="929f9dad-2201-4c60-80f5-da84da7d0437" computerName="runnervmvmocb" duration="00:00:00.0000000" startTime="2026-09-22T07:54:38.9663429+00:00" endTime="2026-09-22T07:54:38.9666402+00:00" /><UnitTestResult testName="WindowsMaintenanceCenter.Tests.SecurityAttackTests.A_command_smuggled_into_an_argument_is_refused(attack: &quot;C &amp; del /f /q C:\\Windows\\System32&quot;)" outcome="Passed" testType="13cdc9d9-ddb5-4fa4-a97d-d965ccfc6d4b" testListId="8c84fa94-04c1-424b-9868-57a2d4851a1d" testId="a7147fd0-0d1b-417d-a6fe-5aaabaa623b1" executionId="a7147fd0-0d1b-417d-a6fe-5aaabaa623b1" computerName="runnervmvmocb" duration="00:00:00.0010000" startTime="2026-09-22T07:54:38.9674960+00:00" endTime="2026-09-22T07:54:38.9692619+00:00" /><UnitTestResult testName="WindowsMaintenanceCenter.Tests.SecurityAttackTests.A_command_smuggled_into_an_argument_is_refused(attack: &quot;C | powershell -enc SQBFAFgA&quot;)" outcome="Passed" testType="13cdc9d9-ddb5-4fa4-a97d-d965ccfc6d4b" testListId="8c84fa94-04c1-424b-9868-57a2d4851a1d" testId="ef0b7971-1f3c-4a22-9ff2-6ec4e0d10193" executionId="ef0b7971-1f3c-4a22-9ff2-6ec4e0d10193" computerName="runnervmvmocb" duration="00:00:00.0000000" startTime="2026-09-22T07:54:38.9693421+00:00" endTime="2026-09-22T07:54:38.9697213+00:00" /><UnitTestResult testName="WindowsMaintenanceCenter.Tests.SecurityAttackTests.A_command_smuggled_into_an_argument_is_refused(attack: &quot;C; cmd /c whoami&quot;)" outcome="Passed" testType="13cdc9d9-ddb5-4fa4-a97d-d965ccfc6d4b" testListId="8c84fa94-04c1-424b-9868-57a2d4851a1d" testId="4c1bca59-dc15-4343-9796-9dd6ce5ac0ec" executionId="4c1bca59-dc15-4343-9796-9dd6ce5ac0ec" computerName="runnervmvmocb" duration="00:00:00.0000000" startTime="2026-09-22T07:54:38.9697923+00:00" endTime="2026-09-22T07:54:38.9698690+00:00" /><UnitTestResult testName="WindowsMaintenanceCenter.Tests.SecurityAttackTests.A_command_smuggled_into_an_argument_is_refused(attack: &quot;C &gt; C:\\Windows\\Temp\\x.txt&quot;)" outcome="Passed" testType="13cdc9d9-ddb5-4fa4-a97d-d965ccfc6d4b" testListId="8c84fa94-04c1-424b-9868-57a2d4851a1d" testId="23db2bc5-598a-4e63-be28-ff8b81011e56" executionId="23db2bc5-598a-4e63-be28-ff8b81011e56" computerName="runnervmvmocb" duration="00:00:00.0000000" startTime="2026-09-22T07:54:38.9699218+00:00" endTime="2026-09-22T07:54:38.9699924+00:00" /><UnitTestResult testName="WindowsMaintenanceCenter.Tests.SecurityAttackTests.A_command_smuggled_into_an_argument_is_refused(attack: &quot;$(Get-Process)&quot;)" outcome="Passed" testType="13cdc9d9-ddb5-4fa4-a97d-d965ccfc6d4b" testListId="8c84fa94-04c1-424b-9868-57a2d4851a1d" testId="6aa025ce-f9d8-477e-9b60-33faca7b7798" executionId="6aa025ce-f9d8-477e-9b60-33faca7b7798" computerName="runnervmvmocb" duration="00:00:00.0000000" startTime="2026-09-22T07:54:38.9700441+00:00" endTime="2026-09-22T07:54:38.9701134+00:00" /><UnitTestResult testName="WindowsMaintenanceCenter.Tests.SecurityAttackTests.A_command_smuggled_into_an_argument_is_refused(attack: &quot;`whoami`&quot;)" outcome="Passed" testType="13cdc9d9-ddb5-4fa4-a97d-d965ccfc6d4b" testListId="8c84fa94-04c1-424b-9868-57a2d4851a1d" testId="342d7a5e-125c-4a54-b0b3-ab7ec6b363ba" executionId="342d7a5e-125c-4a54-b0b3-ab7ec6b363ba" computerName="runnervmvmocb" duration="00:00:00.0000000" startTime="2026-09-22T07:54:38.9701644+00:00" endTime="2026-09-22T07:54:38.9702343+00:00" /><UnitTestResult testName="WindowsMaintenanceCenter.Tests.SecurityAttackTests.A_path_that_leaves_its_area_is_refused(attack: &quot;..\\..\\Windows\\System32\\config\\SAM&quot;)" outcome="Passed" testType="13cdc9d9-ddb5-4fa4-a97d-d965ccfc6d4b" testListId="8c84fa94-04c1-424b-9868-57a2d4851a1d" testId="0817407d-106f-4263-9ae0-6480f0edae17" executionId="0817407d-106f-4263-9ae0-6480f0edae17" computerName="runnervmvmocb" duration="00:00:00.0000000" startTime="2026-09-22T07:54:38.9706075+00:00" endTime="2026-09-22T07:54:38.9713356+00:00" /><UnitTestResult testName="WindowsMaintenanceCenter.Tests.SecurityAttackTests.A_path_that_leaves_its_area_is_refused(attack: &quot;C:\\Temp\\..\\..\\Windows&quot;)" outcome="Passed" testType="13cdc9d9-ddb5-4fa4-a97d-d965ccfc6d4b" testListId="8c84fa94-04c1-424b-9868-57a2d4851a1d" testId="7cbf105b-cf1e-4ad2-ad80-1e38a4cc3eb7" executionId="7cbf105b-cf1e-4ad2-ad80-1e38a4cc3eb7" computerName="runnervmvmocb" duration="00:00:00.0000000" startTime="2026-09-22T07:54:38.9714107+00:00" endTime="2026-09-22T07:54:38.9716587+00:00" /><UnitTestResult testName="WindowsMaintenanceCenter.Tests.SecurityAttackTests.A_path_that_leaves_its_area_is_refused(attack: &quot;\\\\server\\share\\payload&quot;)" outcome="Passed" testType="13cdc9d9-ddb5-4fa4-a97d-d965ccfc6d4b" testListId="8c84fa94-04c1-424b-9868-57a2d4851a1d" testId="a7e60f51-26d7-4187-b213-904429945177" executionId="a7e60f51-26d7-4187-b213-904429945177" computerName="runnervmvmocb" duration="00:00:00.0000000" startTime="2026-09-22T07:54:38.9717329+00:00" endTime="2026-09-22T07:54:38.9718093+00:00" /><UnitTestResult testName="WindowsMaintenanceCenter.Tests.SecurityAttackTests.A_path_that_leaves_its_area_is_refused(attack: &quot;\\\\?\\C:\\Windows&quot;)" outcome="Passed" testType="13cdc9d9-ddb5-4fa4-a97d-d965ccfc6d4b" testListId="8c84fa94-04c1-424b-9868-57a2d4851a1d" testId="71f02a4e-ef83-4dfe-b2e1-9d72b1667063" executionId="71f02a4e-ef83-4dfe-b2e1-9d72b1667063" computerName="runnervmvmocb" duration="00:00:00.0000000" startTime="2026-09-22T07:54:38.9718662+00:00" endTime="2026-09-22T07:54:38.9719348+00:00" /><UnitTestResult testName="WindowsMaintenanceCenter.Tests.SecurityAttackTests.A_path_that_leaves_its_area_is_refused(attack: &quot;C:\\Temp\\file.exe &amp; del /f /q C:\\&quot;)" outcome="Passed" testType="13cdc9d9-ddb5-4fa4-a97d-d965ccfc6d4b" testListId="8c84fa94-04c1-424b-9868-57a2d4851a1d" testId="578e47a2-4fbf-4fd2-a11f-adeadbf36adb" executionId="578e47a2-4fbf-4fd2-a11f-adeadbf36adb" computerName="runnervmvmocb" duration="00:00:00.0000000" startTime="2026-09-22T07:54:38.9719887+00:00" endTime="2026-09-22T07:54:38.9722243+00:00" /><UnitTestResult testName="WindowsMaintenanceCenter.Tests.SecurityAttackTests.An_undeclared_argument_is_refused" outcome="Passed" testType="13cdc9d9-ddb5-4fa4-a97d-d965ccfc6d4b" testListId="8c84fa94-04c1-424b-9868-57a2d4851a1d" testId="e3ec49f1-b6fc-4021-88b5-d35d88b022aa" executionId="e3ec49f1-b6fc-4021-88b5-d35d88b022aa" computerName="runnervmvmocb" duration="00:00:00.0000000" startTime="2026-09-22T07:54:38.9724702+00:00" endTime="2026-09-22T07:54:38.9728321+00:00" /><UnitTestResult testName="WindowsMaintenanceCenter.Tests.SecurityAttackTests.The_declared_call_still_passes" outcome="Passed" testType="13cdc9d9-ddb5-4fa4-a97d-d965ccfc6d4b" testListId="8c84fa94-04c1-424b-9868-57a2d4851a1d" testId="c6c40bc8-9853-4bd7-b87b-4b7fc08845fa" executionId="c6c40bc8-9853-4bd7-b87b-4b7fc08845fa" computerName="runnervmvmocb" duration="00:00:00.0000000" startTime="2026-09-22T07:54:38.9731177+00:00" endTime="2026-09-22T07:54:38.9735896+00:00" /><UnitTestResult testName="WindowsMaintenanceCenter.Tests.ProblemRegistryTests.Prefix_is_derived_from_the_category_when_not_supplied" outcome="Passed" testType="13cdc9d9-ddb5-4fa4-a97d-d965ccfc6d4b" testListId="8c84fa94-04c1-424b-9868-57a2d4851a1d" testId="bf78be85-62f3-4e1c-927e-520f908e20cd" executionId="bf78be85-62f3-4e1c-927e-520f908e20cd" computerName="runnervmvmocb" duration="00:00:00.0000000" startTime="2026-09-22T07:54:38.9741582+00:00" endTime="2026-09-22T07:54:38.9745825+00:00" /><UnitTestResult testName="WindowsMaintenanceCenter.Tests.ProblemRegistryTests.Problem_ids_follow_prefix_and_are_counted_per_prefix" outcome="Passed" testType="13cdc9d9-ddb5-4fa4-a97d-d965ccfc6d4b" testListId="8c84fa94-04c1-424b-9868-57a2d4851a1d" testId="7cdef462-fdd5-4d56-bd4f-486273734a34" executionId="7cdef462-fdd5-4d56-bd4f-486273734a34" computerName="runnervmvmocb" duration="00:00:00.0000000" startTime="2026-09-22T07:54:38.9748260+00:00" endTime="2026-09-22T07:54:38.9754283+00:00" /><UnitTestResult testName="WindowsMaintenanceCenter.Tests.ProblemRegistryTests.The_theme_of_an_error_identifier_comes_from_the_category" outcome="Passed" testType="13cdc9d9-ddb5-4fa4-a97d-d965ccfc6d4b" testListId="8c84fa94-04c1-424b-9868-57a2d4851a1d" testId="8b9fdde8-a3ea-4313-a55e-06ccd542e786" executionId="8b9fdde8-a3ea-4313-a55e-06ccd542e786" computerName="runnervmvmocb" duration="00:00:00.0000000" startTime="2026-09-22T07:54:38.9756728+00:00" endTime="2026-09-22T07:54:38.9758359+00:00" /><UnitTestResult testName="WindowsMaintenanceCenter.Tests.ProblemRegistryTests.A_finding_carries_the_fields_of_chapter_85" outcome="Passed" testType="13cdc9d9-ddb5-4fa4-a97d-d965ccfc6d4b" testListId="8c84fa94-04c1-424b-9868-57a2d4851a1d" testId="4618f847-11b9-4c60-a1d4-0bbac3a282c1" executionId="4618f847-11b9-4c60-a1d4-0bbac3a282c1" computerName="runnervmvmocb" duration="00:00:00.0000000" startTime="2026-09-22T07:54:38.9760691+00:00" endTime="2026-09-22T07:54:38.9766065+00:00" /><UnitTestResult testName="WindowsMaintenanceCenter.Tests.ProblemRegistryTests.Without_a_written_log_entry_the_field_stays_empty_instead_of_naming_a_file" outcome="Passed" testType="13cdc9d9-ddb5-4fa4-a97d-d965ccfc6d4b" testListId="8c84fa94-04c1-424b-9868-57a2d4851a1d" testId="cd55d5ce-377b-47ee-abfe-1ce932b8694d" executionId="cd55d5ce-377b-47ee-abfe-1ce932b8694d" computerName="runnervmvmocb" duration="00:00:00.0000000" startTime="2026-09-22T07:54:38.9768534+00:00" endTime="2026-09-22T07:54:38.9770918+00:00" /><UnitTestResult testName="WindowsMaintenanceCenter.Tests.ProblemRegistryTests.Blocked_operations_are_carried_into_the_problem" outcome="Passed" testType="13cdc9d9-ddb5-4fa4-a97d-d965ccfc6d4b" testListId="8c84fa94-04c1-424b-9868-57a2d4851a1d" testId="4ce80fb0-8351-4058-ae47-7970230b381f" executionId="4ce80fb0-8351-4058-ae47-7970230b381f" computerName="runnervmvmocb" duration="00:00:00.0000000" startTime="2026-09-22T07:54:38.9773399+00:00" endTime="2026-09-22T07:54:38.9782648+00:00" /><UnitTestResult testName="WindowsMaintenanceCenter.Tests.ProblemRegistryTests.New_problems_are_open_and_can_be_updated" outcome="Passed" testType="13cdc9d9-ddb5-4fa4-a97d-d965ccfc6d4b" testListId="8c84fa94-04c1-424b-9868-57a2d4851a1d" testId="8609b0eb-7595-4a1b-a918-dc5d3da93ce3" executionId="8609b0eb-7595-4a1b-a918-dc5d3da93ce3" computerName="runnervmvmocb" duration="00:00:00.0030000" startTime="2026-09-22T07:54:38.9785069+00:00" endTime="2026-09-22T07:54:38.9823954+00:00" /><UnitTestResult testName="WindowsMaintenanceCenter.Tests.ProblemRegistryTests.A_vendor_specific_driver_keeps_the_vendor_in_the_identifier" outcome="Passed" testType="13cdc9d9-ddb5-4fa4-a97d-d965ccfc6d4b" testListId="8c84fa94-04c1-424b-9868-57a2d4851a1d" testId="95c53e7e-c795-42a6-b5a2-402928747bb8" executionId="95c53e7e-c795-42a6-b5a2-402928747bb8" computerName="runnervmvmocb" duration="00:00:00.0000000" startTime="2026-09-22T07:54:38.9826463+00:00" endTime="2026-09-22T07:54:38.9833905+00:00" /><UnitTestResult testName="WindowsMaintenanceCenter.Tests.ProblemRegistryTests.Counting_matches_the_severities" outcome="Passed" testType="13cdc9d9-ddb5-4fa4-a97d-d965ccfc6d4b" testListId="8c84fa94-04c1-424b-9868-57a2d4851a1d" testId="9a0b3298-3b6f-4c0b-a7a8-a74a5181b5da" executionId="9a0b3298-3b6f-4c0b-a7a8-a74a5181b5da" computerName="runnervmvmocb" duration="00:00:00.0010000" startTime="2026-09-22T07:54:38.9835345+00:00" endTime="2026-09-22T07:54:38.9848595+00:00" /><UnitTestResult testName="WindowsMaintenanceCenter.Tests.ProblemRegistryTests.An_empty_prefix_is_filled_from_the_category_instead_of_a_placeholder" outcome="Passed" testType="13cdc9d9-ddb5-4fa4-a97d-d965ccfc6d4b" testListId="8c84fa94-04c1-424b-9868-57a2d4851a1d" testId="42165493-d3f6-4800-b7fd-69331ace0338" executionId="42165493-d3f6-4800-b7fd-69331ace0338" computerName="runnervmvmocb" duration="00:00:00.0000000" startTime="2026-09-22T07:54:38.9850169+00:00" endTime="2026-09-22T07:54:38.9852106+00:00" /><UnitTestResult testName="WindowsMaintenanceCenter.Tests.RecoveryEngineTests.A_rollback_that_ran_but_was_not_confirmed_is_not_reported_as_success" outcome="Passed" testType="13cdc9d9-ddb5-4fa4-a97d-d965ccfc6d4b" testListId="8c84fa94-04c1-424b-9868-57a2d4851a1d" testId="f6a57d22-d3ca-4ceb-8ff7-aefcfa7f3352" executionId="f6a57d22-d3ca-4ceb-8ff7-aefcfa7f3352" computerName="runnervmvmocb" duration="00:00:00.0030000" startTime="2026-09-22T07:54:38.9829431+00:00" endTime="2026-09-22T07:54:38.9864026+00:00" /><UnitTestResult testName="WindowsMaintenanceCenter.Tests.RecoveryEngineTests.A_finished_run_offers_no_recovery" outcome="Passed" testType="13cdc9d9-ddb5-4fa4-a97d-d965ccfc6d4b" testListId="8c84fa94-04c1-424b-9868-57a2d4851a1d" testId="bf717d01-f11d-465a-8051-5f227dcad9e3" executionId="bf717d01-f11d-465a-8051-5f227dcad9e3" computerName="runnervmvm
[...]
="8c84fa94-04c1-424b-9868-57a2d4851a1d" testId="b029f615-c333-42b6-bbcb-d28030a88dfd" executionId="b029f615-c333-42b6-bbcb-d28030a88dfd" /><TestEntry testListId="8c84fa94-04c1-424b-9868-57a2d4851a1d" testId="30e1bbeb-41fd-4b9c-99cf-e905d2ba476a" executionId="30e1bbeb-41fd-4b9c-99cf-e905d2ba476a" /><TestEntry testListId="8c84fa94-04c1-424b-9868-57a2d4851a1d" testId="80d70ea4-24c0-46a4-9182-4fe181d76278" executionId="80d70ea4-24c0-46a4-9182-4fe181d76278" /><TestEntry testListId="8c84fa94-04c1-424b-9868-57a2d4851a1d" testId="65fa7e5d-de65-4e43-be4b-b02093d637b9" executionId="65fa7e5d-de65-4e43-be4b-b02093d637b9" /><TestEntry testListId="8c84fa94-04c1-424b-9868-57a2d4851a1d" testId="74d83554-5784-4a15-b657-0457a29b6a18" executionId="74d83554-5784-4a15-b657-0457a29b6a18" /><TestEntry testListId="8c84fa94-04c1-424b-9868-57a2d4851a1d" testId="e5afe8d2-cc82-41ec-9637-fd27b0d63279" executionId="e5afe8d2-cc82-41ec-9637-fd27b0d63279" /><TestEntry testListId="8c84fa94-04c1-424b-9868-57a2d4851a1d" testId="8dd07e66-d1b6-4907-bb29-727d6a1c9265" executionId="8dd07e66-d1b6-4907-bb29-727d6a1c9265" /><TestEntry testListId="8c84fa94-04c1-424b-9868-57a2d4851a1d" testId="c84746d0-e221-4cf2-8056-e2ce84d29d09" executionId="c84746d0-e221-4cf2-8056-e2ce84d29d09" /><TestEntry testListId="8c84fa94-04c1-424b-9868-57a2d4851a1d" testId="e33a8c3c-9125-471c-8751-9ea2b5d165ec" executionId="e33a8c3c-9125-471c-8751-9ea2b5d165ec" /><TestEntry testListId="8c84fa94-04c1-424b-9868-57a2d4851a1d" testId="33ef3db5-221b-41d3-8975-811dd4a9cb7d" executionId="33ef3db5-221b-41d3-8975-811dd4a9cb7d" /><TestEntry testListId="8c84fa94-04c1-424b-9868-57a2d4851a1d" testId="426b9012-58d9-4b67-9c5e-e5741ce437ad" executionId="426b9012-58d9-4b67-9c5e-e5741ce437ad" /><TestEntry testListId="8c84fa94-04c1-424b-9868-57a2d4851a1d" testId="39645154-7818-4b41-9c37-a76155961038" executionId="39645154-7818-4b41-9c37-a76155961038" /><TestEntry testListId="8c84fa94-04c1-424b-9868-57a2d4851a1d" testId="6a27d09e-2839-4be6-b3d7-c4db8b7a4472" executionId="6a27d09e-2839-4be6-b3d7-c4db8b7a4472" /><TestEntry testListId="8c84fa94-04c1-424b-9868-57a2d4851a1d" testId="6a7a4990-4a07-4802-b1dd-68b4e77237d4" executionId="6a7a4990-4a07-4802-b1dd-68b4e77237d4" /><TestEntry testListId="8c84fa94-04c1-424b-9868-57a2d4851a1d" testId="a66ad8eb-1d74-4c1d-aeb6-a72c5f427609" executionId="a66ad8eb-1d74-4c1d-aeb6-a72c5f427609" /><TestEntry testListId="8c84fa94-04c1-424b-9868-57a2d4851a1d" testId="0f377061-3db1-4caa-b163-aef98d02f32a" executionId="0f377061-3db1-4caa-b163-aef98d02f32a" /><TestEntry testListId="8c84fa94-04c1-424b-9868-57a2d4851a1d" testId="dce5e52d-ad30-421d-9cf0-e821e822a579" executionId="dce5e52d-ad30-421d-9cf0-e821e822a579" /><TestEntry testListId="8c84fa94-04c1-424b-9868-57a2d4851a1d" testId="c21b913b-af6d-43d7-8197-eac4bbbed8c0" executionId="c21b913b-af6d-43d7-8197-eac4bbbed8c0" /><TestEntry testListId="8c84fa94-04c1-424b-9868-57a2d4851a1d" testId="32e6a173-6146-4fde-bcdb-b7b9828b9caa" executionId="32e6a173-6146-4fde-bcdb-b7b9828b9caa" /><TestEntry testListId="8c84fa94-04c1-424b-9868-57a2d4851a1d" testId="91d4f92a-d997-465d-a48e-aeb7aeb9e4bb" executionId="91d4f92a-d997-465d-a48e-aeb7aeb9e4bb" /><TestEntry testListId="8c84fa94-04c1-424b-9868-57a2d4851a1d" testId="3607f687-74e2-4e4e-8be3-a1c2ac8237af" executionId="3607f687-74e2-4e4e-8be3-a1c2ac8237af" /><TestEntry testListId="8c84fa94-04c1-424b-9868-57a2d4851a1d" testId="ff4913ab-c2be-4954-8c1e-52ec9e9109aa" executionId="ff4913ab-c2be-4954-8c1e-52ec9e9109aa" /><TestEntry testListId="8c84fa94-04c1-424b-9868-57a2d4851a1d" testId="ce2e15e7-fbe7-4cc8-99b2-be458385214b" executionId="ce2e15e7-fbe7-4cc8-99b2-be458385214b" /><TestEntry testListId="8c84fa94-04c1-424b-9868-57a2d4851a1d" testId="2ecc8913-b58f-4114-85d5-c293547d9c98" executionId="2ecc8913-b58f-4114-85d5-c293547d9c98" /><TestEntry testListId="8c84fa94-04c1-424b-9868-57a2d4851a1d" testId="cc36521b-fab0-4496-8f3d-4cd290e010d3" executionId="cc36521b-fab0-4496-8f3d-4cd290e010d3" /><TestEntry testListId="8c84fa94-04c1-424b-9868-57a2d4851a1d" testId="211c4317-8773-42fe-a60b-5dfbbea1a398" executionId="211c4317-8773-42fe-a60b-5dfbbea1a398" /><TestEntry testListId="8c84fa94-04c1-424b-9868-57a2d4851a1d" testId="c992b1ba-ef59-4e3d-b835-6469b619c814" executionId="c992b1ba-ef59-4e3d-b835-6469b619c814" /><TestEntry testListId="8c84fa94-04c1-424b-9868-57a2d4851a1d" testId="dc092844-4b1c-4521-97a2-9b97ffcd0988" executionId="dc092844-4b1c-4521-97a2-9b97ffcd0988" /><TestEntry testListId="8c84fa94-04c1-424b-9868-57a2d4851a1d" testId="7d7d0361-aa0b-441b-979b-aad9f086b28a" executionId="7d7d0361-aa0b-441b-979b-aad9f086b28a" /><TestEntry testListId="8c84fa94-04c1-424b-9868-57a2d4851a1d" testId="8a741274-436f-4e49-a93c-11317b2201b8" executionId="8a741274-436f-4e49-a93c-11317b2201b8" /><TestEntry testListId="8c84fa94-04c1-424b-9868-57a2d4851a1d" testId="8e69856e-0a48-42dc-897e-0cb31610032e" executionId="8e69856e-0a48-42dc-897e-0cb31610032e" /><TestEntry testListId="8c84fa94-04c1-424b-9868-57a2d4851a1d" testId="2dcd3890-52e2-4765-9f54-0dd8769be7c4" executionId="2dcd3890-52e2-4765-9f54-0dd8769be7c4" /><TestEntry testListId="8c84fa94-04c1-424b-9868-57a2d4851a1d" testId="434bd6b6-7af9-4e17-bb98-1c0406e347af" executionId="434bd6b6-7af9-4e17-bb98-1c0406e347af" /><TestEntry testListId="8c84fa94-04c1-424b-9868-57a2d4851a1d" testId="4bee280e-e1ea-4121-9301-78d82cea67c7" executionId="4bee280e-e1ea-4121-9301-78d82cea67c7" /><TestEntry testListId="8c84fa94-04c1-424b-9868-57a2d4851a1d" testId="9f1038e0-e87e-4565-831b-385f987ed01c" executionId="9f1038e0-e87e-4565-831b-385f987ed01c" /><TestEntry testListId="8c84fa94-04c1-424b-9868-57a2d4851a1d" testId="af355417-14e7-448a-b061-85a642517781" executionId="af355417-14e7-448a-b061-85a642517781" /><TestEntry testListId="8c84fa94-04c1-424b-9868-57a2d4851a1d" testId="edc2c157-5359-4479-b49e-31c5a82de2f9" executionId="edc2c157-5359-4479-b49e-31c5a82de2f9" /><TestEntry testListId="8c84fa94-04c1-424b-9868-57a2d4851a1d" testId="76e89d13-058a-421e-bd95-21dc313a4f3c" executionId="76e89d13-058a-421e-bd95-21dc313a4f3c" /><TestEntry testListId="8c84fa94-04c1-424b-9868-57a2d4851a1d" testId="bf3153a9-d565-46c5-a9e7-d754319e60af" executionId="bf3153a9-d565-46c5-a9e7-d754319e60af" /><TestEntry testListId="8c84fa94-04c1-424b-9868-57a2d4851a1d" testId="48a8e7a4-e5db-48b6-bb33-00622a4580a4" executionId="48a8e7a4-e5db-48b6-bb33-00622a4580a4" /><TestEntry testListId="8c84fa94-04c1-424b-9868-57a2d4851a1d" testId="458170e7-66bf-4107-a310-c71649a73222" executionId="458170e7-66bf-4107-a310-c71649a73222" /><TestEntry testListId="8c84fa94-04c1-424b-9868-57a2d4851a1d" testId="ba574333-5242-48b9-b88a-e5b67be784e4" executionId="ba574333-5242-48b9-b88a-e5b67be784e4" /><TestEntry testListId="8c84fa94-04c1-424b-9868-57a2d4851a1d" testId="70d7dfae-641f-4daf-8764-28fa9c63e496" executionId="70d7dfae-641f-4daf-8764-28fa9c63e496" /><TestEntry testListId="8c84fa94-04c1-424b-9868-57a2d4851a1d" testId="9b137cf5-2beb-4ceb-a5fe-2bd89cd8aa76" executionId="9b137cf5-2beb-4ceb-a5fe-2bd89cd8aa76" /><TestEntry testListId="8c84fa94-04c1-424b-9868-57a2d4851a1d" testId="f2f8c554-94b4-4be9-abda-17ea2a093163" executionId="f2f8c554-94b4-4be9-abda-17ea2a093163" /><TestEntry testListId="8c84fa94-04c1-424b-9868-57a2d4851a1d" testId="805e4ca8-6961-4d33-8717-17bd310495b5" executionId="805e4ca8-6961-4d33-8717-17bd310495b5" /><TestEntry testListId="8c84fa94-04c1-424b-9868-57a2d4851a1d" testId="7e7aaa2b-5eef-41dd-be80-e7dcd63cfc97" executionId="7e7aaa2b-5eef-41dd-be80-e7dcd63cfc97" /><TestEntry testListId="8c84fa94-04c1-424b-9868-57a2d4851a1d" testId="3caa2f2d-f899-4706-b77b-95604ab3fd66" executionId="3caa2f2d-f899-4706-b77b-95604ab3fd66" /><TestEntry testListId="8c84fa94-04c1-424b-9868-57a2d4851a1d" testId="b359ff43-a46c-42b5-aefd-4f124f143822" executionId="b359ff43-a46c-42b5-aefd-4f124f143822" /><TestEntry testListId="8c84fa94-04c1-424b-9868-57a2d4851a1d" testId="7f319369-f92f-4d47-a7f3-517cb8b66359" executionId="7f319369-f92f-4d47-a7f3-517cb8b66359" /><TestEntry testListId="8c84fa94-04c1-424b-9868-57a2d4851a1d" testId="33137527-0683-45b7-8da2-52947be676a7" executionId="33137527-0683-45b7-8da2-52947be676a7" /><TestEntry testListId="8c84fa94-04c1-424b-9868-57a2d4851a1d" testId="cd9a7779-797a-47a0-9f46-b8f66c40b14b" executionId="cd9a7779-797a-47a0-9f46-b8f66c40b14b" /><TestEntry testListId="8c84fa94-04c1-424b-9868-57a2d4851a1d" testId="be6ec789-7474-4842-a128-64cc30cae2e2" executionId="be6ec789-7474-4842-a128-64cc30cae2e2" /><TestEntry testListId="8c84fa94-04c1-424b-9868-57a2d4851a1d" testId="4ee7c206-f895-4349-9041-16109fd8b7c5" executionId="4ee7c206-f895-4349-9041-16109fd8b7c5" /><TestEntry testListId="8c84fa94-04c1-424b-9868-57a2d4851a1d" testId="6a64a4b6-d199-4edb-97b7-35e3564f6bab" executionId="6a64a4b6-d199-4edb-97b7-35e3564f6bab" /><TestEntry testListId="8c84fa94-04c1-424b-9868-57a2d4851a1d" testId="751c4ce5-e82a-4f52-a01d-89e00dcca37b" executionId="751c4ce5-e82a-4f52-a01d-89e00dcca37b" /><TestEntry testListId="8c84fa94-04c1-424b-9868-57a2d4851a1d" testId="a78a4c1f-ae21-4024-b9f0-5da5bdf5dd8d" executionId="a78a4c1f-ae21-4024-b9f0-5da5bdf5dd8d" /><TestEntry testListId="8c84fa94-04c1-424b-9868-57a2d4851a1d" testId="ca7f854b-d93a-4f4a-8aad-dbdc094f2d4d" executionId="ca7f854b-d93a-4f4a-8aad-dbdc094f2d4d" /><TestEntry testListId="8c84fa94-04c1-424b-9868-57a2d4851a1d" testId="1b29d25e-06ef-4133-998c-6670bba09592" executionId="1b29d25e-06ef-4133-998c-6670bba09592" /><TestEntry testListId="8c84fa94-04c1-424b-9868-57a2d4851a1d" testId="ed367493-18e0-4598-b570-aa88a0f87acb" executionId="ed367493-18e0-4598-b570-aa88a0f87acb" /><TestEntry testListId="8c84fa94-04c1-424b-9868-57a2d4851a1d" testId="9085ac9b-94bb-4735-80fb-2ee2854fd21e" executionId="9085ac9b-94bb-4735-80fb-2ee2854fd21e" /><TestEntry testListId="8c84fa94-04c1-424b-9868-57a2d4851a1d" testId="78814c3d-f3a6-492f-903f-bf7b14bb0d1e" executionId="78814c3d-f3a6-492f-903f-bf7b14bb0d1e" /><TestEntry testListId="8c84fa94-04c1-424b-9868-57a2d4851a1d" testId="5308205e-0c35-4bbf-a9ce-4dfb16047474" executionId="5308205e-0c35-4bbf-a9ce-4dfb16047474" /><TestEntry testListId="8c84fa94-04c1-424b-9868-57a2d4851a1d" testId="9289804d-ee4d-48f0-a283-7af70d8bc4d3" executionId="9289804d-ee4d-48f0-a283-7af70d8bc4d3" /><TestEntry testListId="8c84fa94-04c1-424b-9868-57a2d4851a1d" testId="6a3935a4-0687-4de2-9da0-8a95d208d4b4" executionId="6a3935a4-0687-4de2-9da0-8a95d208d4b4" /><TestEntry testListId="8c84fa94-04c1-424b-9868-57a2d4851a1d" testId="5c436d6a-5edc-48d5-84df-c58096db129d" executionId="5c436d6a-5edc-48d5-84df-c58096db129d" /><TestEntry testListId="8c84fa94-04c1-424b-9868-57a2d4851a1d" testId="988e2e2f-7810-418c-b370-0f3cc50662fb" executionId="988e2e2f-7810-418c-b370-0f3cc50662fb" /><TestEntry testListId="8c84fa94-04c1-424b-9868-57a2d4851a1d" testId="06f52a3c-c1f7-45c0-8c68-0ae2ba657dca" executionId="06f52a3c-c1f7-45c0-8c68-0ae2ba657dca" /><TestEntry testListId="8c84fa94-04c1-424b-9868-57a2d4851a1d" testId="821774fa-dbee-4f1c-ade1-fd6892f3e4ed" executionId="821774fa-dbee-4f1c-ade1-fd6892f3e4ed" /><TestEntry testListId="8c84fa94-04c1-424b-9868-57a2d4851a1d" testId="e810323f-0e9d-4f13-9d7b-14e0bfb75dc4" executionId="e810323f-0e9d-4f13-9d7b-14e0bfb75dc4" /><TestEntry testListId="8c84fa94-04c1-424b-9868-57a2d4851a1d" testId="367d2404-bf65-4c33-8308-824a13508616" executionId="367d2404-bf65-4c33-8308-824a13508616" /><TestEntry testListId="8c84fa94-04c1-424b-9868-57a2d4851a1d" testId="7842ee4a-4c59-4ff6-b95a-8ed30b330e1d" executionId="7842ee4a-4c59-4ff6-b95a-8ed30b330e1d" /><TestEntry testListId="8c84fa94-04c1-424b-9868-57a2d4851a1d" testId="656dbc39-c37b-430f-88b5-add4d4fb29f3" executionId="656dbc39-c37b-430f-88b5-add4d4fb29f3" /><TestEntry testListId="8c84fa94-04c1-424b-9868-57a2d4851a1d" testId="dfa55952-9eda-41b1-8a04-1d5dca9f955d" executionId="dfa55952-9eda-41b1-8a04-1d5dca9f955d" /><TestEntry testListId="8c84fa94-04c1-424b-9868-57a2d4851a1d" testId="b90b4b45-097a-4431-80a1-16684671f7ad" executionId="b90b4b45-097a-4431-80a1-16684671f7ad" /><TestEntry testListId="8c84fa94-04c1-424b-9868-57a2d4851a1d" testId="d157f5f1-9f2a-448b-af41-fe4f666b52e2" executionId="d157f5f1-9f2a-448b-af41-fe4f666b52e2" /><TestEntry testListId="8c84fa94-04c1-424b-9868-57a2d4851a1d" testId="27d436e5-3886-4f2a-a7c1-6f6cc784c6b5" executionId="27d436e5-3886-4f2a-a7c1-6f6cc784c6b5" /><TestEntry testListId="8c84fa94-04c1-424b-9868-57a2d4851a1d" testId="1a3d68a7-73a6-4455-a0c3-7dd1181b1538" executionId="1a3d68a7-73a6-4455-a0c3-7dd1181b1538" /><TestEntry testListId="8c84fa94-04c1-424b-9868-57a2d4851a1d" testId="981dd9ca-a74d-4f1d-b216-65d3464ad98b" executionId="981dd9ca-a74d-4f1d-b216-65d3464ad98b" /><TestEntry testListId="8c84fa94-04c1-424b-9868-57a2d4851a1d" testId="977be313-8dc0-48f1-b68f-71260a42def1" executionId="977be313-8dc0-48f1-b68f-71260a42def1" /><TestEntry testListId="8c84fa94-04c1-424b-9868-57a2d4851a1d" testId="564dc56e-b955-48ef-b0e3-dc34ed0e6c1d" executionId="564dc56e-b955-48ef-b0e3-dc34ed0e6c1d" /><TestEntry testListId="8c84fa94-04c1-424b-9868-57a2d4851a1d" testId="5d9e9d2f-1379-4ccd-877c-322555dcfa6b" executionId="5d9e9d2f-1379-4ccd-877c-322555dcfa6b" /><TestEntry testListId="8c84fa94-04c1-424b-9868-57a2d4851a1d" testId="4bcc13dd-4daf-4f6a-bd5c-9b3df43a6c9c" executionId="4bcc13dd-4daf-4f6a-bd5c-9b3df43a6c9c" /><TestEntry testListId="8c84fa94-04c1-424b-9868-57a2d4851a1d" testId="e8e84425-0bcc-4132-893c-42442ac9a320" executionId="e8e84425-0bcc-4132-893c-42442ac9a320" /><TestEntry testListId="8c84fa94-04c1-424b-9868-57a2d4851a1d" testId="289393bb-3255-449a-a179-1aa08a0c0426" executionId="289393bb-3255-449a-a179-1aa08a0c0426" /><TestEntry testListId="8c84fa94-04c1-424b-9868-57a2d4851a1d" testId="41efd86f-103f-4230-b5d0-97e8ac4b1068" executionId="41efd86f-103f-4230-b5d0-97e8ac4b1068" /><TestEntry testListId="8c84fa94-04c1-424b-9868-57a2d4851a1d" testId="bcb3f503-6392-4369-ad1e-a9ee53626f28" executionId="bcb3f503-6392-4369-ad1e-a9ee53626f28" /><TestEntry testListId="8c84fa94-04c1-424b-9868-57a2d4851a1d" testId="49c66f5b-1f7b-4a6b-ba95-6bb80e61e2a4" executionId="49c66f5b-1f7b-4a6b-ba95-6bb80e61e2a4" /><TestEntry testListId="8c84fa94-04c1-424b-9868-57a2d4851a1d" testId="909f63bd-45ae-4421-a38e-ae48c2781a01" executionId="909f63bd-45ae-4421-a38e-ae48c2781a01" /><TestEntry testListId="8c84fa94-04c1-424b-9868-57a2d4851a1d" testId="63d1a5db-1d57-43d6-bf09-d56c5f098636" executionId="63d1a5db-1d57-43d6-bf09-d56c5f098636" /><TestEntry testListId="8c84fa94-04c1-424b-9868-57a2d4851a1d" testId="7175a2c2-4d0c-4b52-b467-aa50c71fdb9b" executionId="7175a2c2-4d0c-4b52-b467-aa50c71fdb9b" /><TestEntry testListId="8c84fa94-04c1-424b-9868-57a2d4851a1d" testId="cb5bcd2a-f0e7-42ff-9699-ffe44c263667" executionId="cb5bcd2a-f0e7-42ff-9699-ffe44c263667" /><TestEntry testListId="8c84fa94-04c1-424b-9868-57a2d4851a1d" testId="7e408b81-ab5b-499e-bede-ff09463c5b4f" executionId="7e408b81-ab5b-499e-bede-ff09463c5b4f" /><TestEntry testListId="8c84fa94-04c1-424b-9868-57a2d4851a1d" testId="f4690514-3349-4c40-b9c0-7192259910db" executionId="f4690514-3349-4c40-b9c0-7192259910db" /><TestEntry testListId="8c84fa94-04c1-424b-9868-57a2d4851a1d" testId="b11bea9c-529e-4a8a-89ee-edcefea63dcb" executionId="b11bea9c-529e-4a8a-89ee-edcefea63dcb" /><TestEntry testListId="8c84fa94-04c1-424b-9868-57a2d4851a1d" testId="b61f44c7-bc54-4769-9471-1e5a78ef0892" executionId="b61f44c7-bc54-4769-9471-1e5a78ef0892" /><TestEntry testListId="8c84fa94-04c1-424b-9868-57a2d4851a1d" testId="a41ef98e-2c2d-4b1c-a7d1-470a3db44f9d" executionId="a41ef98e-2c2d-4b1c-a7d1-470a3db44f9d" /><TestEntry testListId="8c84fa94-04c1-424b-9868-57a2d4851a1d" testId="a53d6725-9473-455f-b2e7-850cf3f97c7f" executionId="a53d6725-9473-455f-b2e7-850cf3f97c7f" /><TestEntry testListId="8c84fa94-04c1-424b-9868-57a2d4851a1d" testId="104b0de3-b43b-415d-9772-3a41ec4cd4ba" executionId="104b0de3-b43b-415d-9772-3a41ec4cd4ba" /><TestEntry testListId="8c84fa94-04c1-424b-9868-57a2d4851a1d" testId="c71706bb-e1ff-4683-b12f-a8a028bca13e" executionId="c71706bb-e1ff-4683-b12f-a8a028bca13e" /><TestEntry testListId="8c84fa94-04c1-424b-9868-57a2d4851a1d" testId="1dc1309d-fb0d-4129-9b78-1613ed0e9790" executionId="1dc1309d-fb0d-4129-9b78-1613ed0e9790" /><TestEntry testListId="8c84fa94-04c1-424b-9868-57a2d4851a1d" testId="9f2f6652-6014-4362-a98a-ae203f79f668" executionId="9f2f6652-6014-4362-a98a-ae203f79f668" /><TestEntry testListId="8c84fa94-04c1-424b-9868-57a2d4851a1d" testId="04dd1e16-cf02-44d3-8b44-357766c44a65" executionId="04dd1e16-cf02-44d3-8b44-357766c44a65" /><TestEntry testListId="8c84fa94-04c1-424b-9868-57a2d4851a1d" testId="46208e9a-08cd-45fc-9681-42e16fc98f38" executionId="46208e9a-08cd-45fc-9681-42e16fc98f38" /><TestEntry testListId="8c84fa94-04c1-424b-9868-57a2d4851a1d" testId="a3451497-dd94-4606-8ef5-0f9889575ab0" executionId="a3451497-dd94-4606-8ef5-0f9889575ab0" /><TestEntry testListId="8c84fa94-04c1-424b-9868-57a2d4851a1d" testId="fb17ad18-7eb2-40bf-95bd-73eef993e292" executionId="fb17ad18-7eb2-40bf-95bd-73eef993e292" /><TestEntry testListId="8c84fa94-04c1-424b-9868-57a2d4851a1d" testId="2ed91b97-1c78-4c31-9340-a0ecffaed8d0" executionId="2ed91b97-1c78-4c31-9340-a0ecffaed8d0" /><TestEntry testListId="8c84fa94-04c1-424b-9868-57a2d4851a1d" testId="5fcce23d-a6a8-44cd-a07b-33d3561da3c3" executionId="5fcce23d-a6a8-44cd-a07b-33d3561da3c3" /><TestEntry testListId="8c84fa94-04c1-424b-9868-57a2d4851a1d" testId="89c88232-851c-43f5-88e3-fb742c1a0b90" executionId="89c88232-851c-43f5-88e3-fb742c1a0b90" /><TestEntry testListId="8c84fa94-04c1-424b-9868-57a2d4851a1d" testId="5dc4030e-5bba-4312-9239-e21262e11bfb" executionId="5dc4030e-5bba-4312-9239-e21262e11bfb" /><TestEntry testListId="8c84fa94-04c1-424b-9868-57a2d4851a1d" testId="bff5c893-ef9b-4a32-ac92-5eba43b81568" executionId="bff5c893-ef9b-4a32-ac92-5eba43b81568" /><TestEntry testListId="8c84fa94-04c1-424b-9868-57a2d4851a1d" testId="d7d0ee77-cafb-4f49-84a7-48c2571d1d44" executionId="d7d0ee77-cafb-4f49-84a7-48c2571d1d44" /><TestEntry testListId="8c84fa94-04c1-424b-9868-57a2d4851a1d" testId="31200816-0391-4661-b6d9-e74b7e945304" executionId="31200816-0391-4661-b6d9-e74b7e945304" /><TestEntry testListId="8c84fa94-04c1-424b-9868-57a2d4851a1d" testId="44eb4682-dd31-4094-b70d-a93f46095c6c" executionId="44eb4682-dd31-4094-b70d-a93f46095c6c" /><TestEntry testListId="8c84fa94-04c1-424b-9868-57a2d4851a1d" testId="8aab007d-7d1b-4ad4-93b9-b7136cdcafb6" executionId="8aab007d-7d1b-4ad4-93b9-b7136cdcafb6" /><TestEntry testListId="8c84fa94-04c1-424b-9868-57a2d4851a1d" testId="61647b05-58d1-4585-b218-6c2cbb430b32" executionId="61647b05-58d1-4585-b218-6c2cbb430b32" /><TestEntry testListId="8c84fa94-04c1-424b-9868-57a2d4851a1d" testId="831c1645-69a2-4d48-96ad-0c85c1be70ab" executionId="831c1645-69a2-4d48-96ad-0c85c1be70ab" /><TestEntry testListId="8c84fa94-04c1-424b-9868-57a2d4851a1d" testId="8fe12608-b9cc-4ed7-a80c-4b9ee5eb2c17" executionId="8fe12608-b9cc-4ed7-a80c-4b9ee5eb2c17" /><TestEntry testListId="8c84fa94-04c1-424b-9868-57a2d4851a1d" testId="66af46f8-30b8-4e4f-8c23-68b1a68d5f62" executionId="66af46f8-30b8-4e4f-8c23-68b1a68d5f62" /><TestEntry testListId="8c84fa94-04c1-424b-9868-57a2d4851a1d" testId="f6c5c674-dbd3-40a0-88e2-0701e23cab2f" executionId="f6c5c674-dbd3-40a0-88e2-0701e23cab2f" /><TestEntry testListId="8c84fa94-04c1-424b-9868-57a2d4851a1d" testId="9b468ce9-4cf2-401f-9be1-ef341b57bd02" executionId="9b468ce9-4cf2-401f-9be1-ef341b57bd02" /><TestEntry testListId="8c84fa94-04c1-424b-9868-57a2d4851a1d" testId="e16d2341-6e1f-4915-90ce-753343f0e5b5" executionId="e16d2341-6e1f-4915-90ce-753343f0e5b5" /></TestEntries><TestLists><TestList name="Results Not in a List" id="8c84fa94-04c1-424b-9868-57a2d4851a1d" /><TestList name="All Loaded Results" id="19431567-8539-422a-85d7-44ee4e166bda" /></TestLists><ResultSummary outcome="Completed"><Counters total="370" executed="370" passed="370" failed="0" error="0" timeout="0" aborted="0" inconclusive="0" passedButRunAborted="0" notRunnable="0" notExecuted="0" disconnected="0" warning="0" completed="0" inProgress="0" pending="0" /></ResultSummary></TestRun>