<TestRun id="9c330cce-9801-4d86-a5e2-ab6910280bb1" name="runneradmin@runnervmvmocb 2026-09-22T07:05:47.6191073+00:00" runUser="runneradmin" xmlns="http://microsoft.com/schemas/VisualStudio/TeamTest/2010"><Times creation="2026-09-22T07:05:47.6191073+00:00" queuing="2026-09-22T07:05:47.6191073+00:00" start="2026-09-22T07:05:47.6191073+00:00" finish="2026-09-22T07:05:50.0198226+00:00" /><TestSettings name="default" id="6c4d5628-128d-4c3b-a1a4-ab366a4594ad" /><Results><UnitTestResult testName="WindowsMaintenanceCenter.Tests.AdminWorkerTests.An_invalid_argument_never_reaches_the_runner" outcome="Passed" testType="13cdc9d9-ddb5-4fa4-a97d-d965ccfc6d4b" testListId="8c84fa94-04c1-424b-9868-57a2d4851a1d" testId="6bcd26d3-d670-456c-b617-860667dc66ef" executionId="6bcd26d3-d670-456c-b617-860667dc66ef" computerName="runnervmvmocb" duration="00:00:00.1310000" startTime="2026-09-22T07:05:47.8775751+00:00" endTime="2026-09-22T07:05:48.0309922+00:00" /><UnitTestResult testName="WindowsMaintenanceCenter.Tests.AdminWorkerTests.An_action_without_the_admin_requirement_runs_without_a_prompt" outcome="Passed" testType="13cdc9d9-ddb5-4fa4-a97d-d965ccfc6d4b" testListId="8c84fa94-04c1-424b-9868-57a2d4851a1d" testId="0d14b01f-1cd1-4573-ac6e-7120cb27a99a" executionId="0d14b01f-1cd1-4573-ac6e-7120cb27a99a" computerName="runnervmvmocb" duration="00:00:00.0760000" startTime="2026-09-22T07:05:48.0507159+00:00" endTime="2026-09-22T07:05:48.1270995+00:00" /><UnitTestResult testName="WindowsMaintenanceCenter.Tests.AdminWorkerTests.A_supplied_verification_confirms_the_result" outcome="Passed" testType="13cdc9d9-ddb5-4fa4-a97d-d965ccfc6d4b" testListId="8c84fa94-04c1-424b-9868-57a2d4851a1d" testId="3ec2004b-4bb1-477b-b511-af0ddf9b0fa6" executionId="3ec2004b-4bb1-477b-b511-af0ddf9b0fa6" computerName="runnervmvmocb" duration="00:00:00.0020000" startTime="2026-09-22T07:05:48.1275074+00:00" endTime="2026-09-22T07:05:48.1304770+00:00" /><UnitTestResult testName="WindowsMaintenanceCenter.Tests.AdminWorkerTests.A_verification_that_does_not_confirm_the_result_turns_it_into_a_failure" outcome="Passed" testType="13cdc9d9-ddb5-4fa4-a97d-d965ccfc6d4b" testListId="8c84fa94-04c1-424b-9868-57a2d4851a1d" testId="e859c415-73d0-4c9c-81bf-d91f408b71f1" executionId="e859c415-73d0-4c9c-81bf-d91f408b71f1" computerName="runnervmvmocb" duration="00:00:00.0010000" startTime="2026-09-22T07:05:48.1307434+00:00" endTime="2026-09-22T07:05:48.1325111+00:00" /><UnitTestResult testName="WindowsMaintenanceCenter.Tests.AdminWorkerTests.A_repair_without_a_secured_state_and_without_an_approval_starts_nothing" outcome="Passed" testType="13cdc9d9-ddb5-4fa4-a97d-d965ccfc6d4b" testListId="8c84fa94-04c1-424b-9868-57a2d4851a1d" testId="7a0ed45e-9f1e-41af-ab47-51d48a9d622d" executionId="7a0ed45e-9f1e-41af-ab47-51d48a9d622d" computerName="runnervmvmocb" duration="00:00:00.0020000" startTime="2026-09-22T07:05:48.1327673+00:00" endTime="2026-09-22T07:05:48.1356075+00:00" /><UnitTestResult testName="WindowsMaintenanceCenter.Tests.AdminWorkerTests.A_repair_with_the_secured_state_but_without_an_approval_still_starts_nothing" outcome="Passed" testType="13cdc9d9-ddb5-4fa4-a97d-d965ccfc6d4b" testListId="8c84fa94-04c1-424b-9868-57a2d4851a1d" testId="baffe740-bcad-43a2-9de5-4d53dd057a14" executionId="baffe740-bcad-43a2-9de5-4d53dd057a14" computerName="runnervmvmocb" duration="00:00:00.0010000" startTime="2026-09-22T07:05:48.1358659+00:00" endTime="2026-09-22T07:05:48.1378246+00:00" /><UnitTestResult testName="WindowsMaintenanceCenter.Tests.AdminWorkerTests.A_timeout_is_an_unknown_result_and_never_a_success" outcome="Passed" testType="13cdc9d9-ddb5-4fa4-a97d-d965ccfc6d4b" testListId="8c84fa94-04c1-424b-9868-57a2d4851a1d" testId="a04669b2-3700-4c6f-a6db-620952b7f5c0" executionId="a04669b2-3700-4c6f-a6db-620952b7f5c0" computerName="runnervmvmocb" duration="00:00:00.0010000" startTime="2026-09-22T07:05:48.1380997+00:00" endTime="2026-09-22T07:05:48.1399260+00:00" /><UnitTestResult testName="WindowsMaintenanceCenter.Tests.AdminWorkerTests.The_action_identifier_and_the_timeout_reach_the_runner" outcome="Passed" testType="13cdc9d9-ddb5-4fa4-a97d-d965ccfc6d4b" testListId="8c84fa94-04c1-424b-9868-57a2d4851a1d" testId="fa47fb00-39a6-4682-9d52-098c2e84f167" executionId="fa47fb00-39a6-4682-9d52-098c2e84f167" computerName="runnervmvmocb" duration="00:00:00.0200000" startTime="2026-09-22T07:05:48.1401927+00:00" endTime="2026-09-22T07:05:48.1607692+00:00" /><UnitTestResult testName="WindowsMaintenanceCenter.Tests.AdminWorkerTests.Every_refusal_is_written_to_the_audit_log" outcome="Passed" testType="13cdc9d9-ddb5-4fa4-a97d-d965ccfc6d4b" testListId="8c84fa94-04c1-424b-9868-57a2d4851a1d" testId="986ab73f-a2ad-41b2-ad2e-f770756e1bc8" executionId="986ab73f-a2ad-41b2-ad2e-f770756e1bc8" computerName="runnervmvmocb" duration="00:00:00.0010000" startTime="2026-09-22T07:05:48.1615750+00:00" endTime="2026-09-22T07:05:48.1632415+00:00" /><UnitTestResult testName="WindowsMaintenanceCenter.Tests.AdminWorkerTests.An_unregistered_action_starts_nothing" outcome="Passed" testType="13cdc9d9-ddb5-4fa4-a97d-d965ccfc6d4b" testListId="8c84fa94-04c1-424b-9868-57a2d4851a1d" testId="aa2254b2-22ca-4075-88b9-6cc9b10b5472" executionId="aa2254b2-22ca-4075-88b9-6cc9b10b5472" computerName="runnervmvmocb" duration="00:00:00.0010000" startTime="2026-09-22T07:05:48.1637396+00:00" endTime="2026-09-22T07:05:48.1652435+00:00" /><UnitTestResult testName="WindowsMaintenanceCenter.Tests.AdminWorkerTests.A_repair_with_backup_and_approval_runs_and_keeps_them_in_the_audit_entry" outcome="Passed" testType="13cdc9d9-ddb5-4fa4-a97d-d965ccfc6d4b" testListId="8c84fa94-04c1-424b-9868-57a2d4851a1d" testId="7ff6726f-5e46-4931-96dc-8b688bdfdf7b" executionId="7ff6726f-5e46-4931-96dc-8b688bdfdf7b" computerName="runnervmvmocb" duration="00:00:00.0020000" startTime="2026-09-22T07:05:48.1656631+00:00" endTime="2026-09-22T07:05:48.1680038+00:00" /><UnitTestResult testName="WindowsMaintenanceCenter.Tests.AdminWorkerTests.A_self_validating_action_counts_as_validated" outcome="Passed" testType="13cdc9d9-ddb5-4fa4-a97d-d965ccfc6d4b" testListId="8c84fa94-04c1-424b-9868-57a2d4851a1d" testId="d3eb1aec-ae0c-4103-9998-d48a1e0ba1f9" executionId="d3eb1aec-ae0c-4103-9998-d48a1e0ba1f9" computerName="runnervmvmocb" duration="00:00:00.0010000" startTime="2026-09-22T07:05:48.1684850+00:00" endTime="2026-09-22T07:05:48.1699743+00:00" /><UnitTestResult testName="WindowsMaintenanceCenter.Tests.AdminWorkerTests.A_non_zero_exit_code_is_a_failure_and_not_a_success" outcome="Passed" testType="13cdc9d9-ddb5-4fa4-a97d-d965ccfc6d4b" testListId="8c84fa94-04c1-424b-9868-57a2d4851a1d" testId="31751510-12a8-490c-a2cd-ec75e0d72dcb" executionId="31751510-12a8-490c-a2cd-ec75e0d72dcb" computerName="runnervmvmocb" duration="00:00:00.0050000" startTime="2026-09-22T07:05:48.1704282+00:00" endTime="2026-09-22T07:05:48.1761709+00:00" /><UnitTestResult testName="WindowsMaintenanceCenter.Tests.AdminWorkerTests.Without_a_verification_the_run_is_not_called_success_in_the_summary" outcome="Passed" testType="13cdc9d9-ddb5-4fa4-a97d-d965ccfc6d4b" testListId="8c84fa94-04c1-424b-9868-57a2d4851a1d" testId="de48232f-c3cc-42c2-8e91-b4ae267e1d32" executionId="de48232f-c3cc-42c2-8e91-b4ae267e1d32" computerName="runnervmvmocb" duration="00:00:00.0010000" startTime="2026-09-22T07:05:48.1766297+00:00" endTime="2026-09-22T07:05:48.1780179+00:00" /><UnitTestResult testName="WindowsMaintenanceCenter.Tests.AdminWorkerTests.An_action_that_needs_rights_is_blocked_when_they_are_missing" outcome="Passed" testType="13cdc9d9-ddb5-4fa4-a97d-d965ccfc6d4b" testListId="8c84fa94-04c1-424b-9868-57a2d4851a1d" testId="9081f5e1-b483-493f-8729-6138746cf43f" executionId="9081f5e1-b483-493f-8729-6138746cf43f" computerName="runnervmvmocb" duration="00:00:00.0010000" startTime="2026-09-22T07:05:48.1784568+00:00" endTime="2026-09-22T07:05:48.1802014+00:00" /><UnitTestResult testName="WindowsMaintenanceCenter.Tests.InventoryFailureTests.An_unavailable_provider_is_reported_instead_of_producing_an_empty_snapshot" outcome="Passed" testType="13cdc9d9-ddb5-4fa4-a97d-d965ccfc6d4b" testListId="8c84fa94-04c1-424b-9868-57a2d4851a1d" testId="3d84c558-82f7-42f5-b47c-7bde920de2ed" executionId="3d84c558-82f7-42f5-b47c-7bde920de2ed" computerName="runnervmvmocb" duration="00:00:00.2859999" startTime="2026-09-22T07:05:47.8873410+00:00" endTime="2026-09-22T07:05:48.1846126+00:00" /><UnitTestResult testName="WindowsMaintenanceCenter.Tests.InventoryFailureTests.StepCount_matches_the_read_methods_of_the_provider" outcome="Passed" testType="13cdc9d9-ddb5-4fa4-a97d-d965ccfc6d4b" testListId="8c84fa94-04c1-424b-9868-57a2d4851a1d" testId="ff1cd113-af0b-420f-852b-ce2f3f47fb50" executionId="ff1cd113-af0b-420f-852b-ce2f3f47fb50" computerName="runnervmvmocb" duration="00:00:00.0000000" startTime="2026-09-22T07:05:48.1883495+00:00" endTime="2026-09-22T07:05:48.1892491+00:00" /><UnitTestResult testName="WindowsMaintenanceCenter.Tests.InventoryFailureTests.A_failed_read_becomes_a_problem_in_the_snapshot" outcome="Passed" testType="13cdc9d9-ddb5-4fa4-a97d-d965ccfc6d4b" testListId="8c84fa94-04c1-424b-9868-57a2d4851a1d" testId="21a71c39-555e-4d08-af92-42a442a6cdd1" executionId="21a71c39-555e-4d08-af92-42a442a6cdd1" computerName="runnervmvmocb" duration="00:00:00.0540000" startTime="2026-09-22T07:05:48.1895037+00:00" endTime="2026-09-22T07:05:48.2442793+00:00" /><UnitTestResult testName="WindowsMaintenanceCenter.Tests.InventoryFailureTests.A_later_pass_does_not_present_the_findings_of_an_earlier_one" outcome="Passed" testType="13cdc9d9-ddb5-4fa4-a97d-d965ccfc6d4b" testListId="8c84fa94-04c1-424b-9868-57a2d4851a1d" testId="452134db-def9-4131-92e4-6839f1a9e8bf" executionId="452134db-def9-4131-92e4-6839f1a9e8bf" computerName="runnervmvmocb" duration="00:00:00.0120000" startTime="2026-09-22T07:05:48.2446876+00:00" endTime="2026-09-22T07:05:48.2573370+00:00" /><UnitTestResult testName="WindowsMaintenanceCenter.Tests.SystemActionCatalogTests.The_released_actions_are_exactly_the_read_only_queries" outcome="Passed" testType="13cdc9d9-ddb5-4fa4-a97d-d965ccfc6d4b" testListId="8c84fa94-04c1-424b-9868-57a2d4851a1d" testId="899668d2-dd77-41fc-bffc-cf21e50adbf9" executionId="899668d2-dd77-41fc-bffc-cf21e50adbf9" computerName="runnervmvmocb" duration="00:00:00.0030000" startTime="2026-09-22T07:05:48.2583130+00:00" endTime="2026-09-22T07:05:48.2615826+00:00" /><UnitTestResult testName="WindowsMaintenanceCenter.Tests.SystemActionCatalogTests.An_action_that_changes_system_files_demands_a_backup_and_an_approval" outcome="Passed" testType="13cdc9d9-ddb5-4fa4-a97d-d965ccfc6d4b" testListId="8c84fa94-04c1-424b-9868-57a2d4851a1d" testId="9cbda136-cd96-487c-9da9-11d024191a25" executionId="9cbda136-cd96-487c-9da9-11d024191a25" computerName="runnervmvmocb" duration="00:00:00.0000000" startTime="2026-09-22T07:05:48.2618025+00:00" endTime="2026-09-22T07:05:48.2627476+00:00" /><UnitTestResult testName="WindowsMaintenanceCenter.Tests.SystemActionCatalogTests.A_released_query_is_approved_by_the_registry_without_any_argument" outcome="Passed" testType="13cdc9d9-ddb5-4fa4-a97d-d965ccfc6d4b" testListId="8c84fa94-04c1-424b-9868-57a2d4851a1d" testId="89417444-fcde-4ee6-94a4-4f1cef6a990b" executionId="89417444-fcde-4ee6-94a4-4f1cef6a990b" computerName="runnervmvmocb" duration="00:00:00.0000000" startTime="2026-09-22T07:05:48.2629872+00:00" endTime="2026-09-22T07:05:48.2632980+00:00" /><UnitTestResult testName="WindowsMaintenanceCenter.Tests.SystemActionCatalogTests.Every_action_has_a_unique_identifier_in_the_form_area_dot_name" outcome="Passed" testType="13cdc9d9-ddb5-4fa4-a97d-d965ccfc6d4b" testListId="8c84fa94-04c1-424b-9868-57a2d4851a1d" testId="cdfeb9b8-797d-4bc2-95a1-2a2c6f65c5cb" executionId="cdfeb9b8-797d-4bc2-95a1-2a2c6f65c5cb" computerName="runnervmvmocb" duration="00:00:00.0010000" startTime="2026-09-22T07:05:48.2635013+00:00" endTime="2026-09-22T07:05:48.2650463+00:00" /><UnitTestResult testName="WindowsMaintenanceCenter.Tests.PlatformReaderTests.A_size_is_formatted_with_the_unit_that_fits(bytes: 0, expected: &quot;0 B&quot;)" outcome="Passed" testType="13cdc9d9-ddb5-4fa4-a97d-d965ccfc6d4b" testListId="8c84fa94-04c1-424b-9868-57a2d4851a1d" testId="80c604e4-154a-43b6-9edc-d7d7c5ee7a7a" executionId="80c604e4-154a-43b6-9edc-d7d7c5ee7a7a" computerName="runnervmvmocb" duration="00:00:00.0000000" startTime="2026-09-22T07:05:48.2711166+00:00" endTime="2026-09-22T07:05:48.2717917+00:00" /><UnitTestResult testName="WindowsMaintenanceCenter.Tests.PlatformReaderTests.A_size_is_formatted_with_the_unit_that_fits(bytes: 999, expected: &quot;999 B&quot;)" outcome="Passed" testType="13cdc9d9-ddb5-4fa4-a97d-d965ccfc6d4b" testListId="8c84fa94-04c1-424b-9868-57a2d4851a1d" testId="b97de356-8b2f-4b12-a70d-1d584c819c0e" executionId="b97de356-8b2f-4b12-a70d-1d584c819c0e" computerName="runnervmvmocb" duration="00:00:00.0000000" startTime="2026-09-22T07:05:48.2718196+00:00" endTime="2026-09-22T07:05:48.2724049+00:00" /><UnitTestResult testName="WindowsMaintenanceCenter.Tests.PlatformReaderTests.A_size_is_formatted_with_the_unit_that_fits(bytes: 1536, expected: &quot;1.5 KiB&quot;)" outcome="Passed" testType="13cdc9d9-ddb5-4fa4-a97d-d965ccfc6d4b" testListId="8c84fa94-04c1-424b-9868-57a2d4851a1d" testId="2ac01e67-f2d2-4f01-b8ec-c365397f4e01" executionId="2ac01e67-f2d2-4f01-b8ec-c365397f4e01" computerName="runnervmvmocb" duration="00:00:00.0000000" startTime="2026-09-22T07:05:48.2724413+00:00" endTime="2026-09-22T07:05:48.2725037+00:00" /><UnitTestResult testName="WindowsMaintenanceCenter.Tests.PlatformReaderTests.A_size_is_formatted_with_the_unit_that_fits(bytes: 1073741824, expected: &quot;1 GiB&quot;)" outcome="Passed" testType="13cdc9d9-ddb5-4fa4-a97d-d965ccfc6d4b" testListId="8c84fa94-04c1-424b-9868-57a2d4851a1d" testId="476c465d-0fa3-499e-8cf5-9eac866b87e1" executionId="476c465d-0fa3-499e-8cf5-9eac866b87e1" computerName="runnervmvmocb" duration="00:00:00.0000000" startTime="2026-09-22T07:05:48.2725309+00:00" endTime="2026-09-22T07:05:48.2725808+00:00" /><UnitTestResult testName="WindowsMaintenanceCenter.Tests.PlatformReaderTests.All_readable_profiles_enabled_is_the_healthy_state" outcome="Passed" testType="13cdc9d9-ddb5-4fa4-a97d-d965ccfc6d4b" testListId="8c84fa94-04c1-424b-9868-57a2d4851a1d" testId="942620b0-6201-4856-8c4b-841f1fb34736" executionId="942620b0-6201-4856-8c4b-841f1fb34736" computerName="runnervmvmocb" duration="00:00:00.0080000" startTime="2026-09-22T07:05:48.2728169+00:00" endTime="2026-09-22T07:05:48.2811079+00:00" /><UnitTestResult testName="WindowsMaintenanceCenter.Tests.PlatformReaderTests.An_unreadable_firewall_provider_is_reported_as_unreadable" outcome="Passed" testType="13cdc9d9-ddb5-4fa4-a97d-d965ccfc6d4b" testListId="8c84fa94-04c1-424b-9868-57a2d4851a1d" testId="e84bf38b-f022-4071-896b-a53fc774f704" executionId="e84bf38b-f022-4071-896b-a53fc774f704" computerName="runnervmvmocb" duration="00:00:00.0000000" startTime="2026-09-22T07:05:48.2813466+00:00" endTime="2026-09-22T07:05:48.2816445+00:00" /><UnitTestResult testName="WindowsMaintenanceCenter.Tests.SystemActionCatalogTests.A_volume_argument_of_the_disk_check_is_validated_before_it_could_be_used" outcome="Passed" testType="13cdc9d9-ddb5-4fa4-a97d-d965ccfc6d4b" testListId="8c84fa94-04c1-424b-9868-57a2d4851a1d" testId="27bc0289-5006-49b9-82fe-bd4cebd2a912" executionId="27bc0289-5006-49b9-82fe-bd4cebd2a912" computerName="runnervmvmocb" duration="00:00:00.0370000" startTime="2026-09-22T07:05:48.2652940+00:00" endTime="2026-09-22T07:05:48.3028224+00:00" /><UnitTestResult testName="WindowsMaintenanceCenter.Tests.SystemActionCatalogTests.Every_action_names_a_program_without_a_path_and_a_timeout" outcome="Passed" testType="13cdc9d9-ddb5-4fa4-a97d-d965ccfc6d4b" testListId="8c84fa94-04c1-424b-9868-57a2d4851a1d" testId="a7b07ffc-6a66-4010-b5d8-4e3eb6789f1d" executionId="a7b07ffc-6a66-4010-b5d8-4e3eb6789f1d" computerName="runnervmvmocb" duration="00:00:00.0050000" startTime="2026-09-22T07:05:48.3034572+00:00" endTime="2026-09-22T07:05:48.3089962+00:00" /><UnitTestResult testName="WindowsMaintenanceCenter.Tests.SystemActionCatalogTests.The_registry_takes_the_whole_catalogue_and_refuses_the_unreleased_ones" outcome="Passed" testType="13cdc9d9-ddb5-4fa4-a97d-d965ccfc6d4b" testListId="8c84fa94-04c1-424b-9868-57a2d4851a1d" testId="f98cedde-0536-4c6f-b74c-d79ff5683d91" executionId="f98cedde-0536-4c6f-b74c-d79ff5683d91" computerName="runnervmvmocb" duration="00:00:00.0000000" startTime="2026-09-22T07:05:48.3094138+00:00" endTime="2026-09-22T07:05:48.3101023+00:00" /><UnitTestResult testName="WindowsMaintenanceCenter.Tests.SystemActionCatalogTests.An_unreleased_action_is_marked_as_such_and_states_its_risk" outcome="Passed" testType="13cdc9d9-ddb5-4fa4-a97d-d965ccfc6d4b" testListId="8c84fa94-04c1-424b-9868-57a2d4851a1d" testId="a0937b10-a711-4252-90b2-9079c1cefe87" executionId="a0937b10-a711-4252-90b2-9079c1cefe87" computerName="runnervmvmocb" duration="00:00:00.0000000" startTime="2026-09-22T07:05:48.3104906+00:00" endTime="2026-09-22T07:05:48.3114301+00:00" /><UnitTestResult testName="WindowsMaintenanceCenter.Tests.SystemActionCatalogTests.A_released_action_needs_no_administrator_rights_and_changes_nothing" outcome="Passed" testType="13cdc9d9-ddb5-4fa4-a97d-d965ccfc6d4b" testListId="8c84fa94-04c1-424b-9868-57a2d4851a1d" testId="4ca9d462-f5c4-4196-b5f9-1021daff3c13" executionId="4ca9d462-f5c4-4196-b5f9-1021daff3c13" computerName="runnervmvmocb" duration="00:00:00.0000000" startTime="2026-09-22T07:05:48.3117865+00:00" endTime="2026-09-22T07:05:48.3128042+00:00" /><UnitTestResult testName="WindowsMaintenanceCenter.Tests.SystemActionCatalogTests.A_rollback_action_that_is_named_has_to_be_registered_as_well" outcome="Passed" testType="13cdc9d9-ddb5-4fa4-a97d-d965ccfc6d4b" testListId="8c84fa94-04c1-424b-9868-57a2d4851a1d" testId="7976dbff-94d8-4ca3-a1f9-cb28662f9b24" executionId="7976dbff-94d8-4ca3-a1f9-cb28662f9b24" computerName="runnervmvmocb" duration="00:00:00.0000000" startTime="2026-09-22T07:05:48.3131764+00:00" endTime="2026-09-22T07:05:48.3140978+00:00" /><UnitTestResult testName="WindowsMaintenanceCenter.Tests.SystemActionCatalogTests.Every_placeholder_in_a_template_belongs_to_a_declared_argument_and_the_other_way_round" outcome="Passed" testType="13cdc9d9-ddb5-4fa4-a97d-d965ccfc6d4b" testListId="8c84fa94-04c1-424b-9868-57a2d4851a1d" testId="ce06429f-932a-4d67-bbd2-7728e78ed89d" executionId="ce06429f-932a-4d67-bbd2-7728e78ed89d" computerName="runnervmvmocb" duration="00:00:00.0090000" startTime="2026-09-22T07:05:48.3143191+00:00" endTime="2026-09-22T07:05:48.3234726+00:00" /><UnitTestResult testName="WindowsMaintenanceCenter.Tests.SimulationFixtureTests.The_fixture_contains_one_device_with_a_problem_code_for_the_diagnostics" outcome="Passed" testType="13cdc9d9-ddb5-4fa4-a97d-d965ccfc6d4b" testListId="8c84fa94-04c1-424b-9868-57a2d4851a1d" testId="777cb886-0fc3-4956-8cc2-5616dcb088d2" executionId="777cb886-0fc3-4956-8cc2-5616dcb088d2" computerName="runnervmvmocb" duration="00:00:00.0010000" startTime="2026-09-22T07:05:48.3243843+00:00" endTime="2026-09-22T07:05:48.3263963+00:00" /><UnitTestResult testName="WindowsMaintenanceCenter.Tests.SimulationFixtureTests.Windows_identity_is_present_for_the_windows_checks" outcome="Passed" testType="13cdc9d9-ddb5-4fa4-a97d-d965ccfc6d4b" testListId="8c84fa94-04c1-424b-9868-57a2d4851a1d" testId="da504d8e-8526-4b99-844c-01afbb049dda" executionId="da504d8e-8526-4b99-844c-01afbb049dda" computerName="runnervmvmocb" duration="00:00:00.0010000" startTime="2026-09-22T07:05:48.3266546+00:00" endTime="2026-09-22T07:05:48.3278573+00:00" /><UnitTestResult testName="WindowsMaintenanceCenter.Tests.SimulationFixtureTests.The_provider_declares_itself_as_simulation" outcome="Passed" testType="13cdc9d9-ddb5-4fa4-a97d-d965ccfc6d4b" testListId="8c84fa94-04c1-424b-9868-57a2d4851a1d" testId="0f9313f0-bc14-448f-8cba-26b4526741ad" executionId="0f9313f0-bc14-448f-8cba-26b4526741ad" computerName="runnervmvmocb" duration="00:00:00.0000000" startTime="2026-09-22T07:05:48.3281845+00:00" endTime="2026-09-22T07:05:48.3283921+00:00" /><UnitTestResult testName="WindowsMaintenanceCenter.Tests.SimulationFixtureTests.The_board_revision_is_not_claimed_as_verified" outcome="Passed" testType="13cdc9d9-ddb5-4fa4-a97d-d965ccfc6d4b" testListId="8c84fa94-04c1-424b-9868-57a2d4851a1d" testId="462dd6af-4727-494d-b63a-7438d1066c43" executionId="462dd6af-4727-494d-b63a-7438d1066c43" computerName="runnervmvmocb" duration="00:00:00.0000000" startTime="2026-09-22T07:05:48.3286104+00:00" endTime="2026-09-22T07:05:48.3294456+00:00" /><UnitTestResult testName="WindowsMaintenanceCenter.Tests.SimulationFixtureTests.Every_read_value_carries_an_origin" outcome="Passed" testType="13cdc9d9-ddb5-4fa4-a97d-d965ccfc6d4b" testListId="8c84fa94-04c1-424b-9868-57a2d4851a1d" testId="dadc4f80-f8ab-43c5-b25c-a4fa6d9f348f" executionId="dadc4f80-f8ab-43c5-b25c-a4fa6d9f348f" computerName="runnervmvmocb" duration="00:00:00.0020000" startTime="2026-09-22T07:05:48.3296861+00:00" endTime="2026-09-22T07:05:48.3318903+00:00" /><UnitTestResult testName="WindowsMaintenanceCenter.Tests.SimulationFixtureTests.A_value_that_cannot_be_provided_is_unknown_with_a_reason" outcome="Passed" testType="13cdc9d9-ddb5-4fa4-a97d-d965ccfc6d4b" testListId="8c84fa94-04c1-424b-9868-57a2d4851a1d" testId="40b45a7f-a79f-4e44-bfd7-b5334508d20f" executionId="40b45a7f-a79f-4e44-bfd7-b5334508d20f" computerName="runnervmvmocb" duration="00:00:00.0000000" startTime="2026-09-22T07:05:48.3321217+00:00" endTime="2026-09-22T07:05:48.3331334+00:00" /><UnitTestResult testName="WindowsMaintenanceCenter.Tests.SimulationFixtureTests.Model_values_are_prefixed_so_they_can_never_be_mistaken_for_a_measurement" outcome="Passed" testType="13cdc9d9-ddb5-4fa4-a97d-d965ccfc6d4b" testListId="8c84fa94-04c1-424b-9868-57a2d4851a1d" testId="ad9643b1-70b5-45b3-bf2b-826476e696e0" executionId="ad9643b1-70b5-45b3-bf2b-826476e696e0" computerName="runnervmvmocb" duration="00:00:00.0010000" startTime="2026-09-22T07:05:48.3333634+00:00" endTime="2026-09-22T07:05:48.3346871+00:00" /><UnitTestResult testName="WindowsMaintenanceCenter.Tests.SimulationFixtureTests.A_desktop_machine_reports_no_battery_instead_of_a_fake_one" outcome="Passed" testType="13cdc9d9-ddb5-4fa4-a97d-d965ccfc6d4b" testListId="8c84fa94-04c1-424b-9868-57a2d4851a1d" testId="9bf35db4-452d-4d49-96a9-d9b60a735421" executionId="9bf35db4-452d-4d49-96a9-d9b60a735421" computerName="runnervmvmocb" duration="00:00:00.0000000" startTime="2026-09-22T07:05:48.3349176+00:00" endTime="2026-09-22T07:05:48.3357148+00:00" /><UnitTestResult testName="WindowsMaintenanceCenter.Tests.PlatformReaderTests.The_verdict_follows_the_reported_state(enabled: False, activated: null, expected: Disabled)" outcome="Passed" testType="13cdc9d9-ddb5-4fa4-a97d-d965ccfc6d4b" testListId="8c84fa94-04c1-424b-9868-57a2d4851a1d" testId="d749a995-e886-4efc-8bcc-d7085878efc9" executionId="d749a995-e886-4efc-8bcc-d7085878efc9" computerName="runnervmvmocb" duration="00:00:00.0560000" startTime="2026-09-22T07:05:48.2829077+00:00" endTime="2026-09-22T07:05:48.3399456+00:00" /><UnitTestResult testName="WindowsMaintenanceCenter.Tests.PlatformReaderTests.The_verdict_follows_the_reported_state(enabled: True, activated: False, expected: EnabledNotActivated)" outcome="Passed" testType="13cdc9d9-ddb5-4fa4-a97d-d965ccfc6d4b" testListId="8c84fa94-04c1-424b-9868-57a2d4851a1d" testId="453ac323-5139-4d7e-86f5-c06d79d02e05" executionId="453ac323-5139-4d7e-86f5-c06d79d02e05" computerName="runnervmvmocb" duration="00:00:00.0000000" startTime="2026-09-22T07:05:48.3401035+00:00" endTime="2026-09-22T07:05:48.3406524+00:00" /><UnitTestResult testName="WindowsMaintenanceCenter.Tests.PlatformReaderTests.The_verdict_follows_the_reported_state(enabled: True, activated: True, expected: Ready)" outcome="Passed" testType="13cdc9d9-ddb5-4fa4-a97d-d965ccfc6d4b" testListId="8c84fa94-04c1-424b-9868-57a2d4851a1d" testId="33bfb481-9fe7-483f-abfa-216eb9e8a861" executionId="33bfb481-9fe7-483f-abfa-216eb9e8a861" computerName="runnervmvmocb" duration="00:00:00.0000000" startTime="2026-09-22T07:05:48.3407631+00:00" endTime="2026-09-22T07:05:48.3408746+00:00" /><UnitTestResult testName="WindowsMaintenanceCenter.Tests.PlatformReaderTests.A_size_that_was_not_measured_uses_the_text_of_the_caller" outcome="Passed" testType="13cdc9d9-ddb5-4fa4-a97d-d965ccfc6d4b" testListId="8c84fa94-04c1-424b-9868-57a2d4851a1d" testId="1f11a1ce-560c-4181-ac96-380b6454649b" executionId="1f11a1ce-560c-4181-ac96-380b6454649b" computerName="runnervmvmocb" duration="00:00:00.0000000" startTime="2026-09-22T07:05:48.3412672+00:00" endTime="2026-09-22T07:05:48.3416986+00:00" /><UnitTestResult testName="WindowsMaintenanceCenter.Tests.PlatformReaderTests.An_empty_profile_list_is_unreadable_and_not_healthy" outcome="Passed" testType="13cdc9d9-ddb5-4fa4-a97d-d965ccfc6d4b" testListId="8c84fa94-04c1-424b-9868-57a2d4851a1d" testId="ad438e74-8c76-4299-a74e-3f2c690dc622" executionId="ad438e74-8c76-4299-a74e-3f2c690dc622" computerName="runnervmvmocb" duration="00:00:00.0000000" startTime="2026-09-22T07:05:48.3421365+00:00" endTime="2026-09-22T07:05:48.3423926+00:00" /><UnitTestResult testName="WindowsMaintenanceCenter.Tests.PlatformReaderTests.A_partially_reported_state_stays_unknown(enabled: null, activated: True)" outcome="Passed" testType="13cdc9d9-ddb5-4fa4-a97d-d965ccfc6d4b" testListId="8c84fa94-04c1-424b-9868-57a2d4851a1d" testId="210d5600-b687-4734-9f30-eda92aaee2a2" executionId="210d5600-b687-4734-9f30-eda92aaee2a2" computerName="runnervmvmocb" duration="00:00:00.0000000" startTime="2026-09-22T07:05:48.3429965+00:00" endTime="2026-09-22T07:05:48.3432694+00:00" /><UnitTestResult testName="WindowsMaintenanceCenter.Tests.PlatformReaderTests.A_partially_reported_state_stays_unknown(enabled: True, activated: null)" outcome="Passed" testType="13cdc9d9-ddb5-4fa4-a97d-d965ccfc6d4b" testListId="8c84fa94-04c1-424b-9868-57a2d4851a1d" testId="25f68548-0724-4202-88c0-e782ad939631" executionId="25f68548-0724-4202-88c0-e782ad939631" computerName="runnervmvmocb" duration="00:00:00.0000000" startTime="2026-09-22T07:05:48.3433906+00:00" endTime="2026-09-22T07:05:48.3437766+00:00" /><UnitTestResult testName="WindowsMaintenanceCenter.Tests.PlatformReaderTests.A_machine_without_a_tpm_instance_is_reported_as_not_present" outcome="Passed" testType="13cdc9d9-ddb5-4fa4-a97d-d965ccfc6d4b" testListId="8c84fa94-04c1-424b-9868-57a2d4851a1d" testId="067e7e92-676e-4c62-83a2-8acc48794c6e" executionId="067e7e92-676e-4c62-83a2-8acc48794c6e" computerName="runnervmvmocb" duration="00:00:00.0000000" startTime="2026-09-22T07:05:48.3442221+00:00" endTime="2026-09-22T07:05:48.3445563+00:00" /><UnitTestResult testName="WindowsMaintenanceCenter.Tests.PlatformReaderTests.A_disabled_profile_is_a_finding_even_when_another_state_was_not_reported" outcome="Passed" testType="13cdc9d9-ddb5-4fa4-a97d-d965ccfc6d4b" testListId="8c84fa94-04c1-424b-9868-57a2d4851a1d" testId="660d8006-c42d-44a6-bc10-87c4ad67d5d8" executionId="660d8006-c42d-44a6-bc10-87c4ad67d5d8" computerName="runnervmvmocb" duration="00:00:00.0080000" startTime="2026-09-22T07:05:48.3449382+00:00" endTime="2026-09-22T07:05:48.3539636+00:00" /><UnitTestResult testName="WindowsMaintenanceCenter.Tests.PlatformReaderTests.The_reader_only_reads_the_documented_win32_tpm_class" outcome="Passed" testType="13cdc9d9-ddb5-4fa4-a97d-d965ccfc6d4b" testListId="8c84fa94-04c1-424b-9868-57a2d4851a1d" testId="9d55ba95-f258-4672-b25a-f631301bbd6b" executionId="9d55ba95-f258-4672-b25a-f631301bbd6b" computerName="runnervmvmocb" duration="00:00:00.0000000" startTime="2026-09-22T07:05:48.3543791+00:00" endTime="2026-09-22T07:05:48.3545889+00:00" /><UnitTestResult testName="WindowsMaintenanceCenter.Tests.PlatformReaderTests.A_signed_size_is_formatted_the_same_way_and_a_negative_one_is_not_a_size" outcome="Passed" testType="13cdc9d9-ddb5-4fa4-a97d-d965ccfc6d4b" testListId="8c84fa94-04c1-424b-9868-57a2d4851a1d" testId="06ca83d2-bdf1-4978-864b-dc91bb035ff1" executionId="06ca83d2-bdf1-4978-864b-dc91bb035ff1" computerName="runnervmvmocb" duration="00:00:00.0000000" startTime="2026-09-22T07:05:48.3549778+00:00" endTime="2026-09-22T07:05:48.3558900+00:00" /><UnitTestResult testName="WindowsMaintenanceCenter.Tests.PlatformReaderTests.An_unreadable_tpm_is_unknown_and_never_disabled" outcome="Passed" testType="13cdc9d9-ddb5-4fa4-a97d-d965ccfc6d4b" testListId="8c84fa94-04c1-424b-9868-57a2d4851a1d" testId="aaf211a8-2dcc-455a-9603-9a21ba051cca" executionId="aaf211a8-2dcc-455a-9603-9a21ba051cca" computerName="runnervmvmocb" duration="00:00:00.0000000" startTime="2026-09-22T07:05:48.3562763+00:00" endTime="2026-09-22T07:05:48.3566576+00:00" /><UnitTestResult testName="WindowsMaintenanceCenter.Tests.PlatformReaderTests.The_specification_generation_is_taken_from_the_reported_version(reported: &quot;2.0, 0, 1.16&quot;, expected: &quot;2.0&quot;)" outcome="Passed" testType="13cdc9d9-ddb5-4fa4-a97d-d965ccfc6d4b" testListId="8c84fa94-04c1-424b-9868-57a2d4851a1d" testId="c0e235eb-7ee3-4e19-81b2-9b9c271cef12" executionId="c0e235eb-7ee3-4e19-81b2-9b9c271cef12" computerName="runnervmvmocb" duration="00:00:00.0000000" startTime="2026-09-22T07:05:48.3574154+00:00" endTime="2026-09-22T07:05:48.3577878+00:00" /><UnitTestResult testName="WindowsMaintenanceCenter.Tests.PlatformReaderTests.The_specification_generation_is_taken_from_the_reported_version(reported: &quot;1.2, 2, 0&quot;, expected: &quot;1.2&quot;)" outcome="Passed" testType="13cdc9d9-ddb5-4fa4-a97d-d965ccfc6d4b" testListId="8c84fa94-04c1-424b-9868-57a2d4851a1d" testId="fedf7e21-c6e5-47f7-bf41-20d42b288646" executionId="fedf7e21-c6e5-47f7-bf41-20d42b288646" computerName="runnervmvmocb" duration="00:00:00.0000000" startTime="2026-09-22T07:05:48.3578996+00:00" endTime="2026-09-22T07:05:48.3582921+00:00" /><UnitTestResult testName="WindowsMaintenanceCenter.Tests.PlatformReaderTests.The_specification_generation_is_taken_from_the_reported_version(reported: &quot;  2.0  &quot;, expected: &quot;2.0&quot;)" outcome="Passed" testType="13cdc9d9-ddb5-4fa4-a97d-d965ccfc6d4b" testListId="8c84fa94-04c1-424b-9868-57a2d4851a1d" testId="c7c66090-71ff-4518-a2aa-a5c6d3c055ee" executionId="c7c66090-71ff-4518-a2aa-a5c6d3c055ee" computerName="runnervmvmocb" duration="00:00:00.0000000" startTime="2026-09-22T07:05:48.3584090+00:00" endTime="2026-09-22T07:05:48.3585510+00:00" /><UnitTestResult testName="WindowsMaintenanceCenter.Tests.PlatformReaderTests.The_specification_generation_is_taken_from_the_reported_version(reported: &quot;&quot;, expected: null)" outcome="Passed" testType="13cdc9d9-ddb5-4fa4-a97d-d965ccfc6d4b" testListId="8c84fa94-04c1-424b-9868-57a2d4851a1d" testId="7a29d7d3-76f0-464e-83d2-3a3cdb4f3cc3" executionId="7a29d7d3-76f0-464e-83d2-3a3cdb4f3cc3" computerName="runnervmvmocb" duration="00:00:00.0000000" startTime="2026-09-22T07:05:48.3586564+00:00" endTime="2026-09-22T07:05:48.3587739+00:00" /><UnitTestResult testName="WindowsMaintenanceCenter.Tests.PlatformReaderTests.The_specification_generation_is_taken_from_the_reported_version(reported: null, expected: null)" outcome="Passed" testType="13cdc9d9-ddb5-4fa4-a97d-d965ccfc6d4b" testListId="8c84fa94-04c1-424b-9868-57a2d4851a1d" testId="ee28fe9a-0b07-4ab9-83b0-6b9da7a76a2e" executionId="ee28fe9a-0b07-4ab9-83b0-6b9da7a76a2e" computerName="runnervmvmocb" duration="00:00:00.0000000" startTime="2026-09-22T07:05:48.3588760+00:00" endTime="2026-09-22T07:05:48.3590027+00:00" /><UnitTestResult testName="WindowsMaintenanceCenter.Tests.SimulationFixtureTests.System_identity_is_marked_as_simulation" outcome="Passed" testType="13cdc9d9-ddb5-4fa4-a97d-d965ccfc6d4b" testListId="8c84fa94-04c1-424b-9868-57a2d4851a1d" testId="d0d1f630-ef97-4734-9ebf-afc38cfe3676" executionId="d0d1f630-ef97-4734-9ebf-afc38cfe3676" computerName="runnervmvmocb" duration="00:00:00.0000000" startTime="2026-09-22T07:05:48.3601383+00:00" endTime="2026-09-22T07:05:48.3611099+00:00" /><UnitTestResult testName="WindowsMaintenanceCenter.Tests.SimulationFixtureTests.Repeated_reads_return_the_same_values" outcome="Passed" testType="13cdc9d9-ddb5-4fa4-a97d-d965ccfc6d4b" testListId="8c84fa94-04c1-424b-9868-57a2d4851a1d" testId="d0ab5695-978f-475e-a11f-fa99da730b09" executionId="d0ab5695-978f-475e-a11f-fa99da730b09" computerName="runnervmvmocb" duration="00:00:00.0010000" startTime="2026-09-22T07:05:48.3615113+00:00" endTime="2026-09-22T07:05:48.3630167+00:00" /><UnitTestResult testName="WindowsMaintenanceCenter.Tests.OverallStatusCalculatorTests.Module_without_executed_checks_keeps_the_overall_state_unknown" outcome="Passed" testType="13cdc9d9-ddb5-4fa4-a97d-d965ccfc6d4b" testListId="8c84fa94-04c1-424b-9868-57a2d4851a1d" testId="8aa8c160-ac38-4b4b-970f-375881413b0e" executionId="8aa8c160-ac38-4b4b-970f-375881413b0e" computerName="runnervmvmocb" duration="00:00:00.0000000" startTime="2026-09-22T07:05:48.3640656+00:00" endTime="2026-09-22T07:05:48.3645594+00:00" /><UnitTestResult testName="WindowsMaintenanceCenter.Tests.OverallStatusCalculatorTests.A_warning_problem_results_in_attention" outcome="Passed" testType="13cdc9d9-ddb5-4fa4-a97d-d965ccfc6d4b" testListId="8c84fa94-04c1-424b-9868-57a2d4851a1d" testId="72c5adee-5499-4b21-92fc-4e62e2ded0a5" executionId="72c5adee-5499-4b21-92fc-4e62e2ded0a5" computerName="runnervmvmocb" duration="00:00:00.0000000" startTime="2026-09-22T07:05:48.3652580+00:00" endTime="2026-09-22T07:05:48.3659704+00:00" /><UnitTestResult testName="WindowsMaintenanceCenter.Tests.OverallStatusCalculatorTests.Skipped_modules_are_reported_but_do_not_fake_a_problem" outcome="Passed" testType="13cdc9d9-ddb5-4fa4-a97d-d965ccfc6d4b" testListId="8c84fa94-04c1-424b-9868-57a2d4851a1d" testId="c7ecf9e8-ab22-4c28-888a-de2879e39b65" executionId="c7ecf9e8-ab22-4c28-888a-de2879e39b65" computerName="runnervmvmocb" duration="00:00:00.0000000" startTime="2026-09-22T07:05:48.3663682+00:00" endTime="2026-09-22T07:05:48.3669347+00:00" /><UnitTestResult testName="WindowsMaintenanceCenter.Tests.OverallStatusCalculatorTests.Severity_mapping_is_stable(severity: Critical, expected: Critical)" outcome="Passed" testType="13cdc9d9-ddb5-4fa4-a97d-d965ccfc6d4b" testListId="8c84fa94-04c1-424b-9868-57a2d4851a1d" testId="224fcbc8-c168-4257-897e-f83acd7f2280" executionId="224fcbc8-c168-4257-897e-f83acd7f2280" computerName="runnervmvmocb" duration="00:00:00.0000000" startTime="2026-09-22T07:05:48.3678545+00:00" endTime="2026-09-22T07:05:48.3766776+00:00" /><UnitTestResult testName="WindowsMaintenanceCenter.Tests.OverallStatusCalculatorTests.Severity_mapping_is_stable(severity: Error, expected: Warning)" outcome="Passed" testType="13cdc9d9-ddb5-4fa4-a97d-d965ccfc6d4b" testListId="8c84fa94-04c1-424b-9868-57a2d4851a1d" testId="6f347860-2fd1-4e52-a3ce-acbfa83e1af2" executionId="6f347860-2fd1-4e52-a3ce-acbfa83e1af2" computerName="runnervmvmocb" duration="00:00:00.0000000" startTime="2026-09-22T07:05:48.3768296+00:00" endTime="2026-09-22T07:05:48.3772839+00:00" /><UnitTestResult testName="WindowsMaintenanceCenter.Tests.OverallStatusCalculatorTests.Severity_mapping_is_stable(severity: Warning, expected: Attention)" outcome="Passed" testType="13cdc9d9-ddb5-4fa4-a97d-d965ccfc6d4b" testListId="8c84fa94-04c1-424b-9868-57a2d4851a1d" testId="0a1f757c-2d3f-41a8-bdd2-68d019092190" executionId="0a1f757c-2d3f-41a8-bdd2-68d019092190" computerName="runnervmvmocb" duration="00:00:00.0000000" startTime="2026-09-22T07:05:48.3774033+00:00" endTime="2026-09-22T07:05:48.3775022+00:00" /><UnitTestResult testName="WindowsMaintenanceCenter.Tests.OverallStatusCalculatorTests.Severity_mapping_is_stable(severity: Blocked, expected: Attention)" outcome="Passed" testType="13cdc9d9-ddb5-4fa4-a97d-d965ccfc6d4b" testListId="8c84fa94-04c1-424b-9868-57a2d4851a1d" testId="22a40d75-3d62-4223-9578-e6290dec453d" executionId="22a40d75-3d62-4223-9578-e6290dec453d" computerName="runnervmvmocb" duration="00:00:00.0000000" startTime="2026-09-22T07:05:48.3776447+00:00" endTime="2026-09-22T07:05:48.3777407+00:00" /><UnitTestResult testName="WindowsMaintenanceCenter.Tests.OverallStatusCalculatorTests.Severity_mapping_is_stable(severity: Info, expected: Unknown)" outcome="Passed" testType="13cdc9d9-ddb5-4fa4-a97d-d965ccfc6d4b" testListId="8c84fa94-04c1-424b-9868-57a2d4851a1d" testId="752b02f3-43a0-4d01-a968-04007b127e57" executionId="752b02f3-43a0-4d01-a968-04007b127e57" computerName="runnervmvmocb" duration="00:00:00.0000000" startTime="2026-09-22T07:05:48.3778462+00:00" endTime="2026-09-22T07:05:48.3779581+00:00" /><UnitTestResult testName="WindowsMaintenanceCenter.Tests.OverallStatusCalculatorTests.An_error_problem_results_in_warning" outcome="Passed" testType="13cdc9d9-ddb5-4fa4-a97d-d965ccfc6d4b" testListId="8c84fa94-04c1-424b-9868-57a2d4851a1d" testId="8b8764dd-5894-44cc-bde3-dfd63da9d05c" executionId="8b8764dd-5894-44cc-bde3-dfd63da9d05c" computerName="runnervmvmocb" duration="00:00:00.0000000" startTime="2026-09-22T07:05:48.3783578+00:00" endTime="2026-09-22T07:05:48.3786433+00:00" /><UnitTestResult testName="WindowsMaintenanceCenter.Tests.OverallStatusCalculatorTests.Critical_wins_over_everything_else" outcome="Passed" testType="13cdc9d9-ddb5-4fa4-a97d-d965ccfc6d4b" testListId="8c84fa94-04c1-424b-9868-57a2d4851a1d" testId="cc15e253-9aa9-4836-9207-62db6c698273" executionId="cc15e253-9aa9-4836-9207-62db6c698273" computerName="runnervmvmocb" duration="00:00:00.0000000" startTime="2026-09-22T07:05:48.3789786+00:00" endTime="2026-09-22T07:05:48.3792572+00:00" /><UnitTestResult testName="WindowsMaintenanceCenter.Tests.PathGuardTests.Path_outside_the_allow_list_is_refused" outcome="Passed" testType="13cdc9d9-ddb5-4fa4-a97d-d965ccfc6d4b" testListId="8c84fa94-04c1-424b-9868-57a2d4851a1d" testId="83b21b94-ee1a-471d-8645-e70eea211595" executionId="83b21b94-ee1a-471d-8645-e70eea211595" computerName="runnervmvmocb" duration="00:00:00.0070000" startTime="2026-09-22T07:05:48.3803508+00:00" endTime="2026-09-22T07:05:48.3884090+00:00" /><UnitTestResult testName="WindowsMaintenanceCenter.Tests.PathGuardTests.Missing_allow_list_refuses_everything" outcome="Passed" testType="13cdc9d9-ddb5-4fa4-a97d-d965ccfc6d4b" testListId="8c84fa94-04c1-424b-9868-57a2d4851a1d" testId="abb9c1be-254d-4ea0-9bc6-d44300f93ff9" executionId="abb9c1be-254d-4ea0-9bc6-d44300f93ff9" computerName="runnervmvmocb" duration="00:00:00.0000000" startTime="2026-09-22T07:05:48.3889523+00:00" endTime="2026-09-22T07:05:48.3894357+00:00" /><UnitTestResult testName="WindowsMaintenanceCenter.Tests.PathGuardTests.Invalid_allow_list_entries_are_ignored_and_documented" outcome="Passed" testType="13cdc9d9-ddb5-4fa4-a97d-d965ccfc6d4b" testListId="8c84fa94-04c1-424b-9868-57a2d4851a1d" testId="7aaf4b6e-942f-4554-a512-93634546362a" executionId="7aaf4b6e-942f-4554-a512-93634546362a" computerName="runnervmvmocb" duration="00:00:00.0100000" startTime="2026-09-22T07:05:48.3898392+00:00" endTime="2026-09-22T07:05:48.4007760+00:00" /><UnitTestResult testName="WindowsMaintenanceCenter.Tests.PathGuardTests.The_allow_list_root_itself_is_never_deleted" outcome="Passed" testType="13cdc9d9-ddb5-4fa4-a97d-d965ccfc6d4b" testListId="8c84fa94-04c1-424b-9868-57a2d4851a1d" testId="df05b7b0-683e-407f-b354-9c9af1be8da3" executionId="df05b7b0-683e-407f-b354-9c9af1be8da3" computerName="runnervmvmocb" duration="00:00:00.0000000" startTime="2026-09-22T07:05:48.4013792+00:00" endTime="2026-09-22T07:05:48.4017311+00:00" /><UnitTestResult testName="WindowsMaintenanceCenter.Tests.PathGuardTests.An_ordinary_path_has_no_ambiguous_segment" outcome="Passed" testType="13cdc9d9-ddb5-4fa4-a97d-d965ccfc6d4b" testListId="8c84fa94-04c1-424b-9868-57a2d4851a1d" testId="c105df00-41ad-4de3-a9c5-cc70534f1ada" executionId="c105df00-41ad-4de3-a9c5-cc70534f1ada" computerName="runnervmvmocb" duration="00:00:00.0000000" startTime="2026-09-22T07:05:48.4021349+00:00" endTime="2026-09-22T07:05:48.4024033+00:00" /><UnitTestResult testName="WindowsMaintenanceCenter.Tests.PathGuardTests.A_segment_that_ends_with_a_dot_or_a_space_is_refused(segment: &quot;file.tmp &quot;)" outcome="Passed" testType="13cdc9d9-ddb5-4fa4-a97d-d965ccfc6d4b" testListId="8c84fa94-04c1-424b-9868-57a2d4851a1d" testId="e453b996-51f4-478e-9c41-82227d81311a" executionId="e453b996-51f4-478e-9c41-82227d81311a" computerName="runnervmvmocb" duration="00:00:00.0000000" startTime="2026-09-22T07:05:48.4029690+00:00" endTime="2026-09-22T07:05:48.4032469+00:00" /><UnitTestResult testName="WindowsMaintenanceCenter.Tests.PathGuardTests.A_segment_that_ends_with_a_dot_or_a_space_is_refused(segment: &quot;cache.&quot;)" outcome="Passed" testType="13cdc9d9-ddb5-4fa4-a97d-d965ccfc6d4b" testListId="8c84fa94-04c1-424b-9868-57a2d4851a1d" testId="9e967509-5e99-488e-8bf5-ca02fdc2c461" executionId="9e967509-5e99-488e-8bf5-ca02fdc2c461" computerName="runnervmvmocb" duration="00:00:00.0000000" startTime="2026-09-22T07:05:48.4033683+00:00" endTime="2026-09-22T07:05:48.4037865+00:00" /><UnitTestResult testName="WindowsMaintenanceCenter.Tests.PathGuardTests.A_location_that_resolves_outside_the_allow_list_is_refused" outcome="Passed" testType="13cdc9d9-ddb5-4fa4-a97d-d965ccfc6d4b" testListId="8c84fa94-04c1-424b-9868-57a2d4851a1d" testId="2e916e36-fa29-4ed3-98ae-0cfecbaeb035" executionId="2e916e36-fa29-4ed3-98ae-0cfecbaeb035" computerName="runnervmvmocb" duration="00:00:00.0000000" startTime="2026-09-22T07:05:48.4120966+00:00" endTime="2026-09-22T07:05:48.4129720+00:00" /><UnitTestResult testName="WindowsMaintenanceCenter.Tests.PathGuardTests.Path_inside_the_allow_list_is_allowed" outcome="Passed" testType="13cdc9d9-ddb5-4fa4-a97d-d965ccfc6d4b" testListId="8c84fa94-04c1-424b-9868-57a2d4851a1d" testId="13bf13b2-5249-4145-99e0-73278f690a32" executionId="13bf13b2-5249-4145-99e0-73278f690a32" computerName="runnervmvmocb" duration="00:00:00.0010000" startTime="2026-09-22T07:05:48.4133732+00:00" endTime="2026-09-22T07:05:48.4148499+00:00" /><UnitTestResult testName="WindowsMaintenanceCenter.Tests.PathGuardTests.Empty_path_is_refused" outcome="Passed" testType="13cdc9d9-ddb5-4fa4-a97d-d965ccfc6d4b" testListId="8c84fa94-04c1-424b-9868-57a2d4851a1d" testId="e1f3c7e5-2979-4d88-8485-839b96ad7b09" executionId="e1f3c7e5-2979-4d88-8485-839b96ad7b09" computerName="runnervmvmocb" duration="00:00:00.0000000" startTime="2026-09-22T07:05:48.4152641+00:00" endTime="2026-09-22T07:05:48.4155674+00:00" /><UnitTestResult testName="WindowsMaintenanceCenter.Tests.PathGuardTests.IsStrictlyInside_never_treats_a_prefix_as_containment(root: &quot;/tmp/root&quot;, candidate: &quot;/tmp/root&quot;, expected: False)" outcome="Passed" testType="13cdc9d9-ddb5-4fa4-a97d-d965ccfc6d4b" testListId="8c84fa94-04c1-424b-9868-57a2d4851a1d" testId="0466faee-c428-4b74-aead-da05fe31c8a4" executionId="0466faee-c428-4b74-aead-da05fe31c8a4" computerName="runnervmvmocb" duration="00:00:00.0030000" startTime="2026-09-22T07:05:48.4162564+00:00" endTime="2026-09-22T07:05:48.4200300+00:00" /><UnitTestResult testName="WindowsMaintenanceCenter.Tests.PathGuardTests.IsStrictlyInside_never_treats_a_prefix_as_containment(root: &quot;/tmp/root&quot;, candidate: &quot;/tmp/root/sub&quot;, expected: True)" outcome="Passed" testType="13cdc9d9-ddb5-4fa4-a97d-d965ccfc6d4b" testListId="8c84fa94-04c1-424b-9868-57a2d4851a1d" testId="5eec29f3-f671-4eb6-a93b-fa445f96a5c2" executionId="5eec29f3-f671-4eb6-a93b-fa445f96a5c2" computerName="runnervmvmocb" duration="00:00:00.0000000" startTime="2026-09-22T07:05:48.4201452+00:00" endTime="2026-09-22T07:05:48.4206227+00:00" /><UnitTestResult testName="WindowsMaintenanceCenter.Tests.PathGuardTests.IsStrictlyInside_never_treats_a_prefix_as_containment(root: &quot;/tmp/root&quot;, candidate: &quot;/tmp/rootsub&quot;, expected: False)" outcome="Passed" testType="13cdc9d9-ddb5-4fa4-a97d-d965ccfc6d4b" testListId="8c84fa94-04c1-424b-9868-57a2d4851a1d" testId="3984b68a-8f0e-4d74-ac28-c83d90b5e182" executionId="3984b68a-8f0e-4d74-ac28-c83d90b5e182" computerName="runnervmvmocb" duration="00:00:00.0000000" startTime="2026-09-22T07:05:48.4207553+00:00" endTime="2026-09-22T07:05:48.4208846+00:00" /><UnitTestResult testName="WindowsMaintenanceCenter.Tests.PathGuardTests.Drive_root_is_refused" outcome="Passed" testType="13cdc9d9-ddb5-4fa4-a97d-d965ccfc6d4b" testListId="8c84fa94-04c1-424b-9868-57a2d4851a1d" testId="fbde5ff8-7ad8-48e2-b8fc-c4d1b5f88974" executionId="fbde5ff8-7ad8-48e2-b8fc-c4d1b5f88974" computerName="runnervmvmocb" duration="00:00:00.0000000" startTime="2026-09-22T07:05:48.4213121+00:00" endTime="2026-09-22T07:05:48.4221351+00:00" /><UnitTestResult testName="WindowsMaintenanceCenter.Tests.PathGuardTests.A_location_that_still_resolves_inside_the_root_is_allowed" outcome="Passed" testType="13cdc9d9-ddb5-4fa4-a97d-d965ccfc6d4b" testListId="8c84fa94-04c1-424b-9868-57a2d4851a1d" testId="8c8bf744-2ab4-4106-b929-d413bc22dae1" executionId="8c8bf744-2ab4-4106-b929-d413bc22dae1" computerName="runnervmvmocb" duration="00:00:00.0000000" startTime="2026-09-22T07:05:48.4225409+00:00" endTime="2026-09-22T07:05:48.4231214+00:00" /><UnitTestResult testName="WindowsMaintenanceCenter.Tests.PnpClassMapTests.The_case_of_the_class_does_not_matter" outcome="Passed" testType="13cdc9d9-ddb5-4fa4-a97d-d965ccfc6d4b" testListId="8c84fa94-04c1-424b-9868-57a2d4851a1d" testId="36f5fe3f-e3cc-4183-8c68-3a456ad1746d" executionId="36f5fe3f-e3cc-4183-8c68-3a456ad1746d" computerName="runnervmvmocb" duration="00:00:00.0070000" startTime="2026-09-22T07:05:48.4241914+00:00" endTime="2026-09-22T07:05:48.4316577+00:00" /><UnitTestResult testName="WindowsMaintenanceCenter.Tests.PnpClassMapTests.A_missing_class_is_unknown_and_not_a_guess(pnpClass: null)" outcome="Passed" testType="13cdc9d9-ddb5-4fa4-a97d-d965ccfc6d4b" testListId="8c84fa94-04c1-424b-9868-57a2d4851a1d" testId="005b472a-8a0e-4db6-9f91-a7118894c7de" executionId="005b472a-8a0e-4db6-9f91-a7118894c7de" computerName="runnervmvmocb" duration="00:00:00.0000000" startTime="2026-09-22T07:05:48.4323028+00:00" endTime="2026-09-22T07:05:48.4328046+00:00" /><UnitTestResult testName="WindowsMaintenanceCenter.Tests.PnpClassMapTests.A_missing_class_is_unknown_and_not_a_guess(pnpClass: &quot;&quot;)" outcome="Passed" testType="13cdc9d9-ddb5-4fa4-a97d-d965ccfc6d4b" testListId="8c84fa94-04c1-424b-9868-57a2d4851a1d" testId="99de3219-5f78-4c8f-ac3e-bcea9cb480e9" executionId="99de3219-5f78-4c8f-ac3e-bcea9cb480e9" computerName="runnervmvmocb" duration="00:00:00.0000000" startTime="2026-09-22T07:05:48.4329078+00:00" endTime="2026-09-22T07:05:48.4331843+00:00" /><UnitTestResult testName="WindowsMaintenanceCenter.Tests.PnpClassMapTests.A_missing_class_is_unknown_and_not_a_guess(pnpClass: &quot;   &quot;)" outcome="Passed" testType="13cdc9d9-ddb5-4fa4-a97d-d965ccfc6d4b" testListId="8c84fa94-04c1-424b-9868-57a2d4851a1d" testId="76a1a14f-ed46-4705-9f95-d8fdbde18b39" executionId="76a1a14f-ed46-4705-9f95-d8fdbde18b39" computerName="runnervmvmocb" duration="00:00:00.0000000" startTime="2026-09-22T07:05:48.4333004+00:00" endTime="2026-09-22T07:05:48.4333949+00:00" /><UnitTestResult testName="WindowsMaintenanceCenter.Tests.PnpClassMapTests.An_unlisted_class_is_never_reported_as_a_bus(pnpClass: &quot;HIDClass&quot;)" outcome="Passed" testType="13cdc9d9-ddb5-4fa4-a97d-d965ccfc6d4b" testListId="8c84fa94-04c1-424b-9868-57a2d4851a1d" testId="f65d577a-c89e-4f75-804d-90c5da6ee031" executionId="f65d577a-c89e-4f75-804d-90c5da6ee031" computerName="runnervmvmocb" duration="00:00:00.0010000" startTime="2026-09-22T07:05:48.4340084+00:00" endTime="2026-09-22T07:05:48.4353441+00:00" /><UnitTestResult testName="WindowsMaintenanceCenter.Tests.PnpClassMapTests.An_unlisted_class_is_never_reported_as_a_bus(pnpClass: &quot;Mouse&quot;)" outcome="Passed" testType="13cdc9d9-ddb5-4fa4-a97d-d965ccfc6d4b" testListId="8c84fa94-04c1-424b-9868-57a2d4851a1d" testId="10798ea3-2d19-485b-93af-914cb13188a8" executionId="10798ea3-2d19-485b-93af-914cb13188a8" computerName="runnervmvmocb" duration="00:00:00.0000000" startTime="2026-09-22T07:05:48.4354485+00:00" endTime="2026-09-22T07:05:48.4357735+00:00" /><UnitTestResult testName="WindowsMaintenanceCenter.Tests.PnpClassMapTests.An_unlisted_class_is_never_reported_as_a_bus(pnpClass: &quot;Camera&quot;)" outcome="Passed" testType="13cdc9d9-ddb5-4fa4-a97d-d965ccfc6d4b" testListId="8c84fa94-04c1-424b-9868-57a2d4851a1d" testId="74c8b588-324a-4695-afb9-74de04e31f3d" executionId="74c8b588-324a-4695-afb9-74de04e31f3d" computerName="runnervmvmocb" duration="00:00:00.0000000" startTime="2026-09-22T07:05:48.4358871+00:00" endTime="2026-09-22T07:05:48.4359986+00:00" /><UnitTestResult testName="WindowsMaintenanceCenter.Tests.PnpClassMapTests.An_unlisted_class_is_never_reported_as_a_bus(pnpClass: &quot;SmartCardReader&quot;)" outcome="Passed" testType="13cdc9d9-ddb5-4fa4-a97d-d965ccfc6d4b" testListId="8c84fa94-04c1-424b-9868-57a2d4851a1d" testId="a144aef7-cb89-41ab-a159-b3ac1f68734e" executionId="a144aef7-cb89-41ab-a159-b3ac1f68734e" computerName="runnervmvmocb" duration="00:00:00.0000000" startTime="2026-09-22T07:05:48.4360865+00:00" endTime="2026-09-22T07:05:48.4361832+00:00" /><UnitTestResult testName="WindowsMaintenanceCenter.Tests.PnpClassMapTests.An_unlisted_class_is_never_reported_as_a_bus(pnpClass: &quot;SomethingNewFromAFutureWindows&quot;)" outcome="Passed" testType="13cdc9d9-ddb5-4fa4-a97d-d965ccfc6d4b" testListId="8c84fa94-04c1-424b-9868-57a2d4851a1d" testId="4b7cb6b0-b8a1-437b-a490-3c4c0f1d18f1" executionId="4b7cb6b0-b8a1-437b-a490-3c4c0f1d18f1" computerName="runnervmvmocb" duration="00:00:00.0000000" startTime="2026-09-22T07:05:48.4363115+00:00" endTime="2026-09-22T07:05:48.4364375+00:00" /><UnitTestResult testName="WindowsMaintenanceCenter.Tests.PnpClassMapTests.A_documented_setup_class_keeps_its_category(pnpClass: &quot;Processor&quot;, expected: Cpu)" outcome="Passed" testType="13cdc9d9-ddb5-4fa4-a97d-d965ccfc6d4b" testListId="8c84fa94-04c1-424b-9868-57a2d4851a1d" testId="b5aa9f3e-ee93-4dfd-a391-ea82c3ef02a3" executionId="b5aa9f3e-ee93-4dfd-a391-ea82c3ef02a3" computerName="runnervmvmocb" duration="00:00:00.0000000" startTime="2026-09-22T07:05:48.4378469+00:00" endTime="2026-09-22T07:05:48.4380887+00:00" /><UnitTestResult testName="WindowsMaintenanceCenter.Tests.PnpClassMapTests.A_documented_setup_class_keeps_its_category(pnpClass: &quot;Display&quot;, expected: Graphics)" outcome="Passed" testType="13cdc9d9-ddb5-4fa4-a97d-d965ccfc6d4b" testListId="8c84fa94-04c1-424b-9868-57a2d4851a1d" testId="8b1c5c9b-4708-4acd-814a-a109a92d3de4" executionId="8b1c5c9b-4708-4acd-814a-a109a92d3de4" computerName="runnervmvmocb" duration="00:00:00.0000000" startTime="2026-09-22T07:05:48.4382020+00:00" endTime="2026-09-22T07:05:48.4385714+00:00" /><UnitTestResult testName="WindowsMaintenanceCenter.Tests.PnpClassMapTests.A_documented_setup_class_keeps_its_category(pnpClass: &quot;Net&quot;, expected: Network)" outcome="Passed" testType="13cdc9d9-ddb5-4fa4-a97d-d965ccfc6d4b" testListId="8c84fa94-04c1-424b-9868-57a2d4851a1d" testId="e850c939-8991-4b15-bfd5-90021783dfab" executionId="e850c939-8991-4b15-bfd5-90021783dfab" computerName="runnervmvmocb" duration="00:00:00.0000000" startTime="2026-09-22T07:05:48.4387082+00:00" endTime="2026-09-22T07:05:48.4388292+00:00" /><UnitTestResult testName="WindowsMaintenanceCenter.Tests.PnpClassMapTests.A_documented_setup_class_keeps_its_category(pnpClass: &quot;Media&quot;, expected: Audio)" outcome="Passed" testType="13cdc9d9-ddb5-4fa4-a97d-d965ccfc6d4b" testListId="8c84fa94-04c1-424b-9868-57a2d4851a1d" testId="f7063df2-ac49-4faf-a287-354a66504557" executionId="f7063df2-ac49-4faf-a287-354a66504557" computerName="runnervmvmocb" duration="00:00:00.0000000" startTime="2026-09-22T07:05:48.4389366+00:00" endTime="2026-09-22T07:05:48.4390619+00:00" /><UnitTestResult testName="WindowsMaintenanceCenter.Tests.PnpClassMapTests.A_documented_setup_class_keeps_its_category(pnpClass: &quot;Monitor&quot;, expected: Monitor)" outcome="Passed" testType="13cdc9d9-ddb5-4fa4-a97d-d965ccfc6d4b" testListId="8c84fa94-04c1-424b-9868-57a2d4851a1d" testId="d0becadf-5ec9-4c09-b9ba-d22e06fe6b4d" executionId="d0becadf-5ec9-4c09-b9ba-d22e06fe6b4d" computerName="runnervmvmocb" duration="00:00:00.0000000" startTime="2026-09-22T07:05:48.4391666+00:00" endTime="2026-09-22T07:05:48.4392886+00:00" /><UnitTestResult testName="WindowsMaintenanceCenter.Tests.PnpClassMapTests.A_documented_setup_class_keeps_its_category(pnpClass: &quot;Printer&quot;, expected: Printer)" outcome="Passed" testType="13cdc9d9-ddb5-4fa4-a97d-d965ccfc6d4b" testListId="8c84fa94-04c1-424b-9868-57a2d4851a1d" testId="9248b6dc-ec2c-4aa0-9bac-f30e71e1d492" executionId="9248b6dc-ec2c-4aa0-9bac-f30e71e1d492" computerName="runnervmvmocb" duration="00:00:00.0000000" startTime="2026-09-22T07:05:48.4393915+00:00" endTime="2026-09-22T07:05:48.4395222+00:00" /><UnitTestResult testName="WindowsMaintenanceCenter.Tests.PnpClassMapTests.A_documented_setup_class_keeps_its_category(pnpClass: &quot;Battery&quot;, expected: Battery)" outcome="Passed" testType="13cdc9d9-ddb5-4fa4-a97d-d965ccfc6d4b" testListId="8c84fa94-04c1-424b-9868-57a2d4851a1d" testId="30f4697b-3984-460c-b141-6c3f6938b8c7" executionId="30f4697b-3984-460c-b141-6c3f6938b8c7" computerName="runnervmvmocb" duration="00:00:00.0000000" startTime="2026-09-22T07:05:48.4396970+00:00" endTime="2026-09-22T07:05:48.4398190+00:00" /><UnitTestResult testName="WindowsMaintenanceCenter.Tests.PnpClassMapTests.A_documented_setup_class_keeps_its_category(pnpClass: &quot;HDC&quot;, expected: Storage)" outcome="Passed" testType="13cdc9d9-ddb5-4fa4-a97d-d965ccfc6d4b" testListId="8c84fa94-04c1-424b-9868-57a2d4851a1d" testId="1cdddc28-39b4-4ca3-8677-3b667c38a058" executionId="1cdddc28-39b4-4ca3-8677-3b667c38a058" computerName="runnervmvmocb" duration="00:00:00.0000000" startTime="2026-09-22T07:05:48.4399318+00:00" endTime="2026-09-22T07:05:48.4400519+00:00" /><UnitTestResult testName="WindowsMaintenanceCenter.Tests.PnpClassMapTests.A_documented_setup_class_keeps_its_category(pnpClass: &quot;SCSIAdapter&quot;, expected: Storage)" outcome="Passed" testType="13cdc9d9-ddb5-4fa4-a97d-d965ccfc6d4b" testListId="8c84fa94-04c1-424b-9868-57a2d4851a1d" testId="b1eb5464-06b2-414b-bbe4-13faab0d4354" executionId="b1eb5464-06b2-414b-bbe4-13faab0d4354" computerName="runnervmvmocb" duration="00:00:00.0000000" startTime="2026-09-22T07:05:48.4401616+00:00" endTime="2026-09-22T07:05:48.4402996+00:00" /><UnitTestResult testName="WindowsMaintenanceCenter.Tests.PnpClassMapTests.A_documented_setup_class_keeps_its_category(pnpClass: &quot;DiskDrive&quot;, expected: Storage)" outcome="Passed" testType="13cdc9d9-ddb5-4fa4-a97d-d965ccfc6d4b" testListId="8c84fa94-04c1-424b-9868-57a2d4851a1d" testId="9712e97a-8b2a-4c69-a966-b840d4fd1221" executionId="9712e97a-8b2a-4c69-a966-b840d4fd1221" computerName="runnervmvmocb" duration="00:00:00.0000000" startTime="2026-09-22T07:05:48.4403971+00:00" endTime="2026-09-22T07:05:48.4405217+00:00" /><UnitTestResult testName="WindowsMaintenanceCenter.Tests.PnpClassMapTests.A_documented_setup_class_keeps_its_category(pnpClass: &quot;Volume&quot;, expected: Storage)" outcome="Passed" testType="13cdc9d9-ddb5-4fa4-a97d-d965ccfc6d4b" testListId="8c84fa94-04c1-424b-9868-57a2d4851a1d" testId="2a334563-3d80-4e8f-9bae-7681bb4e954f" executionId="2a334563-3d80-4e8f-9bae-7681bb4e954f" computerName="runnervmvmocb" duration="00:00:00.0000000" startTime="2026-09-22T07:05:48.4406212+00:00" endTime="2026-09-22T07:05:48.4407304+00:00" /><UnitTestResult testName="WindowsMaintenanceCenter.Tests.PnpClassMapTests.A_documented_setup_class_keeps_its_category(pnpClass: &quot;CDROM&quot;, expected: Storage)" outcome="Passed" testType="13cdc9d9-ddb5-4fa4-a97d-d965ccfc6d4b" testListId="8c84fa94-04c1-424b-9868-57a2d4851a1d" testId="cc0f1b74-bde0-45d9-9e02-004d66b593e5" executionId="cc0f1b74-bde0-45d9-9e02-004d66b593e5" computerName="runnervmvmocb" duration="00:00:00.0000000" startTime="2026-09-22T07:05:48.4408271+00:00" endTime="2026-09-22T07:05:48.4409363+00:00" /><UnitTestResult testName="WindowsMaintenanceCenter.Tests.PnpClassMapTests.A_documented_setup_class_keeps_its_category(pnpClass: &quot;Thermal&quot;, expected: Sensor)" outcome="Passed" testType="13cdc9d9-ddb5-4fa4-a97d-d965ccfc6d4b" testListId="8c84fa94-04c1-424b-9868-57a2d4851a1d" testId="fd24d20d-c3ff-4063-9d13-d6cb8383ba59" executionId="fd24d20d-c3ff-4063-9d13-d6cb8383ba59" computerName="runnervmvmocb" duration="00:00:00.0000000" startTime="2026-09-22T07:05:48.4410174+00:00" endTime="2026-09-22T07:05:48.4411347+00:00" /><UnitTestResult testName="WindowsMaintenanceCenter.Tests.PnpClassMapTests.A_documented_setup_class_keeps_its_category(pnpClass: &quot;System&quot;, expected: System)" outcome="Passed" testType="13cdc9d9-ddb5-4fa4-a97d-d965ccfc6d4b" testListId="8c84fa94-04c1-424b-9868-57a2d4851a1d" testId="ea12ee02-bf54-430e-8451-721c5edaea64" executionId="ea12ee02-bf54-430e-8451-721c5edaea64" computerName="runnervmvmocb" duration="00:00:00.0000000" startTime="2026-09-22T07:05:48.4412289+00:00" endTime="2026-09-22T07:05:48.4413421+00:00" /><UnitTestResult testName="WindowsMaintenanceCenter.Tests.PnpClassMapTests.A_documented_setup_class_keeps_its_category(pnpClass: &quot;Computer&quot;, expected: System)" outcome="Passed" testType="13cdc9d9-ddb5-4fa4-a97d-d965ccfc6d4b" testListId="8c84fa94-04c1-424b-9868-57a2d4851a1d" testId="f733e2c8-dcf2-4b93-b55f-e6b57f13eea0" executionId="f733e2c8-dcf2-4b93-b55f-e6b57f13eea0" computerName="runnervmvmocb" duration="00:00:00.0000000" startTime="2026-09-22T07:05:48.4426751+00:00" endTime="2026-09-22T07:05:48.4427988+00:00" /><UnitTestResult testName="WindowsMaintenanceCenter.Tests.PnpClassMapTests.A_documented_setup_class_keeps_its_category(pnpClass: &quot;Firmware&quot;, expected: Firmware)" outcome="Passed" testType="13cdc9d9-ddb5-4fa4-a97d-d965ccfc6d4b" testListId="8c84fa94-04c1-424b-9868-57a2d4851a1d" testId="cbb03b6b-562a-4d90-b0d9-ec5cadf680c0" executionId="cbb03b6b-562a-4d90-b0d9-ec5cadf680c0" computerName="runnervmvmocb" duration="00:00:00.0000000" startTime="2026-09-22T07:05:48.4428819+00:00" endTime="2026-09-22T07:05:48.4429856+00:00" /><UnitTestResult testName="WindowsMaintenanceCenter.Tests.PnpClassMapTests.Known_classes_are_reported_as_known_and_unknown_ones_are_not" outcome="Passed" testType="13cdc9d9-ddb5-4fa4-a97d-d965ccfc6d4b" testListId="8c84fa94-04c1-424b-9868-57a2d4851a1d" testId="46deff19-8872-4e63-b49b-11b26daf87e5" executionId="46deff19-8872-4e63-b49b-11b26daf87e5" computerName="runnervmvmocb" duration="00:00:00.0020000" startTime="2026-09-22T07:05:48.4433144+00:00" endTime="2026-09-22T07:05:48.4462864+00:00" /><UnitTestResult testName="WindowsMaintenanceCenter.Tests.PortableModeTests.A_probe_that_fails_is_not_a_marker" outcome="Passed" testType="13cdc9d9-ddb5-4fa4-a97d-d965ccfc6d4b" testListId="8c84fa94-04c1-424b-9868-57a2d4851a1d" testId="bc37ce56-b8b7-42d4-91e5-5a48df455049" executionId="bc37ce56-b8b7-42d4-91e5-5a48df455049" computerName="runnervmvmocb" duration="00:00:00.0010000" startTime="2026-09-22T07:05:48.4472669+00:00" endTime="2026-09-22T07:05:48.4485944+00:00" /><UnitTestResult testName="WindowsMaintenanceCenter.Tests.PortableModeTests.A_marker_file_next_to_the_executable_switches_a_folder_to_portable" outcome="Passed" testType="13cdc9d9-ddb5-4fa4-a97d-d965ccfc6d4b" testListId="8c84fa94-04c1-424b-9868-57a2d4851a1d" testId="6611705f-0dd0-4af3-bf25-8d1f42952a00" executionId="6611705f-0dd0-4af3-bf25-8d1f42952a00" computerName="runnervmvmocb" duration="00:00:00.0000000" startTime="2026-09-22T07:05:48.4490219+00:00" endTime="2026-09-22T07:05:48.4497277+00:00" /><UnitTestResult testName="WindowsMaintenanceCenter.Tests.PortableModeTests.The_marker_is_read_from_an_assembly_metadata_and_nowhere_else" outcome="Passed" testType="13cdc9d9-ddb5-4fa4-a97d-d965ccfc6d4b" testListId="8c84fa94-04c1-424b-9868-57a2d4851a1d" testId="abf0584e-2360-484c-b294-925c2442e39c" executionId="abf0584e-2360-484c-b294-925c2442e39c" computerName="runnervmvmocb" duration="00:00:00.0050000" startTime="2026-09-22T07:05:48.4501764+00:00" endTime="2026-09-22T07:05:48.4562039+00:00" /><UnitTestResult testName="WindowsMaintenanceCenter.Tests.PortableModeTests.An_executable_that_carries_the_marker_is_portable_on_its_own" outcome="Passed" testType="13cdc9d9-ddb5-4fa4-a97d-d965ccfc6d4b" testListId="8c84fa94-04c1-424b-9868-57a2d4851a1d" testId="7fe08779-c72e-41a7-8ab1-c8123d7d23aa" executionId="7fe08779-c72e-41a7-8ab1-c8123d7d23aa" computerName="runnervmvmocb" duration="00:00:00.0000000" startTime="2026-09-22T07:05:48.4566787+00:00" endTime="2026-09-22T07:05:48.4570348+00:00" /><UnitTestResult testName="WindowsMaintenanceCenter.Tests.PortableModeTests.An_argument_that_only_looks_similar_does_not_switch_the_mode" outcome="Passed" testType="13cdc9d9-ddb5-4fa4-a97d-d965ccfc6d4b" testListId="8c84fa94-04c1-424b-9868-57a2d4851a1d" testId="9ad89854-3697-4a13-ba60-a83a794dee27" executionId="9ad89854-3697-4a13-ba60-a83a794dee27" computerName="runnervmvmocb" duration="00:00:00.0000000" startTime="2026-09-22T07:05:48.4576282+00:00" endTime="2026-09-22T07:05:48.4580163+00:00" /><UnitTestResult testName="WindowsMaintenanceCenter.Tests.PortableModeTests.Without_a_marker_and_without_a_switch_the_installed_layout_is_used" outcome="Passed" testType="13cdc9d9-ddb5-4fa4-a97d-d965ccfc6d4b" testListId="8c84fa94-04c1-424b-9868-57a2d4851a1d" testId="491712f1-7987-4afa-9f75-166e069fd7a6" executionId="491712f1-7987-4afa-9f75-166e069fd7a6" computerName="runnervmvmocb" duration="00:00:00.0000000" startTime="2026-09-22T07:05:48.4583919+00:00" endTime="2026-09-22T07:05:48.4587228+00:00" /><UnitTestResult testName="WindowsMaintenanceCenter.Tests.PortableModeTests.The_command_line_can_ask_for_portable_mode(argument: &quot;--portable&quot;)" outcome="Passed" testType="13cdc9d9-ddb5-4fa4-a97d-d965ccfc6d4b" testListId="8c84fa94-04c1-424b-9868-57a2d4851a1d" testId="93fb6cbc-3239-43a2-836f-ca4a4c64578b" executionId="93fb6cbc-3239-43a2-836f-ca4a4c64578b" computerName="runnervmvmocb" duration="00:00:00.0000000" startTime="2026-09-22T07:05:48.4593251+00:00" endTime="2026-09-22T07:05:48.4595680+00:00" /><UnitTestResult testName="WindowsMaintenanceCenter.Tests.PortableModeTests.The_command_line_can_ask_for_portable_mode(argument: &quot;-portable&quot;)" outcome="Passed" testType="13cdc9d9-ddb5-4fa4-a97d-d965ccfc6d4b" testListId="8c84fa94-04c1-424b-9868-57a2d4851a1d" testId="c52da0d2-2406-430b-ad28-d7475c1bfa65" executionId="c52da0d2-2406-430b-ad28-d7475c1bfa65" computerName="runnervmvmocb" duration="00:00:00.0000000" startTime="2026-09-22T07:05:48.4596727+00:00" endTime="2026-09-22T07:05:48.4600185+00:00" /><UnitTestResult testName="WindowsMaintenanceCenter.Tests.PortableModeTests.The_command_line_can_ask_for_portable_mode(argument: &quot;-Portable&quot;)" outcome="Passed" testType="13cdc9d9-ddb5-4fa4-a97d-d965ccfc6d4b" testListId="8c84fa94-04c1-424b-9868-57a2d4851a1d" testId="e00f5f5e-1c57-47dd-abf5-fb80f66085f0" executionId="e00f5f5e-1c57-47dd-abf5-fb80f66085f0" computerName="runnervmvmocb" duration="00:00:00.0000000" startTime="2026-09-22T07:05:48.4601249+00:00" endTime="2026-09-22T07:05:48.4602440+00:00" /><UnitTestResult testName="WindowsMaintenanceCenter.Tests.PortableModeTests.The_command_line_can_ask_for_portable_mode(argument: &quot;--PORTABLE&quot;)" outcome="Passed" testType="13cdc9d9-ddb5-4fa4-a97d-d965ccfc6d4b" testListId="8c84fa94-04c1-424b-9868-57a2d4851a1d" testId="ad333809-ff0e-48a5-a304-f884517422af" executionId="ad333809-ff0e-48a5-a304-f884517422af" computerName="runnervmvmocb" duration="00:00:00.0000000" startTime="2026-09-22T07:05:48.4603397+00:00" endTime="2026-09-22T07:05:48.4604432+00:00" /><UnitTestResult testName="WindowsMaintenanceCenter.Tests.RecoveryEngineTests.A_backup_that_cannot_be_restored_is_not_a_rollback_chance" outcome="Passed" testType="13cdc9d9-ddb5-4fa4-a97d-d965ccfc6d4b" testListId="8c84fa94-04c1-424b-9868-57a2d4851a1d" testId="38603d49-f082-4ace-b15e-d0c9d142a288" executionId="38603d49-f082-4ace-b15e-d0c9d142a288" computerName="runnervmvmocb" duration="00:00:00.0180000" startTime="2026-09-22T07:05:48.4689411+00:00" endTime="2026-09-22T07:05:48.4877126+00:00" /><UnitTestResult testName="WindowsMaintenanceCenter.Tests.RecoveryEngineTests.An_empty_journal_offers_no_recovery" outcome="Passed" testType="13cdc9d9-ddb5-4fa4-a97d-d965ccfc6d4b" testListId="8c84fa94-04c1-424b-9868-57a2d4851a1d" testId="31ee61b6-9c76-4738-b303-ba1ed2c27983" executionId="31ee61b6-9c76-4738-b303-ba1ed2c27983" computerName="runnervmvmocb" duration="00:00:00.0070000" startTime="2026-09-22T07:05:48.4883007+00:00" endTime="2026-09-22T07:05:48.4962221+00:00" /><UnitTestResult testName="WindowsMaintenanceCenter.Tests.RecoveryEngineTests.Recovery_without_an_approval_changes_nothing" outcome="Passed" testType="13cdc9d9-ddb5-4fa4-a97d-d965ccfc6d4b" testListId="8c84fa94-04c1-424b-9868-57a2d4851a1d" testId="41902e3c-fd96-45cc-83cd-0070105e27b1" executionId="41902e3c-fd96-45cc-83cd-0070105e27b1" computerName="runnervmvmocb" duration="00:00:00.0050000" startTime="2026-09-22T07:05:48.5377496+00:00" endTime="2026-09-22T07:05:48.5434219+00:00" /><UnitTestResult testName="WindowsMaintenanceCenter.Tests.RecoveryEngineTests.Recovery_with_the_matching_approval_runs_the_rollback_and_reports_only_what_was_verified" outcome="Passed" testType="13cdc9d9-ddb5-4fa4-a97d-d965ccfc6d4b" testListId="8c84fa94-04c1-424b-9868-57a2d4851a1d" testId="82c23eec-f2db-4c6f-9ecf-f440764a25ea" executionId="82c23eec-f2db-4c6f-9ecf-f440764a25ea" computerName="runnervmvmocb" duration="00:00:00.0030000" startTime="2026-09-22T07:05:48.5440759+00:00" endTime="2026-09-22T07:05:48.5479082+00:00" /><UnitTestResult testName="WindowsMaintenanceCenter.Tests.RecoveryEngineTests.A_rollback_that_ran_but_was_not_confirmed_is_not_reported_as_success" outcome="Passed" testType="13cdc9d9-ddb5-4fa4-a97d-d965ccfc6d4b" testListId="8c84fa94-04c1-424b-9868-57a2d4851a1d" testId="6f5236d0-743f-4dd5-a8ed-991836acc96c" executionId="6f5236d0-743f-4dd5-a8ed-991836acc96c" computerName="runnervmvmocb" duration="00:00:00.0010000" startTime="2026-09-22T07:05:48.5484801+00:00" endTime="2026-09-22T07:05:48.5499145+00:00" /><UnitTestResult testName="WindowsMaintenanceCenter.Tests.RecoveryEngineTests.A_finished_run_offers_no_recovery" outcome="Passed" testType="13cdc9d9-ddb5-4fa4-a97d-d965ccfc6d4b" testListId="8c84fa94-04c1-424b-9868-57a2d4851a1d" testId="6dc57d56-5bec-4826-b397-3bcfd5b8e208" executionId="6dc57d56-5bec-4826-b397-3bcfd5b8e208" computerName="runnervmvmocb" duration="00:00:00.0050000" startTime="2026-09-22T07:05:48.5502814+00:00" endTime="2026-09-22T07:05:48.5555307+00:00" /><UnitTestResult testName="WindowsMaintenanceCenter.Tests.PlatformReaderTests.The_number_of_a_size_follows_the_active_culture" outcome="Passed" testType="13cdc9d9-ddb5-4fa4-a97d-d965ccfc6d4b" testListId="8c84fa94-04c1-424b-9868-57a2d4851a1d" testId="f491e771-60ef-4e1c-a5a9-4db9abc99697" executionId="f491e771-60ef-4e1c-a5a9-4db9abc99697" computerName="runnervmvmocb" duration="00:00:00.2600000" startTime="2026-09-22T07:05:48.3593907+00:00" endTime="2026-09-22T07:05:48.6195365+00:00" /><UnitTestResult testName="WindowsMaintenanceCenter.Tests.PlatformReaderTests.Every_windows_check_can_be_named_in_both_languages" outcome="Passed" testType="13cdc9d9-ddb5-4fa4-a97d-d965ccfc6d4b" testListId="8c84fa94-04c1-424b-9868-57a2d4851a1d" testId="d2492e0a-1c6a-429c-bdcc-2f946277fd6b" executionId="d2492e0a-1c6a-429c-bdcc-2f946277fd6b" computerName="runnervmvmocb" duration="00:00:00.0130000" startTime="2026-09-22T07:05:48.6294987+00:00" endTime="2026-09-22T07:05:48.6433799+00:00" /><UnitTestResult testName="WindowsMaintenanceCenter.Tests.PlatformReaderTests.The_reader_uses_the_same_class_as_the_operating_system_cmdlet" outcome="Passed" testType="13cdc9d9-ddb5-4fa4-a97d-d965ccfc6d4b" testListId="8c84fa94-04c1-424b-9868-57a2d4851a1d" testId="40c0921e-b1e1-4f6c-b2a7-cef5e6bc08e6" executionId="40c0921e-b1e1-4f6c-b2a7-cef5e6bc08e6" computerName="runnervmvmocb" duration="00:00:00.0000000" startTime="2026-09-22T07:05:48.6481024+00:00" endTime="2026-09-22T07:05:48.6483388+00:00" /><UnitTestResult testName="WindowsMaintenanceCenter.Tests.PlatformReaderTests.A_state_that_was_not_reported_is_not_turned_into_enabled" outcome="Passed" testType="13cdc9d9-ddb5-4fa4-a97d-d965ccfc6d4b" testListId="8c84fa94-04c1-424b-9868-57a2d4851a1d" testId="272bcd2f-273b-46d4-8144-1c261e776ea2" executionId="272bcd2f-273b-46d4-8144-1c261e776ea2" computerName="runnervmvmocb" duration="00:00:00.0000000" startTime="2026-09-22T07:05:48.6486763+00:00" endTime="2026-09-22T07:05:48.6490854+00:00" /><UnitTestResult testName="WindowsMaintenanceCenter.Tests.SecurityAttackTests.A_command_smuggled_into_an_argument_is_refused(attack: &quot;C &amp; del /f /q C:\\Windows\\System32&quot;)" outcome="Passed" testType="13cdc9d9-ddb5-4fa4-a97d-d965ccfc6d4b" testListId="8c84fa94-04c1-424b-9868-57a2d4851a1d" testId="d1ea3c09-b131-4121-aed3-309520f55a48" executionId="d1ea3c09-b131-4121-aed3-309520f55a48" computerName="runnervmvmocb" duration="00:00:00.0020000" startTime="2026-09-22T07:05:48.6504512+00:00" endTime="2026-09-22T07:05:48.6528881+00:00" /><UnitTestResult testName="WindowsMaintenanceCenter.Tests.SecurityAttackTests.A_command_smuggled_into_an_argument_is_refused(attack: &quot;C | powershell -enc SQBFAFgA&quot;)" outcome="Passed" testType="13cdc9d9-ddb5-4fa4-a97d-d965ccfc6d4b" testListId="8c84fa94-04c1-424b-9868-57a2d4851a1d" testId="78d89aca-342b-4f92-8506-3d9b21f8c604" executionId="78d89aca-342b-4f92-8506-3d9b21f8c604" computerName="runnervmvmocb" duration="00:00:00.0000000" startTime="2026-09-22T07:05:48.6529871+00:00" endTime="2026-09-22T07:05:48.6534906+00:00" /><UnitTestResult testName="WindowsMaintenanceCenter.Tests.SecurityAttackTests.A_command_smuggled_into_an_argument_is_refused(attack: &quot;C; cmd /c whoami&quot;)" outcome="Passed" testType="13cdc9d9-ddb5-4fa4-a97d-d965ccfc6d4b" testListId="8c84fa94-04c1-424b-9868-57a2d4851a1d" testId="ca729012-31a8-43f4-ba2a-6cd2d6939544" executionId="ca729012-31a8-43f4-ba2a-6cd2d6939544" computerName="runnervmvmocb" duration="00:00:00.0000000" startTime="2026-09-22T07:05:48.6535904+00:00" endTime="2026-09-22T07:05:48.6537048+00:00" /><UnitTestResult testName="WindowsMaintenanceCenter.Tests.SecurityAttackTests.A_command_smuggled_into_an_argument_is_refused(attack: &quot;C &gt; C:\\Windows\\Temp\\x.txt&quot;)" outcome="Passed" testType="13cdc9d9-ddb5-4fa4-a97d-d965ccfc6d4b" testListId="8c84fa94-04c1-424b-9868-57a2d4851a1d" testId="9b49f246-9302-491c-8dae-3c74b7d3f940" executionId="9b49f246-9302-491c-8dae-3c74b7d3f940" computerName="runnervmvmocb" duration="00:00:00.0000000" startTime="2026-09-22T07:05:48.6537863+00:00" endTime="2026-09-22T07:05:48.6538983+00:00" /><UnitTestResult testName="WindowsMaintenanceCenter.Tests.SecurityAttackTests.A_command_smuggled_into_an_argument_is_refused(attack: &quot;$(Get-Process)&quot;)" outcome="Passed" testType="13cdc9d9-ddb5-4fa4-a97d-d965ccfc6d4b" testListId="8c84fa94-04c1-424b-9868-57a2d4851a1d" testId="ade6e178-265a-423c-9ac4-417ee5a05e01" executionId="ade6e178-265a-423c-9ac4-417ee5a05e01" computerName="runnervmvmocb" duration="00:00:00.0000000" startTime="2026-09-22T07:05:48.6539822+00:00" endTime="2026-09-22T07:05:48.6540913+00:00" /><UnitTestResult testName="WindowsMaintenanceCenter.Tests.SecurityAttackTests.A_command_smuggled_into_an_argument_is_refused(attack: &quot;`whoami`&quot;)" outcome="Passed" testType="13cdc9d9-ddb5-4fa4-a97d-d965ccfc6d4b" testListId="8c84fa94-04c1-424b-9868-57a2d4851a1d" testId="32e913fb-048f-4bbb-b28c-c7cab649c28f" executionId="32e913fb-048f-4bbb-b28c-c7cab649c28f" computerName="runnervmvmocb" duration="00:00:00.0000000" startTime="2026-09-22T07:05:48.6541742+00:00" endTime="2026-09-22T07:05:48.6542800+00:00" /><UnitTestResult testName="WindowsMaintenanceCenter.Tests.SecurityAttackTests.A_path_that_leaves_its_area_is_refused(attack: &quot;..\\..\\Windows\\System32\\config\\SAM&quot;)" outcome="Passed" testType="13cdc9d9-ddb5-4fa4-a97d-d965ccfc6d4b" testListId="8c84fa94-04c1-424b-9868-57a2d4851a1d" testId="190efa0b-36f6-4c7b-8a4d-a83e18278f28" executionId="190efa0b-36f6-4c7b-8a4d-a83e18278f28" computerName="runnervmvmocb" duration="00:00:00.0000000" startTime="2026-09-22T07:05:48.6548074+00:00" endTime="2026-09-22T07:05:48.6557616+00:00" /><UnitTestResult testName="WindowsMaintenanceCenter.Tests.SecurityAttackTests.A_path_that_leaves_its_area_is_refused(attack: &quot;C:\\Temp\\..\\..\\Windows&quot;)" outcome="Passed" testType="13cdc9d9-ddb5-4fa4-a97d-d965ccfc6d4b" testListId="8c84fa94-04c1-424b-9868-57a2d4851a1d" testId="861646ac-7e95-47e2-94fa-59e14e27c4c9" executionId="861646ac-7e95-47e2-94fa-59e14e27c4c9" computerName="runnervmvmocb" duration="00:00:00.0000000" startTime="2026-09-22T07:05:48.6558595+00:00" endTime="2026-09-22T07:05:48.6561511+00:00" /><UnitTestResult testName="WindowsMaintenanceCenter.Tests.SecurityAttackTests.A_path_that_leaves_its_area_is_refused(attack: &quot;\\\\server\\share\\payload&quot;)" outcome="Passed" testType="13cdc9d9-ddb5-4fa4-a97d-d965ccfc6d4b" testListId="8c84fa94-04c1-424b-9868-57a2d4851a1d" testId="578fe337-996e-4410-94e1-846273b49b8f" executionId="578fe337-996e-4410-94e1-846273b49b8f" computerName="runnervmvmocb" duration="00:00:00.0000000" startTime="2026-09-22T07:05:48.6562556+00:00" endTime="2026-09-22T07:05:48.6563870+00:00" /><UnitTestResult testName="WindowsMaintenanceCenter.Tests.SecurityAttackTests.A_path_that_leaves_its_area_is_refused(attack: &quot;\\\\?\\C:\\Windows&quot;)" outcome="Passed" testType="13cdc9d9-ddb5-4fa4-a97d-d965ccfc6d4b" testListId="8c84fa94-04c1-424b-9868-57a2d4851a1d" testId="6030bb54-40dc-4ebd-aaef-8364e0c1979d" executionId="6030bb54-40dc-4ebd-aaef-8364e0c1979d" computerName="runnervmvmocb" duration="00:00:00.0000000" startTime="2026-09-22T07:05:48.6564840+00:00" endTime="2026-09-22T07:05:48.6566007+00:00" /><UnitTestResult testName="WindowsMaintenanceCenter.Tests.SecurityAttackTests.A_path_that_leaves_its_area_is_refused(attack: &quot;C:\\Temp\\file.exe &amp; del /f /q C:\\&quot;)" outcome="Passed" testType="13cdc9d9-ddb5-4fa4-a97d-d965ccfc6d4b" testListId="8c84fa94-04c1-424b-9868-57a2d4851a1d" testId="926b3f17-1afe-4030-b175-4084acc4fa0f" executionId="926b3f17-1afe-4030-b175-4084acc4fa0f" computerName="runnervmvmocb" duration="00:00:00.0000000" startTime="2026-09-22T07:05:48.6566878+00:00" endTime="2026-09-22T07:05:48.6570092+00:00" /><UnitTestResult testName="WindowsMaintenanceCenter.Tests.SecurityAttackTests.An_undeclared_argument_is_refused" outcome="Passed" testType="13cdc9d9-ddb5-4fa4-a97d-d965ccfc6d4b" testListId="8c84fa94-04c1-424b-9868-57a2d4851a1d" testId="f2eb39c0-a440-4b26-9e1a-b6ad7a4d3530" executionId="f2eb39c0-a440-4b26-9e1a-b6ad7a4d3530" computerName="runnervmvmocb" duration="00:00:00.0000000" startTime="2026-09-22T07:05:48.6573419+00:00" endTime="2026-09-22T07:05:48.6579333+00:00" /><UnitTestResult testName="WindowsMaintenanceCenter.Tests.SecurityAttackTests.The_declared_call_still_passes" outcome="Passed" testType="13cdc9d9-ddb5-4fa4-a97d-d965ccfc6d4b" testListId="8c84fa94-04c1-424b-9868-57a2d4851a1d" testId="47554763-4581-4aba-be01-b27b6d95a357" executionId="47554763-4581-4aba-be01-b27b6d95a357" computerName="runnervmvmocb" duration="00:00:00.0000000" startTime="2026-09-22T07:05:48.6582782+00:00" endTime="2026-09-22T07:05:48.6589193+00:00" /><UnitTestResult testName="WindowsMaintenanceCenter.Tests.ProblemRegistryTests.Prefix_is_derived_from_the_category_when_not_supplied" outcome="Passed" testType="13cdc9d9-ddb5-4fa4-a97d-d965ccfc6d4b" testListId="8c84fa94-04c1-424b-9868-57a2d4851a1d" testId="9e7cf216-8f30-4393-b037-b7e89b070af5" executionId="9e7cf216-8f30-4393-b037-b7e89b070af5" computerName="runnervmvmocb" duration="00:00:00.0000000" startTime="2026-09-22T07:05:48.6598486+00:00" endTime="2026-09-22T07:05:48.6604403+00:00" /><UnitTestResult testName="WindowsMaintenanceCenter.Tests.ProblemRegistryTests.Problem_ids_follow_prefix_and_are_counted_per_prefix" outcome="Passed" testType="13cdc9d9-ddb5-4fa4-a97d-d965ccfc6d4b" testListId="8c84fa94-04c1-424b-9868-57a2d4851a1d" testId="e6ac16bf-c5dc-4ec3-a7f3-f96e1df07617" executionId="e6ac16bf-c5dc-4ec3-a7f3-f96e1df07617" computerName="runnervmvmocb" duration="00:00:00.0000000" startTime="2026-09-22T07:05:48.6607957+00:00" endTime="2026-09-22T07:05:48.6614247+00:00" /><UnitTestResult testName="WindowsMaintenanceCenter.Tests.ProblemRegistryTests.The_theme_of_an_error_identifier_comes_from_the_category" outcome="Passed" testType="13cdc9d9-ddb5-4fa4-a97d-d965ccfc6d4b" testListId="8c84fa94-04c1-424b-9868-57a2d4851a1d" testId="059f7436-ab71-463e-828f-2a1d1f7ab250" executionId="059f7436-ab71-463e-828f-2a1d1f7ab250" computerName="runnervmvmocb" duration="00:00:00.0000000" startTime="2026-09-22T07:05:48.6617979+00:00" endTime="2026-09-22T07:05:48.6620234+00:00" /><UnitTestResult testName="WindowsMaintenanceCenter.Tests.ProblemRegistryTests.A_finding_carries_the_fields_of_chapter_85" outcome="Passed" testType="13cdc9d9-ddb5-4fa4-a97d-d965ccfc6d4b" testListId="8c84fa94-04c1-424b-9868-57a2d4851a1d" testId="2c97441a-5a56-4a4d-ac2f-ec2d2ed8ce63" executionId="2c97441a-5a56-4a4d-ac2f-ec2d2ed8ce63" computerName="runnervmvmocb" duration="00:00:00.0000000" startTime="2026-09-22T07:05:48.6623311+00:00" endTime="2026-09-22T07:05:48.6631416+00:00" /><UnitTestResult testName="WindowsMaintenanceCenter.Tests.ProblemRegistryTests.Without_a_written_log_entry_the_field_stays_empty_instead_of_naming_a_file" outcome="Passed" testType="13cdc9d9-ddb5-4fa4-a97d-d965ccfc6d4b" testListId="8c84fa94-04c1-424b-9868-57a2d4851a1d" testId="3a1e3221-867d-4ed5-9c2b-df52b1fa79f1" executionId="3a1e3221-867d-4ed5-9c2b-df52b1fa79f1" computerName="runnervmvmocb" duration="00:00:00.0000000" startTime="2026-09-22T07:05:48.6634532+00:00" endTime="2026-09-22T07:05:48.6637128+00:00" /><UnitTestResult testName="WindowsMaintenanceCenter.Tests.ProblemRegistryTests.Blocked_operations_are_carried_into_the_problem" outcome="Passed" testType="13cdc9d9-ddb5-4fa4-a97d-d965ccfc6d4b" testListId="8c84fa94-04c1-424b-9868-57a2d4851a1d" testId="c0eba832-0c52-4e1f-b370-d220600ab3e1" executionId="c0eba832-0c52-4e1f-b370-d220600ab3e1" computerName="runnervmvmocb" duration="00:00:00.0010000" startTime="2026-09-22T07:05:48.6640278+00:00" endTime="2026-09-22T07:05:48.6652943+00:00" /><UnitTestResult testName="WindowsMaintenanceCenter.Tests.ProblemRegistryTests.New_problems_are_open_and_can_be_updated" outcome="Passed" testType="13cdc9d9-ddb5-4fa4-a97d-d965ccfc6d4b" testListId="8c84fa94-04c1-424b-9868-57a2d4851a1d" testId="05c4c32c-c460-4014-a945-cb227789b9de" executionId="05c4c32c-c460-4014-a945-cb227789b9de" computerName="runnervmvmocb" duration="00:00:00.0210000" startTime="2026-09-22T07:05:48.6656293+00:00" endTime="2026-09-22T07:05:48.6873279+00:00" /><UnitTestResult testName="WindowsMaintenanceCenter.Tests.ProblemRegistryTests.A_vendor_specific_driver_keeps_the_vendor_in_the_identifier" outcome="Passed" testType="13cdc9d9-ddb5-4fa4-a97d-d965ccfc6d4b" testListId="8c84fa94-04c1-424b-9868-57a2d4851a1d" testId="55789d59-3533-4f08-9894-d7e958a40d63" executionId="55789d59-3533-4f08-9894-d7e958a40d63" computerName="runnervmvmocb" duration="00:00:00.0010000" startTime="2026-09-22T07:05:48.6878921+00:00" endTime="2026-09-22T07:05:48.6889692+00:00" /><UnitTestResult testName="WindowsMaintenanceCenter.Tests.ProblemRegistryTests.Counting_matches_the_severities" outcome="Passed" testType="13cdc9d9-ddb5-4fa4-a97d-d965ccfc6d4b" testListId="8c84fa94-04c1-424b-9868-57a2d4851a1d" testId="a35d2dc9-f5c1-4443-90e2-375b85eba5f3" executionId="a35d2dc9-f5c1-4443-90e2-375b85eba5f3" computerName="runnervmvmocb" duration="00:00:00.0020000" startTime="2026-09-22T07:05:48.6893623+00:00" endTime="2026-09-22T07:05:48.6915091+00:00" /><UnitTestResult testName="WindowsMaintenanceCenter.Tests.ProblemRegistryTests.An_empty_prefix_is_filled_from_the_category_instead_of_a_placeholder" outcome="Passed" testType="13cdc9d9-ddb5-4fa4-a97d-d965ccfc6d4b" testListId="8c84fa94-04c1-424b-9868-57a2d4851a1d" testId="5896a45d-56c9-4922-83f9-d7df05ae82e6" executionId="5896a45d-56c9-4922-83f9-d7df05ae82e6" computerName="runnervmvm
[...]
="8c84fa94-04c1-424b-9868-57a2d4851a1d" testId="22437a41-dbed-4a98-a3a6-fb6c28e73fa3" executionId="22437a41-dbed-4a98-a3a6-fb6c28e73fa3" /><TestEntry testListId="8c84fa94-04c1-424b-9868-57a2d4851a1d" testId="de1065d9-d579-4310-a865-a9b37675e565" executionId="de1065d9-d579-4310-a865-a9b37675e565" /><TestEntry testListId="8c84fa94-04c1-424b-9868-57a2d4851a1d" testId="54c2d45b-daa2-4266-ae13-d6e3ef872784" executionId="54c2d45b-daa2-4266-ae13-d6e3ef872784" /><TestEntry testListId="8c84fa94-04c1-424b-9868-57a2d4851a1d" testId="68635d61-e95d-4faa-96b4-f76f33480bc3" executionId="68635d61-e95d-4faa-96b4-f76f33480bc3" /><TestEntry testListId="8c84fa94-04c1-424b-9868-57a2d4851a1d" testId="96ef029a-7678-48f0-9840-df6e38641b38" executionId="96ef029a-7678-48f0-9840-df6e38641b38" /><TestEntry testListId="8c84fa94-04c1-424b-9868-57a2d4851a1d" testId="7f1da0f5-c75d-453e-a552-c8bfce9be07e" executionId="7f1da0f5-c75d-453e-a552-c8bfce9be07e" /><TestEntry testListId="8c84fa94-04c1-424b-9868-57a2d4851a1d" testId="9a6436a3-835d-4824-ba6b-3338af3a5e72" executionId="9a6436a3-835d-4824-ba6b-3338af3a5e72" /><TestEntry testListId="8c84fa94-04c1-424b-9868-57a2d4851a1d" testId="a4f6114e-b7f7-4edc-9523-7b4b86e49811" executionId="a4f6114e-b7f7-4edc-9523-7b4b86e49811" /><TestEntry testListId="8c84fa94-04c1-424b-9868-57a2d4851a1d" testId="ddfc5e87-e1dd-4451-a34a-8ba3db099f44" executionId="ddfc5e87-e1dd-4451-a34a-8ba3db099f44" /><TestEntry testListId="8c84fa94-04c1-424b-9868-57a2d4851a1d" testId="8c1a8436-23aa-4572-9e21-7e6770bc5d8c" executionId="8c1a8436-23aa-4572-9e21-7e6770bc5d8c" /><TestEntry testListId="8c84fa94-04c1-424b-9868-57a2d4851a1d" testId="1568f9c7-7166-4ca5-b30b-5f408cd3e784" executionId="1568f9c7-7166-4ca5-b30b-5f408cd3e784" /><TestEntry testListId="8c84fa94-04c1-424b-9868-57a2d4851a1d" testId="a2c28abd-2406-49a9-8e15-1cb0e74dad04" executionId="a2c28abd-2406-49a9-8e15-1cb0e74dad04" /><TestEntry testListId="8c84fa94-04c1-424b-9868-57a2d4851a1d" testId="6aef9c80-8566-4160-9917-479e7974187a" executionId="6aef9c80-8566-4160-9917-479e7974187a" /><TestEntry testListId="8c84fa94-04c1-424b-9868-57a2d4851a1d" testId="968fb804-07cf-4b12-aece-7e783a60d0d6" executionId="968fb804-07cf-4b12-aece-7e783a60d0d6" /><TestEntry testListId="8c84fa94-04c1-424b-9868-57a2d4851a1d" testId="f1ec10d5-7cee-44ad-920d-f12616d164b5" executionId="f1ec10d5-7cee-44ad-920d-f12616d164b5" /><TestEntry testListId="8c84fa94-04c1-424b-9868-57a2d4851a1d" testId="f948c76d-a84f-4425-9b30-408ef0823d5e" executionId="f948c76d-a84f-4425-9b30-408ef0823d5e" /><TestEntry testListId="8c84fa94-04c1-424b-9868-57a2d4851a1d" testId="fec3ee9c-b381-42fc-a9d4-3126800d5b26" executionId="fec3ee9c-b381-42fc-a9d4-3126800d5b26" /><TestEntry testListId="8c84fa94-04c1-424b-9868-57a2d4851a1d" testId="14318f29-a948-43f0-9ed0-97d7753fddf3" executionId="14318f29-a948-43f0-9ed0-97d7753fddf3" /><TestEntry testListId="8c84fa94-04c1-424b-9868-57a2d4851a1d" testId="58022a9c-2e3d-4a95-a1c4-10391efda9d4" executionId="58022a9c-2e3d-4a95-a1c4-10391efda9d4" /><TestEntry testListId="8c84fa94-04c1-424b-9868-57a2d4851a1d" testId="cf081028-814f-4b06-a38f-39b00ca66f98" executionId="cf081028-814f-4b06-a38f-39b00ca66f98" /><TestEntry testListId="8c84fa94-04c1-424b-9868-57a2d4851a1d" testId="c0c74132-d22a-45e9-9d1c-bcefdb4e7ea6" executionId="c0c74132-d22a-45e9-9d1c-bcefdb4e7ea6" /><TestEntry testListId="8c84fa94-04c1-424b-9868-57a2d4851a1d" testId="bd6b9403-c9c3-40f8-a6e5-fdb5cf100fc2" executionId="bd6b9403-c9c3-40f8-a6e5-fdb5cf100fc2" /><TestEntry testListId="8c84fa94-04c1-424b-9868-57a2d4851a1d" testId="821ed9bf-182b-4168-9714-0a861db71f9d" executionId="821ed9bf-182b-4168-9714-0a861db71f9d" /><TestEntry testListId="8c84fa94-04c1-424b-9868-57a2d4851a1d" testId="92c76157-94aa-4ed9-99d7-e957f6050d56" executionId="92c76157-94aa-4ed9-99d7-e957f6050d56" /><TestEntry testListId="8c84fa94-04c1-424b-9868-57a2d4851a1d" testId="2a7363eb-fc12-469f-8a7d-e39b3c2eb252" executionId="2a7363eb-fc12-469f-8a7d-e39b3c2eb252" /><TestEntry testListId="8c84fa94-04c1-424b-9868-57a2d4851a1d" testId="60482ab0-a294-4548-8ee2-be8412c41624" executionId="60482ab0-a294-4548-8ee2-be8412c41624" /><TestEntry testListId="8c84fa94-04c1-424b-9868-57a2d4851a1d" testId="08ba7a06-49ca-45d3-a416-8450f98dbff6" executionId="08ba7a06-49ca-45d3-a416-8450f98dbff6" /><TestEntry testListId="8c84fa94-04c1-424b-9868-57a2d4851a1d" testId="456c4c09-6751-4b7b-83da-1545db1a3bda" executionId="456c4c09-6751-4b7b-83da-1545db1a3bda" /><TestEntry testListId="8c84fa94-04c1-424b-9868-57a2d4851a1d" testId="a4d10535-1225-4d02-87d7-fdb73d3d5041" executionId="a4d10535-1225-4d02-87d7-fdb73d3d5041" /><TestEntry testListId="8c84fa94-04c1-424b-9868-57a2d4851a1d" testId="6a1b4d72-4c43-40a6-a5a1-9a98de4a0491" executionId="6a1b4d72-4c43-40a6-a5a1-9a98de4a0491" /><TestEntry testListId="8c84fa94-04c1-424b-9868-57a2d4851a1d" testId="4c3598f9-1147-40fc-91fa-cd9e361fa177" executionId="4c3598f9-1147-40fc-91fa-cd9e361fa177" /><TestEntry testListId="8c84fa94-04c1-424b-9868-57a2d4851a1d" testId="abfcd72e-c63d-419d-ad96-f41d73c530b7" executionId="abfcd72e-c63d-419d-ad96-f41d73c530b7" /><TestEntry testListId="8c84fa94-04c1-424b-9868-57a2d4851a1d" testId="124e2bbf-bf3d-4ced-97f8-6eabab094683" executionId="124e2bbf-bf3d-4ced-97f8-6eabab094683" /><TestEntry testListId="8c84fa94-04c1-424b-9868-57a2d4851a1d" testId="fc29bdb2-65ce-4d9d-9ef9-0c4a984a64cf" executionId="fc29bdb2-65ce-4d9d-9ef9-0c4a984a64cf" /><TestEntry testListId="8c84fa94-04c1-424b-9868-57a2d4851a1d" testId="19c88fd6-7feb-4183-9b7f-5f7d3c9628ae" executionId="19c88fd6-7feb-4183-9b7f-5f7d3c9628ae" /><TestEntry testListId="8c84fa94-04c1-424b-9868-57a2d4851a1d" testId="1234f387-d59f-42b7-89c8-603400bf22f9" executionId="1234f387-d59f-42b7-89c8-603400bf22f9" /><TestEntry testListId="8c84fa94-04c1-424b-9868-57a2d4851a1d" testId="8e441e5c-5f07-4014-bfcc-bb28672590e1" executionId="8e441e5c-5f07-4014-bfcc-bb28672590e1" /><TestEntry testListId="8c84fa94-04c1-424b-9868-57a2d4851a1d" testId="437c7c62-87be-47c9-8de0-62eafb175009" executionId="437c7c62-87be-47c9-8de0-62eafb175009" /><TestEntry testListId="8c84fa94-04c1-424b-9868-57a2d4851a1d" testId="77719341-8257-4c2c-a370-2879d65dcc6f" executionId="77719341-8257-4c2c-a370-2879d65dcc6f" /><TestEntry testListId="8c84fa94-04c1-424b-9868-57a2d4851a1d" testId="8602fe9a-9672-4ab9-bd12-09e7b3a33ce1" executionId="8602fe9a-9672-4ab9-bd12-09e7b3a33ce1" /><TestEntry testListId="8c84fa94-04c1-424b-9868-57a2d4851a1d" testId="4f84e8c7-c5d5-4964-9331-2309a343e12a" executionId="4f84e8c7-c5d5-4964-9331-2309a343e12a" /><TestEntry testListId="8c84fa94-04c1-424b-9868-57a2d4851a1d" testId="86616a4c-4940-4396-9dc4-a2b084ee329f" executionId="86616a4c-4940-4396-9dc4-a2b084ee329f" /><TestEntry testListId="8c84fa94-04c1-424b-9868-57a2d4851a1d" testId="556da312-e6b4-4928-9067-05fa89e4f631" executionId="556da312-e6b4-4928-9067-05fa89e4f631" /><TestEntry testListId="8c84fa94-04c1-424b-9868-57a2d4851a1d" testId="e7a99ab3-3d82-4140-806b-9bfd7fcac58e" executionId="e7a99ab3-3d82-4140-806b-9bfd7fcac58e" /><TestEntry testListId="8c84fa94-04c1-424b-9868-57a2d4851a1d" testId="8f185ac9-ea0b-4673-9225-3180fc2d3b2d" executionId="8f185ac9-ea0b-4673-9225-3180fc2d3b2d" /><TestEntry testListId="8c84fa94-04c1-424b-9868-57a2d4851a1d" testId="40789969-a5ab-4843-b924-ab4915c94086" executionId="40789969-a5ab-4843-b924-ab4915c94086" /><TestEntry testListId="8c84fa94-04c1-424b-9868-57a2d4851a1d" testId="65375152-b0a1-4d09-bdd1-5c07e82f786e" executionId="65375152-b0a1-4d09-bdd1-5c07e82f786e" /><TestEntry testListId="8c84fa94-04c1-424b-9868-57a2d4851a1d" testId="9f0b8c5a-965d-462d-b877-25cfa8018c15" executionId="9f0b8c5a-965d-462d-b877-25cfa8018c15" /><TestEntry testListId="8c84fa94-04c1-424b-9868-57a2d4851a1d" testId="a7891f4c-b2fe-408d-9747-44e24409d789" executionId="a7891f4c-b2fe-408d-9747-44e24409d789" /><TestEntry testListId="8c84fa94-04c1-424b-9868-57a2d4851a1d" testId="aa7584f9-1be2-40c9-89d3-16b38647709d" executionId="aa7584f9-1be2-40c9-89d3-16b38647709d" /><TestEntry testListId="8c84fa94-04c1-424b-9868-57a2d4851a1d" testId="7cda78cf-b388-4ef5-b144-e8151fef5b03" executionId="7cda78cf-b388-4ef5-b144-e8151fef5b03" /><TestEntry testListId="8c84fa94-04c1-424b-9868-57a2d4851a1d" testId="9c17cbc4-b89a-4f7d-9149-93f90491f6e7" executionId="9c17cbc4-b89a-4f7d-9149-93f90491f6e7" /><TestEntry testListId="8c84fa94-04c1-424b-9868-57a2d4851a1d" testId="44b7200e-0ae9-4ba9-b314-d0a8ad5a20ac" executionId="44b7200e-0ae9-4ba9-b314-d0a8ad5a20ac" /><TestEntry testListId="8c84fa94-04c1-424b-9868-57a2d4851a1d" testId="3ccd5ec9-cde5-432a-a8cf-6a9ff0a3a28f" executionId="3ccd5ec9-cde5-432a-a8cf-6a9ff0a3a28f" /><TestEntry testListId="8c84fa94-04c1-424b-9868-57a2d4851a1d" testId="bf72b706-1cf4-4a91-8d14-6ee40d0018ed" executionId="bf72b706-1cf4-4a91-8d14-6ee40d0018ed" /><TestEntry testListId="8c84fa94-04c1-424b-9868-57a2d4851a1d" testId="7dd01367-f0ca-4ae0-9eb4-84d9680e6462" executionId="7dd01367-f0ca-4ae0-9eb4-84d9680e6462" /><TestEntry testListId="8c84fa94-04c1-424b-9868-57a2d4851a1d" testId="4b4ae026-9cf7-41c6-9c02-7b9df6b5e759" executionId="4b4ae026-9cf7-41c6-9c02-7b9df6b5e759" /><TestEntry testListId="8c84fa94-04c1-424b-9868-57a2d4851a1d" testId="0a85af2b-c140-4969-afa0-154a1f6428be" executionId="0a85af2b-c140-4969-afa0-154a1f6428be" /><TestEntry testListId="8c84fa94-04c1-424b-9868-57a2d4851a1d" testId="244aba99-e450-45cd-a117-32365fee9986" executionId="244aba99-e450-45cd-a117-32365fee9986" /><TestEntry testListId="8c84fa94-04c1-424b-9868-57a2d4851a1d" testId="7e143ba8-e38d-4285-998f-7cb0693cf47c" executionId="7e143ba8-e38d-4285-998f-7cb0693cf47c" /><TestEntry testListId="8c84fa94-04c1-424b-9868-57a2d4851a1d" testId="b89cd21e-7302-476b-8fb6-22b7970a33e9" executionId="b89cd21e-7302-476b-8fb6-22b7970a33e9" /><TestEntry testListId="8c84fa94-04c1-424b-9868-57a2d4851a1d" testId="7edee5dc-0450-4d75-80d2-bb0a50936c3f" executionId="7edee5dc-0450-4d75-80d2-bb0a50936c3f" /><TestEntry testListId="8c84fa94-04c1-424b-9868-57a2d4851a1d" testId="c3693a16-1ef3-424c-b74d-14e0b30253dd" executionId="c3693a16-1ef3-424c-b74d-14e0b30253dd" /><TestEntry testListId="8c84fa94-04c1-424b-9868-57a2d4851a1d" testId="1de3194e-b766-42b2-bbe9-8cbb23901c0c" executionId="1de3194e-b766-42b2-bbe9-8cbb23901c0c" /><TestEntry testListId="8c84fa94-04c1-424b-9868-57a2d4851a1d" testId="72c44c20-d0ce-4a2d-91d5-5c14ce8fcdc9" executionId="72c44c20-d0ce-4a2d-91d5-5c14ce8fcdc9" /><TestEntry testListId="8c84fa94-04c1-424b-9868-57a2d4851a1d" testId="da661d57-51d5-4be9-85c8-7831e9e4b824" executionId="da661d57-51d5-4be9-85c8-7831e9e4b824" /><TestEntry testListId="8c84fa94-04c1-424b-9868-57a2d4851a1d" testId="ff73a0c7-8671-419e-a226-e6e928df9cb1" executionId="ff73a0c7-8671-419e-a226-e6e928df9cb1" /><TestEntry testListId="8c84fa94-04c1-424b-9868-57a2d4851a1d" testId="c5788287-4c09-40fa-b1b4-7aa4819a4f59" executionId="c5788287-4c09-40fa-b1b4-7aa4819a4f59" /><TestEntry testListId="8c84fa94-04c1-424b-9868-57a2d4851a1d" testId="9bb57c7f-6bcf-49ef-bdca-0057be03511d" executionId="9bb57c7f-6bcf-49ef-bdca-0057be03511d" /><TestEntry testListId="8c84fa94-04c1-424b-9868-57a2d4851a1d" testId="4a3eccd0-7a21-44a4-bce0-d0fcec125638" executionId="4a3eccd0-7a21-44a4-bce0-d0fcec125638" /><TestEntry testListId="8c84fa94-04c1-424b-9868-57a2d4851a1d" testId="1bb8f857-e2b2-4998-be85-825fef4d20d3" executionId="1bb8f857-e2b2-4998-be85-825fef4d20d3" /><TestEntry testListId="8c84fa94-04c1-424b-9868-57a2d4851a1d" testId="dc79ace5-7617-4e02-a414-784da14345ff" executionId="dc79ace5-7617-4e02-a414-784da14345ff" /><TestEntry testListId="8c84fa94-04c1-424b-9868-57a2d4851a1d" testId="84ae26e6-7741-4699-a30f-8960c67bf46d" executionId="84ae26e6-7741-4699-a30f-8960c67bf46d" /><TestEntry testListId="8c84fa94-04c1-424b-9868-57a2d4851a1d" testId="392fa95b-7df1-4094-8e3f-baee4dc012eb" executionId="392fa95b-7df1-4094-8e3f-baee4dc012eb" /><TestEntry testListId="8c84fa94-04c1-424b-9868-57a2d4851a1d" testId="34e0b120-06e8-4a97-83c7-0f6628e2f68a" executionId="34e0b120-06e8-4a97-83c7-0f6628e2f68a" /><TestEntry testListId="8c84fa94-04c1-424b-9868-57a2d4851a1d" testId="7f31c891-9afc-4ad2-bd82-5e356d4f9f1f" executionId="7f31c891-9afc-4ad2-bd82-5e356d4f9f1f" /><TestEntry testListId="8c84fa94-04c1-424b-9868-57a2d4851a1d" testId="4617cfb2-aae8-4c03-b4ee-915b6320156c" executionId="4617cfb2-aae8-4c03-b4ee-915b6320156c" /><TestEntry testListId="8c84fa94-04c1-424b-9868-57a2d4851a1d" testId="14f5c919-5a15-478a-99b8-e59b7e0c4afb" executionId="14f5c919-5a15-478a-99b8-e59b7e0c4afb" /><TestEntry testListId="8c84fa94-04c1-424b-9868-57a2d4851a1d" testId="d3a0933b-658c-4f6b-b573-0c94ef43f7d6" executionId="d3a0933b-658c-4f6b-b573-0c94ef43f7d6" /><TestEntry testListId="8c84fa94-04c1-424b-9868-57a2d4851a1d" testId="43f4ebc2-9fef-469a-9695-8562b2c06325" executionId="43f4ebc2-9fef-469a-9695-8562b2c06325" /><TestEntry testListId="8c84fa94-04c1-424b-9868-57a2d4851a1d" testId="6d26773a-7218-4a74-a595-0ae706db098e" executionId="6d26773a-7218-4a74-a595-0ae706db098e" /><TestEntry testListId="8c84fa94-04c1-424b-9868-57a2d4851a1d" testId="6841c43c-2b09-4700-8291-b67c3d8335ae" executionId="6841c43c-2b09-4700-8291-b67c3d8335ae" /><TestEntry testListId="8c84fa94-04c1-424b-9868-57a2d4851a1d" testId="ed97cfbb-7d7b-4a51-9310-2a9af0889938" executionId="ed97cfbb-7d7b-4a51-9310-2a9af0889938" /><TestEntry testListId="8c84fa94-04c1-424b-9868-57a2d4851a1d" testId="917b2504-9547-4b12-a64e-eb63f22216c5" executionId="917b2504-9547-4b12-a64e-eb63f22216c5" /><TestEntry testListId="8c84fa94-04c1-424b-9868-57a2d4851a1d" testId="c04308eb-a6eb-4e21-a0ee-bc634d1513e9" executionId="c04308eb-a6eb-4e21-a0ee-bc634d1513e9" /><TestEntry testListId="8c84fa94-04c1-424b-9868-57a2d4851a1d" testId="197deee2-8d97-4b7d-8818-0cc2cca5f422" executionId="197deee2-8d97-4b7d-8818-0cc2cca5f422" /><TestEntry testListId="8c84fa94-04c1-424b-9868-57a2d4851a1d" testId="d41f88e1-bc2a-4315-b8eb-797e5ffa7580" executionId="d41f88e1-bc2a-4315-b8eb-797e5ffa7580" /><TestEntry testListId="8c84fa94-04c1-424b-9868-57a2d4851a1d" testId="a3d7c34c-44ae-4ab5-8a0b-6118f213a0e1" executionId="a3d7c34c-44ae-4ab5-8a0b-6118f213a0e1" /><TestEntry testListId="8c84fa94-04c1-424b-9868-57a2d4851a1d" testId="d0ff2577-f150-4f52-9b7c-84008787cfe7" executionId="d0ff2577-f150-4f52-9b7c-84008787cfe7" /><TestEntry testListId="8c84fa94-04c1-424b-9868-57a2d4851a1d" testId="09701756-4ffb-42d1-8625-cfa26d6242d9" executionId="09701756-4ffb-42d1-8625-cfa26d6242d9" /><TestEntry testListId="8c84fa94-04c1-424b-9868-57a2d4851a1d" testId="357f1bba-8fcb-4871-9494-71703b761cec" executionId="357f1bba-8fcb-4871-9494-71703b761cec" /><TestEntry testListId="8c84fa94-04c1-424b-9868-57a2d4851a1d" testId="fe6a1977-9a42-4db8-a8f9-6d271da44ae1" executionId="fe6a1977-9a42-4db8-a8f9-6d271da44ae1" /><TestEntry testListId="8c84fa94-04c1-424b-9868-57a2d4851a1d" testId="ac287ef7-7e5b-494a-8e09-cf1f808ef488" executionId="ac287ef7-7e5b-494a-8e09-cf1f808ef488" /><TestEntry testListId="8c84fa94-04c1-424b-9868-57a2d4851a1d" testId="436ef284-31c6-41ed-9306-ee41be6b4db5" executionId="436ef284-31c6-41ed-9306-ee41be6b4db5" /><TestEntry testListId="8c84fa94-04c1-424b-9868-57a2d4851a1d" testId="ddae6564-e369-439b-b7c4-ca6a159d6f05" executionId="ddae6564-e369-439b-b7c4-ca6a159d6f05" /><TestEntry testListId="8c84fa94-04c1-424b-9868-57a2d4851a1d" testId="97d2ca4c-cc01-4b47-a05d-1ffce868357b" executionId="97d2ca4c-cc01-4b47-a05d-1ffce868357b" /><TestEntry testListId="8c84fa94-04c1-424b-9868-57a2d4851a1d" testId="cdd9b378-a3a7-41d3-899f-9b45dce50f0a" executionId="cdd9b378-a3a7-41d3-899f-9b45dce50f0a" /><TestEntry testListId="8c84fa94-04c1-424b-9868-57a2d4851a1d" testId="7757ce90-a678-4b05-bdea-c8bbd4536437" executionId="7757ce90-a678-4b05-bdea-c8bbd4536437" /><TestEntry testListId="8c84fa94-04c1-424b-9868-57a2d4851a1d" testId="0e0b15b9-9ec6-43fb-ae93-1da6c6a02ec9" executionId="0e0b15b9-9ec6-43fb-ae93-1da6c6a02ec9" /><TestEntry testListId="8c84fa94-04c1-424b-9868-57a2d4851a1d" testId="025edbb7-59a5-421e-a37e-bac5cee2532a" executionId="025edbb7-59a5-421e-a37e-bac5cee2532a" /><TestEntry testListId="8c84fa94-04c1-424b-9868-57a2d4851a1d" testId="3df4c938-cf75-4105-aaf2-9cc7ca14c9cf" executionId="3df4c938-cf75-4105-aaf2-9cc7ca14c9cf" /><TestEntry testListId="8c84fa94-04c1-424b-9868-57a2d4851a1d" testId="ec9f1686-913f-475b-93e6-0013fe09ce1d" executionId="ec9f1686-913f-475b-93e6-0013fe09ce1d" /><TestEntry testListId="8c84fa94-04c1-424b-9868-57a2d4851a1d" testId="2f4ae842-eb34-4fe2-a76c-9a91cb71884d" executionId="2f4ae842-eb34-4fe2-a76c-9a91cb71884d" /><TestEntry testListId="8c84fa94-04c1-424b-9868-57a2d4851a1d" testId="a656a58d-537d-41fc-bca3-f16b887f038b" executionId="a656a58d-537d-41fc-bca3-f16b887f038b" /><TestEntry testListId="8c84fa94-04c1-424b-9868-57a2d4851a1d" testId="3c47fd0e-287a-4dff-9256-192b2cec8669" executionId="3c47fd0e-287a-4dff-9256-192b2cec8669" /><TestEntry testListId="8c84fa94-04c1-424b-9868-57a2d4851a1d" testId="815dd4cd-0093-484b-8b93-0ea33c141ebd" executionId="815dd4cd-0093-484b-8b93-0ea33c141ebd" /><TestEntry testListId="8c84fa94-04c1-424b-9868-57a2d4851a1d" testId="6b235d29-6bf0-4c52-a692-113bcadcccb8" executionId="6b235d29-6bf0-4c52-a692-113bcadcccb8" /><TestEntry testListId="8c84fa94-04c1-424b-9868-57a2d4851a1d" testId="6346fb02-5856-4846-9373-94eac2bf14fc" executionId="6346fb02-5856-4846-9373-94eac2bf14fc" /><TestEntry testListId="8c84fa94-04c1-424b-9868-57a2d4851a1d" testId="bf57a405-6c73-4a8b-a9c4-cb33fef2d877" executionId="bf57a405-6c73-4a8b-a9c4-cb33fef2d877" /><TestEntry testListId="8c84fa94-04c1-424b-9868-57a2d4851a1d" testId="feeb7f29-bd46-4d84-8c38-f661228325d3" executionId="feeb7f29-bd46-4d84-8c38-f661228325d3" /><TestEntry testListId="8c84fa94-04c1-424b-9868-57a2d4851a1d" testId="05077c57-6546-43e2-9116-2b11ad3e3b42" executionId="05077c57-6546-43e2-9116-2b11ad3e3b42" /><TestEntry testListId="8c84fa94-04c1-424b-9868-57a2d4851a1d" testId="a6239720-dbd4-4457-8ab7-db9be8d7d92a" executionId="a6239720-dbd4-4457-8ab7-db9be8d7d92a" /><TestEntry testListId="8c84fa94-04c1-424b-9868-57a2d4851a1d" testId="475c3cfa-06b3-4428-9504-f10a165c160d" executionId="475c3cfa-06b3-4428-9504-f10a165c160d" /><TestEntry testListId="8c84fa94-04c1-424b-9868-57a2d4851a1d" testId="f488e358-f95c-49da-90f2-75a2fedc0a9e" executionId="f488e358-f95c-49da-90f2-75a2fedc0a9e" /><TestEntry testListId="8c84fa94-04c1-424b-9868-57a2d4851a1d" testId="835cd3d7-383a-4f92-92c0-e37a9f7cf3a9" executionId="835cd3d7-383a-4f92-92c0-e37a9f7cf3a9" /><TestEntry testListId="8c84fa94-04c1-424b-9868-57a2d4851a1d" testId="c18f75fb-8d4a-4576-9593-ed6b07bd62f8" executionId="c18f75fb-8d4a-4576-9593-ed6b07bd62f8" /><TestEntry testListId="8c84fa94-04c1-424b-9868-57a2d4851a1d" testId="13301774-3f9e-4ee8-8b22-9ebe488660be" executionId="13301774-3f9e-4ee8-8b22-9ebe488660be" /><TestEntry testListId="8c84fa94-04c1-424b-9868-57a2d4851a1d" testId="cb856255-8b16-4f73-93fe-bac113955a88" executionId="cb856255-8b16-4f73-93fe-bac113955a88" /><TestEntry testListId="8c84fa94-04c1-424b-9868-57a2d4851a1d" testId="c6f9d00b-cd2e-449d-918a-ebf494849f09" executionId="c6f9d00b-cd2e-449d-918a-ebf494849f09" /><TestEntry testListId="8c84fa94-04c1-424b-9868-57a2d4851a1d" testId="4066b228-b63c-4c69-91d1-b25cf47dbbe7" executionId="4066b228-b63c-4c69-91d1-b25cf47dbbe7" /><TestEntry testListId="8c84fa94-04c1-424b-9868-57a2d4851a1d" testId="55af651b-0e30-47a0-9d33-d5305bef7310" executionId="55af651b-0e30-47a0-9d33-d5305bef7310" /><TestEntry testListId="8c84fa94-04c1-424b-9868-57a2d4851a1d" testId="e186a939-84b5-44f5-ac22-8c6e40fbed93" executionId="e186a939-84b5-44f5-ac22-8c6e40fbed93" /></TestEntries><TestLists><TestList name="Results Not in a List" id="8c84fa94-04c1-424b-9868-57a2d4851a1d" /><TestList name="All Loaded Results" id="19431567-8539-422a-85d7-44ee4e166bda" /></TestLists><ResultSummary outcome="Completed"><Counters total="370" executed="370" passed="370" failed="0" error="0" timeout="0" aborted="0" inconclusive="0" passedButRunAborted="0" notRunnable="0" notExecuted="0" disconnected="0" warning="0" completed="0" inProgress="0" pending="0" /></ResultSummary></TestRun>